[0.291s] Invoking command in '/home/iclab/Desktop/ros2/build/usb_cam': CMAKE_PREFIX_PATH=/home/iclab/Desktop/ros2/install/tku_msgs:/home/iclab/Desktop/ros2/install/web_video_server:/home/iclab/Desktop/ros2/install/usb_cam:/home/iclab/Desktop/ros2/install/serial:/home/iclab/Desktop/ros2/install/tku_libs:/home/iclab/Desktop/ros2/install/motionpackage:/opt/ros/humble LD_LIBRARY_PATH=/home/iclab/Desktop/ros2/install/tku_msgs/lib:/home/iclab/Desktop/ros2/install/usb_cam/lib:/opt/ros/humble/opt/rviz_ogre_vendor/lib:/opt/ros/humble/lib/x86_64-linux-gnu:/opt/ros/humble/lib /usr/bin/cmake --build /home/iclab/Desktop/ros2/build/usb_cam -- -j8 -l8
[0.330s] [ 14%] Built target usb_cam
[0.333s] [ 28%] Built target gtest_main
[0.334s] [ 42%] Built target gtest
[0.337s] [ 57%] Built target usb_cam_node_exe
[0.345s] [35m[1mConsolidate compiler generated dependencies of target usb_cam_node[0m
[0.350s] [ 71%] Built target test_usb_cam_utils
[0.355s] [ 85%] Built target test_pixel_formats
[0.360s] [ 92%] [32mBuilding CXX object CMakeFiles/usb_cam_node.dir/src/usb_cam_node.cpp.o[0m
[2.252s] [01m[K/home/iclab/Desktop/ros2/src/usb_cam/src/usb_cam_node.cpp:[m[K In member function â€˜[01m[Kvoid usb_cam::UsbCamNode::camera_param_callback(const Camera&)[m[Kâ€™:
[2.252s] [01m[K/home/iclab/Desktop/ros2/src/usb_cam/src/usb_cam_node.cpp:227:31:[m[K [01;31m[Kerror: [m[Kâ€˜[01m[Kconst Camera[m[Kâ€™ {aka â€˜[01m[Kconst struct tku_msgs::msg::Camera_<std::allocator<void> >[m[Kâ€™} has no member named â€˜[01m[Kauto_white_balance[m[Kâ€™; did you mean â€˜[01m[Kautowhitebalance[m[Kâ€™?
[2.252s]   227 |     auto_white_balance_ = msg.[01;31m[Kauto_white_balance[m[K;
[2.252s]       |                               [01;31m[K^~~~~~~~~~~~~~~~~~[m[K
[2.252s]       |                               [32m[Kautowhitebalance[m[K
[2.252s] [01m[K/home/iclab/Desktop/ros2/src/usb_cam/src/usb_cam_node.cpp:228:26:[m[K [01;31m[Kerror: [m[Kâ€˜[01m[Kconst Camera[m[Kâ€™ {aka â€˜[01m[Kconst struct tku_msgs::msg::Camera_<std::allocator<void> >[m[Kâ€™} has no member named â€˜[01m[Kwhite_balance[m[Kâ€™; did you mean â€˜[01m[Kwhitebalance[m[Kâ€™?
[2.253s]   228 |     white_balance_ = msg.[01;31m[Kwhite_balance[m[K;
[2.253s]       |                          [01;31m[K^~~~~~~~~~~~~[m[K
[2.253s]       |                          [32m[Kwhitebalance[m[K
[2.253s] [01m[K/home/iclab/Desktop/ros2/src/usb_cam/src/usb_cam_node.cpp:229:26:[m[K [01;31m[Kerror: [m[Kâ€˜[01m[Kconst Camera[m[Kâ€™ {aka â€˜[01m[Kconst struct tku_msgs::msg::Camera_<std::allocator<void> >[m[Kâ€™} has no member named â€˜[01m[Kauto_exposure[m[Kâ€™; did you mean â€˜[01m[Kautoexposure[m[Kâ€™?
[2.253s]   229 |     auto_exposure_ = msg.[01;31m[Kauto_exposure[m[K;
[2.253s]       |                          [01;31m[K^~~~~~~~~~~~~[m[K
[2.253s]       |                          [32m[Kautoexposure[m[K
[4.209s] gmake[2]: *** [CMakeFiles/usb_cam_node.dir/build.make:76: CMakeFiles/usb_cam_node.dir/src/usb_cam_node.cpp.o] Error 1
[4.209s] gmake[1]: *** [CMakeFiles/Makefile2:189: CMakeFiles/usb_cam_node.dir/all] Error 2
[4.209s] gmake: *** [Makefile:146: all] Error 2
[4.211s] Invoked command in '/home/iclab/Desktop/ros2/build/usb_cam' returned '2': CMAKE_PREFIX_PATH=/home/iclab/Desktop/ros2/install/tku_msgs:/home/iclab/Desktop/ros2/install/web_video_server:/home/iclab/Desktop/ros2/install/usb_cam:/home/iclab/Desktop/ros2/install/serial:/home/iclab/Desktop/ros2/install/tku_libs:/home/iclab/Desktop/ros2/install/motionpackage:/opt/ros/humble LD_LIBRARY_PATH=/home/iclab/Desktop/ros2/install/tku_msgs/lib:/home/iclab/Desktop/ros2/install/usb_cam/lib:/opt/ros/humble/opt/rviz_ogre_vendor/lib:/opt/ros/humble/lib/x86_64-linux-gnu:/opt/ros/humble/lib /usr/bin/cmake --build /home/iclab/Desktop/ros2/build/usb_cam -- -j8 -l8
