[0.284s] Invoking command in '/home/iclab/Desktop/ros2/build/usb_cam': CMAKE_PREFIX_PATH=/home/iclab/Desktop/ros2/install/tku_msgs:/home/iclab/Desktop/ros2/install/web_video_server:/home/iclab/Desktop/ros2/install/usb_cam:/home/iclab/Desktop/ros2/install/serial:/home/iclab/Desktop/ros2/install/tku_libs:/home/iclab/Desktop/ros2/install/motionpackage:/opt/ros/humble LD_LIBRARY_PATH=/home/iclab/Desktop/ros2/install/tku_msgs/lib:/home/iclab/Desktop/ros2/install/usb_cam/lib:/opt/ros/humble/opt/rviz_ogre_vendor/lib:/opt/ros/humble/lib/x86_64-linux-gnu:/opt/ros/humble/lib /usr/bin/cmake --build /home/iclab/Desktop/ros2/build/usb_cam -- -j8 -l8
[0.321s] [ 14%] Built target usb_cam
[0.323s] [ 28%] Built target gtest_main
[0.325s] [ 42%] Built target usb_cam_node_exe
[0.325s] [ 57%] Built target gtest
[0.332s] [35m[1mConsolidate compiler generated dependencies of target usb_cam_node[0m
[0.345s] [ 71%] Built target test_usb_cam_utils
[0.348s] [ 85%] Built target test_pixel_formats
[0.349s] [ 92%] [32mBuilding CXX object CMakeFiles/usb_cam_node.dir/src/usb_cam_node.cpp.o[0m
[2.316s] [01m[K/home/iclab/Desktop/ros2/src/usb_cam/src/usb_cam_node.cpp:[m[K In member function â€˜[01m[Kvoid usb_cam::UsbCamNode::set_v4l2_params()[m[Kâ€™:
[2.316s] [01m[K/home/iclab/Desktop/ros2/src/usb_cam/src/usb_cam_node.cpp:392:37:[m[K [01;31m[Kerror: [m[Kqualified-id in declaration before â€˜[01m[K([m[Kâ€™ token
[2.316s]   392 | bool UsbCamNode::take_and_send_image[01;31m[K([m[K)
[2.316s]       |                                     [01;31m[K^[m[K
[2.316s] [01m[K/home/iclab/Desktop/ros2/src/usb_cam/src/usb_cam_node.cpp:421:73:[m[K [01;31m[Kerror: [m[Kqualified-id in declaration before â€˜[01m[K([m[Kâ€™ token
[2.316s]   421 | faces::msg::SetParametersResult UsbCamNode::parameters_callback[01;31m[K([m[K
[2.316s]       |                                                                [01;31m[K^[m[K
[2.316s] 
[2.316s] [01m[K/home/iclab/Desktop/ros2/src/usb_cam/src/usb_cam_node.cpp:434:24:[m[K [01;31m[Kerror: [m[Kqualified-id in declaration before â€˜[01m[K([m[Kâ€™ token
[2.316s]   434 | void UsbCamNode::update[01;31m[K([m[K)
[2.316s]       |                        [01;31m[K^[m[K
[2.327s] In file included from [01m[K/opt/ros/humble/include/class_loader/class_loader/class_loader.hpp:56[m[K,
[2.327s]                  from [01m[K/opt/ros/humble/include/rclcpp_components/rclcpp_components/register_node_macro.hpp:18[m[K,
[2.327s]                  from [01m[K/home/iclab/Desktop/ros2/src/usb_cam/src/usb_cam_node.cpp:447[m[K:
[2.327s] [01m[K/home/iclab/Desktop/ros2/src/usb_cam/src/usb_cam_node.cpp:[m[K At global scope:
[2.327s] [01m[K/home/iclab/Desktop/ros2/src/usb_cam/src/usb_cam_node.cpp:448:1:[m[K [01;31m[Kerror: [m[Kexpected â€˜[01m[K}[m[Kâ€™ at end of input
[2.327s]   448 | [01;31m[KRCLCPP_COMPONENTS_REGISTER_NODE[m[K(usb_cam::UsbCamNode)
[2.327s]       | [01;31m[K^~~~~~~~~~~~~~~~~~~~~~~~~~~~~~~[m[K
[2.327s] [01m[K/home/iclab/Desktop/ros2/src/usb_cam/src/usb_cam_node.cpp:40:1:[m[K [01;36m[Knote: [m[Kto match this â€˜[01m[K{[m[Kâ€™
[2.327s]    40 | [01;36m[K{[m[K
[2.327s]       | [01;36m[K^[m[K
[4.323s] gmake[2]: *** [CMakeFiles/usb_cam_node.dir/build.make:76: CMakeFiles/usb_cam_node.dir/src/usb_cam_node.cpp.o] Error 1
[4.323s] gmake[1]: *** [CMakeFiles/Makefile2:189: CMakeFiles/usb_cam_node.dir/all] Error 2
[4.323s] gmake: *** [Makefile:146: all] Error 2
[4.325s] Invoked command in '/home/iclab/Desktop/ros2/build/usb_cam' returned '2': CMAKE_PREFIX_PATH=/home/iclab/Desktop/ros2/install/tku_msgs:/home/iclab/Desktop/ros2/install/web_video_server:/home/iclab/Desktop/ros2/install/usb_cam:/home/iclab/Desktop/ros2/install/serial:/home/iclab/Desktop/ros2/install/tku_libs:/home/iclab/Desktop/ros2/install/motionpackage:/opt/ros/humble LD_LIBRARY_PATH=/home/iclab/Desktop/ros2/install/tku_msgs/lib:/home/iclab/Desktop/ros2/install/usb_cam/lib:/opt/ros/humble/opt/rviz_ogre_vendor/lib:/opt/ros/humble/lib/x86_64-linux-gnu:/opt/ros/humble/lib /usr/bin/cmake --build /home/iclab/Desktop/ros2/build/usb_cam -- -j8 -l8
