[ 12%] Built target gtest
[ 25%] Built target gtest_main
[ 37%] Built target usb_cam_node_exe
[ 62%] Built target usb_cam
[35m[1mConsolidate compiler generated dependencies of target usb_cam_node[0m
[ 75%] Built target test_pixel_formats
[ 87%] Built target test_usb_cam_utils
[ 93%] [32mBuilding CXX object CMakeFiles/usb_cam_node.dir/src/usb_cam_node.cpp.o[0m
[01m[K/home/iclab/Desktop/ros2/src/usb_cam/src/usb_cam_node.cpp:87:7:[m[K [01;31m[Kerror: [m[Kno declaration matches â€˜[01m[Kfloat Tool::readvalue(std::fstream&, std::string, std::string, int)[m[Kâ€™
   87 | float [01;31m[KTool[m[K::readvalue(std::fstream &fin, std::string section, std::string title, int mode)
      |       [01;31m[K^~~~[m[K
In file included from [01m[K/home/iclab/Desktop/ros2/src/usb_cam/src/usb_cam_node.cpp:33[m[K:
[01m[K/home/iclab/Desktop/ros2/src/usb_cam/include/usb_cam/usb_cam_node.hpp:77:15:[m[K [01;36m[Knote: [m[Kcandidate is: â€˜[01m[Kfloat Tool::readvalue(std::fstream&, std::string, int)[m[Kâ€™
   77 |         float [01;36m[Kreadvalue[m[K(std::fstream &fin, std::string title, int mode);
      |               [01;36m[K^~~~~~~~~[m[K
[01m[K/home/iclab/Desktop/ros2/src/usb_cam/include/usb_cam/usb_cam_node.hpp:71:7:[m[K [01;36m[Knote: [m[Kâ€˜[01m[Kclass Tool[m[Kâ€™ defined here
   71 | class [01;36m[KTool[m[K
      |       [01;36m[K^~~~[m[K
gmake[2]: *** [CMakeFiles/usb_cam_node.dir/build.make:76: CMakeFiles/usb_cam_node.dir/src/usb_cam_node.cpp.o] Error 1
gmake[1]: *** [CMakeFiles/Makefile2:189: CMakeFiles/usb_cam_node.dir/all] Error 2
gmake: *** [Makefile:146: all] Error 2
