[0.280s] Invoking command in '/home/iclab/Desktop/ros2/build/usb_cam': CMAKE_PREFIX_PATH=/home/iclab/Desktop/ros2/install/tku_msgs:/home/iclab/Desktop/ros2/install/web_video_server:/home/iclab/Desktop/ros2/install/usb_cam:/home/iclab/Desktop/ros2/install/serial:/home/iclab/Desktop/ros2/install/tku_libs:/home/iclab/Desktop/ros2/install/motionpackage:/home/iclab/Desktop/ros2/install/imageprocess:/opt/ros/humble LD_LIBRARY_PATH=/home/iclab/Desktop/ros2/install/tku_msgs/lib:/home/iclab/Desktop/ros2/install/usb_cam/lib:/opt/ros/humble/opt/rviz_ogre_vendor/lib:/opt/ros/humble/lib/x86_64-linux-gnu:/opt/ros/humble/lib /usr/bin/cmake --build /home/iclab/Desktop/ros2/build/usb_cam -- -j8 -l8
[0.315s] [ 25%] Built target usb_cam
[0.317s] [ 37%] Built target gtest
[0.318s] [ 50%] Built target gtest_main
[0.318s] [ 62%] Built target usb_cam_node_exe
[0.329s] [35m[1mConsolidate compiler generated dependencies of target usb_cam_node[0m
[0.334s] [ 75%] Built target test_pixel_formats
[0.335s] [ 87%] Built target test_usb_cam_utils
[0.345s] [ 93%] [32mBuilding CXX object CMakeFiles/usb_cam_node.dir/src/usb_cam_node.cpp.o[0m
[2.667s] [01m[K/home/iclab/Desktop/ros2/src/usb_cam/src/usb_cam_node.cpp:[m[K In member function â€˜[01m[Kvoid usb_cam::UsbCamNode::init()[m[Kâ€™:
[2.667s] [01m[K/home/iclab/Desktop/ros2/src/usb_cam/src/usb_cam_node.cpp:394:7:[m[K [01;31m[Kerror: [m[Kâ€˜[01m[Kavailable_devices[m[Kâ€™ was not declared in this scope; did you mean â€˜[01m[Kusb_cam::utils::available_devices[m[Kâ€™?
[2.667s]   394 |   if ([01;31m[Kavailable_devices[m[K.find(m_parameters.device_name) == available_devices.end()) {
[2.667s]       |       [01;31m[K^~~~~~~~~~~~~~~~~[m[K
[2.667s]       |       [32m[Kusb_cam::utils::available_devices[m[K
[2.667s] In file included from [01m[K/home/iclab/Desktop/ros2/src/usb_cam/include/usb_cam/usb_cam.hpp:45[m[K,
[2.667s]                  from [01m[K/home/iclab/Desktop/ros2/src/usb_cam/include/usb_cam/usb_cam_node.hpp:45[m[K,
[2.667s]                  from [01m[K/home/iclab/Desktop/ros2/src/usb_cam/src/usb_cam_node.cpp:33[m[K:
[2.667s] [01m[K/home/iclab/Desktop/ros2/src/usb_cam/include/usb_cam/utils.hpp:145:47:[m[K [01;36m[Knote: [m[Kâ€˜[01m[Kusb_cam::utils::available_devices[m[Kâ€™ declared here
[2.667s]   145 | inline std::map<std::string, v4l2_capability> [01;36m[Kavailable_devices[m[K()
[2.668s]       |                                               [01;36m[K^~~~~~~~~~~~~~~~~[m[K
[4.708s] gmake[2]: *** [CMakeFiles/usb_cam_node.dir/build.make:76: CMakeFiles/usb_cam_node.dir/src/usb_cam_node.cpp.o] Error 1
[4.709s] gmake[1]: *** [CMakeFiles/Makefile2:189: CMakeFiles/usb_cam_node.dir/all] Error 2
[4.709s] gmake: *** [Makefile:146: all] Error 2
[4.710s] Invoked command in '/home/iclab/Desktop/ros2/build/usb_cam' returned '2': CMAKE_PREFIX_PATH=/home/iclab/Desktop/ros2/install/tku_msgs:/home/iclab/Desktop/ros2/install/web_video_server:/home/iclab/Desktop/ros2/install/usb_cam:/home/iclab/Desktop/ros2/install/serial:/home/iclab/Desktop/ros2/install/tku_libs:/home/iclab/Desktop/ros2/install/motionpackage:/home/iclab/Desktop/ros2/install/imageprocess:/opt/ros/humble LD_LIBRARY_PATH=/home/iclab/Desktop/ros2/install/tku_msgs/lib:/home/iclab/Desktop/ros2/install/usb_cam/lib:/opt/ros/humble/opt/rviz_ogre_vendor/lib:/opt/ros/humble/lib/x86_64-linux-gnu:/opt/ros/humble/lib /usr/bin/cmake --build /home/iclab/Desktop/ros2/build/usb_cam -- -j8 -l8
