[0.489s] Invoking command in '/home/iclab/Desktop/ros2/build/usb_cam': CMAKE_PREFIX_PATH=${CMAKE_PREFIX_PATH}:/home/iclab/Desktop/ros2/install/tku_libs:/home/iclab/Desktop/ros2/install/motionpackage:/opt/ros/humble /usr/bin/cmake --build /home/iclab/Desktop/ros2/build/usb_cam -- -j8 -l8
[0.552s] [ 14%] Built target gtest_main
[0.552s] [ 28%] Built target usb_cam_node_exe
[0.554s] [ 42%] Built target usb_cam
[0.557s] [ 57%] Built target gtest
[0.569s] [35m[1mConsolidate compiler generated dependencies of target usb_cam_node[0m
[0.594s] [ 71%] Built target test_usb_cam_utils
[0.595s] [ 78%] [32mBuilding CXX object CMakeFiles/usb_cam_node.dir/src/usb_cam_node.cpp.o[0m
[0.597s] [ 92%] Built target test_pixel_formats
[3.035s] In file included from [01m[K/home/iclab/Desktop/ros2/src/usb_cam/src/usb_cam_node.cpp:34[m[K:
[3.035s] [01m[K/home/iclab/Desktop/ros2/src/usb_cam/include/usb_cam/usb_cam_node.hpp:84:21:[m[K [01;31m[Kerror: [m[Kâ€˜[01m[Ktku_msgs[m[Kâ€™ was not declared in this scope
[3.035s]    84 |   rclcpp::Publisher<[01;31m[Ktku_msgs[m[K::msg::Camera>::SharedPtr m_camera_publisher;
[3.035s]       |                     [01;31m[K^~~~~~~~[m[K
[3.035s] [01m[K/home/iclab/Desktop/ros2/src/usb_cam/include/usb_cam/usb_cam_node.hpp:84:42:[m[K [01;31m[Kerror: [m[Ktemplate argument 1 is invalid
[3.035s]    84 |   rclcpp::Publisher<tku_msgs::msg::Camera[01;31m[K>[m[K::SharedPtr m_camera_publisher;
[3.035s]       |                                          [01;31m[K^[m[K
[3.035s] [01m[K/home/iclab/Desktop/ros2/src/usb_cam/include/usb_cam/usb_cam_node.hpp:84:45:[m[K [01;31m[Kerror: [m[Kexpected â€˜[01m[K;[m[Kâ€™ at end of member declaration
[3.035s]    84 |   rclcpp::Publisher<tku_msgs::msg::Camera>::[01;31m[KSharedPtr[m[K m_camera_publisher;
[3.035s]       |                                             [01;31m[K^~~~~~~~~[m[K
[3.035s]       |                                                      [32m[K;[m[K
[3.042s] [01m[K/home/iclab/Desktop/ros2/src/usb_cam/include/usb_cam/usb_cam_node.hpp:84:55:[m[K [01;31m[Kerror: [m[Kâ€˜[01m[Km_camera_publisher[m[Kâ€™ does not name a type
[3.042s]    84 |   rclcpp::Publisher<tku_msgs::msg::Camera>::SharedPtr [01;31m[Km_camera_publisher[m[K;
[3.042s]       |                                                       [01;31m[K^~~~~~~~~~~~~~~~~~[m[K
[3.085s] [01m[K/home/iclab/Desktop/ros2/src/usb_cam/src/usb_cam_node.cpp:[m[K In constructor â€˜[01m[Kusb_cam::UsbCamNode::UsbCamNode(const rclcpp::NodeOptions&)[m[Kâ€™:
[3.085s] [01m[K/home/iclab/Desktop/ros2/src/usb_cam/src/usb_cam_node.cpp:60:3:[m[K [01;31m[Kerror: [m[Kâ€˜[01m[Km_camera_publisher[m[Kâ€™ was not declared in this scope; did you mean â€˜[01m[Km_image_publisher[m[Kâ€™?
[3.085s]    60 |   [01;31m[Km_camera_publisher[m[K = this->create_publisher<tku_msgs::msg::Camera>("Camera_Topic", 10);
[3.085s]       |   [01;31m[K^~~~~~~~~~~~~~~~~~[m[K
[3.085s]       |   [32m[Km_image_publisher[m[K
[3.092s] [01m[K/home/iclab/Desktop/ros2/src/usb_cam/src/usb_cam_node.cpp:60:47:[m[K [01;31m[Kerror: [m[Kâ€˜[01m[Ktku_msgs[m[Kâ€™ was not declared in this scope
[3.092s]    60 |   m_camera_publisher = this->create_publisher<[01;31m[Ktku_msgs[m[K::msg::Camera>("Camera_Topic", 10);
[3.092s]       |                                               [01;31m[K^~~~~~~~[m[K
[3.092s] [01m[K/home/iclab/Desktop/ros2/src/usb_cam/src/usb_cam_node.cpp:60:30:[m[K [01;31m[Kerror: [m[Kparse error in template argument list
[3.092s]    60 |   m_camera_publisher = this->[01;31m[Kcreate_publisher<tku_msgs::msg::Camera>[m[K("Camera_Topic", 10);
[3.092s]       |                              [01;31m[K^~~~~~~~~~~~~~~~~~~~~~~~~~~~~~~~~~~~~~~[m[K
[3.092s] [01m[K/home/iclab/Desktop/ros2/src/usb_cam/src/usb_cam_node.cpp:60:69:[m[K [01;31m[Kerror: [m[Kno matching function for call to â€˜[01m[Kusb_cam::UsbCamNode::create_publisher<<expression error> >(const char [13], int)[m[Kâ€™
[3.092s]    60 |   m_camera_publisher = [01;31m[Kthis->create_publisher<tku_msgs::msg::Camera>("Camera_Topic", 10)[m[K;
[3.092s]       |                        [01;31m[K~~~~~~~~~~~~~~~~~~~~~~~~~~~~~~~~~~~~~~~~~~~~~^~~~~~~~~~~~~~~~~~~~[m[K
[3.092s] In file included from [01m[K/opt/ros/humble/include/camera_info_manager/camera_info_manager/camera_info_manager.hpp:45[m[K,
[3.092s]                  from [01m[K/home/iclab/Desktop/ros2/src/usb_cam/include/usb_cam/usb_cam_node.hpp:38[m[K,
[3.092s]                  from [01m[K/home/iclab/Desktop/ros2/src/usb_cam/src/usb_cam_node.cpp:34[m[K:
[3.092s] [01m[K/opt/ros/humble/include/rclcpp/rclcpp/node.hpp:195:3:[m[K [01;36m[Knote: [m[Kcandidate: â€˜[01m[Ktemplate<class MessageT, class AllocatorT, class PublisherT> std::shared_ptr<PublisherT> rclcpp::Node::create_publisher(const string&, const rclcpp::QoS&, const rclcpp::PublisherOptionsWithAllocator<AllocatorT>&)[m[Kâ€™
[3.092s]   195 |   [01;36m[Kcreate_publisher[m[K(
[3.092s]       |   [01;36m[K^~~~~~~~~~~~~~~~[m[K
[3.092s] [01m[K/opt/ros/humble/include/rclcpp/rclcpp/node.hpp:195:3:[m[K [01;36m[Knote: [m[K  template argument deduction/substitution failed:
[3.092s] [01m[K/home/iclab/Desktop/ros2/src/usb_cam/src/usb_cam_node.cpp:60:69:[m[K [01;31m[Kerror: [m[Ktemplate argument 1 is invalid
[3.092s]    60 |   m_camera_publisher = [01;31m[Kthis->create_publisher<tku_msgs::msg::Camera>("Camera_Topic", 10)[m[K;
[3.093s]       |                        [01;31m[K~~~~~~~~~~~~~~~~~~~~~~~~~~~~~~~~~~~~~~~~~~~~~^~~~~~~~~~~~~~~~~~~~[m[K
[3.122s] [01m[K/home/iclab/Desktop/ros2/src/usb_cam/src/usb_cam_node.cpp:[m[K In member function â€˜[01m[Kvoid usb_cam::UsbCamNode::assign_params(const std::vector<rclcpp::Parameter>&)[m[Kâ€™:
[3.122s] [01m[K/home/iclab/Desktop/ros2/src/usb_cam/src/usb_cam_node.cpp:221:3:[m[K [01;31m[Kerror: [m[Kâ€˜[01m[Ktku_msgs[m[Kâ€™ has not been declared
[3.122s]   221 |   [01;31m[Ktku_msgs[m[K::tku_msgs::camera msg;
[3.122s]       |   [01;31m[K^~~~~~~~[m[K
[3.123s] [01m[K/home/iclab/Desktop/ros2/src/usb_cam/src/usb_cam_node.cpp:222:3:[m[K [01;31m[Kerror: [m[Kâ€˜[01m[Kmsg[m[Kâ€™ was not declared in this scope
[3.123s]   222 |   [01;31m[Kmsg[m[K.brightness = m_parameters.brightness;
[3.123s]       |   [01;31m[K^~~[m[K
[3.123s] [01m[K/home/iclab/Desktop/ros2/src/usb_cam/src/usb_cam_node.cpp:222:3:[m[K [01;36m[Knote: [m[Ksuggested alternatives:
[3.123s] In file included from [01m[K/opt/ros/humble/include/rcl_interfaces/rcl_interfaces/msg/list_parameters_result.hpp:7[m[K,
[3.123s]                  from [01m[K/opt/ros/humble/include/rclcpp/rclcpp/node.hpp:35[m[K,
[3.123s]                  from [01m[K/opt/ros/humble/include/camera_info_manager/camera_info_manager/camera_info_manager.hpp:45[m[K,
[3.123s]                  from [01m[K/home/iclab/Desktop/ros2/src/usb_cam/include/usb_cam/usb_cam_node.hpp:38[m[K,
[3.123s]                  from [01m[K/home/iclab/Desktop/ros2/src/usb_cam/src/usb_cam_node.cpp:34[m[K:
[3.123s] [01m[K/opt/ros/humble/include/rcl_interfaces/rcl_interfaces/msg/detail/list_parameters_result__struct.hpp:27:11:[m[K [01;36m[Knote: [m[K  â€˜[01m[Krcl_interfaces::msg[m[Kâ€™
[3.123s]    27 | namespace [01;36m[Kmsg[m[K
[3.123s]       |           [01;36m[K^~~[m[K
[3.123s] In file included from [01m[K/opt/ros/humble/include/rcl_interfaces/rcl_interfaces/msg/detail/parameter_event__struct.hpp:20[m[K,
[3.123s]                  from [01m[K/opt/ros/humble/include/rcl_interfaces/rcl_interfaces/msg/parameter_event.hpp:7[m[K,
[3.123s]                  from [01m[K/opt/ros/humble/include/rclcpp/rclcpp/node.hpp:37[m[K,
[3.124s]                  from [01m[K/opt/ros/humble/include/camera_info_manager/camera_info_manager/camera_info_manager.hpp:45[m[K,
[3.124s]                  from [01m[K/home/iclab/Desktop/ros2/src/usb_cam/include/usb_cam/usb_cam_node.hpp:38[m[K,
[3.124s]                  from [01m[K/home/iclab/Desktop/ros2/src/usb_cam/src/usb_cam_node.cpp:34[m[K:
[3.124s] [01m[K/opt/ros/humble/include/builtin_interfaces/builtin_interfaces/msg/detail/time__struct.hpp:27:11:[m[K [01;36m[Knote: [m[K  â€˜[01m[Kbuiltin_interfaces::msg[m[Kâ€™
[3.124s]    27 | namespace [01;36m[Kmsg[m[K
[3.124s]       |           [01;36m[K^~~[m[K
[3.124s] In file included from [01m[K/opt/ros/humble/include/statistics_msgs/statistics_msgs/msg/detail/metrics_message__struct.hpp:23[m[K,
[3.124s]                  from [01m[K/opt/ros/humble/include/statistics_msgs/statistics_msgs/msg/metrics_message.hpp:7[m[K,
[3.124s]                  from [01m[K/opt/ros/humble/include/libstatistics_collector/libstatistics_collector/collector/generate_statistics_message.hpp:21[m[K,
[3.124s]                  from [01m[K/opt/ros/humble/include/rclcpp/rclcpp/topic_statistics/subscription_topic_statistics.hpp:23[m[K,
[3.124s]                  from [01m[K/opt/ros/humble/include/rclcpp/rclcpp/subscription.hpp:50[m[K,
[3.124s]                  from [01m[K/opt/ros/humble/include/rclcpp/rclcpp/node_interfaces/node_topics_interface.hpp:31[m[K,
[3.124s]                  from [01m[K/opt/ros/humble/include/rclcpp/rclcpp/generic_publisher.hpp:27[m[K,
[3.124s]                  from [01m[K/opt/ros/humble/include/rclcpp/rclcpp/node.hpp:45[m[K,
[3.124s]                  from [01m[K/opt/ros/humble/include/camera_info_manager/camera_info_manager/camera_info_manager.hpp:45[m[K,
[3.124s]                  from [01m[K/home/iclab/Desktop/ros2/src/usb_cam/include/usb_cam/usb_cam_node.hpp:38[m[K,
[3.124s]                  from [01m[K/home/iclab/Desktop/ros2/src/usb_cam/src/usb_cam_node.cpp:34[m[K:
[3.124s] [01m[K/opt/ros/humble/include/statistics_msgs/statistics_msgs/msg/detail/statistic_data_point__struct.hpp:27:11:[m[K [01;36m[Knote: [m[K  â€˜[01m[Kstatistics_msgs::msg[m[Kâ€™
[3.124s]    27 | namespace [01;36m[Kmsg[m[K
[3.124s]       |           [01;36m[K^~~[m[K
[3.124s] In file included from [01m[K/opt/ros/humble/include/sensor_msgs/sensor_msgs/msg/detail/camera_info__struct.hpp:20[m[K,
[3.124s]                  from [01m[K/opt/ros/humble/include/sensor_msgs/sensor_msgs/msg/camera_info.hpp:7[m[K,
[3.124s]                  from [01m[K/opt/ros/humble/include/camera_info_manager/camera_info_manager/camera_info_manager.hpp:46[m[K,
[3.124s]                  from [01m[K/home/iclab/Desktop/ros2/src/usb_cam/include/usb_cam/usb_cam_node.hpp:38[m[K,
[3.124s]                  from [01m[K/home/iclab/Desktop/ros2/src/usb_cam/src/usb_cam_node.cpp:34[m[K:
[3.125s] [01m[K/opt/ros/humble/include/std_msgs/std_msgs/msg/detail/header__struct.hpp:31:11:[m[K [01;36m[Knote: [m[K  â€˜[01m[Kstd_msgs::msg[m[Kâ€™
[3.125s]    31 | namespace [01;36m[Kmsg[m[K
[3.125s]       |           [01;36m[K^~~[m[K
[3.125s] In file included from [01m[K/opt/ros/humble/include/sensor_msgs/sensor_msgs/msg/detail/camera_info__struct.hpp:22[m[K,
[3.125s]                  from [01m[K/opt/ros/humble/include/sensor_msgs/sensor_msgs/msg/camera_info.hpp:7[m[K,
[3.125s]                  from [01m[K/opt/ros/humble/include/camera_info_manager/camera_info_manager/camera_info_manager.hpp:46[m[K,
[3.125s]                  from [01m[K/home/iclab/Desktop/ros2/src/usb_cam/include/usb_cam/usb_cam_node.hpp:38[m[K,
[3.125s]                  from [01m[K/home/iclab/Desktop/ros2/src/usb_cam/src/usb_cam_node.cpp:34[m[K:
[3.125s] [01m[K/opt/ros/humble/include/sensor_msgs/sensor_msgs/msg/detail/region_of_interest__struct.hpp:27:11:[m[K [01;36m[Knote: [m[K  â€˜[01m[Ksensor_msgs::msg[m[Kâ€™
[3.125s]    27 | namespace [01;36m[Kmsg[m[K
[3.125s]       |           [01;36m[K^~~[m[K
[3.125s] [01m[K/home/iclab/Desktop/ros2/src/usb_cam/src/usb_cam_node.cpp:226:39:[m[K [01;31m[Kerror: [m[Kâ€˜[01m[Kstruct usb_cam::parameters_t[m[Kâ€™ has no member named â€˜[01m[Kautowhitebalance[m[Kâ€™; did you mean â€˜[01m[Kauto_white_balance[m[Kâ€™?
[3.125s]   226 |   msg.autowhitebalance = m_parameters.[01;31m[Kautowhitebalance[m[K;
[3.125s]       |                                       [01;31m[K^~~~~~~~~~~~~~~~[m[K
[3.125s]       |                                       [32m[Kauto_white_balance[m[K
[3.125s] [01m[K/home/iclab/Desktop/ros2/src/usb_cam/src/usb_cam_node.cpp:228:48:[m[K [01;31m[Kerror: [m[Kâ€˜[01m[Kstruct usb_cam::parameters_t[m[Kâ€™ has no member named â€˜[01m[Kautobacklightcompensation[m[Kâ€™
[3.125s]   228 |   msg.autobacklightcompensation = m_parameters.[01;31m[Kautobacklightcompensation[m[K;
[3.125s]       |                                                [01;31m[K^~~~~~~~~~~~~~~~~~~~~~~~~[m[K
[3.141s] [01m[K/home/iclab/Desktop/ros2/src/usb_cam/src/usb_cam_node.cpp:230:3:[m[K [01;31m[Kerror: [m[Kâ€˜[01m[Km_camera_publisher[m[Kâ€™ was not declared in this scope; did you mean â€˜[01m[Km_image_publisher[m[Kâ€™?
[3.141s]   230 |   [01;31m[Km_camera_publisher[m[K->publish(msg);
[3.141s]       |   [01;31m[K^~~~~~~~~~~~~~~~~~[m[K
[3.141s]       |   [32m[Km_image_publisher[m[K
[3.826s] gmake[2]: *** [CMakeFiles/usb_cam_node.dir/build.make:76: CMakeFiles/usb_cam_node.dir/src/usb_cam_node.cpp.o] Error 1
[3.826s] gmake[1]: *** [CMakeFiles/Makefile2:189: CMakeFiles/usb_cam_node.dir/all] Error 2
[3.826s] gmake: *** [Makefile:146: all] Error 2
[3.829s] Invoked command in '/home/iclab/Desktop/ros2/build/usb_cam' returned '2': CMAKE_PREFIX_PATH=${CMAKE_PREFIX_PATH}:/home/iclab/Desktop/ros2/install/tku_libs:/home/iclab/Desktop/ros2/install/motionpackage:/opt/ros/humble /usr/bin/cmake --build /home/iclab/Desktop/ros2/build/usb_cam -- -j8 -l8
