[ 25%] Built target usb_cam
[ 37%] Built target gtest
[ 50%] Built target gtest_main
[ 62%] Built target usb_cam_node_exe
[35m[1mConsolidate compiler generated dependencies of target usb_cam_node[0m
[ 75%] Built target test_pixel_formats
[ 87%] Built target test_usb_cam_utils
[ 93%] [32mBuilding CXX object CMakeFiles/usb_cam_node.dir/src/usb_cam_node.cpp.o[0m
[01m[K/home/iclab/Desktop/ros2/src/usb_cam/src/usb_cam_node.cpp:[m[K In member function â€˜[01m[Kfloat Tool::readvalue(std::fstream&, std::string, int)[m[Kâ€™:
[01m[K/home/iclab/Desktop/ros2/src/usb_cam/src/usb_cam_node.cpp:76:5:[m[K [01;31m[Kerror: [m[Kâ€˜[01m[Kstring[m[Kâ€™ was not declared in this scope
   76 |     [01;31m[Kstring[m[K sline, sbuffer;
      |     [01;31m[K^~~~~~[m[K
[01m[K/home/iclab/Desktop/ros2/src/usb_cam/src/usb_cam_node.cpp:76:5:[m[K [01;36m[Knote: [m[Ksuggested alternatives:
In file included from [01m[K/usr/include/c++/11/iosfwd:39[m[K,
                 from [01m[K/usr/include/c++/11/iterator:64[m[K,
                 from [01m[K/usr/include/fmt/core.h:14[m[K,
                 from [01m[K/home/iclab/Desktop/ros2/src/usb_cam/src/usb_cam_node.cpp:28[m[K:
[01m[K/usr/include/c++/11/bits/stringfwd.h:79:33:[m[K [01;36m[Knote: [m[K  â€˜[01m[Kstd::string[m[Kâ€™
   79 |   typedef basic_string<char>    [01;36m[Kstring[m[K;
      |                                 [01;36m[K^~~~~~[m[K
In file included from [01m[K/usr/include/c++/11/bits/locale_classes.h:40[m[K,
                 from [01m[K/usr/include/c++/11/bits/ios_base.h:41[m[K,
                 from [01m[K/usr/include/c++/11/streambuf:41[m[K,
                 from [01m[K/usr/include/c++/11/bits/streambuf_iterator.h:35[m[K,
                 from [01m[K/usr/include/c++/11/iterator:66[m[K,
                 from [01m[K/usr/include/fmt/core.h:14[m[K,
                 from [01m[K/home/iclab/Desktop/ros2/src/usb_cam/src/usb_cam_node.cpp:28[m[K:
[01m[K/usr/include/c++/11/string:67:11:[m[K [01;36m[Knote: [m[K  â€˜[01m[Kstd::pmr::string[m[Kâ€™
   67 |     using [01;36m[Kstring[m[K    = basic_string<char>;
      |           [01;36m[K^~~~~~[m[K
[01m[K/home/iclab/Desktop/ros2/src/usb_cam/src/usb_cam_node.cpp:84:17:[m[K [01;31m[Kerror: [m[Kâ€˜[01m[Ksline[m[Kâ€™ was not declared in this scope; did you mean â€˜[01m[Kline[m[Kâ€™?
   84 |                 [01;31m[Ksline[m[K = line;
      |                 [01;31m[K^~~~~[m[K
      |                 [32m[Kline[m[K
[01m[K/home/iclab/Desktop/ros2/src/usb_cam/src/usb_cam_node.cpp:86:19:[m[K [01;31m[Kerror: [m[Kâ€˜[01m[Ksline[m[Kâ€™ was not declared in this scope; did you mean â€˜[01m[Kline[m[Kâ€™?
   86 |             while([01;31m[Ksline[m[K == "---" || sline == "");
      |                   [01;31m[K^~~~~[m[K
      |                   [32m[Kline[m[K
[01m[K/home/iclab/Desktop/ros2/src/usb_cam/src/usb_cam_node.cpp:89:17:[m[K [01;31m[Kerror: [m[Kâ€˜[01m[Ksbuffer[m[Kâ€™ was not declared in this scope; did you mean â€˜[01m[Ksetbuffer[m[Kâ€™?
   89 |                 [01;31m[Ksbuffer[m[K = sline.substr(sline.find(title), title.size());
      |                 [01;31m[K^~~~~~~[m[K
      |                 [32m[Ksetbuffer[m[K
[01m[K/home/iclab/Desktop/ros2/src/usb_cam/src/usb_cam_node.cpp:75:10:[m[K [01;31m[Kerror: [m[Kunused variable â€˜[01m[Kequal[m[Kâ€™ [[01;31m[K]8;;https://gcc.gnu.org/onlinedocs/gcc/Warning-Options.html#index-Wunused-variable-Werror=unused-variable]8;;[m[K]
   75 |     char [01;31m[Kequal[m[K;
      |          [01;31m[K^~~~~[m[K
[01m[K/home/iclab/Desktop/ros2/src/usb_cam/src/usb_cam_node.cpp:[m[K At global scope:
[01m[K/home/iclab/Desktop/ros2/src/usb_cam/src/usb_cam_node.cpp:125:1:[m[K [01;31m[Kerror: [m[Kredefinition of â€˜[01m[KTdataUnit::TdataUnit()[m[Kâ€™
  125 | [01;31m[KTdataUnit[m[K::TdataUnit()
      | [01;31m[K^~~~~~~~~[m[K
In file included from [01m[K/home/iclab/Desktop/ros2/src/usb_cam/src/usb_cam_node.cpp:33[m[K:
[01m[K/home/iclab/Desktop/ros2/src/usb_cam/include/usb_cam/usb_cam_node.hpp:113:5:[m[K [01;36m[Knote: [m[Kâ€˜[01m[KTdataUnit::TdataUnit()[m[Kâ€™ previously defined here
  113 |     [01;36m[KTdataUnit[m[K() { CameraParameterValue = new CameraParameter(); }
      |     [01;36m[K^~~~~~~~~[m[K
[01m[K/home/iclab/Desktop/ros2/src/usb_cam/src/usb_cam_node.cpp:139:1:[m[K [01;31m[Kerror: [m[Kredefinition of â€˜[01m[KTdataUnit::~TdataUnit()[m[Kâ€™
  139 | [01;31m[KTdataUnit[m[K::~TdataUnit()
      | [01;31m[K^~~~~~~~~[m[K
In file included from [01m[K/home/iclab/Desktop/ros2/src/usb_cam/src/usb_cam_node.cpp:33[m[K:
[01m[K/home/iclab/Desktop/ros2/src/usb_cam/include/usb_cam/usb_cam_node.hpp:114:5:[m[K [01;36m[Knote: [m[Kâ€˜[01m[KTdataUnit::~TdataUnit()[m[Kâ€™ previously defined here
  114 |     [01;36m[K~[m[KTdataUnit() { delete CameraParameterValue; }
      |     [01;36m[K^[m[K
[01m[K/home/iclab/Desktop/ros2/src/usb_cam/src/usb_cam_node.cpp:[m[K In member function â€˜[01m[Kvoid TdataUnit::SaveCameraSetFile(std::string)[m[Kâ€™:
[01m[K/home/iclab/Desktop/ros2/src/usb_cam/src/usb_cam_node.cpp:146:28:[m[K [01;31m[Kerror: [m[Kexpected primary-expression before â€˜[01m[K->[m[Kâ€™ token
  146 |     std::string path = Tool[01;31m[K->[m[KgetPackagePath(location);
      |                            [01;31m[K^~[m[K
[01m[K/home/iclab/Desktop/ros2/src/usb_cam/src/usb_cam_node.cpp:151:42:[m[K [01;31m[Kerror: [m[Kâ€˜[01m[Kstruct CameraParameter[m[Kâ€™ has no member named â€˜[01m[KParameterName[m[Kâ€™
  151 |         OutFile << CameraParameterValue->[01;31m[KParameterName[m[K << "\n";
      |                                          [01;31m[K^~~~~~~~~~~~~[m[K
[01m[K/home/iclab/Desktop/ros2/src/usb_cam/src/usb_cam_node.cpp:[m[K In member function â€˜[01m[Kvoid TdataUnit::LoadCameraSetFile(std::string)[m[Kâ€™:
[01m[K/home/iclab/Desktop/ros2/src/usb_cam/src/usb_cam_node.cpp:170:28:[m[K [01;31m[Kerror: [m[Kexpected primary-expression before â€˜[01m[K->[m[Kâ€™ token
  170 |     std::string path = Tool[01;31m[K->[m[KgetPackagePath(location);
      |                            [01;31m[K^~[m[K
[01m[K/home/iclab/Desktop/ros2/src/usb_cam/src/usb_cam_node.cpp:183:48:[m[K [01;31m[Kerror: [m[Kexpected primary-expression before â€˜[01m[K->[m[Kâ€™ token
  183 |         CameraParameterValue->brightness = Tool[01;31m[K->[m[Kreadvalue(fin, "brightness", 0);
      |                                                [01;31m[K^~[m[K
[01m[K/home/iclab/Desktop/ros2/src/usb_cam/src/usb_cam_node.cpp:184:46:[m[K [01;31m[Kerror: [m[Kexpected primary-expression before â€˜[01m[K->[m[Kâ€™ token
  184 |         CameraParameterValue->contrast = Tool[01;31m[K->[m[Kreadvalue(fin, "contrast", 0);
      |                                              [01;31m[K^~[m[K
[01m[K/home/iclab/Desktop/ros2/src/usb_cam/src/usb_cam_node.cpp:185:48:[m[K [01;31m[Kerror: [m[Kexpected primary-expression before â€˜[01m[K->[m[Kâ€™ token
  185 |         CameraParameterValue->saturation = Tool[01;31m[K->[m[Kreadvalue(fin, "saturation", 0);
      |                                                [01;31m[K^~[m[K
[01m[K/home/iclab/Desktop/ros2/src/usb_cam/src/usb_cam_node.cpp:186:51:[m[K [01;31m[Kerror: [m[Kexpected primary-expression before â€˜[01m[K->[m[Kâ€™ token
  186 |         CameraParameterValue->white_balance = Tool[01;31m[K->[m[Kreadvalue(fin, "white_balance", 0);
      |                                                   [01;31m[K^~[m[K
[01m[K/home/iclab/Desktop/ros2/src/usb_cam/src/usb_cam_node.cpp:187:56:[m[K [01;31m[Kerror: [m[Kexpected primary-expression before â€˜[01m[K->[m[Kâ€™ token
  187 |         CameraParameterValue->auto_white_balance = Tool[01;31m[K->[m[Kreadvalue(fin, "auto_white_balance", 0);
      |                                                        [01;31m[K^~[m[K
[01m[K/home/iclab/Desktop/ros2/src/usb_cam/src/usb_cam_node.cpp:188:51:[m[K [01;31m[Kerror: [m[Kexpected primary-expression before â€˜[01m[K->[m[Kâ€™ token
  188 |         CameraParameterValue->auto_exposure = Tool[01;31m[K->[m[Kreadvalue(fin, "auto_exposure", 0);
      |                                                   [01;31m[K^~[m[K
[01m[K/home/iclab/Desktop/ros2/src/usb_cam/src/usb_cam_node.cpp:189:65:[m[K [01;31m[Kerror: [m[Kexpected primary-expression before â€˜[01m[K->[m[Kâ€™ token
  189 |         CameraParameterValue->auto_Backlight_Compensation = Tool[01;31m[K->[m[Kreadvalue(fin, "auto_Backlight_Compensation", 0);
      |                                                                 [01;31m[K^~[m[K
cc1plus: all warnings being treated as errors
gmake[2]: *** [CMakeFiles/usb_cam_node.dir/build.make:76: CMakeFiles/usb_cam_node.dir/src/usb_cam_node.cpp.o] Error 1
gmake[1]: *** [CMakeFiles/Makefile2:189: CMakeFiles/usb_cam_node.dir/all] Error 2
gmake: *** [Makefile:146: all] Error 2
