[0.294s] Invoking command in '/home/iclab/Desktop/ros2/build/usb_cam': CMAKE_PREFIX_PATH=/home/iclab/Desktop/ros2/install/tku_msgs:/home/iclab/ros2_humble/install/ament_index_cpp/:/home/iclab/Desktop/ros2/install/web_video_server:/home/iclab/Desktop/ros2/install/usb_cam:/home/iclab/Desktop/ros2/install/tku_libs:/home/iclab/Desktop/ros2/install/serial:/home/iclab/Desktop/ros2/install/motionpackage:/opt/ros/humble LD_LIBRARY_PATH=/home/iclab/Desktop/ros2/install/tku_msgs/lib:/home/iclab/Desktop/ros2/install/usb_cam/lib:/opt/ros/humble/opt/rviz_ogre_vendor/lib:/opt/ros/humble/lib/x86_64-linux-gnu:/opt/ros/humble/lib /usr/bin/cmake --build /home/iclab/Desktop/ros2/build/usb_cam -- -j8 -l8
[0.335s] [ 25%] Built target usb_cam
[0.336s] [ 37%] Built target gtest
[0.337s] [ 50%] Built target gtest_main
[0.340s] [ 62%] Built target usb_cam_node_exe
[0.348s] [35m[1mConsolidate compiler generated dependencies of target usb_cam_node[0m
[0.361s] [ 75%] Built target test_pixel_formats
[0.361s] [ 87%] Built target test_usb_cam_utils
[0.369s] [ 93%] [32mBuilding CXX object CMakeFiles/usb_cam_node.dir/src/usb_cam_node.cpp.o[0m
[2.413s] [01m[K/home/iclab/Desktop/ros2/src/usb_cam/src/usb_cam_node.cpp:[m[K In member function â€˜[01m[Kfloat Tool::readvalue(std::fstream&, std::string, int)[m[Kâ€™:
[2.413s] [01m[K/home/iclab/Desktop/ros2/src/usb_cam/src/usb_cam_node.cpp:76:5:[m[K [01;31m[Kerror: [m[Kâ€˜[01m[Kstring[m[Kâ€™ was not declared in this scope
[2.413s]    76 |     [01;31m[Kstring[m[K sline, sbuffer;
[2.413s]       |     [01;31m[K^~~~~~[m[K
[2.413s] [01m[K/home/iclab/Desktop/ros2/src/usb_cam/src/usb_cam_node.cpp:76:5:[m[K [01;36m[Knote: [m[Ksuggested alternatives:
[2.413s] In file included from [01m[K/usr/include/c++/11/iosfwd:39[m[K,
[2.413s]                  from [01m[K/usr/include/c++/11/iterator:64[m[K,
[2.413s]                  from [01m[K/usr/include/fmt/core.h:14[m[K,
[2.413s]                  from [01m[K/home/iclab/Desktop/ros2/src/usb_cam/src/usb_cam_node.cpp:28[m[K:
[2.413s] [01m[K/usr/include/c++/11/bits/stringfwd.h:79:33:[m[K [01;36m[Knote: [m[K  â€˜[01m[Kstd::string[m[Kâ€™
[2.413s]    79 |   typedef basic_string<char>    [01;36m[Kstring[m[K;
[2.414s]       |                                 [01;36m[K^~~~~~[m[K
[2.414s] In file included from [01m[K/usr/include/c++/11/bits/locale_classes.h:40[m[K,
[2.414s]                  from [01m[K/usr/include/c++/11/bits/ios_base.h:41[m[K,
[2.414s]                  from [01m[K/usr/include/c++/11/streambuf:41[m[K,
[2.414s]                  from [01m[K/usr/include/c++/11/bits/streambuf_iterator.h:35[m[K,
[2.414s]                  from [01m[K/usr/include/c++/11/iterator:66[m[K,
[2.414s]                  from [01m[K/usr/include/fmt/core.h:14[m[K,
[2.414s]                  from [01m[K/home/iclab/Desktop/ros2/src/usb_cam/src/usb_cam_node.cpp:28[m[K:
[2.414s] [01m[K/usr/include/c++/11/string:67:11:[m[K [01;36m[Knote: [m[K  â€˜[01m[Kstd::pmr::string[m[Kâ€™
[2.414s]    67 |     using [01;36m[Kstring[m[K    = basic_string<char>;
[2.414s]       |           [01;36m[K^~~~~~[m[K
[2.419s] [01m[K/home/iclab/Desktop/ros2/src/usb_cam/src/usb_cam_node.cpp:84:17:[m[K [01;31m[Kerror: [m[Kâ€˜[01m[Ksline[m[Kâ€™ was not declared in this scope; did you mean â€˜[01m[Kline[m[Kâ€™?
[2.419s]    84 |                 [01;31m[Ksline[m[K = line;
[2.419s]       |                 [01;31m[K^~~~~[m[K
[2.420s]       |                 [32m[Kline[m[K
[2.425s] [01m[K/home/iclab/Desktop/ros2/src/usb_cam/src/usb_cam_node.cpp:86:19:[m[K [01;31m[Kerror: [m[Kâ€˜[01m[Ksline[m[Kâ€™ was not declared in this scope; did you mean â€˜[01m[Kline[m[Kâ€™?
[2.425s]    86 |             while([01;31m[Ksline[m[K == "---" || sline == "");
[2.425s]       |                   [01;31m[K^~~~~[m[K
[2.425s]       |                   [32m[Kline[m[K
[2.431s] [01m[K/home/iclab/Desktop/ros2/src/usb_cam/src/usb_cam_node.cpp:89:17:[m[K [01;31m[Kerror: [m[Kâ€˜[01m[Ksbuffer[m[Kâ€™ was not declared in this scope; did you mean â€˜[01m[Ksetbuffer[m[Kâ€™?
[2.431s]    89 |                 [01;31m[Ksbuffer[m[K = sline.substr(sline.find(title), title.size());
[2.431s]       |                 [01;31m[K^~~~~~~[m[K
[2.431s]       |                 [32m[Ksetbuffer[m[K
[2.431s] [01m[K/home/iclab/Desktop/ros2/src/usb_cam/src/usb_cam_node.cpp:75:10:[m[K [01;31m[Kerror: [m[Kunused variable â€˜[01m[Kequal[m[Kâ€™ [[01;31m[K]8;;https://gcc.gnu.org/onlinedocs/gcc/Warning-Options.html#index-Wunused-variable-Werror=unused-variable]8;;[m[K]
[2.431s]    75 |     char [01;31m[Kequal[m[K;
[2.431s]       |          [01;31m[K^~~~~[m[K
[2.431s] [01m[K/home/iclab/Desktop/ros2/src/usb_cam/src/usb_cam_node.cpp:[m[K At global scope:
[2.431s] [01m[K/home/iclab/Desktop/ros2/src/usb_cam/src/usb_cam_node.cpp:125:1:[m[K [01;31m[Kerror: [m[Kredefinition of â€˜[01m[KTdataUnit::TdataUnit()[m[Kâ€™
[2.431s]   125 | [01;31m[KTdataUnit[m[K::TdataUnit()
[2.431s]       | [01;31m[K^~~~~~~~~[m[K
[2.431s] In file included from [01m[K/home/iclab/Desktop/ros2/src/usb_cam/src/usb_cam_node.cpp:33[m[K:
[2.432s] [01m[K/home/iclab/Desktop/ros2/src/usb_cam/include/usb_cam/usb_cam_node.hpp:113:5:[m[K [01;36m[Knote: [m[Kâ€˜[01m[KTdataUnit::TdataUnit()[m[Kâ€™ previously defined here
[2.432s]   113 |     [01;36m[KTdataUnit[m[K() { CameraParameterValue = new CameraParameter(); }
[2.432s]       |     [01;36m[K^~~~~~~~~[m[K
[2.432s] [01m[K/home/iclab/Desktop/ros2/src/usb_cam/src/usb_cam_node.cpp:139:1:[m[K [01;31m[Kerror: [m[Kredefinition of â€˜[01m[KTdataUnit::~TdataUnit()[m[Kâ€™
[2.432s]   139 | [01;31m[KTdataUnit[m[K::~TdataUnit()
[2.432s]       | [01;31m[K^~~~~~~~~[m[K
[2.432s] In file included from [01m[K/home/iclab/Desktop/ros2/src/usb_cam/src/usb_cam_node.cpp:33[m[K:
[2.432s] [01m[K/home/iclab/Desktop/ros2/src/usb_cam/include/usb_cam/usb_cam_node.hpp:114:5:[m[K [01;36m[Knote: [m[Kâ€˜[01m[KTdataUnit::~TdataUnit()[m[Kâ€™ previously defined here
[2.432s]   114 |     [01;36m[K~[m[KTdataUnit() { delete CameraParameterValue; }
[2.432s]       |     [01;36m[K^[m[K
[2.432s] [01m[K/home/iclab/Desktop/ros2/src/usb_cam/src/usb_cam_node.cpp:[m[K In member function â€˜[01m[Kvoid TdataUnit::SaveCameraSetFile(std::string)[m[Kâ€™:
[2.432s] [01m[K/home/iclab/Desktop/ros2/src/usb_cam/src/usb_cam_node.cpp:146:28:[m[K [01;31m[Kerror: [m[Kexpected primary-expression before â€˜[01m[K->[m[Kâ€™ token
[2.432s]   146 |     std::string path = Tool[01;31m[K->[m[KgetPackagePath(location);
[2.432s]       |                            [01;31m[K^~[m[K
[2.432s] [01m[K/home/iclab/Desktop/ros2/src/usb_cam/src/usb_cam_node.cpp:151:42:[m[K [01;31m[Kerror: [m[Kâ€˜[01m[Kstruct CameraParameter[m[Kâ€™ has no member named â€˜[01m[KParameterName[m[Kâ€™
[2.432s]   151 |         OutFile << CameraParameterValue->[01;31m[KParameterName[m[K << "\n";
[2.432s]       |                                          [01;31m[K^~~~~~~~~~~~~[m[K
[2.433s] [01m[K/home/iclab/Desktop/ros2/src/usb_cam/src/usb_cam_node.cpp:[m[K In member function â€˜[01m[Kvoid TdataUnit::LoadCameraSetFile(std::string)[m[Kâ€™:
[2.433s] [01m[K/home/iclab/Desktop/ros2/src/usb_cam/src/usb_cam_node.cpp:170:28:[m[K [01;31m[Kerror: [m[Kexpected primary-expression before â€˜[01m[K->[m[Kâ€™ token
[2.433s]   170 |     std::string path = Tool[01;31m[K->[m[KgetPackagePath(location);
[2.433s]       |                            [01;31m[K^~[m[K
[2.433s] [01m[K/home/iclab/Desktop/ros2/src/usb_cam/src/usb_cam_node.cpp:183:48:[m[K [01;31m[Kerror: [m[Kexpected primary-expression before â€˜[01m[K->[m[Kâ€™ token
[2.433s]   183 |         CameraParameterValue->brightness = Tool[01;31m[K->[m[Kreadvalue(fin, "brightness", 0);
[2.433s]       |                                                [01;31m[K^~[m[K
[2.433s] [01m[K/home/iclab/Desktop/ros2/src/usb_cam/src/usb_cam_node.cpp:184:46:[m[K [01;31m[Kerror: [m[Kexpected primary-expression before â€˜[01m[K->[m[Kâ€™ token
[2.433s]   184 |         CameraParameterValue->contrast = Tool[01;31m[K->[m[Kreadvalue(fin, "contrast", 0);
[2.433s]       |                                              [01;31m[K^~[m[K
[2.433s] [01m[K/home/iclab/Desktop/ros2/src/usb_cam/src/usb_cam_node.cpp:185:48:[m[K [01;31m[Kerror: [m[Kexpected primary-expression before â€˜[01m[K->[m[Kâ€™ token
[2.433s]   185 |         CameraParameterValue->saturation = Tool[01;31m[K->[m[Kreadvalue(fin, "saturation", 0);
[2.433s]       |                                                [01;31m[K^~[m[K
[2.433s] [01m[K/home/iclab/Desktop/ros2/src/usb_cam/src/usb_cam_node.cpp:186:51:[m[K [01;31m[Kerror: [m[Kexpected primary-expression before â€˜[01m[K->[m[Kâ€™ token
[2.434s]   186 |         CameraParameterValue->white_balance = Tool[01;31m[K->[m[Kreadvalue(fin, "white_balance", 0);
[2.434s]       |                                                   [01;31m[K^~[m[K
[2.434s] [01m[K/home/iclab/Desktop/ros2/src/usb_cam/src/usb_cam_node.cpp:187:56:[m[K [01;31m[Kerror: [m[Kexpected primary-expression before â€˜[01m[K->[m[Kâ€™ token
[2.434s]   187 |         CameraParameterValue->auto_white_balance = Tool[01;31m[K->[m[Kreadvalue(fin, "auto_white_balance", 0);
[2.434s]       |                                                        [01;31m[K^~[m[K
[2.434s] [01m[K/home/iclab/Desktop/ros2/src/usb_cam/src/usb_cam_node.cpp:188:51:[m[K [01;31m[Kerror: [m[Kexpected primary-expression before â€˜[01m[K->[m[Kâ€™ token
[2.434s]   188 |         CameraParameterValue->auto_exposure = Tool[01;31m[K->[m[Kreadvalue(fin, "auto_exposure", 0);
[2.434s]       |                                                   [01;31m[K^~[m[K
[2.434s] [01m[K/home/iclab/Desktop/ros2/src/usb_cam/src/usb_cam_node.cpp:189:65:[m[K [01;31m[Kerror: [m[Kexpected primary-expression before â€˜[01m[K->[m[Kâ€™ token
[2.434s]   189 |         CameraParameterValue->auto_Backlight_Compensation = Tool[01;31m[K->[m[Kreadvalue(fin, "auto_Backlight_Compensation", 0);
[2.434s]       |                                                                 [01;31m[K^~[m[K
[4.692s] cc1plus: all warnings being treated as errors
[4.715s] gmake[2]: *** [CMakeFiles/usb_cam_node.dir/build.make:76: CMakeFiles/usb_cam_node.dir/src/usb_cam_node.cpp.o] Error 1
[4.715s] gmake[1]: *** [CMakeFiles/Makefile2:189: CMakeFiles/usb_cam_node.dir/all] Error 2
[4.715s] gmake: *** [Makefile:146: all] Error 2
[4.717s] Invoked command in '/home/iclab/Desktop/ros2/build/usb_cam' returned '2': CMAKE_PREFIX_PATH=/home/iclab/Desktop/ros2/install/tku_msgs:/home/iclab/ros2_humble/install/ament_index_cpp/:/home/iclab/Desktop/ros2/install/web_video_server:/home/iclab/Desktop/ros2/install/usb_cam:/home/iclab/Desktop/ros2/install/tku_libs:/home/iclab/Desktop/ros2/install/serial:/home/iclab/Desktop/ros2/install/motionpackage:/opt/ros/humble LD_LIBRARY_PATH=/home/iclab/Desktop/ros2/install/tku_msgs/lib:/home/iclab/Desktop/ros2/install/usb_cam/lib:/opt/ros/humble/opt/rviz_ogre_vendor/lib:/opt/ros/humble/lib/x86_64-linux-gnu:/opt/ros/humble/lib /usr/bin/cmake --build /home/iclab/Desktop/ros2/build/usb_cam -- -j8 -l8
