[0.268s] Invoking command in '/home/iclab/Desktop/ros2/build/usb_cam': CMAKE_PREFIX_PATH=/home/iclab/Desktop/ros2/install/tku_msgs:/home/iclab/Desktop/ros2/install/web_video_server:/home/iclab/Desktop/ros2/install/usb_cam:/home/iclab/Desktop/ros2/install/serial:/home/iclab/Desktop/ros2/install/tku_libs:/home/iclab/Desktop/ros2/install/motionpackage:/opt/ros/humble LD_LIBRARY_PATH=/home/iclab/Desktop/ros2/install/tku_msgs/lib:/home/iclab/Desktop/ros2/install/usb_cam/lib:/opt/ros/humble/opt/rviz_ogre_vendor/lib:/opt/ros/humble/lib/x86_64-linux-gnu:/opt/ros/humble/lib /usr/bin/cmake --build /home/iclab/Desktop/ros2/build/usb_cam -- -j8 -l8
[0.305s] [ 14%] Built target gtest_main
[0.305s] [ 28%] Built target usb_cam
[0.305s] [ 42%] Built target gtest
[0.310s] [ 57%] Built target usb_cam_node_exe
[0.315s] [35m[1mConsolidate compiler generated dependencies of target usb_cam_node[0m
[0.323s] [ 71%] Built target test_usb_cam_utils
[0.327s] [ 85%] Built target test_pixel_formats
[0.331s] [ 92%] [32mBuilding CXX object CMakeFiles/usb_cam_node.dir/src/usb_cam_node.cpp.o[0m
[2.226s] In file included from [01m[K/home/iclab/Desktop/ros2/src/usb_cam/src/usb_cam_node.cpp:34[m[K:
[2.227s] [01m[K/home/iclab/Desktop/ros2/src/usb_cam/include/usb_cam/usb_cam_node.hpp:92:3:[m[K [01;31m[Kerror: [m[Kâ€˜[01m[Ksub_camera_param_[m[Kâ€™ does not name a type
[2.227s]    92 |   [01;31m[Ksub_camera_param_[m[K = this->create_subscription<tku_msgs::msg::Camera>(
[2.227s]       |   [01;31m[K^~~~~~~~~~~~~~~~~[m[K
[2.227s] [01m[K/home/iclab/Desktop/ros2/src/usb_cam/include/usb_cam/usb_cam_node.hpp:95:11:[m[K [01;31m[Kerror: [m[Kâ€˜[01m[KSubsrciption[m[Kâ€™ in namespace â€˜[01m[Krclcpp[m[Kâ€™ does not name a template type; did you mean â€˜[01m[KSubscription[m[Kâ€™?
[2.227s]    95 |   rclcpp::[01;31m[KSubsrciption[m[K<tku_msgs::msg::Camera>::SharedPtr sub_camera_param_;
[2.227s]       |           [01;31m[K^~~~~~~~~~~~[m[K
[2.227s]       |           [32m[KSubscription[m[K
[2.266s] [01m[K/home/iclab/Desktop/ros2/src/usb_cam/src/usb_cam_node.cpp:219:62:[m[K [01;31m[Kerror: [m[Knon-member function â€˜[01m[Kvoid usb_cam::camera_param_callback(const Camera&)[m[Kâ€™ cannot have cv-qualifier
[2.266s]   219 | void camera_param_callback(const tku_msgs::msg::Camera &msg) [01;31m[Kconst[m[K
[2.266s]       |                                                              [01;31m[K^~~~~[m[K
[2.266s] In file included from [01m[K/opt/ros/humble/include/rclcpp/rclcpp/client.hpp:40[m[K,
[2.267s]                  from [01m[K/opt/ros/humble/include/rclcpp/rclcpp/callback_group.hpp:24[m[K,
[2.267s]                  from [01m[K/opt/ros/humble/include/rclcpp/rclcpp/node.hpp:40[m[K,
[2.267s]                  from [01m[K/opt/ros/humble/include/camera_info_manager/camera_info_manager/camera_info_manager.hpp:45[m[K,
[2.267s]                  from [01m[K/home/iclab/Desktop/ros2/src/usb_cam/include/usb_cam/usb_cam_node.hpp:38[m[K,
[2.267s]                  from [01m[K/home/iclab/Desktop/ros2/src/usb_cam/src/usb_cam_node.cpp:34[m[K:
[2.267s] [01m[K/home/iclab/Desktop/ros2/src/usb_cam/src/usb_cam_node.cpp:[m[K In function â€˜[01m[Kvoid usb_cam::camera_param_callback(const Camera&)[m[Kâ€™:
[2.267s] [01m[K/home/iclab/Desktop/ros2/src/usb_cam/src/usb_cam_node.cpp:223:21:[m[K [01;31m[Kerror: [m[Kinvalid use of â€˜[01m[Kthis[m[Kâ€™ in non-member function
[2.267s]   223 |         RCLCPP_INFO([01;31m[Kthis[m[K->get_logger(), "Setting 'brightness' to %d", msg.brightness);
[2.267s]       |                     [01;31m[K^~~~[m[K
[2.267s] [01m[K/home/iclab/Desktop/ros2/src/usb_cam/src/usb_cam_node.cpp:223:21:[m[K [01;31m[Kerror: [m[Kinvalid use of â€˜[01m[Kthis[m[Kâ€™ in non-member function
[2.267s] [01m[K/home/iclab/Desktop/ros2/src/usb_cam/src/usb_cam_node.cpp:223:9:[m[K [01;31m[Kerror: [m[Ktemplate argument 1 is invalid
[2.267s]   223 |         [01;31m[KRCLCPP_INFO[m[K(this->get_logger(), "Setting 'brightness' to %d", msg.brightness);
[2.267s]       |         [01;31m[K^~~~~~~~~~~[m[K
[2.272s] [01m[K/home/iclab/Desktop/ros2/src/usb_cam/src/usb_cam_node.cpp:223:9:[m[K [01;31m[Kerror: [m[Kâ€˜[01m[K<declaration error>[m[Kâ€™ is not a template [[01;31m[K]8;;https://gcc.gnu.org/onlinedocs/gcc/Warning-Options.html#index-fpermissive-fpermissive]8;;[m[K]
[2.272s]   223 |         [01;31m[KRCLCPP_INFO[m[K(this->get_logger(), "Setting 'brightness' to %d", msg.brightness);
[2.272s]       |         [01;31m[K^~~~~~~~~~~[m[K
[2.272s] [01m[K/home/iclab/Desktop/ros2/src/usb_cam/src/usb_cam_node.cpp:223:9:[m[K [01;31m[Kerror: [m[Ktemplate argument 1 is invalid
[2.272s]   223 |         [01;31m[KRCLCPP_INFO[m[K(this->get_logger(), "Setting 'brightness' to %d", msg.brightness);
[2.272s]       |         [01;31m[K^~~~~~~~~~~[m[K
[2.272s] [01m[K/home/iclab/Desktop/ros2/src/usb_cam/src/usb_cam_node.cpp:223:9:[m[K [01;31m[Kerror: [m[Kâ€˜[01m[K<declaration error>[m[Kâ€™ is not a template [[01;31m[K]8;;https://gcc.gnu.org/onlinedocs/gcc/Warning-Options.html#index-fpermissive-fpermissive]8;;[m[K]
[2.272s]   223 |         [01;31m[KRCLCPP_INFO[m[K(this->get_logger(), "Setting 'brightness' to %d", msg.brightness);
[2.272s]       |         [01;31m[K^~~~~~~~~~~[m[K
[2.272s] [01m[K/home/iclab/Desktop/ros2/src/usb_cam/src/usb_cam_node.cpp:223:9:[m[K [01;31m[Kerror: [m[Ktemplate argument 1 is invalid
[2.272s]   223 |         [01;31m[KRCLCPP_INFO[m[K(this->get_logger(), "Setting 'brightness' to %d", msg.brightness);
[2.273s]       |         [01;31m[K^~~~~~~~~~~[m[K
[2.273s] In file included from [01m[K/opt/ros/humble/include/rclcpp/rclcpp/logging.hpp:24[m[K,
[2.273s]                  from [01m[K/opt/ros/humble/include/rclcpp/rclcpp/client.hpp:40[m[K,
[2.273s]                  from [01m[K/opt/ros/humble/include/rclcpp/rclcpp/callback_group.hpp:24[m[K,
[2.273s]                  from [01m[K/opt/ros/humble/include/rclcpp/rclcpp/node.hpp:40[m[K,
[2.273s]                  from [01m[K/opt/ros/humble/include/camera_info_manager/camera_info_manager/camera_info_manager.hpp:45[m[K,
[2.273s]                  from [01m[K/home/iclab/Desktop/ros2/src/usb_cam/include/usb_cam/usb_cam_node.hpp:38[m[K,
[2.273s]                  from [01m[K/home/iclab/Desktop/ros2/src/usb_cam/src/usb_cam_node.cpp:34[m[K:
[2.273s] [01m[K/home/iclab/Desktop/ros2/src/usb_cam/src/usb_cam_node.cpp:223:21:[m[K [01;31m[Kerror: [m[Kinvalid use of â€˜[01m[Kthis[m[Kâ€™ in non-member function
[2.273s]   223 |         RCLCPP_INFO([01;31m[Kthis[m[K->get_logger(), "Setting 'brightness' to %d", msg.brightness);
[2.273s]       |                     [01;31m[K^~~~[m[K
[2.273s] [01m[K/home/iclab/Desktop/ros2/src/usb_cam/src/usb_cam_node.cpp:223:21:[m[K [01;31m[Kerror: [m[Kinvalid use of â€˜[01m[Kthis[m[Kâ€™ in non-member function
[2.273s]   223 |         RCLCPP_INFO([01;31m[Kthis[m[K->get_logger(), "Setting 'brightness' to %d", msg.brightness);
[2.273s]       |                     [01;31m[K^~~~[m[K
[2.278s] [01m[K/home/iclab/Desktop/ros2/src/usb_cam/src/usb_cam_node.cpp:224:9:[m[K [01;31m[Kerror: [m[Kâ€˜[01m[Km_camera[m[Kâ€™ was not declared in this scope
[2.278s]   224 |         [01;31m[Km_camera[m[K->set_v4l_parameter("brightness", msg.brightness);
[2.278s]       |         [01;31m[K^~~~~~~~[m[K
[2.278s] In file included from [01m[K/opt/ros/humble/include/rclcpp/rclcpp/client.hpp:40[m[K,
[2.278s]                  from [01m[K/opt/ros/humble/include/rclcpp/rclcpp/callback_group.hpp:24[m[K,
[2.278s]                  from [01m[K/opt/ros/humble/include/rclcpp/rclcpp/node.hpp:40[m[K,
[2.279s]                  from [01m[K/opt/ros/humble/include/camera_info_manager/camera_info_manager/camera_info_manager.hpp:45[m[K,
[2.279s]                  from [01m[K/home/iclab/Desktop/ros2/src/usb_cam/include/usb_cam/usb_cam_node.hpp:38[m[K,
[2.279s]                  from [01m[K/home/iclab/Desktop/ros2/src/usb_cam/src/usb_cam_node.cpp:34[m[K:
[2.279s] [01m[K/home/iclab/Desktop/ros2/src/usb_cam/src/usb_cam_node.cpp:228:21:[m[K [01;31m[Kerror: [m[Kinvalid use of â€˜[01m[Kthis[m[Kâ€™ in non-member function
[2.279s]   228 |         RCLCPP_INFO([01;31m[Kthis[m[K->get_logger(), "Setting 'contrast' to %d", msg.contrast);
[2.279s]       |                     [01;31m[K^~~~[m[K
[2.279s] [01m[K/home/iclab/Desktop/ros2/src/usb_cam/src/usb_cam_node.cpp:228:21:[m[K [01;31m[Kerror: [m[Kinvalid use of â€˜[01m[Kthis[m[Kâ€™ in non-member function
[2.279s] [01m[K/home/iclab/Desktop/ros2/src/usb_cam/src/usb_cam_node.cpp:228:9:[m[K [01;31m[Kerror: [m[Ktemplate argument 1 is invalid
[2.279s]   228 |         [01;31m[KRCLCPP_INFO[m[K(this->get_logger(), "Setting 'contrast' to %d", msg.contrast);
[2.279s]       |         [01;31m[K^~~~~~~~~~~[m[K
[2.279s] [01m[K/home/iclab/Desktop/ros2/src/usb_cam/src/usb_cam_node.cpp:228:9:[m[K [01;31m[Kerror: [m[Kâ€˜[01m[K<declaration error>[m[Kâ€™ is not a template [[01;31m[K]8;;https://gcc.gnu.org/onlinedocs/gcc/Warning-Options.html#index-fpermissive-fpermissive]8;;[m[K]
[2.279s]   228 |         [01;31m[KRCLCPP_INFO[m[K(this->get_logger(), "Setting 'contrast' to %d", msg.contrast);
[2.279s]       |         [01;31m[K^~~~~~~~~~~[m[K
[2.279s] [01m[K/home/iclab/Desktop/ros2/src/usb_cam/src/usb_cam_node.cpp:228:9:[m[K [01;31m[Kerror: [m[Ktemplate argument 1 is invalid
[2.279s]   228 |         [01;31m[KRCLCPP_INFO[m[K(this->get_logger(), "Setting 'contrast' to %d", msg.contrast);
[2.279s]       |         [01;31m[K^~~~~~~~~~~[m[K
[2.279s] [01m[K/home/iclab/Desktop/ros2/src/usb_cam/src/usb_cam_node.cpp:228:9:[m[K [01;31m[Kerror: [m[Kâ€˜[01m[K<declaration error>[m[Kâ€™ is not a template [[01;31m[K]8;;https://gcc.gnu.org/onlinedocs/gcc/Warning-Options.html#index-fpermissive-fpermissive]8;;[m[K]
[2.279s]   228 |         [01;31m[KRCLCPP_INFO[m[K(this->get_logger(), "Setting 'contrast' to %d", msg.contrast);
[2.280s]       |         [01;31m[K^~~~~~~~~~~[m[K
[2.280s] [01m[K/home/iclab/Desktop/ros2/src/usb_cam/src/usb_cam_node.cpp:228:9:[m[K [01;31m[Kerror: [m[Ktemplate argument 1 is invalid
[2.280s]   228 |         [01;31m[KRCLCPP_INFO[m[K(this->get_logger(), "Setting 'contrast' to %d", msg.contrast);
[2.280s]       |         [01;31m[K^~~~~~~~~~~[m[K
[2.280s] In file included from [01m[K/opt/ros/humble/include/rclcpp/rclcpp/logging.hpp:24[m[K,
[2.280s]                  from [01m[K/opt/ros/humble/include/rclcpp/rclcpp/client.hpp:40[m[K,
[2.280s]                  from [01m[K/opt/ros/humble/include/rclcpp/rclcpp/callback_group.hpp:24[m[K,
[2.280s]                  from [01m[K/opt/ros/humble/include/rclcpp/rclcpp/node.hpp:40[m[K,
[2.280s]                  from [01m[K/opt/ros/humble/include/camera_info_manager/camera_info_manager/camera_info_manager.hpp:45[m[K,
[2.280s]                  from [01m[K/home/iclab/Desktop/ros2/src/usb_cam/include/usb_cam/usb_cam_node.hpp:38[m[K,
[2.280s]                  from [01m[K/home/iclab/Desktop/ros2/src/usb_cam/src/usb_cam_node.cpp:34[m[K:
[2.280s] [01m[K/home/iclab/Desktop/ros2/src/usb_cam/src/usb_cam_node.cpp:228:21:[m[K [01;31m[Kerror: [m[Kinvalid use of â€˜[01m[Kthis[m[Kâ€™ in non-member function
[2.280s]   228 |         RCLCPP_INFO([01;31m[Kthis[m[K->get_logger(), "Setting 'contrast' to %d", msg.contrast);
[2.280s]       |                     [01;31m[K^~~~[m[K
[2.280s] [01m[K/home/iclab/Desktop/ros2/src/usb_cam/src/usb_cam_node.cpp:228:21:[m[K [01;31m[Kerror: [m[Kinvalid use of â€˜[01m[Kthis[m[Kâ€™ in non-member function
[2.280s]   228 |         RCLCPP_INFO([01;31m[Kthis[m[K->get_logger(), "Setting 'contrast' to %d", msg.contrast);
[2.280s]       |                     [01;31m[K^~~~[m[K
[2.284s] [01m[K/home/iclab/Desktop/ros2/src/usb_cam/src/usb_cam_node.cpp:229:9:[m[K [01;31m[Kerror: [m[Kâ€˜[01m[Km_camera[m[Kâ€™ was not declared in this scope
[2.284s]   229 |         [01;31m[Km_camera[m[K->set_v4l_parameter("contrast", msg.contrast);
[2.284s]       |         [01;31m[K^~~~~~~~[m[K
[2.284s] In file included from [01m[K/opt/ros/humble/include/rclcpp/rclcpp/client.hpp:40[m[K,
[2.284s]                  from [01m[K/opt/ros/humble/include/rclcpp/rclcpp/callback_group.hpp:24[m[K,
[2.284s]                  from [01m[K/opt/ros/humble/include/rclcpp/rclcpp/node.hpp:40[m[K,
[2.284s]                  from [01m[K/opt/ros/humble/include/camera_info_manager/camera_info_manager/camera_info_manager.hpp:45[m[K,
[2.284s]                  from [01m[K/home/iclab/Desktop/ros2/src/usb_cam/include/usb_cam/usb_cam_node.hpp:38[m[K,
[2.284s]                  from [01m[K/home/iclab/Desktop/ros2/src/usb_cam/src/usb_cam_node.cpp:34[m[K:
[2.284s] [01m[K/home/iclab/Desktop/ros2/src/usb_cam/src/usb_cam_node.cpp:233:21:[m[K [01;31m[Kerror: [m[Kinvalid use of â€˜[01m[Kthis[m[Kâ€™ in non-member function
[2.284s]   233 |         RCLCPP_INFO([01;31m[Kthis[m[K->get_logger(), "Setting 'saturation' to %d", msg.saturation);
[2.284s]       |                     [01;31m[K^~~~[m[K
[2.284s] [01m[K/home/iclab/Desktop/ros2/src/usb_cam/src/usb_cam_node.cpp:233:21:[m[K [01;31m[Kerror: [m[Kinvalid use of â€˜[01m[Kthis[m[Kâ€™ in non-member function
[2.284s] [01m[K/home/iclab/Desktop/ros2/src/usb_cam/src/usb_cam_node.cpp:233:9:[m[K [01;31m[Kerror: [m[Ktemplate argument 1 is invalid
[2.285s]   233 |         [01;31m[KRCLCPP_INFO[m[K(this->get_logger(), "Setting 'saturation' to %d", msg.saturation);
[2.285s]       |         [01;31m[K^~~~~~~~~~~[m[K
[2.285s] [01m[K/home/iclab/Desktop/ros2/src/usb_cam/src/usb_cam_node.cpp:233:9:[m[K [01;31m[Kerror: [m[Kâ€˜[01m[K<declaration error>[m[Kâ€™ is not a template [[01;31m[K]8;;https://gcc.gnu.org/onlinedocs/gcc/Warning-Options.html#index-fpermissive-fpermissive]8;;[m[K]
[2.285s]   233 |         [01;31m[KRCLCPP_INFO[m[K(this->get_logger(), "Setting 'saturation' to %d", msg.saturation);
[2.285s]       |         [01;31m[K^~~~~~~~~~~[m[K
[2.285s] [01m[K/home/iclab/Desktop/ros2/src/usb_cam/src/usb_cam_node.cpp:233:9:[m[K [01;31m[Kerror: [m[Ktemplate argument 1 is invalid
[2.285s]   233 |         [01;31m[KRCLCPP_INFO[m[K(this->get_logger(), "Setting 'saturation' to %d", msg.saturation);
[2.285s]       |         [01;31m[K^~~~~~~~~~~[m[K
[2.285s] [01m[K/home/iclab/Desktop/ros2/src/usb_cam/src/usb_cam_node.cpp:233:9:[m[K [01;31m[Kerror: [m[Kâ€˜[01m[K<declaration error>[m[Kâ€™ is not a template [[01;31m[K]8;;https://gcc.gnu.org/onlinedocs/gcc/Warning-Options.html#index-fpermissive-fpermissive]8;;[m[K]
[2.285s]   233 |         [01;31m[KRCLCPP_INFO[m[K(this->get_logger(), "Setting 'saturation' to %d", msg.saturation);
[2.285s]       |         [01;31m[K^~~~~~~~~~~[m[K
[2.285s] [01m[K/home/iclab/Desktop/ros2/src/usb_cam/src/usb_cam_node.cpp:233:9:[m[K [01;31m[Kerror: [m[Ktemplate argument 1 is invalid
[2.285s]   233 |         [01;31m[KRCLCPP_INFO[m[K(this->get_logger(), "Setting 'saturation' to %d", msg.saturation);
[2.285s]       |         [01;31m[K^~~~~~~~~~~[m[K
[2.285s] In file included from [01m[K/opt/ros/humble/include/rclcpp/rclcpp/logging.hpp:24[m[K,
[2.285s]                  from [01m[K/opt/ros/humble/include/rclcpp/rclcpp/client.hpp:40[m[K,
[2.285s]                  from [01m[K/opt/ros/humble/include/rclcpp/rclcpp/callback_group.hpp:24[m[K,
[2.285s]                  from [01m[K/opt/ros/humble/include/rclcpp/rclcpp/node.hpp:40[m[K,
[2.285s]                  from [01m[K/opt/ros/humble/include/camera_info_manager/camera_info_manager/camera_info_manager.hpp:45[m[K,
[2.285s]                  from [01m[K/home/iclab/Desktop/ros2/src/usb_cam/include/usb_cam/usb_cam_node.hpp:38[m[K,
[2.285s]                  from [01m[K/home/iclab/Desktop/ros2/src/usb_cam/src/usb_cam_node.cpp:34[m[K:
[2.285s] [01m[K/home/iclab/Desktop/ros2/src/usb_cam/src/usb_cam_node.cpp:233:21:[m[K [01;31m[Kerror: [m[Kinvalid use of â€˜[01m[Kthis[m[Kâ€™ in non-member function
[2.285s]   233 |         RCLCPP_INFO([01;31m[Kthis[m[K->get_logger(), "Setting 'saturation' to %d", msg.saturation);
[2.285s]       |                     [01;31m[K^~~~[m[K
[2.285s] [01m[K/home/iclab/Desktop/ros2/src/usb_cam/src/usb_cam_node.cpp:233:21:[m[K [01;31m[Kerror: [m[Kinvalid use of â€˜[01m[Kthis[m[Kâ€™ in non-member function
[2.285s]   233 |         RCLCPP_INFO([01;31m[Kthis[m[K->get_logger(), "Setting 'saturation' to %d", msg.saturation);
[2.285s]       |                     [01;31m[K^~~~[m[K
[2.290s] [01m[K/home/iclab/Desktop/ros2/src/usb_cam/src/usb_cam_node.cpp:234:9:[m[K [01;31m[Kerror: [m[Kâ€˜[01m[Km_camera[m[Kâ€™ was not declared in this scope
[2.290s]   234 |         [01;31m[Km_camera[m[K->set_v4l_parameter("saturation", msg.saturation);
[2.290s]       |         [01;31m[K^~~~~~~~[m[K
[2.290s] [01m[K/home/iclab/Desktop/ros2/src/usb_cam/src/usb_cam_node.cpp:239:13:[m[K [01;31m[Kerror: [m[Kâ€˜[01m[Kconst Camera[m[Kâ€™ {aka â€˜[01m[Kconst struct tku_msgs::msg::Camera_<std::allocator<void> >[m[Kâ€™} has no member named â€˜[01m[Kauto_exposure[m[Kâ€™; did you mean â€˜[01m[Kautoexposure[m[Kâ€™?
[2.290s]   239 |     if (msg.[01;31m[Kauto_exposure[m[K) {
[2.290s]       |             [01;31m[K^~~~~~~~~~~~~[m[K
[2.290s]       |             [32m[Kautoexposure[m[K
[2.290s] In file included from [01m[K/opt/ros/humble/include/rclcpp/rclcpp/client.hpp:40[m[K,
[2.290s]                  from [01m[K/opt/ros/humble/include/rclcpp/rclcpp/callback_group.hpp:24[m[K,
[2.290s]                  from [01m[K/opt/ros/humble/include/rclcpp/rclcpp/node.hpp:40[m[K,
[2.290s]                  from [01m[K/opt/ros/humble/include/camera_info_manager/camera_info_manager/camera_info_manager.hpp:45[m[K,
[2.290s]                  from [01m[K/home/iclab/Desktop/ros2/src/usb_cam/include/usb_cam/usb_cam_node.hpp:38[m[K,
[2.290s]                  from [01m[K/home/iclab/Desktop/ros2/src/usb_cam/src/usb_cam_node.cpp:34[m[K:
[2.290s] [01m[K/home/iclab/Desktop/ros2/src/usb_cam/src/usb_cam_node.cpp:240:21:[m[K [01;31m[Kerror: [m[Kinvalid use of â€˜[01m[Kthis[m[Kâ€™ in non-member function
[2.290s]   240 |         RCLCPP_INFO([01;31m[Kthis[m[K->get_logger(), "Setting 'exposure_auto' to %d", 3);
[2.290s]       |                     [01;31m[K^~~~[m[K
[2.290s] [01m[K/home/iclab/Desktop/ros2/src/usb_cam/src/usb_cam_node.cpp:240:21:[m[K [01;31m[Kerror: [m[Kinvalid use of â€˜[01m[Kthis[m[Kâ€™ in non-member function
[2.290s] [01m[K/home/iclab/Desktop/ros2/src/usb_cam/src/usb_cam_node.cpp:240:9:[m[K [01;31m[Kerror: [m[Ktemplate argument 1 is invalid
[2.291s]   240 |         [01;31m[KRCLCPP_INFO[m[K(this->get_logger(), "Setting 'exposure_auto' to %d", 3);
[2.291s]       |         [01;31m[K^~~~~~~~~~~[m[K
[2.291s] [01m[K/home/iclab/Desktop/ros2/src/usb_cam/src/usb_cam_node.cpp:240:9:[m[K [01;31m[Kerror: [m[Kâ€˜[01m[K<declaration error>[m[Kâ€™ is not a template [[01;31m[K]8;;https://gcc.gnu.org/onlinedocs/gcc/Warning-Options.html#index-fpermissive-fpermissive]8;;[m[K]
[2.291s]   240 |         [01;31m[KRCLCPP_INFO[m[K(this->get_logger(), "Setting 'exposure_auto' to %d", 3);
[2.291s]       |         [01;31m[K^~~~~~~~~~~[m[K
[2.291s] [01m[K/home/iclab/Desktop/ros2/src/usb_cam/src/usb_cam_node.cpp:240:9:[m[K [01;31m[Kerror: [m[Ktemplate argument 1 is invalid
[2.291s]   240 |         [01;31m[KRCLCPP_INFO[m[K(this->get_logger(), "Setting 'exposure_auto' to %d", 3);
[2.291s]       |         [01;31m[K^~~~~~~~~~~[m[K
[2.291s] [01m[K/home/iclab/Desktop/ros2/src/usb_cam/src/usb_cam_node.cpp:240:9:[m[K [01;31m[Kerror: [m[Kâ€˜[01m[K<declaration error>[m[Kâ€™ is not a template [[01;31m[K]8;;https://gcc.gnu.org/onlinedocs/gcc/Warning-Options.html#index-fpermissive-fpermissive]8;;[m[K]
[2.291s]   240 |         [01;31m[KRCLCPP_INFO[m[K(this->get_logger(), "Setting 'exposure_auto' to %d", 3);
[2.291s]       |         [01;31m[K^~~~~~~~~~~[m[K
[2.291s] [01m[K/home/iclab/Desktop/ros2/src/usb_cam/src/usb_cam_node.cpp:240:9:[m[K [01;31m[Kerror: [m[Ktemplate argument 1 is invalid
[2.291s]   240 |         [01;31m[KRCLCPP_INFO[m[K(this->get_logger(), "Setting 'exposure_auto' to %d", 3);
[2.291s]       |         [01;31m[K^~~~~~~~~~~[m[K
[2.291s] In file included from [01m[K/opt/ros/humble/include/rclcpp/rclcpp/logging.hpp:24[m[K,
[2.291s]                  from [01m[K/opt/ros/humble/include/rclcpp/rclcpp/client.hpp:40[m[K,
[2.291s]                  from [01m[K/opt/ros/humble/include/rclcpp/rclcpp/callback_group.hpp:24[m[K,
[2.291s]                  from [01m[K/opt/ros/humble/include/rclcpp/rclcpp/node.hpp:40[m[K,
[2.291s]                  from [01m[K/opt/ros/humble/include/camera_info_manager/camera_info_manager/camera_info_manager.hpp:45[m[K,
[2.291s]                  from [01m[K/home/iclab/Desktop/ros2/src/usb_cam/include/usb_cam/usb_cam_node.hpp:38[m[K,
[2.291s]                  from [01m[K/home/iclab/Desktop/ros2/src/usb_cam/src/usb_cam_node.cpp:34[m[K:
[2.291s] [01m[K/home/iclab/Desktop/ros2/src/usb_cam/src/usb_cam_node.cpp:240:21:[m[K [01;31m[Kerror: [m[Kinvalid use of â€˜[01m[Kthis[m[Kâ€™ in non-member function
[2.291s]   240 |         RCLCPP_INFO([01;31m[Kthis[m[K->get_logger(), "Setting 'exposure_auto' to %d", 3);
[2.291s]       |                     [01;31m[K^~~~[m[K
[2.291s] [01m[K/home/iclab/Desktop/ros2/src/usb_cam/src/usb_cam_node.cpp:240:21:[m[K [01;31m[Kerror: [m[Kinvalid use of â€˜[01m[Kthis[m[Kâ€™ in non-member function
[2.291s]   240 |         RCLCPP_INFO([01;31m[Kthis[m[K->get_logger(), "Setting 'exposure_auto' to %d", 3);
[2.291s]       |                     [01;31m[K^~~~[m[K
[2.295s] [01m[K/home/iclab/Desktop/ros2/src/usb_cam/src/usb_cam_node.cpp:241:9:[m[K [01;31m[Kerror: [m[Kâ€˜[01m[Km_camera[m[Kâ€™ was not declared in this scope
[2.295s]   241 |         [01;31m[Km_camera[m[K->set_v4l_parameter("exposure_auto", 3);
[2.295s]       |         [01;31m[K^~~~~~~~[m[K
[2.295s] In file included from [01m[K/opt/ros/humble/include/rclcpp/rclcpp/client.hpp:40[m[K,
[2.295s]                  from [01m[K/opt/ros/humble/include/rclcpp/rclcpp/callback_group.hpp:24[m[K,
[2.295s]                  from [01m[K/opt/ros/humble/include/rclcpp/rclcpp/node.hpp:40[m[K,
[2.295s]                  from [01m[K/opt/ros/humble/include/camera_info_manager/camera_info_manager/camera_info_manager.hpp:45[m[K,
[2.295s]                  from [01m[K/home/iclab/Desktop/ros2/src/usb_cam/include/usb_cam/usb_cam_node.hpp:38[m[K,
[2.295s]                  from [01m[K/home/iclab/Desktop/ros2/src/usb_cam/src/usb_cam_node.cpp:34[m[K:
[2.295s] [01m[K/home/iclab/Desktop/ros2/src/usb_cam/src/usb_cam_node.cpp:243:21:[m[K [01;31m[Kerror: [m[Kinvalid use of â€˜[01m[Kthis[m[Kâ€™ in non-member function
[2.295s]   243 |         RCLCPP_INFO([01;31m[Kthis[m[K->get_logger(), "Setting 'exposure_auto' to %d", 1);
[2.295s]       |                     [01;31m[K^~~~[m[K
[2.296s] [01m[K/home/iclab/Desktop/ros2/src/usb_cam/src/usb_cam_node.cpp:243:21:[m[K [01;31m[Kerror: [m[Kinvalid use of â€˜[01m[Kthis[m[Kâ€™ in non-member function
[2.296s] [01m[K/home/iclab/Desktop/ros2/src/usb_cam/src/usb_cam_node.cpp:243:9:[m[K [01;31m[Kerror: [m[Ktemplate argument 1 is invalid
[2.296s]   243 |         [01;31m[KRCLCPP_INFO[m[K(this->get_logger(), "Setting 'exposure_auto' to %d", 1);
[2.296s]       |         [01;31m[K^~~~~~~~~~~[m[K
[2.296s] [01m[K/home/iclab/Desktop/ros2/src/usb_cam/src/usb_cam_node.cpp:243:9:[m[K [01;31m[Kerror: [m[Kâ€˜[01m[K<declaration error>[m[Kâ€™ is not a template [[01;31m[K]8;;https://gcc.gnu.org/onlinedocs/gcc/Warning-Options.html#index-fpermissive-fpermissive]8;;[m[K]
[2.296s]   243 |         [01;31m[KRCLCPP_INFO[m[K(this->get_logger(), "Setting 'exposure_auto' to %d", 1);
[2.296s]       |         [01;31m[K^~~~~~~~~~~[m[K
[2.296s] [01m[K/home/iclab/Desktop/ros2/src/usb_cam/src/usb_cam_node.cpp:243:9:[m[K [01;31m[Kerror: [m[Ktemplate argument 1 is invalid
[2.296s]   243 |         [01;31m[KRCLCPP_INFO[m[K(this->get_logger(), "Setting 'exposure_auto' to %d", 1);
[2.296s]       |         [01;31m[K^~~~~~~~~~~[m[K
[2.296s] [01m[K/home/iclab/Desktop/ros2/src/usb_cam/src/usb_cam_node.cpp:243:9:[m[K [01;31m[Kerror: [m[Kâ€˜[01m[K<declaration error>[m[Kâ€™ is not a template [[01;31m[K]8;;https://gcc.gnu.org/onlinedocs/gcc/Warning-Options.html#index-fpermissive-fpermissive]8;;[m[K]
[2.296s]   243 |         [01;31m[KRCLCPP_INFO[m[K(this->get_logger(), "Setting 'exposure_auto' to %d", 1);
[2.296s]       |         [01;31m[K^~~~~~~~~~~[m[K
[2.296s] [01m[K/home/iclab/Desktop/ros2/src/usb_cam/src/usb_cam_node.cpp:243:9:[m[K [01;31m[Kerror: [m[Ktemplate argument 1 is invalid
[2.296s]   243 |         [01;31m[KRCLCPP_INFO[m[K(this->get_logger(), "Setting 'exposure_auto' to %d", 1);
[2.296s]       |         [01;31m[K^~~~~~~~~~~[m[K
[2.296s] In file included from [01m[K/opt/ros/humble/include/rclcpp/rclcpp/logging.hpp:24[m[K,
[2.296s]                  from [01m[K/opt/ros/humble/include/rclcpp/rclcpp/client.hpp:40[m[K,
[2.296s]                  from [01m[K/opt/ros/humble/include/rclcpp/rclcpp/callback_group.hpp:24[m[K,
[2.296s]                  from [01m[K/opt/ros/humble/include/rclcpp/rclcpp/node.hpp:40[m[K,
[2.296s]                  from [01m[K/opt/ros/humble/include/camera_info_manager/camera_info_manager/camera_info_manager.hpp:45[m[K,
[2.296s]                  from [01m[K/home/iclab/Desktop/ros2/src/usb_cam/include/usb_cam/usb_cam_node.hpp:38[m[K,
[2.296s]                  from [01m[K/home/iclab/Desktop/ros2/src/usb_cam/src/usb_cam_node.cpp:34[m[K:
[2.296s] [01m[K/home/iclab/Desktop/ros2/src/usb_cam/src/usb_cam_node.cpp:243:21:[m[K [01;31m[Kerror: [m[Kinvalid use of â€˜[01m[Kthis[m[Kâ€™ in non-member function
[2.297s]   243 |         RCLCPP_INFO([01;31m[Kthis[m[K->get_logger(), "Setting 'exposure_auto' to %d", 1);
[2.297s]       |                     [01;31m[K^~~~[m[K
[2.297s] [01m[K/home/iclab/Desktop/ros2/src/usb_cam/src/usb_cam_node.cpp:243:21:[m[K [01;31m[Kerror: [m[Kinvalid use of â€˜[01m[Kthis[m[Kâ€™ in non-member function
[2.297s]   243 |         RCLCPP_INFO([01;31m[Kthis[m[K->get_logger(), "Setting 'exposure_auto' to %d", 1);
[2.297s]       |                     [01;31m[K^~~~[m[K
[2.297s] In file included from [01m[K/opt/ros/humble/include/rclcpp/rclcpp/client.hpp:40[m[K,
[2.297s]                  from [01m[K/opt/ros/humble/include/rclcpp/rclcpp/callback_group.hpp:24[m[K,
[2.297s]                  from [01m[K/opt/ros/humble/include/rclcpp/rclcpp/node.hpp:40[m[K,
[2.297s]                  from [01m[K/opt/ros/humble/include/camera_info_manager/camera_info_manager/camera_info_manager.hpp:45[m[K,
[2.297s]                  from [01m[K/home/iclab/Desktop/ros2/src/usb_cam/include/usb_cam/usb_cam_node.hpp:38[m[K,
[2.297s]                  from [01m[K/home/iclab/Desktop/ros2/src/usb_cam/src/usb_cam_node.cpp:34[m[K:
[2.297s] [01m[K/home/iclab/Desktop/ros2/src/usb_cam/src/usb_cam_node.cpp:244:21:[m[K [01;31m[Kerror: [m[Kinvalid use of â€˜[01m[Kthis[m[Kâ€™ in non-member function
[2.297s]   244 |         RCLCPP_INFO([01;31m[Kthis[m[K->get_logger(), "Setting 'exposure' to %d", msg.exposure);
[2.297s]       |                     [01;31m[K^~~~[m[K
[2.297s] [01m[K/home/iclab/Desktop/ros2/src/usb_cam/src/usb_cam_node.cpp:244:21:[m[K [01;31m[Kerror: [m[Kinvalid use of â€˜[01m[Kthis[m[Kâ€™ in non-member function
[2.297s] [01m[K/home/iclab/Desktop/ros2/src/usb_cam/src/usb_cam_node.cpp:244:9:[m[K [01;31m[Kerror: [m[Ktemplate argument 1 is invalid
[2.297s]   244 |         [01;31m[KRCLCPP_INFO[m[K(this->get_logger(), "Setting 'exposure' to %d", msg.exposure);
[2.297s]       |         [01;31m[K^~~~~~~~~~~[m[K
[2.297s] [01m[K/home/iclab/Desktop/ros2/src/usb_cam/src/usb_cam_node.cpp:244:9:[m[K [01;31m[Kerror: [m[Kâ€˜[01m[K<declaration error>[m[Kâ€™ is not a template [[01;31m[K]8;;https://gcc.gnu.org/onlinedocs/gcc/Warning-Options.html#index-fpermissive-fpermissive]8;;[m[K]
[2.297s]   244 |         [01;31m[KRCLCPP_INFO[m[K(this->get_logger(), "Setting 'exposure' to %d", msg.exposure);
[2.297s]       |         [01;31m[K^~~~~~~~~~~[m[K
[2.297s] [01m[K/home/iclab/Desktop/ros2/src/usb_cam/src/usb_cam_node.cpp:244:9:[m[K [01;31m[Kerror: [m[Ktemplate argument 1 is invalid
[2.297s]   244 |         [01;31m[KRCLCPP_INFO[m[K(this->get_logger(), "Setting 'exposure' to %d", msg.exposure);
[2.297s]       |         [01;31m[K^~~~~~~~~~~[m[K
[2.297s] [01m[K/home/iclab/Desktop/ros2/src/usb_cam/src/usb_cam_node.cpp:244:9:[m[K [01;31m[Kerror: [m[Kâ€˜[01m[K<declaration error>[m[Kâ€™ is not a template [[01;31m[K]8;;https://gcc.gnu.org/onlinedocs/gcc/Warning-Options.html#index-fpermissive-fpermissive]8;;[m[K]
[2.297s]   244 |         [01;31m[KRCLCPP_INFO[m[K(this->get_logger(), "Setting 'exposure' to %d", msg.exposure);
[2.297s]       |         [01;31m[K^~~~~~~~~~~[m[K
[2.297s] [01m[K/home/iclab/Desktop/ros2/src/usb_cam/src/usb_cam_node.cpp:244:9:[m[K [01;31m[Kerror: [m[Ktemplate argument 1 is invalid
[2.297s]   244 |         [01;31m[KRCLCPP_INFO[m[K(this->get_logger(), "Setting 'exposure' to %d", msg.exposure);
[2.298s]       |         [01;31m[K^~~~~~~~~~~[m[K
[2.298s] In file included from [01m[K/opt/ros/humble/include/rclcpp/rclcpp/logging.hpp:24[m[K,
[2.298s]                  from [01m[K/opt/ros/humble/include/rclcpp/rclcpp/client.hpp:40[m[K,
[2.298s]                  from [01m[K/opt/ros/humble/include/rclcpp/rclcpp/callback_group.hpp:24[m[K,
[2.298s]                  from [01m[K/opt/ros/humble/include/rclcpp/rclcpp/node.hpp:40[m[K,
[2.298s]                  from [01m[K/opt/ros/humble/include/camera_info_manager/camera_info_manager/camera_info_manager.hpp:45[m[K,
[2.298s]                  from [01m[K/home/iclab/Desktop/ros2/src/usb_cam/include/usb_cam/usb_cam_node.hpp:38[m[K,
[2.298s]                  from [01m[K/home/iclab/Desktop/ros2/src/usb_cam/src/usb_cam_node.cpp:34[m[K:
[2.298s] [01m[K/home/iclab/Desktop/ros2/src/usb_cam/src/usb_cam_node.cpp:244:21:[m[K [01;31m[Kerror: [m[Kinvalid use of â€˜[01m[Kthis[m[Kâ€™ in non-member function
[2.298s]   244 |         RCLCPP_INFO([01;31m[Kthis[m[K->get_logger(), "Setting 'exposure' to %d", msg.exposure);
[2.298s]       |                     [01;31m[K^~~~[m[K
[2.298s] [01m[K/home/iclab/Desktop/ros2/src/usb_cam/src/usb_cam_node.cpp:244:21:[m[K [01;31m[Kerror: [m[Kinvalid use of â€˜[01m[Kthis[m[Kâ€™ in non-member function
[2.298s]   244 |         RCLCPP_INFO([01;31m[Kthis[m[K->get_logger(), "Setting 'exposure' to %d", msg.exposure);
[2.298s]       |                     [01;31m[K^~~~[m[K
[2.298s] [01m[K/home/iclab/Desktop/ros2/src/usb_cam/src/usb_cam_node.cpp:244:73:[m[K [01;31m[Kerror: [m[Kâ€˜[01m[Kconst Camera[m[Kâ€™ {aka â€˜[01m[Kconst struct tku_msgs::msg::Camera_<std::allocator<void> >[m[Kâ€™} has no member named â€˜[01m[Kexposure[m[Kâ€™; did you mean â€˜[01m[Kautoexposure[m[Kâ€™?
[2.298s]   244 | CPP_INFO(this->get_logger(), "Setting 'exposure' to %d", msg.[01;31m[Kexposure[m[K);
[2.298s]       |                                                              [01;31m[K^~~~~~~~[m[K
[2.298s] 
[2.301s] [01m[K/home/iclab/Desktop/ros2/src/usb_cam/src/usb_cam_node.cpp:245:9:[m[K [01;31m[Kerror: [m[Kâ€˜[01m[Km_camera[m[Kâ€™ was not declared in this scope
[2.301s]   245 |         [01;31m[Km_camera[m[K->set_v4l_parameter("exposure_auto", 1);
[2.301s]       |         [01;31m[K^~~~~~~~[m[K
[2.301s] [01m[K/home/iclab/Desktop/ros2/src/usb_cam/src/usb_cam_node.cpp:246:62:[m[K [01;31m[Kerror: [m[Kâ€˜[01m[Kconst Camera[m[Kâ€™ {aka â€˜[01m[Kconst struct tku_msgs::msg::Camera_<std::allocator<void> >[m[Kâ€™} has no member named â€˜[01m[Kexposure[m[Kâ€™; did you mean â€˜[01m[Kautoexposure[m[Kâ€™?
[2.301s]   246 |         m_camera->set_v4l_parameter("exposure_absolute", msg.[01;31m[Kexposure[m[K);
[2.301s]       |                                                              [01;31m[K^~~~~~~~[m[K
[2.302s]       |                                                              [32m[Kautoexposure[m[K
[2.302s] [01m[K/home/iclab/Desktop/ros2/src/usb_cam/src/usb_cam_node.cpp:249:13:[m[K [01;31m[Kerror: [m[Kâ€˜[01m[Kconst Camera[m[Kâ€™ {aka â€˜[01m[Kconst struct tku_msgs::msg::Camera_<std::allocator<void> >[m[Kâ€™} has no member named â€˜[01m[Kautofocus[m[Kâ€™
[2.302s]   249 |     if (msg.[01;31m[Kautofocus[m[K) {
[2.302s]       |             [01;31m[K^~~~~~~~~[m[K
[2.302s] In file included from [01m[K/opt/ros/humble/include/rclcpp/rclcpp/client.hpp:40[m[K,
[2.302s]                  from [01m[K/opt/ros/humble/include/rclcpp/rclcpp/callback_group.hpp:24[m[K,
[2.302s]                  from [01m[K/opt/ros/humble/include/rclcpp/rclcpp/node.hpp:40[m[K,
[2.302s]                  from [01m[K/opt/ros/humble/include/camera_info_manager/camera_info_manager/camera_info_manager.hpp:45[m[K,
[2.302s]                  from [01m[K/home/iclab/Desktop/ros2/src/usb_cam/include/usb_cam/usb_cam_node.hpp:38[m[K,
[2.302s]                  from [01m[K/home/iclab/Desktop/ros2/src/usb_cam/src/usb_cam_node.cpp:34[m[K:
[2.302s] [01m[K/home/iclab/Desktop/ros2/src/usb_cam/src/usb_cam_node.cpp:250:21:[m[K [01;31m[Kerror: [m[Kinvalid use of â€˜[01m[Kthis[m[Kâ€™ in non-member function
[2.302s]   250 |         RCLCPP_INFO([01;31m[Kthis[m[K->get_logger(), "Setting 'focus_auto' to %d", 1);
[2.302s]       |                     [01;31m[K^~~~[m[K
[2.302s] [01m[K/home/iclab/Desktop/ros2/src/usb_cam/src/usb_cam_node.cpp:250:21:[m[K [01;31m[Kerror: [m[Kinvalid use of â€˜[01m[Kthis[m[Kâ€™ in non-member function
[2.302s] [01m[K/home/iclab/Desktop/ros2/src/usb_cam/src/usb_cam_node.cpp:250:9:[m[K [01;31m[Kerror: [m[Ktemplate argument 1 is invalid
[2.302s]   250 |         [01;31m[KRCLCPP_INFO[m[K(this->get_logger(), "Setting 'focus_auto' to %d", 1);
[2.302s]       |         [01;31m[K^~~~~~~~~~~[m[K
[2.302s] [01m[K/home/iclab/Desktop/ros2/src/usb_cam/src/usb_cam_node.cpp:250:9:[m[K [01;31m[Kerror: [m[Kâ€˜[01m[K<declaration error>[m[Kâ€™ is not a template [[01;31m[K]8;;https://gcc.gnu.org/onlinedocs/gcc/Warning-Options.html#index-fpermissive-fpermissive]8;;[m[K]
[2.303s]   250 |         [01;31m[KRCLCPP_INFO[m[K(this->get_logger(), "Setting 'focus_auto' to %d", 1);
[2.303s]       |         [01;31m[K^~~~~~~~~~~[m[K
[2.303s] [01m[K/home/iclab/Desktop/ros2/src/usb_cam/src/usb_cam_node.cpp:250:9:[m[K [01;31m[Kerror: [m[Ktemplate argument 1 is invalid
[2.303s]   250 |         [01;31m[KRCLCPP_INFO[m[K(this->get_logger(), "Setting 'focus_auto' to %d", 1);
[2.303s]       |         [01;31m[K^~~~~~~~~~~[m[K
[2.303s] [01m[K/home/iclab/Desktop/ros2/src/usb_cam/src/usb_cam_node.cpp:250:9:[m[K [01;31m[Kerror: [m[Kâ€˜[01m[K<declaration error>[m[Kâ€™ is not a template [[01;31m[K]8;;https://gcc.gnu.org/onlinedocs/gcc/Warning-Options.html#index-fpermissive-fpermissive]8;;[m[K]
[2.303s]   250 |         [01;31m[KRCLCPP_INFO[m[K(this->get_logger(), "Setting 'focus_auto' to %d", 1);
[2.303s]       |         [01;31m[K^~~~~~~~~~~[m[K
[2.303s] [01m[K/home/iclab/Desktop/ros2/src/usb_cam/src/usb_cam_node.cpp:250:9:[m[K [01;31m[Kerror: [m[Ktemplate argument 1 is invalid
[2.303s]   250 |         [01;31m[KRCLCPP_INFO[m[K(this->get_logger(), "Setting 'focus_auto' to %d", 1);
[2.303s]       |         [01;31m[K^~~~~~~~~~~[m[K
[2.303s] In file included from [01m[K/opt/ros/humble/include/rclcpp/rclcpp/logging.hpp:24[m[K,
[2.303s]                  from [01m[K/opt/ros/humble/include/rclcpp/rclcpp/client.hpp:40[m[K,
[2.303s]                  from [01m[K/opt/ros/humble/include/rclcpp/rclcpp/callback_group.hpp:24[m[K,
[2.303s]                  from [01m[K/opt/ros/humble/include/rclcpp/rclcpp/node.hpp:40[m[K,
[2.303s]                  from [01m[K/opt/ros/humble/include/camera_info_manager/camera_info_manager/camera_info_manager.hpp:45[m[K,
[2.303s]                  from [01m[K/home/iclab/Desktop/ros2/src/usb_cam/include/usb_cam/usb_cam_node.hpp:38[m[K,
[2.304s]                  from [01m[K/home/iclab/Desktop/ros2/src/usb_cam/src/usb_cam_node.cpp:34[m[K:
[2.304s] [01m[K/home/iclab/Desktop/ros2/src/usb_cam/src/usb_cam_node.cpp:250:21:[m[K [01;31m[Kerror: [m[Kinvalid use of â€˜[01m[Kthis[m[Kâ€™ in non-member function
[2.304s]   250 |         RCLCPP_INFO([01;31m[Kthis[m[K->get_logger(), "Setting 'focus_auto' to %d", 1);
[2.304s]       |                     [01;31m[K^~~~[m[K
[2.304s] [01m[K/home/iclab/Desktop/ros2/src/usb_cam/src/usb_cam_node.cpp:250:21:[m[K [01;31m[Kerror: [m[Kinvalid use of â€˜[01m[Kthis[m[Kâ€™ in non-member function
[2.304s]   250 |         RCLCPP_INFO([01;31m[Kthis[m[K->get_logger(), "Setting 'focus_auto' to %d", 1);
[2.304s]       |                     [01;31m[K^~~~[m[K
[2.307s] [01m[K/home/iclab/Desktop/ros2/src/usb_cam/src/usb_cam_node.cpp:251:9:[m[K [01;31m[Kerror: [m[Kâ€˜[01m[Km_camera[m[Kâ€™ was not declared in this scope
[2.307s]   251 |         [01;31m[Km_camera[m[K->set_auto_focus(1);
[2.307s]       |         [01;31m[K^~~~~~~~[m[K
[2.307s] In file included from [01m[K/opt/ros/humble/include/rclcpp/rclcpp/client.hpp:40[m[K,
[2.307s]                  from [01m[K/opt/ros/humble/include/rclcpp/rclcpp/callback_group.hpp:24[m[K,
[2.307s]                  from [01m[K/opt/ros/humble/include/rclcpp/rclcpp/node.hpp:40[m[K,
[2.307s]                  from [01m[K/opt/ros/humble/include/camera_info_manager/camera_info_manager/camera_info_manager.hpp:45[m[K,
[2.307s]                  from [01m[K/home/iclab/Desktop/ros2/src/usb_cam/include/usb_cam/usb_cam_node.hpp:38[m[K,
[2.308s]                  from [01m[K/home/iclab/Desktop/ros2/src/usb_cam/src/usb_cam_node.cpp:34[m[K:
[2.308s] [01m[K/home/iclab/Desktop/ros2/src/usb_cam/src/usb_cam_node.cpp:254:21:[m[K [01;31m[Kerror: [m[Kinvalid use of â€˜[01m[Kthis[m[Kâ€™ in non-member function
[2.308s]   254 |         RCLCPP_INFO([01;31m[Kthis[m[K->get_logger(), "Setting 'focus_auto' to %d", 0);
[2.308s]       |                     [01;31m[K^~~~[m[K
[2.308s] [01m[K/home/iclab/Desktop/ros2/src/usb_cam/src/usb_cam_node.cpp:254:21:[m[K [01;31m[Kerror: [m[Kinvalid use of â€˜[01m[Kthis[m[Kâ€™ in non-member function
[2.308s] [01m[K/home/iclab/Desktop/ros2/src/usb_cam/src/usb_cam_node.cpp:254:9:[m[K [01;31m[Kerror: [m[Ktemplate argument 1 is invalid
[2.308s]   254 |         [01;31m[KRCLCPP_INFO[m[K(this->get_logger(), "Setting 'focus_auto' to %d", 0);
[2.308s]       |         [01;31m[K^~~~~~~~~~~[m[K
[2.308s] [01m[K/home/iclab/Desktop/ros2/src/usb_cam/src/usb_cam_node.cpp:254:9:[m[K [01;31m[Kerror: [m[Kâ€˜[01m[K<declaration error>[m[Kâ€™ is not a template [[01;31m[K]8;;https://gcc.gnu.org/onlinedocs/gcc/Warning-Options.html#index-fpermissive-fpermissive]8;;[m[K]
[2.308s]   254 |         [01;31m[KRCLCPP_INFO[m[K(this->get_logger(), "Setting 'focus_auto' to %d", 0);
[2.308s]       |         [01;31m[K^~~~~~~~~~~[m[K
[2.308s] [01m[K/home/iclab/Desktop/ros2/src/usb_cam/src/usb_cam_node.cpp:254:9:[m[K [01;31m[Kerror: [m[Ktemplate argument 1 is invalid
[2.308s]   254 |         [01;31m[KRCLCPP_INFO[m[K(this->get_logger(), "Setting 'focus_auto' to %d", 0);
[2.308s]       |         [01;31m[K^~~~~~~~~~~[m[K
[2.308s] [01m[K/home/iclab/Desktop/ros2/src/usb_cam/src/usb_cam_node.cpp:254:9:[m[K [01;31m[Kerror: [m[Kâ€˜[01m[K<declaration error>[m[Kâ€™ is not a template [[01;31m[K]8;;https://gcc.gnu.org/onlinedocs/gcc/Warning-Options.html#index-fpermissive-fpermissive]8;;[m[K]
[2.308s]   254 |         [01;31m[KRCLCPP_INFO[m[K(this->get_logger(), "Setting 'focus_auto' to %d", 0);
[2.308s]       |         [01;31m[K^~~~~~~~~~~[m[K
[2.309s] [01m[K/home/iclab/Desktop/ros2/src/usb_cam/src/usb_cam_node.cpp:254:9:[m[K [01;31m[Kerror: [m[Ktemplate argument 1 is invalid
[2.309s]   254 |         [01;31m[KRCLCPP_INFO[m[K(this->get_logger(), "Setting 'focus_auto' to %d", 0);
[2.309s]       |         [01;31m[K^~~~~~~~~~~[m[K
[2.309s] In file included from [01m[K/opt/ros/humble/include/rclcpp/rclcpp/logging.hpp:24[m[K,
[2.309s]                  from [01m[K/opt/ros/humble/include/rclcpp/rclcpp/client.hpp:40[m[K,
[2.309s]                  from [01m[K/opt/ros/humble/include/rclcpp/rclcpp/callback_group.hpp:24[m[K,
[2.309s]                  from [01m[K/opt/ros/humble/include/rclcpp/rclcpp/node.hpp:40[m[K,
[2.309s]                  from [01m[K/opt/ros/humble/include/camera_info_manager/camera_info_manager/camera_info_manager.hpp:45[m[K,
[2.309s]                  from [01m[K/home/iclab/Desktop/ros2/src/usb_cam/include/usb_cam/usb_cam_node.hpp:38[m[K,
[2.309s]                  from [01m[K/home/iclab/Desktop/ros2/src/usb_cam/src/usb_cam_node.cpp:34[m[K:
[2.309s] [01m[K/home/iclab/Desktop/ros2/src/usb_cam/src/usb_cam_node.cpp:254:21:[m[K [01;31m[Kerror: [m[Kinvalid use of â€˜[01m[Kthis[m[Kâ€™ in non-member function
[2.309s]   254 |         RCLCPP_INFO([01;31m[Kthis[m[K->get_logger(), "Setting 'focus_auto' to %d", 0);
[2.309s]       |                     [01;31m[K^~~~[m[K
[2.309s] [01m[K/home/iclab/Desktop/ros2/src/usb_cam/src/usb_cam_node.cpp:254:21:[m[K [01;31m[Kerror: [m[Kinvalid use of â€˜[01m[Kthis[m[Kâ€™ in non-member function
[2.309s]   254 |         RCLCPP_INFO([01;31m[Kthis[m[K->get_logger(), "Setting 'focus_auto' to %d", 0);
[2.309s]       |                     [01;31m[K^~~~[m[K
[2.313s] [01m[K/home/iclab/Desktop/ros2/src/usb_cam/src/usb_cam_node.cpp:255:9:[m[K [01;31m[Kerror: [m[Kâ€˜[01m[Km_camera[m[Kâ€™ was not declared in this scope
[2.313s]   255 |         [01;31m[Km_camera[m[K->set_v4l_parameter("focus_auto", 0);
[2.313s]       |         [01;31m[K^~~~~~~~[m[K
[2.313s] [01m[K/home/iclab/Desktop/ros2/src/usb_cam/src/usb_cam_node.cpp:256:17:[m[K [01;31m[Kerror: [m[Kâ€˜[01m[Kconst Camera[m[Kâ€™ {aka â€˜[01m[Kconst struct tku_msgs::msg::Camera_<std::allocator<void> >[m[Kâ€™} has no member named â€˜[01m[Kfocus[m[Kâ€™
[2.313s]   256 |         if (msg.[01;31m[Kfocus[m[K >= 0) {
[2.313s]       |                 [01;31m[K^~~~~[m[K
[2.313s] In file included from [01m[K/opt/ros/humble/include/rclcpp/rclcpp/client.hpp:40[m[K,
[2.313s]                  from [01m[K/opt/ros/humble/include/rclcpp/rclcpp/callback_group.hpp:24[m[K,
[2.313s]                  from [01m[K/opt/ros/humble/include/rclcpp/rclcpp/node.hpp:40[m[K,
[2.313s]                  from [01m[K/opt/ros/humble/include/camera_info_manager/camera_info_manager/camera_info_manager.hpp:45[m[K,
[2.313s]                  from [01m[K/home/iclab/Desktop/ros2/src/usb_cam/include/usb_cam/usb_cam_node.hpp:38[m[K,
[2.313s]                  from [01m[K/home/iclab/Desktop/ros2/src/usb_cam/src/usb_cam_node.cpp:34[m[K:
[2.313s] [01m[K/home/iclab/Desktop/ros2/src/usb_cam/src/usb_cam_node.cpp:257:25:[m[K [01;31m[Kerror: [m[Kinvalid use of â€˜[01m[Kthis[m[Kâ€™ in non-member function
[2.313s]   257 |             RCLCPP_INFO([01;31m[Kthis[m[K->get_logger(), "Setting 'focus_absolute' to %d", msg.focus);
[2.313s]       |                         [01;31m[K^~~~[m[K
[2.313s] [01m[K/home/iclab/Desktop/ros2/src/usb_cam/src/usb_cam_node.cpp:257:25:[m[K [01;31m[Kerror: [m[Kinvalid use of â€˜[01m[Kthis[m[Kâ€™ in non-member function
[2.313s] [01m[K/home/iclab/Desktop/ros2/src/usb_cam/src/usb_cam_node.cpp:257:13:[m[K [01;31m[Kerror: [m[Ktemplate argument 1 is invalid
[2.313s]   257 |             [01;31m[KRCLCPP_INFO[m[K(this->get_logger(), "Setting 'focus_absolute' to %d", msg.focus);
[2.314s]       |             [01;31m[K^~~~~~~~~~~[m[K
[2.314s] [01m[K/home/iclab/Desktop/ros2/src/usb_cam/src/usb_cam_node.cpp:257:13:[m[K [01;31m[Kerror: [m[Kâ€˜[01m[K<declaration error>[m[Kâ€™ is not a template [[01;31m[K]8;;https://gcc.gnu.org/onlinedocs/gcc/Warning-Options.html#index-fpermissive-fpermissive]8;;[m[K]
[2.314s]   257 |             [01;31m[KRCLCPP_INFO[m[K(this->get_logger(), "Setting 'focus_absolute' to %d", msg.focus);
[2.314s]       |             [01;31m[K^~~~~~~~~~~[m[K
[2.314s] [01m[K/home/iclab/Desktop/ros2/src/usb_cam/src/usb_cam_node.cpp:257:13:[m[K [01;31m[Kerror: [m[Ktemplate argument 1 is invalid
[2.314s]   257 |             [01;31m[KRCLCPP_INFO[m[K(this->get_logger(), "Setting 'focus_absolute' to %d", msg.focus);
[2.314s]       |             [01;31m[K^~~~~~~~~~~[m[K
[2.314s] [01m[K/home/iclab/Desktop/ros2/src/usb_cam/src/usb_cam_node.cpp:257:13:[m[K [01;31m[Kerror: [m[Kâ€˜[01m[K<declaration error>[m[Kâ€™ is not a template [[01;31m[K]8;;https://gcc.gnu.org/onlinedocs/gcc/Warning-Options.html#index-fpermissive-fpermissive]8;;[m[K]
[2.314s]   257 |             [01;31m[KRCLCPP_INFO[m[K(this->get_logger(), "Setting 'focus_absolute' to %d", msg.focus);
[2.314s]       |             [01;31m[K^~~~~~~~~~~[m[K
[2.314s] [01m[K/home/iclab/Desktop/ros2/src/usb_cam/src/usb_cam_node.cpp:257:13:[m[K [01;31m[Kerror: [m[Ktemplate argument 1 is invalid
[2.314s]   257 |             [01;31m[KRCLCPP_INFO[m[K(this->get_logger(), "Setting 'focus_absolute' to %d", msg.focus);
[2.314s]       |             [01;31m[K^~~~~~~~~~~[m[K
[2.314s] In file included from [01m[K/opt/ros/humble/include/rclcpp/rclcpp/logging.hpp:24[m[K,
[2.314s]                  from [01m[K/opt/ros/humble/include/rclcpp/rclcpp/client.hpp:40[m[K,
[2.314s]                  from [01m[K/opt/ros/humble/include/rclcpp/rclcpp/callback_group.hpp:24[m[K,
[2.314s]                  from [01m[K/opt/ros/humble/include/rclcpp/rclcpp/node.hpp:40[m[K,
[2.314s]                  from [01m[K/opt/ros/humble/include/camera_info_manager/camera_info_manager/camera_info_manager.hpp:45[m[K,
[2.314s]                  from [01m[K/home/iclab/Desktop/ros2/src/usb_cam/include/usb_cam/usb_cam_node.hpp:38[m[K,
[2.314s]                  from [01m[K/home/iclab/Desktop/ros2/src/usb_cam/src/usb_cam_node.cpp:34[m[K:
[2.315s] [01m[K/home/iclab/Desktop/ros2/src/usb_cam/src/usb_cam_node.cpp:257:25:[m[K [01;31m[Kerror: [m[Kinvalid use of â€˜[01m[Kthis[m[Kâ€™ in non-member function
[2.315s]   257 |             RCLCPP_INFO([01;31m[Kthis[m[K->get_logger(), "Setting 'focus_absolute' to %d", msg.focus);
[2.315s]       |                         [01;31m[K^~~~[m[K
[2.315s] [01m[K/home/iclab/Desktop/ros2/src/usb_cam/src/usb_cam_node.cpp:257:25:[m[K [01;31m[Kerror: [m[Kinvalid use of â€˜[01m[Kthis[m[Kâ€™ in non-member function
[2.315s]   257 |             RCLCPP_INFO([01;31m[Kthis[m[K->get_logger(), "Setting 'focus_absolute' to %d", msg.focus);
[2.315s]       |                         [01;31m[K^~~~[m[K
[2.315s] [01m[K/home/iclab/Desktop/ros2/src/usb_cam/src/usb_cam_node.cpp:257:83:[m[K [01;31m[Kerror: [m[Kâ€˜[01m[Kconst Camera[m[Kâ€™ {aka â€˜[01m[Kconst struct tku_msgs::msg::Camera_<std::allocator<void> >[m[Kâ€™} has no member named â€˜[01m[Kfocus[m[Kâ€™
[2.315s]   257 | _INFO(this->get_logger(), "Setting 'focus_absolute' to %d", msg.[01;31m[Kfocus[m[K);
[2.315s]       |                                                                 [01;31m[K^~~~~[m[K
[2.315s] 
[2.315s] [01m[K/home/iclab/Desktop/ros2/src/usb_cam/src/usb_cam_node.cpp:258:63:[m[K [01;31m[Kerror: [m[Kâ€˜[01m[Kconst Camera[m[Kâ€™ {aka â€˜[01m[Kconst struct tku_msgs::msg::Camera_<std::allocator<void> >[m[Kâ€™} has no member named â€˜[01m[Kfocus[m[Kâ€™
[2.315s]   258 |             m_camera->set_v4l_parameter("focus_absolute", msg.[01;31m[Kfocus[m[K);
[2.315s]       |                                                               [01;31m[K^~~~~[m[K
[2.985s] gmake[2]: *** [CMakeFiles/usb_cam_node.dir/build.make:76: CMakeFiles/usb_cam_node.dir/src/usb_cam_node.cpp.o] Error 1
[2.985s] gmake[1]: *** [CMakeFiles/Makefile2:189: CMakeFiles/usb_cam_node.dir/all] Error 2
[2.985s] gmake: *** [Makefile:146: all] Error 2
[2.987s] Invoked command in '/home/iclab/Desktop/ros2/build/usb_cam' returned '2': CMAKE_PREFIX_PATH=/home/iclab/Desktop/ros2/install/tku_msgs:/home/iclab/Desktop/ros2/install/web_video_server:/home/iclab/Desktop/ros2/install/usb_cam:/home/iclab/Desktop/ros2/install/serial:/home/iclab/Desktop/ros2/install/tku_libs:/home/iclab/Desktop/ros2/install/motionpackage:/opt/ros/humble LD_LIBRARY_PATH=/home/iclab/Desktop/ros2/install/tku_msgs/lib:/home/iclab/Desktop/ros2/install/usb_cam/lib:/opt/ros/humble/opt/rviz_ogre_vendor/lib:/opt/ros/humble/lib/x86_64-linux-gnu:/opt/ros/humble/lib /usr/bin/cmake --build /home/iclab/Desktop/ros2/build/usb_cam -- -j8 -l8
