[ 14%] Built target usb_cam_node_exe
[ 28%] Built target usb_cam
[ 42%] Built target gtest
[ 57%] Built target gtest_main
[35m[1mConsolidate compiler generated dependencies of target usb_cam_node[0m
[ 71%] Built target test_pixel_formats
[ 85%] Built target test_usb_cam_utils
[ 92%] [32mBuilding CXX object CMakeFiles/usb_cam_node.dir/src/usb_cam_node.cpp.o[0m
[01m[K/home/iclab/Desktop/ros2/src/usb_cam/src/usb_cam_node.cpp:[m[K In constructor â€˜[01m[Kusb_cam::UsbCamNode::UsbCamNode(const rclcpp::NodeOptions&)[m[Kâ€™:
[01m[K/home/iclab/Desktop/ros2/src/usb_cam/src/usb_cam_node.cpp:70:3:[m[K [01;31m[Kerror: [m[Kâ€˜[01m[KLoadCameraSetFile[m[Kâ€™ was not declared in this scope; did you mean â€˜[01m[Kloadcamerasetfile[m[Kâ€™?
   70 |   [01;31m[KLoadCameraSetFile[m[K();
      |   [01;31m[K^~~~~~~~~~~~~~~~~[m[K
      |   [32m[Kloadcamerasetfile[m[K
[01m[K/home/iclab/Desktop/ros2/src/usb_cam/src/usb_cam_node.cpp:[m[K At global scope:
[01m[K/home/iclab/Desktop/ros2/src/usb_cam/src/usb_cam_node.cpp:117:6:[m[K [01;31m[Kerror: [m[Kno declaration matches â€˜[01m[Kvoid usb_cam::UsbCamNode::LoadCameraSetFile()[m[Kâ€™
  117 | void [01;31m[KUsbCamNode[m[K::LoadCameraSetFile()
      |      [01;31m[K^~~~~~~~~~[m[K
[01m[K/home/iclab/Desktop/ros2/src/usb_cam/src/usb_cam_node.cpp:117:6:[m[K [01;36m[Knote: [m[Kno functions named â€˜[01m[Kvoid usb_cam::UsbCamNode::LoadCameraSetFile()[m[Kâ€™
In file included from [01m[K/home/iclab/Desktop/ros2/src/usb_cam/src/usb_cam_node.cpp:34[m[K:
[01m[K/home/iclab/Desktop/ros2/src/usb_cam/include/usb_cam/usb_cam_node.hpp:59:7:[m[K [01;36m[Knote: [m[Kâ€˜[01m[Kclass usb_cam::UsbCamNode[m[Kâ€™ defined here
   59 | class [01;36m[KUsbCamNode[m[K : public rclcpp::Node
      |       [01;36m[K^~~~~~~~~~[m[K
gmake[2]: *** [CMakeFiles/usb_cam_node.dir/build.make:76: CMakeFiles/usb_cam_node.dir/src/usb_cam_node.cpp.o] Error 1
gmake[1]: *** [CMakeFiles/Makefile2:189: CMakeFiles/usb_cam_node.dir/all] Error 2
gmake: *** [Makefile:146: all] Error 2
