[0.049s] Invoking command in '/home/iclab/Desktop/ros2/build/usb_cam': CMAKE_PREFIX_PATH=/home/iclab/Desktop/ros2/install/tku_msgs:/home/iclab/Desktop/ros2/install/web_video_server:/home/iclab/Desktop/ros2/install/usb_cam:/home/iclab/Desktop/ros2/install/serial:/home/iclab/Desktop/ros2/install/tku_libs:/home/iclab/Desktop/ros2/install/motionpackage:/opt/ros/humble LD_LIBRARY_PATH=/home/iclab/Desktop/ros2/install/tku_msgs/lib:/home/iclab/Desktop/ros2/install/usb_cam/lib:/opt/ros/humble/opt/rviz_ogre_vendor/lib:/opt/ros/humble/lib/x86_64-linux-gnu:/opt/ros/humble/lib /usr/bin/cmake --build /home/iclab/Desktop/ros2/build/usb_cam -- -j8 -l8
[0.066s] -- Found ament_cmake_auto: 1.3.6 (/opt/ros/humble/share/ament_cmake_auto/cmake)
[0.213s] -- Found rosidl_generator_c: 3.1.5 (/opt/ros/humble/share/rosidl_generator_c/cmake)
[0.214s] -- Found rosidl_adapter: 3.1.5 (/opt/ros/humble/share/rosidl_adapter/cmake)
[0.218s] -- Found rosidl_generator_cpp: 3.1.5 (/opt/ros/humble/share/rosidl_generator_cpp/cmake)
[0.224s] -- Using all available rosidl_typesupport_c: rosidl_typesupport_fastrtps_c;rosidl_typesupport_introspection_c
[0.234s] -- Using all available rosidl_typesupport_cpp: rosidl_typesupport_fastrtps_cpp;rosidl_typesupport_introspection_cpp
[0.400s] -- Found rmw_implementation_cmake: 6.1.1 (/opt/ros/humble/share/rmw_implementation_cmake/cmake)
[0.401s] -- Found rmw_fastrtps_cpp: 6.2.5 (/opt/ros/humble/share/rmw_fastrtps_cpp/cmake)
[0.475s] -- Using RMW implementation 'rmw_fastrtps_cpp' as default
[0.700s] -- Found ament_lint_auto: 0.12.9 (/opt/ros/humble/share/ament_lint_auto/cmake)
[0.703s] -- Found gtest sources under '/opt/ros/humble/src/gtest_vendor': C++ tests using 'Google Test' will be built
[0.709s] -- Added test 'copyright' to check source files copyright and LICENSE
[0.711s] -- Added test 'cppcheck' to perform static code analysis on C / C++ code
[0.711s] -- Configured cppcheck include dirs: /home/iclab/Desktop/ros2/src/usb_cam/include
[0.711s] -- Configured cppcheck exclude dirs and/or files: 
[0.713s] -- Added test 'cpplint' to check C / C++ code against the Google style
[0.713s] -- Configured cpplint exclude dirs and/or files: 
[0.713s] -- Added test 'flake8' to check Python code syntax and style conventions
[0.714s] -- Added test 'lint_cmake' to check CMake code style
[0.714s] -- Added test 'pep257' to check Python code against some of the docstring style conventions in PEP 257
[0.716s] -- Added test 'uncrustify' to check C / C++ code style
[0.716s] -- Configured uncrustify additional arguments: 
[0.717s] -- Added test 'xmllint' to check XML markup files
[0.717s] -- Configuring done
[0.737s] -- Generating done
[0.739s] -- Build files have been written to: /home/iclab/Desktop/ros2/build/usb_cam
[0.758s] [35m[1mConsolidate compiler generated dependencies of target gtest_main[0m
[0.758s] [35m[1mConsolidate compiler generated dependencies of target gtest[0m
[0.758s] [35m[1mConsolidate compiler generated dependencies of target usb_cam[0m
[0.759s] [35m[1mConsolidate compiler generated dependencies of target usb_cam_node_exe[0m
[0.769s] [  5%] [32mBuilding CXX object CMakeFiles/usb_cam_tool.dir/src/tool.cpp.o[0m
[0.769s] [ 16%] Built target gtest_main
[0.769s] [ 22%] [32mBuilding CXX object CMakeFiles/usb_cam.dir/src/tdataunit.cpp.o[0m
[0.770s] [ 27%] [32mBuilding CXX object CMakeFiles/usb_cam.dir/src/tool.cpp.o[0m
[0.771s] [ 38%] Built target gtest
[0.776s] [ 50%] Built target usb_cam_node_exe
[0.776s] In file included from [01m[K/home/iclab/Desktop/ros2/src/usb_cam/src/tool.cpp:1[m[K:
[0.776s] [01m[K/home/iclab/Desktop/ros2/src/usb_cam/include/usb_cam/tool.hpp:4:10:[m[K [01;31m[Kfatal error: [m[Kament_index_cpp/get_package_share_directory.hpp: No such file or directory
[0.776s]     4 | #include [01;31m[K<ament_index_cpp/get_package_share_directory.hpp>[m[K
[0.776s]       |          [01;31m[K^~~~~~~~~~~~~~~~~~~~~~~~~~~~~~~~~~~~~~~~~~~~~~~~~[m[K
[0.776s] compilation terminated.
[0.776s] In file included from [01m[K/home/iclab/Desktop/ros2/src/usb_cam/src/tool.cpp:1[m[K:
[0.776s] [01m[K/home/iclab/Desktop/ros2/src/usb_cam/include/usb_cam/tool.hpp:4:10:[m[K [01;31m[Kfatal error: [m[Kament_index_cpp/get_package_share_directory.hpp: No such file or directory
[0.776s]     4 | #include [01;31m[K<ament_index_cpp/get_package_share_directory.hpp>[m[K
[0.776s]       |          [01;31m[K^~~~~~~~~~~~~~~~~~~~~~~~~~~~~~~~~~~~~~~~~~~~~~~~~[m[K
[0.776s] gmake[2]: *** [CMakeFiles/usb_cam_tool.dir/build.make:76: CMakeFiles/usb_cam_tool.dir/src/tool.cpp.o] Error 1
[0.776s] compilation terminated.
[0.777s] gmake[1]: *** [CMakeFiles/Makefile2:165: CMakeFiles/usb_cam_tool.dir/all] Error 2
[0.777s] gmake[1]: *** Waiting for unfinished jobs....
[0.777s] gmake[2]: *** [CMakeFiles/usb_cam.dir/build.make:104: CMakeFiles/usb_cam.dir/src/tool.cpp.o] Error 1
[0.777s] gmake[2]: *** Waiting for unfinished jobs....
[0.794s] In file included from [01m[K/home/iclab/Desktop/ros2/src/usb_cam/include/usb_cam/tdataunit.hpp:7[m[K,
[0.794s]                  from [01m[K/home/iclab/Desktop/ros2/src/usb_cam/src/tdataunit.cpp:1[m[K:
[0.794s] [01m[K/home/iclab/Desktop/ros2/src/usb_cam/include/usb_cam/tool.hpp:4:10:[m[K [01;31m[Kfatal error: [m[Kament_index_cpp/get_package_share_directory.hpp: No such file or directory
[0.794s]     4 | #include [01;31m[K<ament_index_cpp/get_package_share_directory.hpp>[m[K
[0.794s]       |          [01;31m[K^~~~~~~~~~~~~~~~~~~~~~~~~~~~~~~~~~~~~~~~~~~~~~~~~[m[K
[0.794s] compilation terminated.
[0.795s] gmake[2]: *** [CMakeFiles/usb_cam.dir/build.make:90: CMakeFiles/usb_cam.dir/src/tdataunit.cpp.o] Error 1
[0.795s] gmake[1]: *** [CMakeFiles/Makefile2:191: CMakeFiles/usb_cam.dir/all] Error 2
[0.795s] gmake: *** [Makefile:146: all] Error 2
[0.797s] Invoked command in '/home/iclab/Desktop/ros2/build/usb_cam' returned '2': CMAKE_PREFIX_PATH=/home/iclab/Desktop/ros2/install/tku_msgs:/home/iclab/Desktop/ros2/install/web_video_server:/home/iclab/Desktop/ros2/install/usb_cam:/home/iclab/Desktop/ros2/install/serial:/home/iclab/Desktop/ros2/install/tku_libs:/home/iclab/Desktop/ros2/install/motionpackage:/opt/ros/humble LD_LIBRARY_PATH=/home/iclab/Desktop/ros2/install/tku_msgs/lib:/home/iclab/Desktop/ros2/install/usb_cam/lib:/opt/ros/humble/opt/rviz_ogre_vendor/lib:/opt/ros/humble/lib/x86_64-linux-gnu:/opt/ros/humble/lib /usr/bin/cmake --build /home/iclab/Desktop/ros2/build/usb_cam -- -j8 -l8
