[0.287s] Invoking command in '/home/iclab/Desktop/ros2/build/usb_cam': CMAKE_PREFIX_PATH=/home/iclab/Desktop/ros2/install/tku_msgs:/home/iclab/ros2_humble/install/ament_index_cpp/:/home/iclab/Desktop/ros2/install/web_video_server:/home/iclab/Desktop/ros2/install/usb_cam:/home/iclab/Desktop/ros2/install/tku_libs:/home/iclab/Desktop/ros2/install/serial:/home/iclab/Desktop/ros2/install/motionpackage:/opt/ros/humble LD_LIBRARY_PATH=/home/iclab/Desktop/ros2/install/tku_msgs/lib:/home/iclab/Desktop/ros2/install/usb_cam/lib:/opt/ros/humble/opt/rviz_ogre_vendor/lib:/opt/ros/humble/lib/x86_64-linux-gnu:/opt/ros/humble/lib /usr/bin/cmake --build /home/iclab/Desktop/ros2/build/usb_cam -- -j8 -l8
[0.322s] [35m[1mConsolidate compiler generated dependencies of target usb_cam[0m
[0.335s] [ 18%] Built target gtest
[0.335s] [ 25%] Built target gtest_main
[0.338s] [ 31%] [32mBuilding CXX object CMakeFiles/usb_cam.dir/src/tool.cpp.o[0m
[0.339s] [ 43%] Built target usb_cam_node_exe
[0.354s] [ 50%] [32m[1mLinking CXX shared library libusb_cam.so[0m
[0.485s] [ 62%] Built target usb_cam
[0.494s] [35m[1mConsolidate compiler generated dependencies of target test_usb_cam_utils[0m
[0.495s] [35m[1mConsolidate compiler generated dependencies of target test_pixel_formats[0m
[0.499s] [35m[1mConsolidate compiler generated dependencies of target usb_cam_node[0m
[0.504s] [ 68%] [32m[1mLinking CXX executable test_usb_cam_utils[0m
[0.504s] [ 75%] [32m[1mLinking CXX executable test_pixel_formats[0m
[0.529s] [ 81%] [32mBuilding CXX object CMakeFiles/usb_cam_node.dir/src/usb_cam_node.cpp.o[0m
[0.659s] [ 87%] Built target test_pixel_formats
[0.705s] [ 93%] Built target test_usb_cam_utils
[2.513s] [01m[K/home/iclab/Desktop/ros2/src/usb_cam/src/usb_cam_node.cpp:60:1:[m[K [01;31m[Kerror: [m[Kâ€˜[01m[Kstring[m[Kâ€™ does not name a type; did you mean â€˜[01m[Kstdin[m[Kâ€™?
[2.513s]    60 | [01;31m[Kstring[m[K Tool::getPackagePath(string package_name)
[2.513s]       | [01;31m[K^~~~~~[m[K
[2.513s]       | [32m[Kstdin[m[K
[2.513s] [01m[K/home/iclab/Desktop/ros2/src/usb_cam/src/usb_cam_node.cpp:72:7:[m[K [01;31m[Kerror: [m[Kâ€˜[01m[Kfloat Tool::readvalue[m[Kâ€™ is not a static data member of â€˜[01m[Kclass Tool[m[Kâ€™
[2.513s]    72 | float [01;31m[KTool[m[K::readvalue(fstream &fin, string title, int mode)
[2.513s]       |       [01;31m[K^~~~[m[K
[2.514s] [01m[K/home/iclab/Desktop/ros2/src/usb_cam/src/usb_cam_node.cpp:72:23:[m[K [01;31m[Kerror: [m[Kâ€˜[01m[Kfstream[m[Kâ€™ was not declared in this scope; did you mean â€˜[01m[Kstd::fstream[m[Kâ€™?
[2.514s]    72 | float Tool::readvalue([01;31m[Kfstream[m[K &fin, string title, int mode)
[2.514s]       |                       [01;31m[K^~~~~~~[m[K
[2.514s]       |                       [32m[Kstd::fstream[m[K
[2.514s] In file included from [01m[K/usr/include/c++/11/iterator:64[m[K,
[2.514s]                  from [01m[K/usr/include/fmt/core.h:14[m[K,
[2.514s]                  from [01m[K/home/iclab/Desktop/ros2/src/usb_cam/src/usb_cam_node.cpp:28[m[K:
[2.514s] [01m[K/usr/include/c++/11/iosfwd:168:41:[m[K [01;36m[Knote: [m[Kâ€˜[01m[Kstd::fstream[m[Kâ€™ declared here
[2.514s]   168 |   typedef basic_fstream<char>           [01;36m[Kfstream[m[K;
[2.514s]       |                                         [01;36m[K^~~~~~~[m[K
[2.519s] [01m[K/home/iclab/Desktop/ros2/src/usb_cam/src/usb_cam_node.cpp:72:32:[m[K [01;31m[Kerror: [m[Kâ€˜[01m[Kfin[m[Kâ€™ was not declared in this scope; did you mean â€˜[01m[Ksin[m[Kâ€™?
[2.519s]    72 | float Tool::readvalue(fstream &[01;31m[Kfin[m[K, string title, int mode)
[2.519s]       |                                [01;31m[K^~~[m[K
[2.519s]       |                                [32m[Ksin[m[K
[2.520s] [01m[K/home/iclab/Desktop/ros2/src/usb_cam/src/usb_cam_node.cpp:72:37:[m[K [01;31m[Kerror: [m[Kâ€˜[01m[Kstring[m[Kâ€™ was not declared in this scope
[2.520s]    72 | float Tool::readvalue(fstream &fin, [01;31m[Kstring[m[K title, int mode)
[2.520s]       |                                     [01;31m[K^~~~~~[m[K
[2.525s] [01m[K/home/iclab/Desktop/ros2/src/usb_cam/src/usb_cam_node.cpp:72:37:[m[K [01;36m[Knote: [m[Ksuggested alternatives:
[2.525s] In file included from [01m[K/usr/include/c++/11/iosfwd:39[m[K,
[2.525s]                  from [01m[K/usr/include/c++/11/iterator:64[m[K,
[2.525s]                  from [01m[K/usr/include/fmt/core.h:14[m[K,
[2.525s]                  from [01m[K/home/iclab/Desktop/ros2/src/usb_cam/src/usb_cam_node.cpp:28[m[K:
[2.525s] [01m[K/usr/include/c++/11/bits/stringfwd.h:79:33:[m[K [01;36m[Knote: [m[K  â€˜[01m[Kstd::string[m[Kâ€™
[2.525s]    79 |   typedef basic_string<char>    [01;36m[Kstring[m[K;
[2.525s]       |                                 [01;36m[K^~~~~~[m[K
[2.526s] In file included from [01m[K/usr/include/c++/11/bits/locale_classes.h:40[m[K,
[2.526s]                  from [01m[K/usr/include/c++/11/bits/ios_base.h:41[m[K,
[2.526s]                  from [01m[K/usr/include/c++/11/streambuf:41[m[K,
[2.526s]                  from [01m[K/usr/include/c++/11/bits/streambuf_iterator.h:35[m[K,
[2.526s]                  from [01m[K/usr/include/c++/11/iterator:66[m[K,
[2.526s]                  from [01m[K/usr/include/fmt/core.h:14[m[K,
[2.526s]                  from [01m[K/home/iclab/Desktop/ros2/src/usb_cam/src/usb_cam_node.cpp:28[m[K:
[2.526s] [01m[K/usr/include/c++/11/string:67:11:[m[K [01;36m[Knote: [m[K  â€˜[01m[Kstd::pmr::string[m[Kâ€™
[2.526s]    67 |     using [01;36m[Kstring[m[K    = basic_string<char>;
[2.526s]       |           [01;36m[K^~~~~~[m[K
[2.526s] [01m[K/home/iclab/Desktop/ros2/src/usb_cam/src/usb_cam_node.cpp:72:51:[m[K [01;31m[Kerror: [m[Kexpected primary-expression before â€˜[01m[Kint[m[Kâ€™
[2.526s]    72 | float Tool::readvalue(fstream &fin, string title, [01;31m[Kint[m[K mode)
[2.526s]       |                                                   [01;31m[K^~~[m[K
[2.526s] [01m[K/home/iclab/Desktop/ros2/src/usb_cam/src/usb_cam_node.cpp:72:59:[m[K [01;31m[Kerror: [m[Kexpression list treated as compound expression in initializer [[01;31m[K]8;;https://gcc.gnu.org/onlinedocs/gcc/Warning-Options.html#index-fpermissive-fpermissive]8;;[m[K]
[2.526s]    72 | float Tool::readvalue(fstream &fin, string title, int mode[01;31m[K)[m[K
[2.526s]       |                                                           [01;31m[K^[m[K
[2.526s] [01m[K/home/iclab/Desktop/ros2/src/usb_cam/src/usb_cam_node.cpp:125:1:[m[K [01;31m[Kerror: [m[Kredefinition of â€˜[01m[KTdataUnit::TdataUnit()[m[Kâ€™
[2.526s]   125 | [01;31m[KTdataUnit[m[K::TdataUnit()
[2.526s]       | [01;31m[K^~~~~~~~~[m[K
[2.526s] In file included from [01m[K/home/iclab/Desktop/ros2/src/usb_cam/src/usb_cam_node.cpp:33[m[K:
[2.526s] [01m[K/home/iclab/Desktop/ros2/src/usb_cam/include/usb_cam/usb_cam_node.hpp:113:5:[m[K [01;36m[Knote: [m[Kâ€˜[01m[KTdataUnit::TdataUnit()[m[Kâ€™ previously defined here
[2.526s]   113 |     [01;36m[KTdataUnit[m[K() { CameraParameterValue = new CameraParameter(); }
[2.526s]       |     [01;36m[K^~~~~~~~~[m[K
[2.526s] [01m[K/home/iclab/Desktop/ros2/src/usb_cam/src/usb_cam_node.cpp:139:1:[m[K [01;31m[Kerror: [m[Kredefinition of â€˜[01m[KTdataUnit::~TdataUnit()[m[Kâ€™
[2.526s]   139 | [01;31m[KTdataUnit[m[K::~TdataUnit()
[2.526s]       | [01;31m[K^~~~~~~~~[m[K
[2.526s] In file included from [01m[K/home/iclab/Desktop/ros2/src/usb_cam/src/usb_cam_node.cpp:33[m[K:
[2.527s] [01m[K/home/iclab/Desktop/ros2/src/usb_cam/include/usb_cam/usb_cam_node.hpp:114:5:[m[K [01;36m[Knote: [m[Kâ€˜[01m[KTdataUnit::~TdataUnit()[m[Kâ€™ previously defined here
[2.527s]   114 |     [01;36m[K~[m[KTdataUnit() { delete CameraParameterValue; }
[2.527s]       |     [01;36m[K^[m[K
[2.531s] [01m[K/home/iclab/Desktop/ros2/src/usb_cam/src/usb_cam_node.cpp:[m[K In member function â€˜[01m[Kvoid TdataUnit::SaveCameraSetFile(std::string)[m[Kâ€™:
[2.531s] [01m[K/home/iclab/Desktop/ros2/src/usb_cam/src/usb_cam_node.cpp:146:24:[m[K [01;31m[Kerror: [m[Kâ€˜[01m[Ktool[m[Kâ€™ was not declared in this scope; did you mean â€˜[01m[KTool[m[Kâ€™?
[2.531s]   146 |     std::string path = [01;31m[Ktool[m[K->getPackagePath(location);
[2.531s]       |                        [01;31m[K^~~~[m[K
[2.532s]       |                        [32m[KTool[m[K
[2.532s] [01m[K/home/iclab/Desktop/ros2/src/usb_cam/src/usb_cam_node.cpp:151:42:[m[K [01;31m[Kerror: [m[Kâ€˜[01m[Kstruct CameraParameter[m[Kâ€™ has no member named â€˜[01m[KParameterName[m[Kâ€™
[2.532s]   151 |         OutFile << CameraParameterValue->[01;31m[KParameterName[m[K << "\n";
[2.532s]       |                                          [01;31m[K^~~~~~~~~~~~~[m[K
[2.539s] [01m[K/home/iclab/Desktop/ros2/src/usb_cam/src/usb_cam_node.cpp:[m[K In member function â€˜[01m[Kvoid TdataUnit::LoadCameraSetFile(std::string)[m[Kâ€™:
[2.539s] [01m[K/home/iclab/Desktop/ros2/src/usb_cam/src/usb_cam_node.cpp:170:24:[m[K [01;31m[Kerror: [m[Kâ€˜[01m[Ktool[m[Kâ€™ was not declared in this scope; did you mean â€˜[01m[KTool[m[Kâ€™?
[2.539s]   170 |     std::string path = [01;31m[Ktool[m[K->getPackagePath(location);
[2.539s]       |                        [01;31m[K^~~~[m[K
[2.539s]       |                        [32m[KTool[m[K
[4.719s] gmake[2]: *** [CMakeFiles/usb_cam_node.dir/build.make:76: CMakeFiles/usb_cam_node.dir/src/usb_cam_node.cpp.o] Error 1
[4.719s] gmake[1]: *** [CMakeFiles/Makefile2:189: CMakeFiles/usb_cam_node.dir/all] Error 2
[4.719s] gmake: *** [Makefile:146: all] Error 2
[4.721s] Invoked command in '/home/iclab/Desktop/ros2/build/usb_cam' returned '2': CMAKE_PREFIX_PATH=/home/iclab/Desktop/ros2/install/tku_msgs:/home/iclab/ros2_humble/install/ament_index_cpp/:/home/iclab/Desktop/ros2/install/web_video_server:/home/iclab/Desktop/ros2/install/usb_cam:/home/iclab/Desktop/ros2/install/tku_libs:/home/iclab/Desktop/ros2/install/serial:/home/iclab/Desktop/ros2/install/motionpackage:/opt/ros/humble LD_LIBRARY_PATH=/home/iclab/Desktop/ros2/install/tku_msgs/lib:/home/iclab/Desktop/ros2/install/usb_cam/lib:/opt/ros/humble/opt/rviz_ogre_vendor/lib:/opt/ros/humble/lib/x86_64-linux-gnu:/opt/ros/humble/lib /usr/bin/cmake --build /home/iclab/Desktop/ros2/build/usb_cam -- -j8 -l8
