[0.290s] Invoking command in '/home/iclab/Desktop/ros2/build/usb_cam': CMAKE_PREFIX_PATH=/home/iclab/Desktop/ros2/install/tku_msgs:/home/iclab/ros2_humble/install/ament_index_cpp/:/home/iclab/Desktop/ros2/install/web_video_server:/home/iclab/Desktop/ros2/install/usb_cam:/home/iclab/Desktop/ros2/install/tku_libs:/home/iclab/Desktop/ros2/install/serial:/home/iclab/Desktop/ros2/install/motionpackage:/opt/ros/humble LD_LIBRARY_PATH=/home/iclab/Desktop/ros2/install/tku_msgs/lib:/home/iclab/Desktop/ros2/install/usb_cam/lib:/opt/ros/humble/opt/rviz_ogre_vendor/lib:/opt/ros/humble/lib/x86_64-linux-gnu:/opt/ros/humble/lib /usr/bin/cmake --build /home/iclab/Desktop/ros2/build/usb_cam -- -j8 -l8
[0.332s] [  5%] [32mBuilding CXX object CMakeFiles/tool.dir/src/tool.cpp.o[0m
[0.332s] [ 16%] Built target gtest
[0.334s] [ 27%] [32mBuilding CXX object CMakeFiles/usb_cam.dir/src/tool.cpp.o[0m
[0.334s] [ 33%] Built target gtest_main
[0.334s] [ 38%] [32mBuilding CXX object CMakeFiles/usb_cam.dir/src/tdataunit.cpp.o[0m
[0.339s] [ 50%] Built target usb_cam_node_exe
[0.339s] [01m[K/home/iclab/Desktop/ros2/src/usb_cam/src/tool.cpp:1:10:[m[K [01;31m[Kfatal error: [m[Kusb_cam/tool.hpp: No such file or directory
[0.339s]     1 | #include [01;31m[K"usb_cam/tool.hpp"[m[K
[0.339s]       |          [01;31m[K^~~~~~~~~~~~~~~~~~[m[K
[0.339s] compilation terminated.
[0.340s] gmake[2]: *** [CMakeFiles/tool.dir/build.make:76: CMakeFiles/tool.dir/src/tool.cpp.o] Error 1
[0.340s] gmake[1]: *** [CMakeFiles/Makefile2:165: CMakeFiles/tool.dir/all] Error 2
[0.340s] gmake[1]: *** Waiting for unfinished jobs....
[0.341s] In file included from [01m[K/home/iclab/Desktop/ros2/src/usb_cam/src/tool.cpp:1[m[K:
[0.341s] [01m[K/home/iclab/Desktop/ros2/src/usb_cam/include/usb_cam/tool.hpp:4:10:[m[K [01;31m[Kfatal error: [m[Kament_index_cpp/get_package_share_directory.hpp: No such file or directory
[0.341s]     4 | #include [01;31m[K<ament_index_cpp/get_package_share_directory.hpp>[m[K
[0.341s]       |          [01;31m[K^~~~~~~~~~~~~~~~~~~~~~~~~~~~~~~~~~~~~~~~~~~~~~~~~[m[K
[0.341s] compilation terminated.
[0.341s] gmake[2]: *** [CMakeFiles/usb_cam.dir/build.make:104: CMakeFiles/usb_cam.dir/src/tool.cpp.o] Error 1
[0.341s] gmake[2]: *** Waiting for unfinished jobs....
[0.360s] In file included from [01m[K/home/iclab/Desktop/ros2/src/usb_cam/include/usb_cam/tdataunit.hpp:7[m[K,
[0.360s]                  from [01m[K/home/iclab/Desktop/ros2/src/usb_cam/src/tdataunit.cpp:1[m[K:
[0.361s] [01m[K/home/iclab/Desktop/ros2/src/usb_cam/include/usb_cam/tool.hpp:4:10:[m[K [01;31m[Kfatal error: [m[Kament_index_cpp/get_package_share_directory.hpp: No such file or directory
[0.361s]     4 | #include [01;31m[K<ament_index_cpp/get_package_share_directory.hpp>[m[K
[0.361s]       |          [01;31m[K^~~~~~~~~~~~~~~~~~~~~~~~~~~~~~~~~~~~~~~~~~~~~~~~~[m[K
[0.361s] compilation terminated.
[0.361s] gmake[2]: *** [CMakeFiles/usb_cam.dir/build.make:90: CMakeFiles/usb_cam.dir/src/tdataunit.cpp.o] Error 1
[0.362s] gmake[1]: *** [CMakeFiles/Makefile2:191: CMakeFiles/usb_cam.dir/all] Error 2
[0.362s] gmake: *** [Makefile:146: all] Error 2
[0.364s] Invoked command in '/home/iclab/Desktop/ros2/build/usb_cam' returned '2': CMAKE_PREFIX_PATH=/home/iclab/Desktop/ros2/install/tku_msgs:/home/iclab/ros2_humble/install/ament_index_cpp/:/home/iclab/Desktop/ros2/install/web_video_server:/home/iclab/Desktop/ros2/install/usb_cam:/home/iclab/Desktop/ros2/install/tku_libs:/home/iclab/Desktop/ros2/install/serial:/home/iclab/Desktop/ros2/install/motionpackage:/opt/ros/humble LD_LIBRARY_PATH=/home/iclab/Desktop/ros2/install/tku_msgs/lib:/home/iclab/Desktop/ros2/install/usb_cam/lib:/opt/ros/humble/opt/rviz_ogre_vendor/lib:/opt/ros/humble/lib/x86_64-linux-gnu:/opt/ros/humble/lib /usr/bin/cmake --build /home/iclab/Desktop/ros2/build/usb_cam -- -j8 -l8
