[01m[K/home/iclab/Desktop/ros2/src/usb_cam/src/usb_cam_node.cpp:230:88:[m[K [01;31m[Kerror: [m[Kmacro "RCLCPP_INFO_STREAM" passed 3 arguments, but takes just 2
  230 | REAM(this->get_logger(), "Setting 'brightness' to %d", msg.brightness[01;31m[K)[m[K;
      |                                                                      [01;31m[K^[m[K

In file included from [01m[K/opt/ros/humble/include/rclcpp/rclcpp/client.hpp:40[m[K,
                 from [01m[K/opt/ros/humble/include/rclcpp/rclcpp/callback_group.hpp:24[m[K,
                 from [01m[K/opt/ros/humble/include/rclcpp/rclcpp/node.hpp:40[m[K,
                 from [01m[K/opt/ros/humble/include/camera_info_manager/camera_info_manager/camera_info_manager.hpp:45[m[K,
                 from [01m[K/home/iclab/Desktop/ros2/src/usb_cam/include/usb_cam/usb_cam_node.hpp:38[m[K,
                 from [01m[K/home/iclab/Desktop/ros2/src/usb_cam/src/usb_cam_node.cpp:34[m[K:
[01m[K/opt/ros/humble/include/rclcpp/rclcpp/logging.hpp:722:[m[K [01;36m[Knote: [m[Kmacro "RCLCPP_INFO_STREAM" defined here
  722 | #define RCLCPP_INFO_STREAM(logger, stream_arg) \
      | 
[01m[K/home/iclab/Desktop/ros2/src/usb_cam/src/usb_cam_node.cpp:232:84:[m[K [01;31m[Kerror: [m[Kmacro "RCLCPP_INFO_STREAM" passed 3 arguments, but takes just 2
  232 | O_STREAM(this->get_logger(), "Setting 'contrast' to %d", msg.contrast[01;31m[K)[m[K;
      |                                                                      [01;31m[K^[m[K

In file included from [01m[K/opt/ros/humble/include/rclcpp/rclcpp/client.hpp:40[m[K,
                 from [01m[K/opt/ros/humble/include/rclcpp/rclcpp/callback_group.hpp:24[m[K,
                 from [01m[K/opt/ros/humble/include/rclcpp/rclcpp/node.hpp:40[m[K,
                 from [01m[K/opt/ros/humble/include/camera_info_manager/camera_info_manager/camera_info_manager.hpp:45[m[K,
                 from [01m[K/home/iclab/Desktop/ros2/src/usb_cam/include/usb_cam/usb_cam_node.hpp:38[m[K,
                 from [01m[K/home/iclab/Desktop/ros2/src/usb_cam/src/usb_cam_node.cpp:34[m[K:
[01m[K/opt/ros/humble/include/rclcpp/rclcpp/logging.hpp:722:[m[K [01;36m[Knote: [m[Kmacro "RCLCPP_INFO_STREAM" defined here
  722 | #define RCLCPP_INFO_STREAM(logger, stream_arg) \
      | 
[01m[K/home/iclab/Desktop/ros2/src/usb_cam/src/usb_cam_node.cpp:234:88:[m[K [01;31m[Kerror: [m[Kmacro "RCLCPP_INFO_STREAM" passed 3 arguments, but takes just 2
  234 | REAM(this->get_logger(), "Setting 'saturation' to %d", msg.saturation[01;31m[K)[m[K;
      |                                                                      [01;31m[K^[m[K

In file included from [01m[K/opt/ros/humble/include/rclcpp/rclcpp/client.hpp:40[m[K,
                 from [01m[K/opt/ros/humble/include/rclcpp/rclcpp/callback_group.hpp:24[m[K,
                 from [01m[K/opt/ros/humble/include/rclcpp/rclcpp/node.hpp:40[m[K,
                 from [01m[K/opt/ros/humble/include/camera_info_manager/camera_info_manager/camera_info_manager.hpp:45[m[K,
                 from [01m[K/home/iclab/Desktop/ros2/src/usb_cam/include/usb_cam/usb_cam_node.hpp:38[m[K,
                 from [01m[K/home/iclab/Desktop/ros2/src/usb_cam/src/usb_cam_node.cpp:34[m[K:
[01m[K/opt/ros/humble/include/rclcpp/rclcpp/logging.hpp:722:[m[K [01;36m[Knote: [m[Kmacro "RCLCPP_INFO_STREAM" defined here
  722 | #define RCLCPP_INFO_STREAM(logger, stream_arg) \
      | 
[01m[K/home/iclab/Desktop/ros2/src/usb_cam/src/usb_cam_node.cpp:[m[K In member function â€˜[01m[Kvoid usb_cam::UsbCamNode::camera_param_callback(const Camera&)[m[Kâ€™:
[01m[K/home/iclab/Desktop/ros2/src/usb_cam/src/usb_cam_node.cpp:230:5:[m[K [01;31m[Kerror: [m[Kâ€˜[01m[KRCLCPP_INFO_STREAM[m[Kâ€™ was not declared in this scope
  230 |     [01;31m[KRCLCPP_INFO_STREAM[m[K(this->get_logger(), "Setting 'brightness' to %d", msg.brightness);
      |     [01;31m[K^~~~~~~~~~~~~~~~~~[m[K
gmake[2]: *** [CMakeFiles/usb_cam_node.dir/build.make:76: CMakeFiles/usb_cam_node.dir/src/usb_cam_node.cpp.o] Error 1
gmake[1]: *** [CMakeFiles/Makefile2:189: CMakeFiles/usb_cam_node.dir/all] Error 2
gmake: *** [Makefile:146: all] Error 2
