[ 25%] Built target usb_cam
[ 37%] Built target gtest_main
[ 50%] Built target usb_cam_node_exe
[ 62%] Built target gtest
[35m[1mConsolidate compiler generated dependencies of target usb_cam_node[0m
[ 75%] Built target test_pixel_formats
[ 87%] Built target test_usb_cam_utils
[ 93%] [32mBuilding CXX object CMakeFiles/usb_cam_node.dir/src/usb_cam_node.cpp.o[0m
[01m[K/home/iclab/Desktop/ros2/src/usb_cam/src/usb_cam_node.cpp:[m[K In destructor â€˜[01m[Kvirtual usb_cam::UsbCamNode::~UsbCamNode()[m[Kâ€™:
[01m[K/home/iclab/Desktop/ros2/src/usb_cam/src/usb_cam_node.cpp:294:23:[m[K [01;31m[Kerror: [m[Kexpected â€˜[01m[K;[m[Kâ€™ before â€˜[01m[Kdelete[m[Kâ€™
  294 |   white_balance_ = 0.0
      |                       [01;31m[K^[m[K
      |                       [32m[K;[m[K
  295 |   [32m[Kdelete[m[K (m_camera);
      |   [32m[K~~~~~~[m[K               
gmake[2]: *** [CMakeFiles/usb_cam_node.dir/build.make:76: CMakeFiles/usb_cam_node.dir/src/usb_cam_node.cpp.o] Error 1
gmake[1]: *** [CMakeFiles/Makefile2:189: CMakeFiles/usb_cam_node.dir/all] Error 2
gmake: *** [Makefile:146: all] Error 2
