[35m[1mConsolidate compiler generated dependencies of target usb_cam[0m
[ 12%] Built target usb_cam_node_exe
[ 50%] Built target gtest_main
[ 56%] Built target usb_cam
[ 62%] Built target gtest
[35m[1mConsolidate compiler generated dependencies of target test_usb_cam_utils[0m
[35m[1mConsolidate compiler generated dependencies of target usb_cam_node[0m
[ 75%] Built target test_usb_cam_utils
[ 87%] Built target test_pixel_formats
[ 93%] [32mBuilding CXX object CMakeFiles/usb_cam_node.dir/src/usb_cam_node.cpp.o[0m
[01m[K/home/iclab/Desktop/ros2/src/usb_cam/src/usb_cam_node.cpp:[m[K In member function â€˜[01m[Kvoid usb_cam::UsbCamNode::init()[m[Kâ€™:
[01m[K/home/iclab/Desktop/ros2/src/usb_cam/src/usb_cam_node.cpp:359:3:[m[K [01;31m[Kerror: [m[Kâ€˜[01m[Kload[m[Kâ€™ was not declared in this scope
  359 |   [01;31m[Kload[m[K the camera info
      |   [01;31m[K^~~~[m[K
[01m[K/home/iclab/Desktop/ros2/src/usb_cam/src/usb_cam_node.cpp:363:3:[m[K [01;31m[Kerror: [m[Kâ€˜[01m[Kcheck[m[Kâ€™ was not declared in this scope
  363 |   [01;31m[Kcheck[m[K for default camera info
      |   [01;31m[K^~~~~[m[K
gmake[2]: *** [CMakeFiles/usb_cam_node.dir/build.make:76: CMakeFiles/usb_cam_node.dir/src/usb_cam_node.cpp.o] Error 1
gmake[1]: *** [CMakeFiles/Makefile2:189: CMakeFiles/usb_cam_node.dir/all] Error 2
gmake: *** [Makefile:146: all] Error 2
