[01m[K/home/iclab/Desktop/ros2/src/usb_cam/src/usb_cam_node.cpp:[m[K In constructor â€˜[01m[Kusb_cam::UsbCamNode::UsbCamNode(const rclcpp::NodeOptions&)[m[Kâ€™:
[01m[K/home/iclab/Desktop/ros2/src/usb_cam/src/usb_cam_node.cpp:65:42:[m[K [01;31m[Kerror: [m[Kâ€˜[01m[Kcallcamerainfofunction[m[Kâ€™ is not a member of â€˜[01m[Kusb_cam::UsbCamNode[m[Kâ€™
   65 |   "//CameraInfo", std::bind(&UsbCamNode::[01;31m[Kcallcamerainfofunction[m[K, this, std::placeholders::_1, std::placeholders::_2));
      |                                          [01;31m[K^~~~~~~~~~~~~~~~~~~~~~[m[K
[01m[K/home/iclab/Desktop/ros2/src/usb_cam/src/usb_cam_node.cpp:[m[K At global scope:
[01m[K/home/iclab/Desktop/ros2/src/usb_cam/src/usb_cam_node.cpp:225:47:[m[K [01;31m[Kerror: [m[Kâ€˜[01m[Ketku_msgs[m[Kâ€™ does not name a type
  225 | bool UsbCamNode::callcamerainfofunction(const [01;31m[Ketku_msgs[m[K::srv::CameraInfo::Request request,
      |                                               [01;31m[K^~~~~~~~~[m[K
[01m[K/home/iclab/Desktop/ros2/src/usb_cam/src/usb_cam_node.cpp:225:61:[m[K [01;31m[Kerror: [m[Kexpected unqualified-id before â€˜[01m[K::[m[Kâ€™ token
  225 |  UsbCamNode::callcamerainfofunction(const etku_msgs::srv[01;31m[K::[m[KCameraInfo::Request request,
      |                                                         [01;31m[K^~[m[K

[01m[K/home/iclab/Desktop/ros2/src/usb_cam/src/usb_cam_node.cpp:225:61:[m[K [01;31m[Kerror: [m[Kexpected â€˜[01m[K)[m[Kâ€™ before â€˜[01m[K::[m[Kâ€™ token
  225 |  UsbCamNode::callcamerainfofunction[34m[K([m[Kconst etku_msgs::srv[01;31m[K:[m[K[32m[K:[m[KCameraInfo::Request request,
      |                                    [34m[K~[m[K                    [01;31m[K^[m[K[32m[K~[m[K
      |                                                         [32m[K)[m[K
[01m[K/home/iclab/Desktop/ros2/src/usb_cam/src/usb_cam_node.cpp:225:61:[m[K [01;31m[Kerror: [m[Kexpected initializer before â€˜[01m[K::[m[Kâ€™ token
  225 |  UsbCamNode::callcamerainfofunction(const etku_msgs::srv[01;31m[K::[m[KCameraInfo::Request request,
      |                                                         [01;31m[K^~[m[K

gmake[2]: *** [CMakeFiles/usb_cam_node.dir/build.make:76: CMakeFiles/usb_cam_node.dir/src/usb_cam_node.cpp.o] Error 1
gmake[1]: *** [CMakeFiles/Makefile2:189: CMakeFiles/usb_cam_node.dir/all] Error 2
gmake: *** [Makefile:146: all] Error 2
