[0.296s] Invoking command in '/home/iclab/Desktop/ros2/build/usb_cam': CMAKE_PREFIX_PATH=/home/iclab/Desktop/ros2/install/tku_msgs:/home/iclab/Desktop/ros2/install/web_video_server:/home/iclab/Desktop/ros2/install/usb_cam:/home/iclab/Desktop/ros2/install/serial:/home/iclab/Desktop/ros2/install/tku_libs:/home/iclab/Desktop/ros2/install/motionpackage:/opt/ros/humble LD_LIBRARY_PATH=/home/iclab/Desktop/ros2/install/tku_msgs/lib:/home/iclab/Desktop/ros2/install/usb_cam/lib:/opt/ros/humble/opt/rviz_ogre_vendor/lib:/opt/ros/humble/lib/x86_64-linux-gnu:/opt/ros/humble/lib /usr/bin/cmake --build /home/iclab/Desktop/ros2/build/usb_cam -- -j8 -l8
[0.342s] [ 14%] Built target gtest_main
[0.342s] [ 28%] Built target usb_cam
[0.343s] [ 42%] Built target gtest
[0.346s] [ 57%] Built target usb_cam_node_exe
[0.354s] [35m[1mConsolidate compiler generated dependencies of target usb_cam_node[0m
[0.362s] [ 71%] Built target test_pixel_formats
[0.364s] [ 85%] Built target test_usb_cam_utils
[0.369s] [ 92%] [32mBuilding CXX object CMakeFiles/usb_cam_node.dir/src/usb_cam_node.cpp.o[0m
[2.296s] [01m[K/home/iclab/Desktop/ros2/src/usb_cam/src/usb_cam_node.cpp:[m[K In constructor â€˜[01m[Kusb_cam::UsbCamNode::UsbCamNode(const rclcpp::NodeOptions&)[m[Kâ€™:
[2.296s] [01m[K/home/iclab/Desktop/ros2/src/usb_cam/src/usb_cam_node.cpp:65:42:[m[K [01;31m[Kerror: [m[Kâ€˜[01m[Kcallcamerainfofunction[m[Kâ€™ is not a member of â€˜[01m[Kusb_cam::UsbCamNode[m[Kâ€™
[2.296s]    65 |   "//CameraInfo", std::bind(&UsbCamNode::[01;31m[Kcallcamerainfofunction[m[K, this, std::placeholders::_1, std::placeholders::_2));
[2.296s]       |                                          [01;31m[K^~~~~~~~~~~~~~~~~~~~~~[m[K
[2.328s] [01m[K/home/iclab/Desktop/ros2/src/usb_cam/src/usb_cam_node.cpp:[m[K At global scope:
[2.328s] [01m[K/home/iclab/Desktop/ros2/src/usb_cam/src/usb_cam_node.cpp:225:47:[m[K [01;31m[Kerror: [m[Kâ€˜[01m[Ketku_msgs[m[Kâ€™ does not name a type
[2.328s]   225 | bool UsbCamNode::callcamerainfofunction(const [01;31m[Ketku_msgs[m[K::srv::CameraInfo::Request request,
[2.328s]       |                                               [01;31m[K^~~~~~~~~[m[K
[2.328s] [01m[K/home/iclab/Desktop/ros2/src/usb_cam/src/usb_cam_node.cpp:225:61:[m[K [01;31m[Kerror: [m[Kexpected unqualified-id before â€˜[01m[K::[m[Kâ€™ token
[2.329s]   225 |  UsbCamNode::callcamerainfofunction(const etku_msgs::srv[01;31m[K::[m[KCameraInfo::Request request,
[2.329s]       |                                                         [01;31m[K^~[m[K
[2.329s] 
[2.329s] [01m[K/home/iclab/Desktop/ros2/src/usb_cam/src/usb_cam_node.cpp:225:61:[m[K [01;31m[Kerror: [m[Kexpected â€˜[01m[K)[m[Kâ€™ before â€˜[01m[K::[m[Kâ€™ token
[2.329s]   225 |  UsbCamNode::callcamerainfofunction[34m[K([m[Kconst etku_msgs::srv[01;31m[K:[m[K[32m[K:[m[KCameraInfo::Request request,
[2.329s]       |                                    [34m[K~[m[K                    [01;31m[K^[m[K[32m[K~[m[K
[2.329s]       |                                                         [32m[K)[m[K
[2.329s] [01m[K/home/iclab/Desktop/ros2/src/usb_cam/src/usb_cam_node.cpp:225:61:[m[K [01;31m[Kerror: [m[Kexpected initializer before â€˜[01m[K::[m[Kâ€™ token
[2.329s]   225 |  UsbCamNode::callcamerainfofunction(const etku_msgs::srv[01;31m[K::[m[KCameraInfo::Request request,
[2.329s]       |                                                         [01;31m[K^~[m[K
[2.329s] 
[4.398s] gmake[2]: *** [CMakeFiles/usb_cam_node.dir/build.make:76: CMakeFiles/usb_cam_node.dir/src/usb_cam_node.cpp.o] Error 1
[4.398s] gmake[1]: *** [CMakeFiles/Makefile2:189: CMakeFiles/usb_cam_node.dir/all] Error 2
[4.398s] gmake: *** [Makefile:146: all] Error 2
[4.404s] Invoked command in '/home/iclab/Desktop/ros2/build/usb_cam' returned '2': CMAKE_PREFIX_PATH=/home/iclab/Desktop/ros2/install/tku_msgs:/home/iclab/Desktop/ros2/install/web_video_server:/home/iclab/Desktop/ros2/install/usb_cam:/home/iclab/Desktop/ros2/install/serial:/home/iclab/Desktop/ros2/install/tku_libs:/home/iclab/Desktop/ros2/install/motionpackage:/opt/ros/humble LD_LIBRARY_PATH=/home/iclab/Desktop/ros2/install/tku_msgs/lib:/home/iclab/Desktop/ros2/install/usb_cam/lib:/opt/ros/humble/opt/rviz_ogre_vendor/lib:/opt/ros/humble/lib/x86_64-linux-gnu:/opt/ros/humble/lib /usr/bin/cmake --build /home/iclab/Desktop/ros2/build/usb_cam -- -j8 -l8
