[ 14%] Built target usb_cam_node_exe
[ 28%] Built target usb_cam
[ 42%] Built target gtest_main
[ 57%] Built target gtest
[35m[1mConsolidate compiler generated dependencies of target usb_cam_node[0m
[ 85%] Built target test_usb_cam_utils
[ 85%] Built target test_pixel_formats
[ 92%] [32mBuilding CXX object CMakeFiles/usb_cam_node.dir/src/usb_cam_node.cpp.o[0m
[01m[K/home/iclab/Desktop/ros2/src/usb_cam/src/usb_cam_node.cpp:[m[K In member function â€˜[01m[Kvoid usb_cam::UsbCamNode::camera_param_callback(const Camera&)[m[Kâ€™:
[01m[K/home/iclab/Desktop/ros2/src/usb_cam/src/usb_cam_node.cpp:223:5:[m[K [01;31m[Kerror: [m[Kâ€˜[01m[Kbrightness_[m[Kâ€™ was not declared in this scope
  223 |     [01;31m[Kbrightness_[m[K = msg.brightness;
      |     [01;31m[K^~~~~~~~~~~[m[K
[01m[K/home/iclab/Desktop/ros2/src/usb_cam/src/usb_cam_node.cpp:224:5:[m[K [01;31m[Kerror: [m[Kâ€˜[01m[Kcontrast_[m[Kâ€™ was not declared in this scope
  224 |     [01;31m[Kcontrast_[m[K = msg.contrast;
      |     [01;31m[K^~~~~~~~~[m[K
[01m[K/home/iclab/Desktop/ros2/src/usb_cam/src/usb_cam_node.cpp:225:5:[m[K [01;31m[Kerror: [m[Kâ€˜[01m[Ksaturation_[m[Kâ€™ was not declared in this scope
  225 |     [01;31m[Ksaturation_[m[K = msg.saturation;
      |     [01;31m[K^~~~~~~~~~~[m[K
[01m[K/home/iclab/Desktop/ros2/src/usb_cam/src/usb_cam_node.cpp:226:5:[m[K [01;31m[Kerror: [m[Kâ€˜[01m[Ksharpness_[m[Kâ€™ was not declared in this scope
  226 |     [01;31m[Ksharpness_[m[K = msg.sharpness;
      |     [01;31m[K^~~~~~~~~~[m[K
[01m[K/home/iclab/Desktop/ros2/src/usb_cam/src/usb_cam_node.cpp:226:22:[m[K [01;31m[Kerror: [m[Kâ€˜[01m[Kconst Camera[m[Kâ€™ {aka â€˜[01m[Kconst struct tku_msgs::msg::Camera_<std::allocator<void> >[m[Kâ€™} has no member named â€˜[01m[Ksharpness[m[Kâ€™
  226 |     sharpness_ = msg.[01;31m[Ksharpness[m[K;
      |                      [01;31m[K^~~~~~~~~[m[K
[01m[K/home/iclab/Desktop/ros2/src/usb_cam/src/usb_cam_node.cpp:227:5:[m[K [01;31m[Kerror: [m[Kâ€˜[01m[Kgain_[m[Kâ€™ was not declared in this scope
  227 |     [01;31m[Kgain_[m[K = msg.gain;
      |     [01;31m[K^~~~~[m[K
[01m[K/home/iclab/Desktop/ros2/src/usb_cam/src/usb_cam_node.cpp:227:17:[m[K [01;31m[Kerror: [m[Kâ€˜[01m[Kconst Camera[m[Kâ€™ {aka â€˜[01m[Kconst struct tku_msgs::msg::Camera_<std::allocator<void> >[m[Kâ€™} has no member named â€˜[01m[Kgain[m[Kâ€™
  227 |     gain_ = msg.[01;31m[Kgain[m[K;
      |                 [01;31m[K^~~~[m[K
[01m[K/home/iclab/Desktop/ros2/src/usb_cam/src/usb_cam_node.cpp:228:5:[m[K [01;31m[Kerror: [m[Kâ€˜[01m[Kauto_white_balance_[m[Kâ€™ was not declared in this scope
  228 |     [01;31m[Kauto_white_balance_[m[K = msg.auto_white_balance;
      |     [01;31m[K^~~~~~~~~~~~~~~~~~~[m[K
[01m[K/home/iclab/Desktop/ros2/src/usb_cam/src/usb_cam_node.cpp:228:31:[m[K [01;31m[Kerror: [m[Kâ€˜[01m[Kconst Camera[m[Kâ€™ {aka â€˜[01m[Kconst struct tku_msgs::msg::Camera_<std::allocator<void> >[m[Kâ€™} has no member named â€˜[01m[Kauto_white_balance[m[Kâ€™; did you mean â€˜[01m[Kautowhitebalance[m[Kâ€™?
  228 |     auto_white_balance_ = msg.[01;31m[Kauto_white_balance[m[K;
      |                               [01;31m[K^~~~~~~~~~~~~~~~~~[m[K
      |                               [32m[Kautowhitebalance[m[K
[01m[K/home/iclab/Desktop/ros2/src/usb_cam/src/usb_cam_node.cpp:229:5:[m[K [01;31m[Kerror: [m[Kâ€˜[01m[Kwhite_balance_[m[Kâ€™ was not declared in this scope
  229 |     [01;31m[Kwhite_balance_[m[K = msg.white_balance;
      |     [01;31m[K^~~~~~~~~~~~~~[m[K
[01m[K/home/iclab/Desktop/ros2/src/usb_cam/src/usb_cam_node.cpp:229:26:[m[K [01;31m[Kerror: [m[Kâ€˜[01m[Kconst Camera[m[Kâ€™ {aka â€˜[01m[Kconst struct tku_msgs::msg::Camera_<std::allocator<void> >[m[Kâ€™} has no member named â€˜[01m[Kwhite_balance[m[Kâ€™; did you mean â€˜[01m[Kwhitebalance[m[Kâ€™?
  229 |     white_balance_ = msg.[01;31m[Kwhite_balance[m[K;
      |                          [01;31m[K^~~~~~~~~~~~~[m[K
      |                          [32m[Kwhitebalance[m[K
[01m[K/home/iclab/Desktop/ros2/src/usb_cam/src/usb_cam_node.cpp:230:5:[m[K [01;31m[Kerror: [m[Kâ€˜[01m[Kauto_exposure_[m[Kâ€™ was not declared in this scope
  230 |     [01;31m[Kauto_exposure_[m[K = msg.auto_exposure;
      |     [01;31m[K^~~~~~~~~~~~~~[m[K
[01m[K/home/iclab/Desktop/ros2/src/usb_cam/src/usb_cam_node.cpp:230:26:[m[K [01;31m[Kerror: [m[Kâ€˜[01m[Kconst Camera[m[Kâ€™ {aka â€˜[01m[Kconst struct tku_msgs::msg::Camera_<std::allocator<void> >[m[Kâ€™} has no member named â€˜[01m[Kauto_exposure[m[Kâ€™; did you mean â€˜[01m[Kautoexposure[m[Kâ€™?
  230 |     auto_exposure_ = msg.[01;31m[Kauto_exposure[m[K;
      |                          [01;31m[K^~~~~~~~~~~~~[m[K
      |                          [32m[Kautoexposure[m[K
[01m[K/home/iclab/Desktop/ros2/src/usb_cam/src/usb_cam_node.cpp:231:5:[m[K [01;31m[Kerror: [m[Kâ€˜[01m[Kexposure_[m[Kâ€™ was not declared in this scope
  231 |     [01;31m[Kexposure_[m[K = msg.exposure;
      |     [01;31m[K^~~~~~~~~[m[K
[01m[K/home/iclab/Desktop/ros2/src/usb_cam/src/usb_cam_node.cpp:231:21:[m[K [01;31m[Kerror: [m[Kâ€˜[01m[Kconst Camera[m[Kâ€™ {aka â€˜[01m[Kconst struct tku_msgs::msg::Camera_<std::allocator<void> >[m[Kâ€™} has no member named â€˜[01m[Kexposure[m[Kâ€™; did you mean â€˜[01m[Kautoexposure[m[Kâ€™?
  231 |     exposure_ = msg.[01;31m[Kexposure[m[K;
      |                     [01;31m[K^~~~~~~~[m[K
      |                     [32m[Kautoexposure[m[K
[01m[K/home/iclab/Desktop/ros2/src/usb_cam/src/usb_cam_node.cpp:232:5:[m[K [01;31m[Kerror: [m[Kâ€˜[01m[Kauto_focus_[m[Kâ€™ was not declared in this scope
  232 |     [01;31m[Kauto_focus_[m[K = msg.autofocus;
      |     [01;31m[K^~~~~~~~~~~[m[K
[01m[K/home/iclab/Desktop/ros2/src/usb_cam/src/usb_cam_node.cpp:232:23:[m[K [01;31m[Kerror: [m[Kâ€˜[01m[Kconst Camera[m[Kâ€™ {aka â€˜[01m[Kconst struct tku_msgs::msg::Camera_<std::allocator<void> >[m[Kâ€™} has no member named â€˜[01m[Kautofocus[m[Kâ€™
  232 |     auto_focus_ = msg.[01;31m[Kautofocus[m[K;
      |                       [01;31m[K^~~~~~~~~[m[K
[01m[K/home/iclab/Desktop/ros2/src/usb_cam/src/usb_cam_node.cpp:233:5:[m[K [01;31m[Kerror: [m[Kâ€˜[01m[Kfocus_[m[Kâ€™ was not declared in this scope
  233 |     [01;31m[Kfocus_[m[K = msg.focus;
      |     [01;31m[K^~~~~~[m[K
[01m[K/home/iclab/Desktop/ros2/src/usb_cam/src/usb_cam_node.cpp:233:18:[m[K [01;31m[Kerror: [m[Kâ€˜[01m[Kconst Camera[m[Kâ€™ {aka â€˜[01m[Kconst struct tku_msgs::msg::Camera_<std::allocator<void> >[m[Kâ€™} has no member named â€˜[01m[Kfocus[m[Kâ€™
  233 |     focus_ = msg.[01;31m[Kfocus[m[K;
      |                  [01;31m[K^~~~~[m[K
In file included from [01m[K/opt/ros/humble/include/rclcpp/rclcpp/logging.hpp:24[m[K,
                 from [01m[K/opt/ros/humble/include/rclcpp/rclcpp/client.hpp:40[m[K,
                 from [01m[K/opt/ros/humble/include/rclcpp/rclcpp/callback_group.hpp:24[m[K,
                 from [01m[K/opt/ros/humble/include/rclcpp/rclcpp/node.hpp:40[m[K,
                 from [01m[K/opt/ros/humble/include/camera_info_manager/camera_info_manager/camera_info_manager.hpp:45[m[K,
                 from [01m[K/home/iclab/Desktop/ros2/src/usb_cam/include/usb_cam/usb_cam_node.hpp:38[m[K,
                 from [01m[K/home/iclab/Desktop/ros2/src/usb_cam/src/usb_cam_node.cpp:34[m[K:
[01m[K/home/iclab/Desktop/ros2/src/usb_cam/src/usb_cam_node.cpp:234:37:[m[K [01;31m[Kerror: [m[Kformat â€˜[01m[K%d[m[Kâ€™ expects argument of type â€˜[01m[Kint[m[Kâ€™, but argument 5 has type â€˜[01m[Kdouble[m[Kâ€™ [[01;31m[K]8;;https://gcc.gnu.org/onlinedocs/gcc/Warning-Options.html#index-Wformat=-Werror=format=]8;;[m[K]
  234 |     RCLCPP_INFO(this->get_logger(), [01;31m[K"Setting 'brightness' to %d"[m[K, [32m[Kmsg.brightness[m[K);
      |                                     [01;31m[K^~~~~~~~~~~~~~~~~~~~~~~~~~~~[m[K  [32m[K~~~~~~~~~~~~~~[m[K
      |                                                                       [32m[K|[m[K
      |                                                                       [32m[Kdouble[m[K
[01m[K/home/iclab/Desktop/ros2/src/usb_cam/src/usb_cam_node.cpp:234:63:[m[K [01;36m[Knote: [m[Kformat string is defined here
  234 |     RCLCPP_INFO(this->get_logger(), "Setting 'brightness' to [01;36m[K%d[m[K", msg.brightness);
      |                                                              [01;36m[K~^[m[K
      |                                                               [01;36m[K|[m[K
      |                                                               [01;36m[Kint[m[K
      |                                                              [32m[K%f[m[K
In file included from [01m[K/opt/ros/humble/include/rclcpp/rclcpp/logging.hpp:24[m[K,
                 from [01m[K/opt/ros/humble/include/rclcpp/rclcpp/client.hpp:40[m[K,
                 from [01m[K/opt/ros/humble/include/rclcpp/rclcpp/callback_group.hpp:24[m[K,
                 from [01m[K/opt/ros/humble/include/rclcpp/rclcpp/node.hpp:40[m[K,
                 from [01m[K/opt/ros/humble/include/camera_info_manager/camera_info_manager/camera_info_manager.hpp:45[m[K,
                 from [01m[K/home/iclab/Desktop/ros2/src/usb_cam/include/usb_cam/usb_cam_node.hpp:38[m[K,
                 from [01m[K/home/iclab/Desktop/ros2/src/usb_cam/src/usb_cam_node.cpp:34[m[K:
[01m[K/home/iclab/Desktop/ros2/src/usb_cam/src/usb_cam_node.cpp:236:37:[m[K [01;31m[Kerror: [m[Kformat â€˜[01m[K%d[m[Kâ€™ expects argument of type â€˜[01m[Kint[m[Kâ€™, but argument 5 has type â€˜[01m[Kdouble[m[Kâ€™ [[01;31m[K]8;;https://gcc.gnu.org/onlinedocs/gcc/Warning-Options.html#index-Wformat=-Werror=format=]8;;[m[K]
  236 |     RCLCPP_INFO(this->get_logger(), [01;31m[K"Setting 'contrast' to %d"[m[K, [32m[Kmsg.contrast[m[K);
      |                                     [01;31m[K^~~~~~~~~~~~~~~~~~~~~~~~~~[m[K  [32m[K~~~~~~~~~~~~[m[K
      |                                                                     [32m[K|[m[K
      |                                                                     [32m[Kdouble[m[K
[01m[K/home/iclab/Desktop/ros2/src/usb_cam/src/usb_cam_node.cpp:236:61:[m[K [01;36m[Knote: [m[Kformat string is defined here
  236 |     RCLCPP_INFO(this->get_logger(), "Setting 'contrast' to [01;36m[K%d[m[K", msg.contrast);
      |                                                            [01;36m[K~^[m[K
      |                                                             [01;36m[K|[m[K
      |                                                             [01;36m[Kint[m[K
      |                                                            [32m[K%f[m[K
In file included from [01m[K/opt/ros/humble/include/rclcpp/rclcpp/logging.hpp:24[m[K,
                 from [01m[K/opt/ros/humble/include/rclcpp/rclcpp/client.hpp:40[m[K,
                 from [01m[K/opt/ros/humble/include/rclcpp/rclcpp/callback_group.hpp:24[m[K,
                 from [01m[K/opt/ros/humble/include/rclcpp/rclcpp/node.hpp:40[m[K,
                 from [01m[K/opt/ros/humble/include/camera_info_manager/camera_info_manager/camera_info_manager.hpp:45[m[K,
                 from [01m[K/home/iclab/Desktop/ros2/src/usb_cam/include/usb_cam/usb_cam_node.hpp:38[m[K,
                 from [01m[K/home/iclab/Desktop/ros2/src/usb_cam/src/usb_cam_node.cpp:34[m[K:
[01m[K/home/iclab/Desktop/ros2/src/usb_cam/src/usb_cam_node.cpp:238:37:[m[K [01;31m[Kerror: [m[Kformat â€˜[01m[K%d[m[Kâ€™ expects argument of type â€˜[01m[Kint[m[Kâ€™, but argument 5 has type â€˜[01m[Kdouble[m[Kâ€™ [[01;31m[K]8;;https://gcc.gnu.org/onlinedocs/gcc/Warning-Options.html#index-Wformat=-Werror=format=]8;;[m[K]
  238 |     RCLCPP_INFO(this->get_logger(), [01;31m[K"Setting 'saturation' to %d"[m[K, [32m[Kmsg.saturation[m[K);
      |                                     [01;31m[K^~~~~~~~~~~~~~~~~~~~~~~~~~~~[m[K  [32m[K~~~~~~~~~~~~~~[m[K
      |                                                                       [32m[K|[m[K
      |                                                                       [32m[Kdouble[m[K
[01m[K/home/iclab/Desktop/ros2/src/usb_cam/src/usb_cam_node.cpp:238:63:[m[K [01;36m[Knote: [m[Kformat string is defined here
  238 |     RCLCPP_INFO(this->get_logger(), "Setting 'saturation' to [01;36m[K%d[m[K", msg.saturation);
      |                                                              [01;36m[K~^[m[K
      |                                                               [01;36m[K|[m[K
      |                                                               [01;36m[Kint[m[K
      |                                                              [32m[K%f[m[K
In file included from [01m[K/opt/ros/humble/include/rclcpp/rclcpp/logging.hpp:24[m[K,
                 from [01m[K/opt/ros/humble/include/rclcpp/rclcpp/client.hpp:40[m[K,
                 from [01m[K/opt/ros/humble/include/rclcpp/rclcpp/callback_group.hpp:24[m[K,
                 from [01m[K/opt/ros/humble/include/rclcpp/rclcpp/node.hpp:40[m[K,
                 from [01m[K/opt/ros/humble/include/camera_info_manager/camera_info_manager/camera_info_manager.hpp:45[m[K,
                 from [01m[K/home/iclab/Desktop/ros2/src/usb_cam/include/usb_cam/usb_cam_node.hpp:38[m[K,
                 from [01m[K/home/iclab/Desktop/ros2/src/usb_cam/src/usb_cam_node.cpp:34[m[K:
[01m[K/home/iclab/Desktop/ros2/src/usb_cam/src/usb_cam_node.cpp:240:70:[m[K [01;31m[Kerror: [m[Kâ€˜[01m[Kconst Camera[m[Kâ€™ {aka â€˜[01m[Kconst struct tku_msgs::msg::Camera_<std::allocator<void> >[m[Kâ€™} has no member named â€˜[01m[Ksharpness[m[Kâ€™
  240 |     RCLCPP_INFO(this->get_logger(), "Setting 'sharpness' to %d", msg.[01;31m[Ksharpness[m[K);
      |                                                                      [01;31m[K^~~~~~~~~[m[K
cc1plus: all warnings being treated as errors
gmake[2]: *** [CMakeFiles/usb_cam_node.dir/build.make:76: CMakeFiles/usb_cam_node.dir/src/usb_cam_node.cpp.o] Error 1
gmake[1]: *** [CMakeFiles/Makefile2:189: CMakeFiles/usb_cam_node.dir/all] Error 2
gmake: *** [Makefile:146: all] Error 2
