[ 25%] Built target gtest
[ 37%] Built target usb_cam
[ 50%] Built target gtest_main
[ 62%] Built target usb_cam_node_exe
[35m[1mConsolidate compiler generated dependencies of target usb_cam_node[0m
[ 75%] Built target test_pixel_formats
[ 87%] Built target test_usb_cam_utils
[ 93%] [32mBuilding CXX object CMakeFiles/usb_cam_node.dir/src/usb_cam_node.cpp.o[0m
[01m[K/home/iclab/Desktop/ros2/src/usb_cam/src/usb_cam_node.cpp:[m[K In member function â€˜[01m[Kvoid TdataUnit::LoadCameraSetFile(std::string)[m[Kâ€™:
[01m[K/home/iclab/Desktop/ros2/src/usb_cam/src/usb_cam_node.cpp:186:47:[m[K [01;31m[Kerror: [m[Kunused parameter â€˜[01m[Klocation[m[Kâ€™ [[01;31m[K]8;;https://gcc.gnu.org/onlinedocs/gcc/Warning-Options.html#index-Wunused-parameter-Werror=unused-parameter]8;;[m[K]
  186 | void TdataUnit::LoadCameraSetFile([01;31m[Kstd::string location[m[K)
      |                                   [01;31m[K~~~~~~~~~~~~^~~~~~~~[m[K
cc1plus: all warnings being treated as errors
gmake[2]: *** [CMakeFiles/usb_cam_node.dir/build.make:76: CMakeFiles/usb_cam_node.dir/src/usb_cam_node.cpp.o] Error 1
gmake[1]: *** [CMakeFiles/Makefile2:189: CMakeFiles/usb_cam_node.dir/all] Error 2
gmake: *** [Makefile:146: all] Error 2
