[0.353s] Invoking command in '/home/iclab/Desktop/ros2/build/usb_cam': CMAKE_PREFIX_PATH=${CMAKE_PREFIX_PATH}:/home/iclab/Desktop/ros2/install/tku_libs:/home/iclab/Desktop/ros2/install/motionpackage:/opt/ros/humble /usr/bin/cmake --build /home/iclab/Desktop/ros2/build/usb_cam -- -j8 -l8
[0.395s] [ 14%] Built target gtest
[0.398s] [ 28%] Built target usb_cam
[0.399s] [ 42%] Built target gtest_main
[0.403s] [ 57%] Built target usb_cam_node_exe
[0.412s] [35m[1mConsolidate compiler generated dependencies of target usb_cam_node[0m
[0.421s] [ 71%] Built target test_usb_cam_utils
[0.426s] [ 85%] Built target test_pixel_formats
[0.431s] [ 92%] [32mBuilding CXX object CMakeFiles/usb_cam_node.dir/src/usb_cam_node.cpp.o[0m
[2.847s] [01m[K/home/iclab/Desktop/ros2/src/usb_cam/src/usb_cam_node.cpp:40:19:[m[K [01;31m[Kerror: [m[Kâ€˜[01m[Ktku_msgs[m[Kâ€™ was not declared in this scope
[2.847s]    40 | rclcpp::Publisher<[01;31m[Ktku_msgs[m[K::msg::Camera>::SharedPtr m_camera_publisher;
[2.847s]       |                   [01;31m[K^~~~~~~~[m[K
[2.847s] [01m[K/home/iclab/Desktop/ros2/src/usb_cam/src/usb_cam_node.cpp:40:40:[m[K [01;31m[Kerror: [m[Ktemplate argument 1 is invalid
[2.847s]    40 | rclcpp::Publisher<tku_msgs::msg::Camera[01;31m[K>[m[K::SharedPtr m_camera_publisher;
[2.847s]       |                                        [01;31m[K^[m[K
[2.847s] [01m[K/home/iclab/Desktop/ros2/src/usb_cam/src/usb_cam_node.cpp:40:53:[m[K [01;31m[Kerror: [m[Kexpected initializer before â€˜[01m[Km_camera_publisher[m[Kâ€™
[2.847s]    40 | rclcpp::Publisher<tku_msgs::msg::Camera>::SharedPtr [01;31m[Km_camera_publisher[m[K;
[2.848s]       |                                                     [01;31m[K^~~~~~~~~~~~~~~~~~[m[K
[2.886s] [01m[K/home/iclab/Desktop/ros2/src/usb_cam/src/usb_cam_node.cpp:[m[K In constructor â€˜[01m[Kusb_cam::UsbCamNode::UsbCamNode(const rclcpp::NodeOptions&)[m[Kâ€™:
[2.886s] [01m[K/home/iclab/Desktop/ros2/src/usb_cam/src/usb_cam_node.cpp:61:3:[m[K [01;31m[Kerror: [m[Kâ€˜[01m[Km_camera_publisher[m[Kâ€™ was not declared in this scope; did you mean â€˜[01m[Km_image_publisher[m[Kâ€™?
[2.886s]    61 |   [01;31m[Km_camera_publisher[m[K = this->create_publisher<tku_msgs::msg::Camera>("Camera_Topic", 10);
[2.886s]       |   [01;31m[K^~~~~~~~~~~~~~~~~~[m[K
[2.886s]       |   [32m[Km_image_publisher[m[K
[2.899s] [01m[K/home/iclab/Desktop/ros2/src/usb_cam/src/usb_cam_node.cpp:61:47:[m[K [01;31m[Kerror: [m[Kâ€˜[01m[Ktku_msgs[m[Kâ€™ was not declared in this scope
[2.899s]    61 |   m_camera_publisher = this->create_publisher<[01;31m[Ktku_msgs[m[K::msg::Camera>("Camera_Topic", 10);
[2.899s]       |                                               [01;31m[K^~~~~~~~[m[K
[2.899s] [01m[K/home/iclab/Desktop/ros2/src/usb_cam/src/usb_cam_node.cpp:61:30:[m[K [01;31m[Kerror: [m[Kparse error in template argument list
[2.899s]    61 |   m_camera_publisher = this->[01;31m[Kcreate_publisher<tku_msgs::msg::Camera>[m[K("Camera_Topic", 10);
[2.900s]       |                              [01;31m[K^~~~~~~~~~~~~~~~~~~~~~~~~~~~~~~~~~~~~~~[m[K
[2.900s] [01m[K/home/iclab/Desktop/ros2/src/usb_cam/src/usb_cam_node.cpp:61:69:[m[K [01;31m[Kerror: [m[Kno matching function for call to â€˜[01m[Kusb_cam::UsbCamNode::create_publisher<<expression error> >(const char [13], int)[m[Kâ€™
[2.900s]    61 |   m_camera_publisher = [01;31m[Kthis->create_publisher<tku_msgs::msg::Camera>("Camera_Topic", 10)[m[K;
[2.900s]       |                        [01;31m[K~~~~~~~~~~~~~~~~~~~~~~~~~~~~~~~~~~~~~~~~~~~~~^~~~~~~~~~~~~~~~~~~~[m[K
[2.900s] In file included from [01m[K/opt/ros/humble/include/camera_info_manager/camera_info_manager/camera_info_manager.hpp:45[m[K,
[2.900s]                  from [01m[K/home/iclab/Desktop/ros2/src/usb_cam/include/usb_cam/usb_cam_node.hpp:38[m[K,
[2.900s]                  from [01m[K/home/iclab/Desktop/ros2/src/usb_cam/src/usb_cam_node.cpp:34[m[K:
[2.901s] [01m[K/opt/ros/humble/include/rclcpp/rclcpp/node.hpp:195:3:[m[K [01;36m[Knote: [m[Kcandidate: â€˜[01m[Ktemplate<class MessageT, class AllocatorT, class PublisherT> std::shared_ptr<PublisherT> rclcpp::Node::create_publisher(const string&, const rclcpp::QoS&, const rclcpp::PublisherOptionsWithAllocator<AllocatorT>&)[m[Kâ€™
[2.901s]   195 |   [01;36m[Kcreate_publisher[m[K(
[2.901s]       |   [01;36m[K^~~~~~~~~~~~~~~~[m[K
[2.901s] [01m[K/opt/ros/humble/include/rclcpp/rclcpp/node.hpp:195:3:[m[K [01;36m[Knote: [m[K  template argument deduction/substitution failed:
[2.901s] [01m[K/home/iclab/Desktop/ros2/src/usb_cam/src/usb_cam_node.cpp:61:69:[m[K [01;31m[Kerror: [m[Ktemplate argument 1 is invalid
[2.901s]    61 |   m_camera_publisher = [01;31m[Kthis->create_publisher<tku_msgs::msg::Camera>("Camera_Topic", 10)[m[K;
[2.901s]       |                        [01;31m[K~~~~~~~~~~~~~~~~~~~~~~~~~~~~~~~~~~~~~~~~~~~~~^~~~~~~~~~~~~~~~~~~~[m[K
[2.969s] [01m[K/home/iclab/Desktop/ros2/src/usb_cam/src/usb_cam_node.cpp:[m[K In member function â€˜[01m[Kvoid usb_cam::UsbCamNode::assign_params(const std::vector<rclcpp::Parameter>&)[m[Kâ€™:
[2.970s] [01m[K/home/iclab/Desktop/ros2/src/usb_cam/src/usb_cam_node.cpp:222:3:[m[K [01;31m[Kerror: [m[Kâ€˜[01m[Ktku_msgs[m[Kâ€™ has not been declared
[2.970s]   222 |   [01;31m[Ktku_msgs[m[K::msg::Camera msg;
[2.971s]       |   [01;31m[K^~~~~~~~[m[K
[2.973s] [01m[K/home/iclab/Desktop/ros2/src/usb_cam/src/usb_cam_node.cpp:223:3:[m[K [01;31m[Kerror: [m[Kâ€˜[01m[Kmsg[m[Kâ€™ was not declared in this scope
[2.974s]   223 |   [01;31m[Kmsg[m[K.brightness = m_parameters.brightness;
[2.974s]       |   [01;31m[K^~~[m[K
[2.975s] [01m[K/home/iclab/Desktop/ros2/src/usb_cam/src/usb_cam_node.cpp:223:3:[m[K [01;36m[Knote: [m[Ksuggested alternatives:
[2.975s] In file included from [01m[K/opt/ros/humble/include/rcl_interfaces/rcl_interfaces/msg/list_parameters_result.hpp:7[m[K,
[2.975s]                  from [01m[K/opt/ros/humble/include/rclcpp/rclcpp/node.hpp:35[m[K,
[2.976s]                  from [01m[K/opt/ros/humble/include/camera_info_manager/camera_info_manager/camera_info_manager.hpp:45[m[K,
[2.977s]                  from [01m[K/home/iclab/Desktop/ros2/src/usb_cam/include/usb_cam/usb_cam_node.hpp:38[m[K,
[2.977s]                  from [01m[K/home/iclab/Desktop/ros2/src/usb_cam/src/usb_cam_node.cpp:34[m[K:
[2.978s] [01m[K/opt/ros/humble/include/rcl_interfaces/rcl_interfaces/msg/detail/list_parameters_result__struct.hpp:27:11:[m[K [01;36m[Knote: [m[K  â€˜[01m[Krcl_interfaces::msg[m[Kâ€™
[2.978s]    27 | namespace [01;36m[Kmsg[m[K
[2.979s]       |           [01;36m[K^~~[m[K
[2.979s] In file included from [01m[K/opt/ros/humble/include/rcl_interfaces/rcl_interfaces/msg/detail/parameter_event__struct.hpp:20[m[K,
[2.980s]                  from [01m[K/opt/ros/humble/include/rcl_interfaces/rcl_interfaces/msg/parameter_event.hpp:7[m[K,
[2.980s]                  from [01m[K/opt/ros/humble/include/rclcpp/rclcpp/node.hpp:37[m[K,
[2.981s]                  from [01m[K/opt/ros/humble/include/camera_info_manager/camera_info_manager/camera_info_manager.hpp:45[m[K,
[2.981s]                  from [01m[K/home/iclab/Desktop/ros2/src/usb_cam/include/usb_cam/usb_cam_node.hpp:38[m[K,
[2.982s]                  from [01m[K/home/iclab/Desktop/ros2/src/usb_cam/src/usb_cam_node.cpp:34[m[K:
[2.982s] [01m[K/opt/ros/humble/include/builtin_interfaces/builtin_interfaces/msg/detail/time__struct.hpp:27:11:[m[K [01;36m[Knote: [m[K  â€˜[01m[Kbuiltin_interfaces::msg[m[Kâ€™
[2.983s]    27 | namespace [01;36m[Kmsg[m[K
[2.983s]       |           [01;36m[K^~~[m[K
[2.984s] In file included from [01m[K/opt/ros/humble/include/statistics_msgs/statistics_msgs/msg/detail/metrics_message__struct.hpp:23[m[K,
[2.984s]                  from [01m[K/opt/ros/humble/include/statistics_msgs/statistics_msgs/msg/metrics_message.hpp:7[m[K,
[2.984s]                  from [01m[K/opt/ros/humble/include/libstatistics_collector/libstatistics_collector/collector/generate_statistics_message.hpp:21[m[K,
[2.985s]                  from [01m[K/opt/ros/humble/include/rclcpp/rclcpp/topic_statistics/subscription_topic_statistics.hpp:23[m[K,
[2.985s]                  from [01m[K/opt/ros/humble/include/rclcpp/rclcpp/subscription.hpp:50[m[K,
[2.986s]                  from [01m[K/opt/ros/humble/include/rclcpp/rclcpp/node_interfaces/node_topics_interface.hpp:31[m[K,
[2.987s]                  from [01m[K/opt/ros/humble/include/rclcpp/rclcpp/generic_publisher.hpp:27[m[K,
[2.987s]                  from [01m[K/opt/ros/humble/include/rclcpp/rclcpp/node.hpp:45[m[K,
[2.987s]                  from [01m[K/opt/ros/humble/include/camera_info_manager/camera_info_manager/camera_info_manager.hpp:45[m[K,
[2.988s]                  from [01m[K/home/iclab/Desktop/ros2/src/usb_cam/include/usb_cam/usb_cam_node.hpp:38[m[K,
[2.988s]                  from [01m[K/home/iclab/Desktop/ros2/src/usb_cam/src/usb_cam_node.cpp:34[m[K:
[2.990s] [01m[K/opt/ros/humble/include/statistics_msgs/statistics_msgs/msg/detail/statistic_data_point__struct.hpp:27:11:[m[K [01;36m[Knote: [m[K  â€˜[01m[Kstatistics_msgs::msg[m[Kâ€™
[2.990s]    27 | namespace [01;36m[Kmsg[m[K
[2.991s]       |           [01;36m[K^~~[m[K
[2.991s] In file included from [01m[K/opt/ros/humble/include/sensor_msgs/sensor_msgs/msg/detail/camera_info__struct.hpp:20[m[K,
[2.992s]                  from [01m[K/opt/ros/humble/include/sensor_msgs/sensor_msgs/msg/camera_info.hpp:7[m[K,
[2.992s]                  from [01m[K/opt/ros/humble/include/camera_info_manager/camera_info_manager/camera_info_manager.hpp:46[m[K,
[2.993s]                  from [01m[K/home/iclab/Desktop/ros2/src/usb_cam/include/usb_cam/usb_cam_node.hpp:38[m[K,
[2.993s]                  from [01m[K/home/iclab/Desktop/ros2/src/usb_cam/src/usb_cam_node.cpp:34[m[K:
[2.994s] [01m[K/opt/ros/humble/include/std_msgs/std_msgs/msg/detail/header__struct.hpp:31:11:[m[K [01;36m[Knote: [m[K  â€˜[01m[Kstd_msgs::msg[m[Kâ€™
[2.994s]    31 | namespace [01;36m[Kmsg[m[K
[2.995s]       |           [01;36m[K^~~[m[K
[2.995s] In file included from [01m[K/opt/ros/humble/include/sensor_msgs/sensor_msgs/msg/detail/camera_info__struct.hpp:22[m[K,
[2.996s]                  from [01m[K/opt/ros/humble/include/sensor_msgs/sensor_msgs/msg/camera_info.hpp:7[m[K,
[2.996s]                  from [01m[K/opt/ros/humble/include/camera_info_manager/camera_info_manager/camera_info_manager.hpp:46[m[K,
[2.998s]                  from [01m[K/home/iclab/Desktop/ros2/src/usb_cam/include/usb_cam/usb_cam_node.hpp:38[m[K,
[2.998s]                  from [01m[K/home/iclab/Desktop/ros2/src/usb_cam/src/usb_cam_node.cpp:34[m[K:
[2.999s] [01m[K/opt/ros/humble/include/sensor_msgs/sensor_msgs/msg/detail/region_of_interest__struct.hpp:27:11:[m[K [01;36m[Knote: [m[K  â€˜[01m[Ksensor_msgs::msg[m[Kâ€™
[2.999s]    27 | namespace [01;36m[Kmsg[m[K
[3.000s]       |           [01;36m[K^~~[m[K
[3.001s] [01m[K/home/iclab/Desktop/ros2/src/usb_cam/src/usb_cam_node.cpp:231:3:[m[K [01;31m[Kerror: [m[Kâ€˜[01m[Km_camera_publisher[m[Kâ€™ was not declared in this scope; did you mean â€˜[01m[Km_image_publisher[m[Kâ€™?
[3.001s]   231 |   [01;31m[Km_camera_publisher[m[K->publish(msg);
[3.002s]       |   [01;31m[K^~~~~~~~~~~~~~~~~~[m[K
[3.002s]       |   [32m[Km_image_publisher[m[K
[4.338s] gmake[2]: *** [CMakeFiles/usb_cam_node.dir/build.make:76: CMakeFiles/usb_cam_node.dir/src/usb_cam_node.cpp.o] Error 1
[4.339s] gmake[1]: *** [CMakeFiles/Makefile2:189: CMakeFiles/usb_cam_node.dir/all] Error 2
[4.339s] gmake: *** [Makefile:146: all] Error 2
[4.341s] Invoked command in '/home/iclab/Desktop/ros2/build/usb_cam' returned '2': CMAKE_PREFIX_PATH=${CMAKE_PREFIX_PATH}:/home/iclab/Desktop/ros2/install/tku_libs:/home/iclab/Desktop/ros2/install/motionpackage:/opt/ros/humble /usr/bin/cmake --build /home/iclab/Desktop/ros2/build/usb_cam -- -j8 -l8
