[0.296s] Invoking command in '/home/iclab/Desktop/ros2/build/usb_cam': CMAKE_PREFIX_PATH=/home/iclab/Desktop/ros2/install/tku_msgs:/home/iclab/Desktop/ros2/install/web_video_server:/home/iclab/Desktop/ros2/install/usb_cam:/home/iclab/Desktop/ros2/install/serial:/home/iclab/Desktop/ros2/install/tku_libs:/home/iclab/Desktop/ros2/install/motionpackage:/opt/ros/humble LD_LIBRARY_PATH=/home/iclab/Desktop/ros2/install/tku_msgs/lib:/home/iclab/Desktop/ros2/install/usb_cam/lib:/opt/ros/humble/opt/rviz_ogre_vendor/lib:/opt/ros/humble/lib/x86_64-linux-gnu:/opt/ros/humble/lib /usr/bin/cmake --build /home/iclab/Desktop/ros2/build/usb_cam -- -j8 -l8
[0.332s] [ 14%] Built target gtest
[0.333s] [ 28%] Built target usb_cam_node_exe
[0.335s] [ 42%] Built target gtest_main
[0.335s] [ 57%] Built target usb_cam
[0.345s] [35m[1mConsolidate compiler generated dependencies of target usb_cam_node[0m
[0.355s] [ 71%] Built target test_usb_cam_utils
[0.356s] [ 85%] Built target test_pixel_formats
[0.363s] [ 92%] [32mBuilding CXX object CMakeFiles/usb_cam_node.dir/src/usb_cam_node.cpp.o[0m
[2.364s] [01m[K/home/iclab/Desktop/ros2/src/usb_cam/src/usb_cam_node.cpp:[m[K In member function â€˜[01m[Kvoid usb_cam::UsbCamNode::camera_param_callback(const Camera&)[m[Kâ€™:
[2.364s] [01m[K/home/iclab/Desktop/ros2/src/usb_cam/src/usb_cam_node.cpp:223:5:[m[K [01;31m[Kerror: [m[Kâ€˜[01m[Kbrightness_[m[Kâ€™ was not declared in this scope
[2.364s]   223 |     [01;31m[Kbrightness_[m[K = msg.brightness;
[2.364s]       |     [01;31m[K^~~~~~~~~~~[m[K
[2.372s] [01m[K/home/iclab/Desktop/ros2/src/usb_cam/src/usb_cam_node.cpp:224:5:[m[K [01;31m[Kerror: [m[Kâ€˜[01m[Kcontrast_[m[Kâ€™ was not declared in this scope
[2.372s]   224 |     [01;31m[Kcontrast_[m[K = msg.contrast;
[2.372s]       |     [01;31m[K^~~~~~~~~[m[K
[2.380s] [01m[K/home/iclab/Desktop/ros2/src/usb_cam/src/usb_cam_node.cpp:225:5:[m[K [01;31m[Kerror: [m[Kâ€˜[01m[Ksaturation_[m[Kâ€™ was not declared in this scope
[2.380s]   225 |     [01;31m[Ksaturation_[m[K = msg.saturation;
[2.380s]       |     [01;31m[K^~~~~~~~~~~[m[K
[2.389s] [01m[K/home/iclab/Desktop/ros2/src/usb_cam/src/usb_cam_node.cpp:226:5:[m[K [01;31m[Kerror: [m[Kâ€˜[01m[Ksharpness_[m[Kâ€™ was not declared in this scope
[2.389s]   226 |     [01;31m[Ksharpness_[m[K = msg.sharpness;
[2.389s]       |     [01;31m[K^~~~~~~~~~[m[K
[2.389s] [01m[K/home/iclab/Desktop/ros2/src/usb_cam/src/usb_cam_node.cpp:226:22:[m[K [01;31m[Kerror: [m[Kâ€˜[01m[Kconst Camera[m[Kâ€™ {aka â€˜[01m[Kconst struct tku_msgs::msg::Camera_<std::allocator<void> >[m[Kâ€™} has no member named â€˜[01m[Ksharpness[m[Kâ€™
[2.389s]   226 |     sharpness_ = msg.[01;31m[Ksharpness[m[K;
[2.389s]       |                      [01;31m[K^~~~~~~~~[m[K
[2.394s] [01m[K/home/iclab/Desktop/ros2/src/usb_cam/src/usb_cam_node.cpp:227:5:[m[K [01;31m[Kerror: [m[Kâ€˜[01m[Kgain_[m[Kâ€™ was not declared in this scope
[2.394s]   227 |     [01;31m[Kgain_[m[K = msg.gain;
[2.394s]       |     [01;31m[K^~~~~[m[K
[2.394s] [01m[K/home/iclab/Desktop/ros2/src/usb_cam/src/usb_cam_node.cpp:227:17:[m[K [01;31m[Kerror: [m[Kâ€˜[01m[Kconst Camera[m[Kâ€™ {aka â€˜[01m[Kconst struct tku_msgs::msg::Camera_<std::allocator<void> >[m[Kâ€™} has no member named â€˜[01m[Kgain[m[Kâ€™
[2.394s]   227 |     gain_ = msg.[01;31m[Kgain[m[K;
[2.394s]       |                 [01;31m[K^~~~[m[K
[2.409s] [01m[K/home/iclab/Desktop/ros2/src/usb_cam/src/usb_cam_node.cpp:228:5:[m[K [01;31m[Kerror: [m[Kâ€˜[01m[Kauto_white_balance_[m[Kâ€™ was not declared in this scope
[2.409s]   228 |     [01;31m[Kauto_white_balance_[m[K = msg.auto_white_balance;
[2.409s]       |     [01;31m[K^~~~~~~~~~~~~~~~~~~[m[K
[2.409s] [01m[K/home/iclab/Desktop/ros2/src/usb_cam/src/usb_cam_node.cpp:228:31:[m[K [01;31m[Kerror: [m[Kâ€˜[01m[Kconst Camera[m[Kâ€™ {aka â€˜[01m[Kconst struct tku_msgs::msg::Camera_<std::allocator<void> >[m[Kâ€™} has no member named â€˜[01m[Kauto_white_balance[m[Kâ€™; did you mean â€˜[01m[Kautowhitebalance[m[Kâ€™?
[2.409s]   228 |     auto_white_balance_ = msg.[01;31m[Kauto_white_balance[m[K;
[2.410s]       |                               [01;31m[K^~~~~~~~~~~~~~~~~~[m[K
[2.410s]       |                               [32m[Kautowhitebalance[m[K
[2.421s] [01m[K/home/iclab/Desktop/ros2/src/usb_cam/src/usb_cam_node.cpp:229:5:[m[K [01;31m[Kerror: [m[Kâ€˜[01m[Kwhite_balance_[m[Kâ€™ was not declared in this scope
[2.421s]   229 |     [01;31m[Kwhite_balance_[m[K = msg.white_balance;
[2.421s]       |     [01;31m[K^~~~~~~~~~~~~~[m[K
[2.422s] [01m[K/home/iclab/Desktop/ros2/src/usb_cam/src/usb_cam_node.cpp:229:26:[m[K [01;31m[Kerror: [m[Kâ€˜[01m[Kconst Camera[m[Kâ€™ {aka â€˜[01m[Kconst struct tku_msgs::msg::Camera_<std::allocator<void> >[m[Kâ€™} has no member named â€˜[01m[Kwhite_balance[m[Kâ€™; did you mean â€˜[01m[Kwhitebalance[m[Kâ€™?
[2.422s]   229 |     white_balance_ = msg.[01;31m[Kwhite_balance[m[K;
[2.422s]       |                          [01;31m[K^~~~~~~~~~~~~[m[K
[2.422s]       |                          [32m[Kwhitebalance[m[K
[2.433s] [01m[K/home/iclab/Desktop/ros2/src/usb_cam/src/usb_cam_node.cpp:230:5:[m[K [01;31m[Kerror: [m[Kâ€˜[01m[Kauto_exposure_[m[Kâ€™ was not declared in this scope
[2.433s]   230 |     [01;31m[Kauto_exposure_[m[K = msg.auto_exposure;
[2.433s]       |     [01;31m[K^~~~~~~~~~~~~~[m[K
[2.433s] [01m[K/home/iclab/Desktop/ros2/src/usb_cam/src/usb_cam_node.cpp:230:26:[m[K [01;31m[Kerror: [m[Kâ€˜[01m[Kconst Camera[m[Kâ€™ {aka â€˜[01m[Kconst struct tku_msgs::msg::Camera_<std::allocator<void> >[m[Kâ€™} has no member named â€˜[01m[Kauto_exposure[m[Kâ€™; did you mean â€˜[01m[Kautoexposure[m[Kâ€™?
[2.433s]   230 |     auto_exposure_ = msg.[01;31m[Kauto_exposure[m[K;
[2.433s]       |                          [01;31m[K^~~~~~~~~~~~~[m[K
[2.433s]       |                          [32m[Kautoexposure[m[K
[2.441s] [01m[K/home/iclab/Desktop/ros2/src/usb_cam/src/usb_cam_node.cpp:231:5:[m[K [01;31m[Kerror: [m[Kâ€˜[01m[Kexposure_[m[Kâ€™ was not declared in this scope
[2.441s]   231 |     [01;31m[Kexposure_[m[K = msg.exposure;
[2.441s]       |     [01;31m[K^~~~~~~~~[m[K
[2.441s] [01m[K/home/iclab/Desktop/ros2/src/usb_cam/src/usb_cam_node.cpp:231:21:[m[K [01;31m[Kerror: [m[Kâ€˜[01m[Kconst Camera[m[Kâ€™ {aka â€˜[01m[Kconst struct tku_msgs::msg::Camera_<std::allocator<void> >[m[Kâ€™} has no member named â€˜[01m[Kexposure[m[Kâ€™; did you mean â€˜[01m[Kautoexposure[m[Kâ€™?
[2.442s]   231 |     exposure_ = msg.[01;31m[Kexposure[m[K;
[2.442s]       |                     [01;31m[K^~~~~~~~[m[K
[2.442s]       |                     [32m[Kautoexposure[m[K
[2.450s] [01m[K/home/iclab/Desktop/ros2/src/usb_cam/src/usb_cam_node.cpp:232:5:[m[K [01;31m[Kerror: [m[Kâ€˜[01m[Kauto_focus_[m[Kâ€™ was not declared in this scope
[2.450s]   232 |     [01;31m[Kauto_focus_[m[K = msg.autofocus;
[2.450s]       |     [01;31m[K^~~~~~~~~~~[m[K
[2.450s] [01m[K/home/iclab/Desktop/ros2/src/usb_cam/src/usb_cam_node.cpp:232:23:[m[K [01;31m[Kerror: [m[Kâ€˜[01m[Kconst Camera[m[Kâ€™ {aka â€˜[01m[Kconst struct tku_msgs::msg::Camera_<std::allocator<void> >[m[Kâ€™} has no member named â€˜[01m[Kautofocus[m[Kâ€™
[2.450s]   232 |     auto_focus_ = msg.[01;31m[Kautofocus[m[K;
[2.451s]       |                       [01;31m[K^~~~~~~~~[m[K
[2.458s] [01m[K/home/iclab/Desktop/ros2/src/usb_cam/src/usb_cam_node.cpp:233:5:[m[K [01;31m[Kerror: [m[Kâ€˜[01m[Kfocus_[m[Kâ€™ was not declared in this scope
[2.458s]   233 |     [01;31m[Kfocus_[m[K = msg.focus;
[2.458s]       |     [01;31m[K^~~~~~[m[K
[2.458s] [01m[K/home/iclab/Desktop/ros2/src/usb_cam/src/usb_cam_node.cpp:233:18:[m[K [01;31m[Kerror: [m[Kâ€˜[01m[Kconst Camera[m[Kâ€™ {aka â€˜[01m[Kconst struct tku_msgs::msg::Camera_<std::allocator<void> >[m[Kâ€™} has no member named â€˜[01m[Kfocus[m[Kâ€™
[2.458s]   233 |     focus_ = msg.[01;31m[Kfocus[m[K;
[2.458s]       |                  [01;31m[K^~~~~[m[K
[2.458s] [01m[K/home/iclab/Desktop/ros2/src/usb_cam/src/usb_cam_node.cpp:252:13:[m[K [01;31m[Kerror: [m[Kâ€˜[01m[Kconst Camera[m[Kâ€™ {aka â€˜[01m[Kconst struct tku_msgs::msg::Camera_<std::allocator<void> >[m[Kâ€™} has no member named â€˜[01m[Kauto_exposure[m[Kâ€™; did you mean â€˜[01m[Kautoexposure[m[Kâ€™?
[2.458s]   252 |     //     /[01;31m[K/ RCLCPP_INFO[m[K(this->get_logger(), "Setting 'saturation' to %d", msg.saturation);
[2.458s]       |             [01;31m[K^~~~~~~~~~~~~[m[K
[2.458s]       |             [32m[Kautoexposure[m[K
[2.458s] In file included from [01m[K/opt/ros/humble/include/rclcpp/rclcpp/logging.hpp:24[m[K,
[2.459s]                  from [01m[K/opt/ros/humble/include/rclcpp/rclcpp/client.hpp:40[m[K,
[2.459s]                  from [01m[K/opt/ros/humble/include/rclcpp/rclcpp/callback_group.hpp:24[m[K,
[2.459s]                  from [01m[K/opt/ros/humble/include/rclcpp/rclcpp/node.hpp:40[m[K,
[2.459s]                  from [01m[K/opt/ros/humble/include/camera_info_manager/camera_info_manager/camera_info_manager.hpp:45[m[K,
[2.459s]                  from [01m[K/home/iclab/Desktop/ros2/src/usb_cam/include/usb_cam/usb_cam_node.hpp:38[m[K,
[2.459s]                  from [01m[K/home/iclab/Desktop/ros2/src/usb_cam/src/usb_cam_node.cpp:34[m[K:
[2.459s] [01m[K/home/iclab/Desktop/ros2/src/usb_cam/src/usb_cam_node.cpp:257:73:[m[K [01;31m[Kerror: [m[Kâ€˜[01m[Kconst Camera[m[Kâ€™ {aka â€˜[01m[Kconst struct tku_msgs::msg::Camera_<std::allocator<void> >[m[Kâ€™} has no member named â€˜[01m[Kexposure[m[Kâ€™; did you mean â€˜[01m[Kautoexposure[m[Kâ€™?
[2.459s]   257 |     //     RCLCPP_INFO(this->get_logger(), "Setting 'exposure_auto' to %[01;31m[Kd", 3);[m[K
[2.459s]       |                                                                         [01;31m[K^~~~~~~[m[K 
[2.459s] [01m[K/home/iclab/Desktop/ros2/src/usb_cam/src/usb_cam_node.cpp:259:62:[m[K [01;31m[Kerror: [m[Kâ€˜[01m[Kconst Camera[m[Kâ€™ {aka â€˜[01m[Kconst struct tku_msgs::msg::Camera_<std::allocator<void> >[m[Kâ€™} has no member named â€˜[01m[Kexposure[m[Kâ€™; did you mean â€˜[01m[Kautoexposure[m[Kâ€™?
[2.459s]   259 |     // } else {
[2.459s]       |                                                              [01;31m[K^[m[K       
[2.459s]       |                                                              [32m[Kautoexposure[m[K
[2.459s] [01m[K/home/iclab/Desktop/ros2/src/usb_cam/src/usb_cam_node.cpp:262:13:[m[K [01;31m[Kerror: [m[Kâ€˜[01m[Kconst Camera[m[Kâ€™ {aka â€˜[01m[Kconst struct tku_msgs::msg::Camera_<std::allocator<void> >[m[Kâ€™} has no member named â€˜[01m[Kautofocus[m[Kâ€™
[2.459s]   262 |     //     m[01;31m[K_camera->[m[Kset_v4l_parameter("exposure_auto", 1);
[2.459s]       |             [01;31m[K^~~~~~~~~[m[K
[2.459s] [01m[K/home/iclab/Desktop/ros2/src/usb_cam/src/usb_cam_node.cpp:269:17:[m[K [01;31m[Kerror: [m[Kâ€˜[01m[Kconst Camera[m[Kâ€™ {aka â€˜[01m[Kconst struct tku_msgs::msg::Camera_<std::allocator<void> >[m[Kâ€™} has no member named â€˜[01m[Kfocus[m[Kâ€™
[2.459s]   269 |     //     m_cam[01;31m[Kera->[m[Kset_v4l_parameter("focus_auto", 1);
[2.459s]       |                 [01;31m[K^~~~~[m[K
[2.459s] In file included from [01m[K/opt/ros/humble/include/rclcpp/rclcpp/logging.hpp:24[m[K,
[2.459s]                  from [01m[K/opt/ros/humble/include/rclcpp/rclcpp/client.hpp:40[m[K,
[2.459s]                  from [01m[K/opt/ros/humble/include/rclcpp/rclcpp/callback_group.hpp:24[m[K,
[2.459s]                  from [01m[K/opt/ros/humble/include/rclcpp/rclcpp/node.hpp:40[m[K,
[2.459s]                  from [01m[K/opt/ros/humble/include/camera_info_manager/camera_info_manager/camera_info_manager.hpp:45[m[K,
[2.459s]                  from [01m[K/home/iclab/Desktop/ros2/src/usb_cam/include/usb_cam/usb_cam_node.hpp:38[m[K,
[2.459s]                  from [01m[K/home/iclab/Desktop/ros2/src/usb_cam/src/usb_cam_node.cpp:34[m[K:
[2.460s] [01m[K/home/iclab/Desktop/ros2/src/usb_cam/src/usb_cam_node.cpp:270:83:[m[K [01;31m[Kerror: [m[Kâ€˜[01m[Kconst Camera[m[Kâ€™ {aka â€˜[01m[Kconst struct tku_msgs::msg::Camera_<std::allocator<void> >[m[Kâ€™} has no member named â€˜[01m[Kfocus[m[Kâ€™
[2.460s]   270 |     // } else {
[2.460s]       |                                                                                   [01;31m[K^[m[K    
[2.460s] [01m[K/home/iclab/Desktop/ros2/src/usb_cam/src/usb_cam_node.cpp:271:63:[m[K [01;31m[Kerror: [m[Kâ€˜[01m[Kconst Camera[m[Kâ€™ {aka â€˜[01m[Kconst struct tku_msgs::msg::Camera_<std::allocator<void> >[m[Kâ€™} has no member named â€˜[01m[Kfocus[m[Kâ€™
[2.460s]   271 |     //     RCLCPP_INFO(this->get_logger(), "Setting 'focus_aut[01;31m[Ko' to[m[K %d", 0);
[2.460s]       |                                                               [01;31m[K^~~~~[m[K
[4.467s] gmake[2]: *** [CMakeFiles/usb_cam_node.dir/build.make:76: CMakeFiles/usb_cam_node.dir/src/usb_cam_node.cpp.o] Error 1
[4.468s] gmake[1]: *** [CMakeFiles/Makefile2:189: CMakeFiles/usb_cam_node.dir/all] Error 2
[4.468s] gmake: *** [Makefile:146: all] Error 2
[4.469s] Invoked command in '/home/iclab/Desktop/ros2/build/usb_cam' returned '2': CMAKE_PREFIX_PATH=/home/iclab/Desktop/ros2/install/tku_msgs:/home/iclab/Desktop/ros2/install/web_video_server:/home/iclab/Desktop/ros2/install/usb_cam:/home/iclab/Desktop/ros2/install/serial:/home/iclab/Desktop/ros2/install/tku_libs:/home/iclab/Desktop/ros2/install/motionpackage:/opt/ros/humble LD_LIBRARY_PATH=/home/iclab/Desktop/ros2/install/tku_msgs/lib:/home/iclab/Desktop/ros2/install/usb_cam/lib:/opt/ros/humble/opt/rviz_ogre_vendor/lib:/opt/ros/humble/lib/x86_64-linux-gnu:/opt/ros/humble/lib /usr/bin/cmake --build /home/iclab/Desktop/ros2/build/usb_cam -- -j8 -l8
