[ 28%] Built target gtest
[ 28%] Built target usb_cam
[ 42%] Built target gtest_main
[ 57%] Built target usb_cam_node_exe
[ 71%] Built target test_usb_cam_utils
[ 85%] Built target test_pixel_formats
[ 92%] [32mBuilding CXX object CMakeFiles/usb_cam_node.dir/src/usb_cam_node.cpp.o[0m
[01m[K/home/iclab/Desktop/ros2/src/usb_cam/src/usb_cam_node.cpp:218:49:[m[K [01;31m[Kerror: [m[Kâ€˜[01m[Ktku_msgs[m[Kâ€™ does not name a type
  218 | void UsbCamNode::set_v4l2_params_from_msg(const [01;31m[Ktku_msgs[m[K::camera &msg) {
      |                                                 [01;31m[K^~~~~~~~[m[K
[01m[K/home/iclab/Desktop/ros2/src/usb_cam/src/usb_cam_node.cpp:218:66:[m[K [01;31m[Kerror: [m[Kexpected unqualified-id before â€˜[01m[K&[m[Kâ€™ token
  218 | oid UsbCamNode::set_v4l2_params_from_msg(const tku_msgs::camera [01;31m[K&[m[Kmsg) {
      |                                                                 [01;31m[K^[m[K

[01m[K/home/iclab/Desktop/ros2/src/usb_cam/src/usb_cam_node.cpp:218:65:[m[K [01;31m[Kerror: [m[Kexpected â€˜[01m[K)[m[Kâ€™ before â€˜[01m[K&[m[Kâ€™ token
  218 | oid UsbCamNode::set_v4l2_params_from_msg[34m[K([m[Kconst tku_msgs::camera[01;31m[K [m[K[32m[K&[m[Kmsg) {
      |                                         [34m[K~[m[K                      [01;31m[K^[m[K[32m[K~[m[K
      |                                                                [32m[K)[m[K
[01m[K/home/iclab/Desktop/ros2/src/usb_cam/src/usb_cam_node.cpp:218:67:[m[K [01;31m[Kerror: [m[Kexpected initializer before â€˜[01m[Kmsg[m[Kâ€™
  218 | oid UsbCamNode::set_v4l2_params_from_msg(const tku_msgs::camera &[01;31m[Kmsg[m[K) {
      |                                                                  [01;31m[K^~~[m[K

gmake[2]: *** [CMakeFiles/usb_cam_node.dir/build.make:76: CMakeFiles/usb_cam_node.dir/src/usb_cam_node.cpp.o] Error 1
gmake[1]: *** [CMakeFiles/Makefile2:189: CMakeFiles/usb_cam_node.dir/all] Error 2
gmake: *** [Makefile:146: all] Error 2
