[0.435s] Invoking command in '/home/iclab/Desktop/ros2/build/usb_cam': CMAKE_PREFIX_PATH=${CMAKE_PREFIX_PATH}:/home/iclab/Desktop/ros2/install/tku_libs:/home/iclab/Desktop/ros2/install/motionpackage:/opt/ros/humble /usr/bin/cmake --build /home/iclab/Desktop/ros2/build/usb_cam -- -j8 -l8
[0.485s] [ 28%] Built target gtest
[0.485s] [ 28%] Built target usb_cam
[0.485s] [ 42%] Built target gtest_main
[0.488s] [ 57%] Built target usb_cam_node_exe
[0.508s] [ 71%] Built target test_usb_cam_utils
[0.512s] [ 85%] Built target test_pixel_formats
[0.515s] [ 92%] [32mBuilding CXX object CMakeFiles/usb_cam_node.dir/src/usb_cam_node.cpp.o[0m
[2.835s] [01m[K/home/iclab/Desktop/ros2/src/usb_cam/src/usb_cam_node.cpp:218:49:[m[K [01;31m[Kerror: [m[Kâ€˜[01m[Ktku_msgs[m[Kâ€™ does not name a type
[2.835s]   218 | void UsbCamNode::set_v4l2_params_from_msg(const [01;31m[Ktku_msgs[m[K::camera &msg) {
[2.835s]       |                                                 [01;31m[K^~~~~~~~[m[K
[2.835s] [01m[K/home/iclab/Desktop/ros2/src/usb_cam/src/usb_cam_node.cpp:218:66:[m[K [01;31m[Kerror: [m[Kexpected unqualified-id before â€˜[01m[K&[m[Kâ€™ token
[2.835s]   218 | oid UsbCamNode::set_v4l2_params_from_msg(const tku_msgs::camera [01;31m[K&[m[Kmsg) {
[2.835s]       |                                                                 [01;31m[K^[m[K
[2.835s] 
[2.835s] [01m[K/home/iclab/Desktop/ros2/src/usb_cam/src/usb_cam_node.cpp:218:65:[m[K [01;31m[Kerror: [m[Kexpected â€˜[01m[K)[m[Kâ€™ before â€˜[01m[K&[m[Kâ€™ token
[2.835s]   218 | oid UsbCamNode::set_v4l2_params_from_msg[34m[K([m[Kconst tku_msgs::camera[01;31m[K [m[K[32m[K&[m[Kmsg) {
[2.835s]       |                                         [34m[K~[m[K                      [01;31m[K^[m[K[32m[K~[m[K
[2.835s]       |                                                                [32m[K)[m[K
[2.835s] [01m[K/home/iclab/Desktop/ros2/src/usb_cam/src/usb_cam_node.cpp:218:67:[m[K [01;31m[Kerror: [m[Kexpected initializer before â€˜[01m[Kmsg[m[Kâ€™
[2.835s]   218 | oid UsbCamNode::set_v4l2_params_from_msg(const tku_msgs::camera &[01;31m[Kmsg[m[K) {
[2.835s]       |                                                                  [01;31m[K^~~[m[K
[2.835s] 
[3.571s] gmake[2]: *** [CMakeFiles/usb_cam_node.dir/build.make:76: CMakeFiles/usb_cam_node.dir/src/usb_cam_node.cpp.o] Error 1
[3.571s] gmake[1]: *** [CMakeFiles/Makefile2:189: CMakeFiles/usb_cam_node.dir/all] Error 2
[3.571s] gmake: *** [Makefile:146: all] Error 2
[3.572s] Invoked command in '/home/iclab/Desktop/ros2/build/usb_cam' returned '2': CMAKE_PREFIX_PATH=${CMAKE_PREFIX_PATH}:/home/iclab/Desktop/ros2/install/tku_libs:/home/iclab/Desktop/ros2/install/motionpackage:/opt/ros/humble /usr/bin/cmake --build /home/iclab/Desktop/ros2/build/usb_cam -- -j8 -l8
