[ 12%] Built target gtest_main
[ 37%] Built target usb_cam
[ 50%] Built target gtest
[ 62%] Built target usb_cam_node_exe
[35m[1mConsolidate compiler generated dependencies of target usb_cam_node[0m
[ 75%] Built target test_usb_cam_utils
[ 87%] Built target test_pixel_formats
[ 93%] [32mBuilding CXX object CMakeFiles/usb_cam_node.dir/src/usb_cam_node.cpp.o[0m
[01m[K/home/iclab/Desktop/ros2/src/usb_cam/src/usb_cam_node.cpp:[m[K In member function â€˜[01m[Kvoid usb_cam::UsbCamNode::loadcamerasetfile()[m[Kâ€™:
[01m[K/home/iclab/Desktop/ros2/src/usb_cam/src/usb_cam_node.cpp:308:53:[m[K [01;31m[Kerror: [m[Kinvalid operands of types â€˜[01m[Kint[m[Kâ€™ and â€˜[01m[Kstd::nullptr_t[m[Kâ€™ to binary â€˜[01m[Koperator!=[m[Kâ€™
  308 |   if ([01;31m[KCameraSet.CameraParameterValue->white_balance != nullptr[m[K) {
      |       [01;31m[K~~~~~~~~~~~~~~~~~~~~~~~~~~~~~~~~~~~~~~~~~~~~~~^~~~~~~~~~[m[K
gmake[2]: *** [CMakeFiles/usb_cam_node.dir/build.make:76: CMakeFiles/usb_cam_node.dir/src/usb_cam_node.cpp.o] Error 1
gmake[1]: *** [CMakeFiles/Makefile2:189: CMakeFiles/usb_cam_node.dir/all] Error 2
gmake: *** [Makefile:146: all] Error 2
