[ 21%] Built target gtest_main
[ 28%] Built target usb_cam_node_exe
[ 42%] Built target usb_cam
[ 57%] Built target gtest
[35m[1mConsolidate compiler generated dependencies of target usb_cam_node[0m
[ 71%] Built target test_pixel_formats
[ 85%] Built target test_usb_cam_utils
[ 92%] [32mBuilding CXX object CMakeFiles/usb_cam_node.dir/src/usb_cam_node.cpp.o[0m
[01m[K/home/iclab/Desktop/ros2/src/usb_cam/src/usb_cam_node.cpp:[m[K In constructor â€˜[01m[Kusb_cam::UsbCamNode::UsbCamNode(const rclcpp::NodeOptions&)[m[Kâ€™:
[01m[K/home/iclab/Desktop/ros2/src/usb_cam/src/usb_cam_node.cpp:70:3:[m[K [01;31m[Kerror: [m[Kâ€˜[01m[KLoadCameraSetFile[m[Kâ€™ was not declared in this scope; did you mean â€˜[01m[Kloadcamerasetfile[m[Kâ€™?
   70 |   [01;31m[KLoadCameraSetFile[m[K();
      |   [01;31m[K^~~~~~~~~~~~~~~~~[m[K
      |   [32m[Kloadcamerasetfile[m[K
gmake[2]: *** [CMakeFiles/usb_cam_node.dir/build.make:76: CMakeFiles/usb_cam_node.dir/src/usb_cam_node.cpp.o] Error 1
gmake[1]: *** [CMakeFiles/Makefile2:189: CMakeFiles/usb_cam_node.dir/all] Error 2
gmake: *** [Makefile:146: all] Error 2
