[ 42%] Built target gtest_main
[ 42%] Built target usb_cam
[ 42%] Built target gtest
[ 57%] Built target usb_cam_node_exe
[ 78%] Built target test_pixel_formats
[ 78%] [32mBuilding CXX object CMakeFiles/usb_cam_node.dir/src/usb_cam_node.cpp.o[0m
[ 92%] Built target test_usb_cam_utils
[01m[K/home/iclab/Desktop/ros2/src/usb_cam/src/usb_cam_node.cpp:40:1:[m[K [01;31m[Kerror: [m[Kâ€˜[01m[KTdataUnit[m[Kâ€™ does not name a type
   40 | [01;31m[KTdataUnit[m[K CameraSet;
      | [01;31m[K^~~~~~~~~[m[K
[01m[K/home/iclab/Desktop/ros2/src/usb_cam/src/usb_cam_node.cpp:[m[K In member function â€˜[01m[Kvoid usb_cam::UsbCamNode::loadcamerasetfile()[m[Kâ€™:
[01m[K/home/iclab/Desktop/ros2/src/usb_cam/src/usb_cam_node.cpp:120:3:[m[K [01;31m[Kerror: [m[Kâ€˜[01m[KCameraSet[m[Kâ€™ was not declared in this scope
  120 |   [01;31m[KCameraSet[m[K.LoadCameraSetFile(location);
      |   [01;31m[K^~~~~~~~~[m[K
[01m[K/home/iclab/Desktop/ros2/src/usb_cam/src/usb_cam_node.cpp:120:31:[m[K [01;31m[Kerror: [m[Kâ€˜[01m[Klocation[m[Kâ€™ was not declared in this scope; did you mean â€˜[01m[Klocaltime[m[Kâ€™?
  120 |   CameraSet.LoadCameraSetFile([01;31m[Klocation[m[K);
      |                               [01;31m[K^~~~~~~~[m[K
      |                               [32m[Klocaltime[m[K
[01m[K/home/iclab/Desktop/ros2/src/usb_cam/src/usb_cam_node.cpp:[m[K In member function â€˜[01m[Kvoid usb_cam::UsbCamNode::savecamerasetfile()[m[Kâ€™:
[01m[K/home/iclab/Desktop/ros2/src/usb_cam/src/usb_cam_node.cpp:138:3:[m[K [01;31m[Kerror: [m[Kâ€˜[01m[KCameraSet[m[Kâ€™ was not declared in this scope
  138 |   [01;31m[KCameraSet[m[K.CameraParameterValue->brightness         = brightness_;
      |   [01;31m[K^~~~~~~~~[m[K
[01m[K/home/iclab/Desktop/ros2/src/usb_cam/src/usb_cam_node.cpp:144:31:[m[K [01;31m[Kerror: [m[Kâ€˜[01m[Klocation[m[Kâ€™ was not declared in this scope; did you mean â€˜[01m[Klocaltime[m[Kâ€™?
  144 |   CameraSet.SaveCameraSetFile([01;31m[Klocation[m[K);
      |                               [01;31m[K^~~~~~~~[m[K
      |                               [32m[Klocaltime[m[K
gmake[2]: *** [CMakeFiles/usb_cam_node.dir/build.make:76: CMakeFiles/usb_cam_node.dir/src/usb_cam_node.cpp.o] Error 1
gmake[1]: *** [CMakeFiles/Makefile2:189: CMakeFiles/usb_cam_node.dir/all] Error 2
gmake: *** [Makefile:146: all] Error 2
