[0.347s] Invoking command in '/home/iclab/Desktop/ros2/build/usb_cam': CMAKE_PREFIX_PATH=/home/iclab/Desktop/ros2/install/tku_msgs:/home/iclab/Desktop/ros2/install/web_video_server:/home/iclab/Desktop/ros2/install/usb_cam:/home/iclab/Desktop/ros2/install/serial:/home/iclab/Desktop/ros2/install/tku_libs:/home/iclab/Desktop/ros2/install/motionpackage:/opt/ros/humble LD_LIBRARY_PATH=/home/iclab/Desktop/ros2/install/tku_msgs/lib:/home/iclab/Desktop/ros2/install/usb_cam/lib:/opt/ros/humble/opt/rviz_ogre_vendor/lib:/opt/ros/humble/lib/x86_64-linux-gnu:/opt/ros/humble/lib /usr/bin/cmake --build /home/iclab/Desktop/ros2/build/usb_cam -- -j8 -l8
[0.397s] [ 42%] Built target gtest_main
[0.398s] [ 42%] Built target usb_cam
[0.398s] [ 42%] Built target gtest
[0.400s] [ 57%] Built target usb_cam_node_exe
[0.419s] [ 78%] Built target test_pixel_formats
[0.419s] [ 78%] [32mBuilding CXX object CMakeFiles/usb_cam_node.dir/src/usb_cam_node.cpp.o[0m
[0.420s] [ 92%] Built target test_usb_cam_utils
[2.575s] [01m[K/home/iclab/Desktop/ros2/src/usb_cam/src/usb_cam_node.cpp:40:1:[m[K [01;31m[Kerror: [m[Kâ€˜[01m[KTdataUnit[m[Kâ€™ does not name a type
[2.575s]    40 | [01;31m[KTdataUnit[m[K CameraSet;
[2.576s]       | [01;31m[K^~~~~~~~~[m[K
[2.613s] [01m[K/home/iclab/Desktop/ros2/src/usb_cam/src/usb_cam_node.cpp:[m[K In member function â€˜[01m[Kvoid usb_cam::UsbCamNode::loadcamerasetfile()[m[Kâ€™:
[2.613s] [01m[K/home/iclab/Desktop/ros2/src/usb_cam/src/usb_cam_node.cpp:120:3:[m[K [01;31m[Kerror: [m[Kâ€˜[01m[KCameraSet[m[Kâ€™ was not declared in this scope
[2.613s]   120 |   [01;31m[KCameraSet[m[K.LoadCameraSetFile(location);
[2.613s]       |   [01;31m[K^~~~~~~~~[m[K
[2.621s] [01m[K/home/iclab/Desktop/ros2/src/usb_cam/src/usb_cam_node.cpp:120:31:[m[K [01;31m[Kerror: [m[Kâ€˜[01m[Klocation[m[Kâ€™ was not declared in this scope; did you mean â€˜[01m[Klocaltime[m[Kâ€™?
[2.621s]   120 |   CameraSet.LoadCameraSetFile([01;31m[Klocation[m[K);
[2.621s]       |                               [01;31m[K^~~~~~~~[m[K
[2.621s]       |                               [32m[Klocaltime[m[K
[2.632s] [01m[K/home/iclab/Desktop/ros2/src/usb_cam/src/usb_cam_node.cpp:[m[K In member function â€˜[01m[Kvoid usb_cam::UsbCamNode::savecamerasetfile()[m[Kâ€™:
[2.632s] [01m[K/home/iclab/Desktop/ros2/src/usb_cam/src/usb_cam_node.cpp:138:3:[m[K [01;31m[Kerror: [m[Kâ€˜[01m[KCameraSet[m[Kâ€™ was not declared in this scope
[2.632s]   138 |   [01;31m[KCameraSet[m[K.CameraParameterValue->brightness         = brightness_;
[2.632s]       |   [01;31m[K^~~~~~~~~[m[K
[2.639s] [01m[K/home/iclab/Desktop/ros2/src/usb_cam/src/usb_cam_node.cpp:144:31:[m[K [01;31m[Kerror: [m[Kâ€˜[01m[Klocation[m[Kâ€™ was not declared in this scope; did you mean â€˜[01m[Klocaltime[m[Kâ€™?
[2.639s]   144 |   CameraSet.SaveCameraSetFile([01;31m[Klocation[m[K);
[2.639s]       |                               [01;31m[K^~~~~~~~[m[K
[2.639s]       |                               [32m[Klocaltime[m[K
[5.144s] gmake[2]: *** [CMakeFiles/usb_cam_node.dir/build.make:76: CMakeFiles/usb_cam_node.dir/src/usb_cam_node.cpp.o] Error 1
[5.144s] gmake[1]: *** [CMakeFiles/Makefile2:189: CMakeFiles/usb_cam_node.dir/all] Error 2
[5.144s] gmake: *** [Makefile:146: all] Error 2
[5.146s] Invoked command in '/home/iclab/Desktop/ros2/build/usb_cam' returned '2': CMAKE_PREFIX_PATH=/home/iclab/Desktop/ros2/install/tku_msgs:/home/iclab/Desktop/ros2/install/web_video_server:/home/iclab/Desktop/ros2/install/usb_cam:/home/iclab/Desktop/ros2/install/serial:/home/iclab/Desktop/ros2/install/tku_libs:/home/iclab/Desktop/ros2/install/motionpackage:/opt/ros/humble LD_LIBRARY_PATH=/home/iclab/Desktop/ros2/install/tku_msgs/lib:/home/iclab/Desktop/ros2/install/usb_cam/lib:/opt/ros/humble/opt/rviz_ogre_vendor/lib:/opt/ros/humble/lib/x86_64-linux-gnu:/opt/ros/humble/lib /usr/bin/cmake --build /home/iclab/Desktop/ros2/build/usb_cam -- -j8 -l8
