[0.293s] Invoking command in '/home/iclab/Desktop/ros2/build/usb_cam': CMAKE_PREFIX_PATH=/home/iclab/Desktop/ros2/install/tku_msgs:/home/iclab/Desktop/ros2/install/web_video_server:/home/iclab/Desktop/ros2/install/usb_cam:/home/iclab/Desktop/ros2/install/serial:/home/iclab/Desktop/ros2/install/tku_libs:/home/iclab/Desktop/ros2/install/motionpackage:/opt/ros/humble LD_LIBRARY_PATH=/home/iclab/Desktop/ros2/install/tku_msgs/lib:/home/iclab/Desktop/ros2/install/usb_cam/lib:/opt/ros/humble/opt/rviz_ogre_vendor/lib:/opt/ros/humble/lib/x86_64-linux-gnu:/opt/ros/humble/lib /usr/bin/cmake --build /home/iclab/Desktop/ros2/build/usb_cam -- -j8 -l8
[0.331s] [ 14%] Built target usb_cam_node_exe
[0.334s] [ 42%] Built target usb_cam
[0.334s] [ 42%] Built target gtest
[0.334s] [ 57%] Built target gtest_main
[0.345s] [35m[1mConsolidate compiler generated dependencies of target usb_cam_node[0m
[0.351s] [ 71%] Built target test_usb_cam_utils
[0.356s] [ 85%] Built target test_pixel_formats
[0.358s] [ 92%] [32mBuilding CXX object CMakeFiles/usb_cam_node.dir/src/usb_cam_node.cpp.o[0m
[2.205s] In file included from [01m[K/home/iclab/Desktop/ros2/src/usb_cam/src/usb_cam_node.cpp:34[m[K:
[2.206s] [01m[K/home/iclab/Desktop/ros2/src/usb_cam/include/usb_cam/usb_cam_node.hpp:92:3:[m[K [01;31m[Kerror: [m[Kâ€˜[01m[Ksub_camera_param_[m[Kâ€™ does not name a type
[2.206s]    92 |   [01;31m[Ksub_camera_param_[m[K = this->create_subscription<tku_msgs::msg::Camera>(
[2.206s]       |   [01;31m[K^~~~~~~~~~~~~~~~~[m[K
[2.206s] [01m[K/home/iclab/Desktop/ros2/src/usb_cam/include/usb_cam/usb_cam_node.hpp:95:11:[m[K [01;31m[Kerror: [m[Kâ€˜[01m[KSubsrciption[m[Kâ€™ in namespace â€˜[01m[Krclcpp[m[Kâ€™ does not name a template type; did you mean â€˜[01m[KSubscription[m[Kâ€™?
[2.206s]    95 |   rclcpp::[01;31m[KSubsrciption[m[K<tku_msgs::msg::Camera>::SharedPtr sub_camera_param_;
[2.206s]       |           [01;31m[K^~~~~~~~~~~~[m[K
[2.206s]       |           [32m[KSubscription[m[K
[2.245s] [01m[K/home/iclab/Desktop/ros2/src/usb_cam/src/usb_cam_node.cpp:219:6:[m[K [01;31m[Kerror: [m[Kno declaration matches â€˜[01m[Kvoid usb_cam::UsbCamNode::camera_param_callback(const Camera&)[m[Kâ€™
[2.245s]   219 | void [01;31m[KUsbCamNode[m[K::camera_param_callback(const tku_msgs::msg::Camera &msg) {
[2.245s]       |      [01;31m[K^~~~~~~~~~[m[K
[2.245s] [01m[K/home/iclab/Desktop/ros2/src/usb_cam/src/usb_cam_node.cpp:219:6:[m[K [01;36m[Knote: [m[Kno functions named â€˜[01m[Kvoid usb_cam::UsbCamNode::camera_param_callback(const Camera&)[m[Kâ€™
[2.245s] In file included from [01m[K/home/iclab/Desktop/ros2/src/usb_cam/src/usb_cam_node.cpp:34[m[K:
[2.245s] [01m[K/home/iclab/Desktop/ros2/src/usb_cam/include/usb_cam/usb_cam_node.hpp:57:7:[m[K [01;36m[Knote: [m[Kâ€˜[01m[Kclass usb_cam::UsbCamNode[m[Kâ€™ defined here
[2.245s]    57 | class [01;36m[KUsbCamNode[m[K : public rclcpp::Node
[2.245s]       |       [01;36m[K^~~~~~~~~~[m[K
[2.901s] gmake[2]: *** [CMakeFiles/usb_cam_node.dir/build.make:76: CMakeFiles/usb_cam_node.dir/src/usb_cam_node.cpp.o] Error 1
[2.901s] gmake[1]: *** [CMakeFiles/Makefile2:189: CMakeFiles/usb_cam_node.dir/all] Error 2
[2.901s] gmake: *** [Makefile:146: all] Error 2
[2.903s] Invoked command in '/home/iclab/Desktop/ros2/build/usb_cam' returned '2': CMAKE_PREFIX_PATH=/home/iclab/Desktop/ros2/install/tku_msgs:/home/iclab/Desktop/ros2/install/web_video_server:/home/iclab/Desktop/ros2/install/usb_cam:/home/iclab/Desktop/ros2/install/serial:/home/iclab/Desktop/ros2/install/tku_libs:/home/iclab/Desktop/ros2/install/motionpackage:/opt/ros/humble LD_LIBRARY_PATH=/home/iclab/Desktop/ros2/install/tku_msgs/lib:/home/iclab/Desktop/ros2/install/usb_cam/lib:/opt/ros/humble/opt/rviz_ogre_vendor/lib:/opt/ros/humble/lib/x86_64-linux-gnu:/opt/ros/humble/lib /usr/bin/cmake --build /home/iclab/Desktop/ros2/build/usb_cam -- -j8 -l8
