[0.362s] Invoking command in '/home/iclab/Desktop/ros2/build/usb_cam': CMAKE_PREFIX_PATH=/home/iclab/Desktop/ros2/install/tku_msgs:/home/iclab/Desktop/ros2/install/web_video_server:/home/iclab/Desktop/ros2/install/usb_cam:/home/iclab/Desktop/ros2/install/serial:/home/iclab/Desktop/ros2/install/tku_libs:/home/iclab/Desktop/ros2/install/motionpackage:/opt/ros/humble LD_LIBRARY_PATH=/home/iclab/Desktop/ros2/install/tku_msgs/lib:/home/iclab/Desktop/ros2/install/usb_cam/lib:/opt/ros/humble/opt/rviz_ogre_vendor/lib:/opt/ros/humble/lib/x86_64-linux-gnu:/opt/ros/humble/lib /usr/bin/cmake --build /home/iclab/Desktop/ros2/build/usb_cam -- -j8 -l8
[0.380s] -- Found ament_cmake_auto: 1.3.6 (/opt/ros/humble/share/ament_cmake_auto/cmake)
[0.581s] -- Found rosidl_generator_c: 3.1.5 (/opt/ros/humble/share/rosidl_generator_c/cmake)
[0.584s] -- Found rosidl_adapter: 3.1.5 (/opt/ros/humble/share/rosidl_adapter/cmake)
[0.591s] -- Found rosidl_generator_cpp: 3.1.5 (/opt/ros/humble/share/rosidl_generator_cpp/cmake)
[0.604s] -- Using all available rosidl_typesupport_c: rosidl_typesupport_fastrtps_c;rosidl_typesupport_introspection_c
[0.623s] -- Using all available rosidl_typesupport_cpp: rosidl_typesupport_fastrtps_cpp;rosidl_typesupport_introspection_cpp
[0.864s] -- Found rmw_implementation_cmake: 6.1.1 (/opt/ros/humble/share/rmw_implementation_cmake/cmake)
[0.865s] -- Found rmw_fastrtps_cpp: 6.2.5 (/opt/ros/humble/share/rmw_fastrtps_cpp/cmake)
[0.944s] -- Using RMW implementation 'rmw_fastrtps_cpp' as default
[1.175s] -- Found ament_lint_auto: 0.12.9 (/opt/ros/humble/share/ament_lint_auto/cmake)
[1.179s] -- Found gtest sources under '/opt/ros/humble/src/gtest_vendor': C++ tests using 'Google Test' will be built
[1.184s] -- Added test 'copyright' to check source files copyright and LICENSE
[1.187s] -- Added test 'cppcheck' to perform static code analysis on C / C++ code
[1.187s] -- Configured cppcheck include dirs: /home/iclab/Desktop/ros2/src/usb_cam/include
[1.187s] -- Configured cppcheck exclude dirs and/or files: 
[1.189s] -- Added test 'cpplint' to check C / C++ code against the Google style
[1.189s] -- Configured cpplint exclude dirs and/or files: 
[1.189s] -- Added test 'flake8' to check Python code syntax and style conventions
[1.190s] -- Added test 'lint_cmake' to check CMake code style
[1.190s] -- Added test 'pep257' to check Python code against some of the docstring style conventions in PEP 257
[1.192s] -- Added test 'uncrustify' to check C / C++ code style
[1.192s] -- Configured uncrustify additional arguments: 
[1.193s] -- Added test 'xmllint' to check XML markup files
[1.194s] -- Configuring done
[1.213s] -- Generating done
[1.214s] -- Build files have been written to: /home/iclab/Desktop/ros2/build/usb_cam
[1.233s] [35m[1mConsolidate compiler generated dependencies of target usb_cam[0m
[1.235s] [35m[1mConsolidate compiler generated dependencies of target gtest[0m
[1.235s] [35m[1mConsolidate compiler generated dependencies of target gtest_main[0m
[1.235s] [35m[1mConsolidate compiler generated dependencies of target usb_cam_node_exe[0m
[1.245s] [  5%] [32mBuilding CXX object CMakeFiles/usb_cam_tool.dir/src/tool.cpp.o[0m
[1.248s] [ 16%] [32mBuilding CXX object CMakeFiles/usb_cam.dir/src/tdataunit.cpp.o[0m
[1.248s] [ 16%] [32mBuilding CXX object CMakeFiles/usb_cam.dir/src/tool.cpp.o[0m
[1.248s] [ 38%] Built target gtest
[1.248s] [ 38%] Built target gtest_main
[1.253s] [01m[K/home/iclab/Desktop/ros2/src/usb_cam/src/tool.cpp:1:10:[m[K [01;31m[Kfatal error: [m[Kusb_cam/tool.hpp: No such file or directory
[1.253s]     1 | #include [01;31m[K"usb_cam/tool.hpp"[m[K
[1.253s]       |          [01;31m[K^~~~~~~~~~~~~~~~~~[m[K
[1.253s] compilation terminated.
[1.254s] In file included from [01m[K/home/iclab/Desktop/ros2/src/usb_cam/src/tool.cpp:1[m[K:
[1.254s] [01m[K/home/iclab/Desktop/ros2/src/usb_cam/include/usb_cam/tool.hpp:4:10:[m[K [01;31m[Kfatal error: [m[Kament_index_cpp/get_package_share_directory.hpp: No such file or directory
[1.254s]     4 | #include [01;31m[K<ament_index_cpp/get_package_share_directory.hpp>[m[K
[1.254s]       |          [01;31m[K^~~~~~~~~~~~~~~~~~~~~~~~~~~~~~~~~~~~~~~~~~~~~~~~~[m[K
[1.254s] compilation terminated.
[1.254s] gmake[2]: *** [CMakeFiles/usb_cam_tool.dir/build.make:76: CMakeFiles/usb_cam_tool.dir/src/tool.cpp.o] Error 1
[1.254s] gmake[2]: *** [CMakeFiles/usb_cam.dir/build.make:104: CMakeFiles/usb_cam.dir/src/tool.cpp.o] Error 1
[1.254s] gmake[1]: *** [CMakeFiles/Makefile2:165: CMakeFiles/usb_cam_tool.dir/all] Error 2
[1.254s] gmake[2]: *** Waiting for unfinished jobs....
[1.254s] gmake[1]: *** Waiting for unfinished jobs....
[1.254s] [ 50%] Built target usb_cam_node_exe
[1.275s] In file included from [01m[K/home/iclab/Desktop/ros2/src/usb_cam/include/usb_cam/tdataunit.hpp:7[m[K,
[1.275s]                  from [01m[K/home/iclab/Desktop/ros2/src/usb_cam/src/tdataunit.cpp:1[m[K:
[1.275s] [01m[K/home/iclab/Desktop/ros2/src/usb_cam/include/usb_cam/tool.hpp:4:10:[m[K [01;31m[Kfatal error: [m[Kament_index_cpp/get_package_share_directory.hpp: No such file or directory
[1.275s]     4 | #include [01;31m[K<ament_index_cpp/get_package_share_directory.hpp>[m[K
[1.275s]       |          [01;31m[K^~~~~~~~~~~~~~~~~~~~~~~~~~~~~~~~~~~~~~~~~~~~~~~~~[m[K
[1.275s] compilation terminated.
[1.276s] gmake[2]: *** [CMakeFiles/usb_cam.dir/build.make:90: CMakeFiles/usb_cam.dir/src/tdataunit.cpp.o] Error 1
[1.276s] gmake[1]: *** [CMakeFiles/Makefile2:191: CMakeFiles/usb_cam.dir/all] Error 2
[1.276s] gmake: *** [Makefile:146: all] Error 2
[1.278s] Invoked command in '/home/iclab/Desktop/ros2/build/usb_cam' returned '2': CMAKE_PREFIX_PATH=/home/iclab/Desktop/ros2/install/tku_msgs:/home/iclab/Desktop/ros2/install/web_video_server:/home/iclab/Desktop/ros2/install/usb_cam:/home/iclab/Desktop/ros2/install/serial:/home/iclab/Desktop/ros2/install/tku_libs:/home/iclab/Desktop/ros2/install/motionpackage:/opt/ros/humble LD_LIBRARY_PATH=/home/iclab/Desktop/ros2/install/tku_msgs/lib:/home/iclab/Desktop/ros2/install/usb_cam/lib:/opt/ros/humble/opt/rviz_ogre_vendor/lib:/opt/ros/humble/lib/x86_64-linux-gnu:/opt/ros/humble/lib /usr/bin/cmake --build /home/iclab/Desktop/ros2/build/usb_cam -- -j8 -l8
