In file included from [01m[K/home/iclab/Desktop/ros2/src/usb_cam/src/usb_cam_node.cpp:34[m[K:
[01m[K/home/iclab/Desktop/ros2/src/usb_cam/include/usb_cam/usb_cam_node.hpp:106:5:[m[K [01;31m[Kerror: [m[Kâ€˜[01m[Knode[m[Kâ€™ was not declared in this scope; did you mean â€˜[01m[KNode[m[Kâ€™?
  106 |     [01;31m[Knode[m[K->create_service<tku_msgs::srv::CameraInfo>("add_two_ints", &add);
      |     [01;31m[K^~~~[m[K
      |     [32m[KNode[m[K
[01m[K/home/iclab/Desktop/ros2/src/usb_cam/include/usb_cam/usb_cam_node.hpp:106:51:[m[K [01;31m[Kerror: [m[Kexpected primary-expression before â€˜[01m[K>[m[Kâ€™ token
  106 |     node->create_service<tku_msgs::srv::CameraInfo[01;31m[K>[m[K("add_two_ints", &add);
      |                                                   [01;31m[K^[m[K
[01m[K/home/iclab/Desktop/ros2/src/usb_cam/include/usb_cam/usb_cam_node.hpp:106:70:[m[K [01;31m[Kerror: [m[Kâ€˜[01m[Kadd[m[Kâ€™ was not declared in this scope; did you mean â€˜[01m[Kcv::add[m[Kâ€™?
  106 |  node->create_service<tku_msgs::srv::CameraInfo>("add_two_ints", &[01;31m[Kadd[m[K);
      |                                                                   [01;31m[K^~~[m[K
      |                                                                   [32m[Kcv::add[m[K
In file included from [01m[K/usr/include/opencv4/opencv2/imgproc.hpp:46[m[K,
                 from [01m[K/home/iclab/Desktop/ros2/src/usb_cam/include/usb_cam/formats/m420.hpp:35[m[K,
                 from [01m[K/home/iclab/Desktop/ros2/src/usb_cam/include/usb_cam/usb_cam.hpp:53[m[K,
                 from [01m[K/home/iclab/Desktop/ros2/src/usb_cam/include/usb_cam/usb_cam_node.hpp:44[m[K,
                 from [01m[K/home/iclab/Desktop/ros2/src/usb_cam/src/usb_cam_node.cpp:34[m[K:
[01m[K/usr/include/opencv4/opencv2/core.hpp:360:19:[m[K [01;36m[Knote: [m[Kâ€˜[01m[Kcv::add[m[Kâ€™ declared here
  360 | CV_EXPORTS_W void [01;36m[Kadd[m[K(InputArray src1, InputArray src2, OutputArray dst,
      |                   [01;36m[K^~~[m[K
[01m[K/home/iclab/Desktop/ros2/src/usb_cam/src/usb_cam_node.cpp:[m[K In constructor â€˜[01m[Kusb_cam::UsbCamNode::UsbCamNode(const rclcpp::NodeOptions&)[m[Kâ€™:
[01m[K/home/iclab/Desktop/ros2/src/usb_cam/src/usb_cam_node.cpp:65:42:[m[K [01;31m[Kerror: [m[Kâ€˜[01m[Kcallcamerainfofunction[m[Kâ€™ is not a member of â€˜[01m[Kusb_cam::UsbCamNode[m[Kâ€™
   65 |   "//CameraInfo", std::bind(&UsbCamNode::[01;31m[Kcallcamerainfofunction[m[K, this, std::placeholders::_1, std::placeholders::_2));
      |                                          [01;31m[K^~~~~~~~~~~~~~~~~~~~~~[m[K
[01m[K/home/iclab/Desktop/ros2/src/usb_cam/src/usb_cam_node.cpp:[m[K At global scope:
[01m[K/home/iclab/Desktop/ros2/src/usb_cam/src/usb_cam_node.cpp:227:47:[m[K [01;31m[Kerror: [m[Kâ€˜[01m[Ketku_msgs[m[Kâ€™ does not name a type
  227 | bool UsbCamNode::callcamerainfofunction(const [01;31m[Ketku_msgs[m[K::srv::CameraInfo::Request request,
      |                                               [01;31m[K^~~~~~~~~[m[K
[01m[K/home/iclab/Desktop/ros2/src/usb_cam/src/usb_cam_node.cpp:227:61:[m[K [01;31m[Kerror: [m[Kexpected unqualified-id before â€˜[01m[K::[m[Kâ€™ token
  227 | bool UsbCamNode::callcamerainfofunction(const etku_msgs::srv[01;31m[K::[m[KCameraInfo::Request request,
      |                                                             [01;31m[K^~[m[K
[01m[K/home/iclab/Desktop/ros2/src/usb_cam/src/usb_cam_node.cpp:227:61:[m[K [01;31m[Kerror: [m[Kexpected â€˜[01m[K)[m[Kâ€™ before â€˜[01m[K::[m[Kâ€™ token
  227 | bool UsbCamNode::callcamerainfofunction[34m[K([m[Kconst etku_msgs::srv[01;31m[K:[m[K[32m[K:[m[KCameraInfo::Request request,
      |                                        [34m[K~[m[K                    [01;31m[K^[m[K[32m[K~[m[K
      |                                                             [32m[K)[m[K
[01m[K/home/iclab/Desktop/ros2/src/usb_cam/src/usb_cam_node.cpp:227:61:[m[K [01;31m[Kerror: [m[Kexpected initializer before â€˜[01m[K::[m[Kâ€™ token
  227 | bool UsbCamNode::callcamerainfofunction(const etku_msgs::srv[01;31m[K::[m[KCameraInfo::Request request,
      |                                                             [01;31m[K^~[m[K
gmake[2]: *** [CMakeFiles/usb_cam_node.dir/build.make:76: CMakeFiles/usb_cam_node.dir/src/usb_cam_node.cpp.o] Error 1
gmake[1]: *** [CMakeFiles/Makefile2:189: CMakeFiles/usb_cam_node.dir/all] Error 2
gmake: *** [Makefile:146: all] Error 2
