[0.276s] Invoking command in '/home/iclab/Desktop/ros2/build/usb_cam': CMAKE_PREFIX_PATH=/home/iclab/Desktop/ros2/install/tku_msgs:/home/iclab/Desktop/ros2/install/web_video_server:/home/iclab/Desktop/ros2/install/usb_cam:/home/iclab/Desktop/ros2/install/serial:/home/iclab/Desktop/ros2/install/tku_libs:/home/iclab/Desktop/ros2/install/motionpackage:/opt/ros/humble LD_LIBRARY_PATH=/home/iclab/Desktop/ros2/install/tku_msgs/lib:/home/iclab/Desktop/ros2/install/usb_cam/lib:/opt/ros/humble/opt/rviz_ogre_vendor/lib:/opt/ros/humble/lib/x86_64-linux-gnu:/opt/ros/humble/lib /usr/bin/cmake --build /home/iclab/Desktop/ros2/build/usb_cam -- -j8 -l8
[0.321s] [ 14%] Built target gtest_main
[0.321s] [ 28%] Built target usb_cam_node_exe
[0.321s] [ 42%] Built target gtest
[0.322s] [ 57%] Built target usb_cam
[0.333s] [35m[1mConsolidate compiler generated dependencies of target usb_cam_node[0m
[0.342s] [ 71%] Built target test_usb_cam_utils
[0.345s] [ 85%] Built target test_pixel_formats
[0.348s] [ 92%] [32mBuilding CXX object CMakeFiles/usb_cam_node.dir/src/usb_cam_node.cpp.o[0m
[2.291s] [01m[K/home/iclab/Desktop/ros2/src/usb_cam/src/usb_cam_node.cpp:[m[K In destructor â€˜[01m[Kvirtual usb_cam::UsbCamNode::~UsbCamNode()[m[Kâ€™:
[2.291s] [01m[K/home/iclab/Desktop/ros2/src/usb_cam/src/usb_cam_node.cpp:98:1:[m[K [01;31m[Kerror: [m[Kâ€˜[01m[Kwhite_balance_temperature_auto[m[Kâ€™ was not declared in this scope
[2.291s]    98 | [01;31m[Kwhite_balance_temperature_auto[m[K
[2.291s]       | [01;31m[K^~~~~~~~~~~~~~~~~~~~~~~~~~~~~~[m[K
[2.291s] [01m[K/home/iclab/Desktop/ros2/src/usb_cam/src/usb_cam_node.cpp:115:22:[m[K [01;31m[Kerror: [m[Kqualified-id in declaration before â€˜[01m[K([m[Kâ€™ token
[2.291s]   115 | void UsbCamNode::init[01;31m[K([m[K)
[2.291s]       |                      [01;31m[K^[m[K
[2.291s] [01m[K/home/iclab/Desktop/ros2/src/usb_cam/src/usb_cam_node.cpp:198:28:[m[K [01;31m[Kerror: [m[Kqualified-id in declaration before â€˜[01m[K([m[Kâ€™ token
[2.291s]   198 | void UsbCamNode::get_params[01;31m[K([m[K)
[2.291s]       |                            [01;31m[K^[m[K
[2.291s] [01m[K/home/iclab/Desktop/ros2/src/usb_cam/src/usb_cam_node.cpp:228:39:[m[K [01;31m[Kerror: [m[Kqualified-id in declaration before â€˜[01m[K([m[Kâ€™ token
[2.291s]   228 | void UsbCamNode::camera_param_callback[01;31m[K([m[Kconst tku_msgs::msg::Camera &msg) {
[2.292s]       |                                       [01;31m[K^[m[K
[2.292s] [01m[K/home/iclab/Desktop/ros2/src/usb_cam/src/usb_cam_node.cpp:265:31:[m[K [01;31m[Kerror: [m[Kqualified-id in declaration before â€˜[01m[K([m[Kâ€™ token
[2.292s]   265 | void UsbCamNode::assign_params[01;31m[K([m[Kconst std::vector<rclcpp::Parameter> & parameters)
[2.292s]       |                               [01;31m[K^[m[K
[2.292s] [01m[K/home/iclab/Desktop/ros2/src/usb_cam/src/usb_cam_node.cpp:318:33:[m[K [01;31m[Kerror: [m[Kqualified-id in declaration before â€˜[01m[K([m[Kâ€™ token
[2.292s]   318 | void UsbCamNode::set_v4l2_params[01;31m[K([m[K)
[2.292s]       |                                 [01;31m[K^[m[K
[2.292s] [01m[K/home/iclab/Desktop/ros2/src/usb_cam/src/usb_cam_node.cpp:383:37:[m[K [01;31m[Kerror: [m[Kqualified-id in declaration before â€˜[01m[K([m[Kâ€™ token
[2.292s]   383 | bool UsbCamNode::take_and_send_image[01;31m[K([m[K)
[2.292s]       |                                     [01;31m[K^[m[K
[2.292s] [01m[K/home/iclab/Desktop/ros2/src/usb_cam/src/usb_cam_node.cpp:412:73:[m[K [01;31m[Kerror: [m[Kqualified-id in declaration before â€˜[01m[K([m[Kâ€™ token
[2.292s]   412 | rcl_interfaces::msg::SetParametersResult UsbCamNode::parameters_callback[01;31m[K([m[K
[2.292s]       |                                                                         [01;31m[K^[m[K
[2.292s] [01m[K/home/iclab/Desktop/ros2/src/usb_cam/src/usb_cam_node.cpp:425:24:[m[K [01;31m[Kerror: [m[Kqualified-id in declaration before â€˜[01m[K([m[Kâ€™ token
[2.292s]   425 | void UsbCamNode::update[01;31m[K([m[K)
[2.292s]       |                        [01;31m[K^[m[K
[2.302s] In file included from [01m[K/opt/ros/humble/include/class_loader/class_loader/class_loader.hpp:56[m[K,
[2.302s]                  from [01m[K/opt/ros/humble/include/rclcpp_components/rclcpp_components/register_node_macro.hpp:18[m[K,
[2.302s]                  from [01m[K/home/iclab/Desktop/ros2/src/usb_cam/src/usb_cam_node.cpp:438[m[K:
[2.302s] [01m[K/home/iclab/Desktop/ros2/src/usb_cam/src/usb_cam_node.cpp:[m[K At global scope:
[2.302s] [01m[K/home/iclab/Desktop/ros2/src/usb_cam/src/usb_cam_node.cpp:439:1:[m[K [01;31m[Kerror: [m[Kexpected â€˜[01m[K}[m[Kâ€™ at end of input
[2.302s]   439 | [01;31m[KRCLCPP_COMPONENTS_REGISTER_NODE[m[K(usb_cam::UsbCamNode)
[2.302s]       | [01;31m[K^~~~~~~~~~~~~~~~~~~~~~~~~~~~~~~[m[K
[2.302s] [01m[K/home/iclab/Desktop/ros2/src/usb_cam/src/usb_cam_node.cpp:40:1:[m[K [01;36m[Knote: [m[Kto match this â€˜[01m[K{[m[Kâ€™
[2.302s]    40 | [01;36m[K{[m[K
[2.302s]       | [01;36m[K^[m[K
[4.277s] gmake[2]: *** [CMakeFiles/usb_cam_node.dir/build.make:76: CMakeFiles/usb_cam_node.dir/src/usb_cam_node.cpp.o] Error 1
[4.277s] gmake[1]: *** [CMakeFiles/Makefile2:189: CMakeFiles/usb_cam_node.dir/all] Error 2
[4.277s] gmake: *** [Makefile:146: all] Error 2
[4.279s] Invoked command in '/home/iclab/Desktop/ros2/build/usb_cam' returned '2': CMAKE_PREFIX_PATH=/home/iclab/Desktop/ros2/install/tku_msgs:/home/iclab/Desktop/ros2/install/web_video_server:/home/iclab/Desktop/ros2/install/usb_cam:/home/iclab/Desktop/ros2/install/serial:/home/iclab/Desktop/ros2/install/tku_libs:/home/iclab/Desktop/ros2/install/motionpackage:/opt/ros/humble LD_LIBRARY_PATH=/home/iclab/Desktop/ros2/install/tku_msgs/lib:/home/iclab/Desktop/ros2/install/usb_cam/lib:/opt/ros/humble/opt/rviz_ogre_vendor/lib:/opt/ros/humble/lib/x86_64-linux-gnu:/opt/ros/humble/lib /usr/bin/cmake --build /home/iclab/Desktop/ros2/build/usb_cam -- -j8 -l8
