[0.282s] Invoking command in '/home/iclab/Desktop/ros2/build/usb_cam': CMAKE_PREFIX_PATH=/home/iclab/Desktop/ros2/install/tku_msgs:/home/iclab/ros2_humble/install/ament_index_cpp/:/home/iclab/Desktop/ros2/install/web_video_server:/home/iclab/Desktop/ros2/install/usb_cam:/home/iclab/Desktop/ros2/install/tku_libs:/home/iclab/Desktop/ros2/install/serial:/home/iclab/Desktop/ros2/install/motionpackage:/opt/ros/humble LD_LIBRARY_PATH=/home/iclab/Desktop/ros2/install/tku_msgs/lib:/home/iclab/Desktop/ros2/install/usb_cam/lib:/opt/ros/humble/opt/rviz_ogre_vendor/lib:/opt/ros/humble/lib/x86_64-linux-gnu:/opt/ros/humble/lib /usr/bin/cmake --build /home/iclab/Desktop/ros2/build/usb_cam -- -j8 -l8
[0.325s] [ 18%] Built target gtest_main
[0.325s] [ 25%] Built target gtest
[0.326s] [ 50%] Built target usb_cam
[0.326s] [ 62%] Built target usb_cam_node_exe
[0.337s] [35m[1mConsolidate compiler generated dependencies of target usb_cam_node[0m
[0.344s] [ 75%] Built target test_usb_cam_utils
[0.345s] [ 87%] Built target test_pixel_formats
[0.355s] [ 93%] [32mBuilding CXX object CMakeFiles/usb_cam_node.dir/src/usb_cam_node.cpp.o[0m
[2.337s] [01m[K/home/iclab/Desktop/ros2/src/usb_cam/src/usb_cam_node.cpp:[m[K In member function â€˜[01m[Kfloat Tool::readvalue(std::fstream&, std::string, int)[m[Kâ€™:
[2.337s] [01m[K/home/iclab/Desktop/ros2/src/usb_cam/src/usb_cam_node.cpp:75:10:[m[K [01;31m[Kerror: [m[Kunused variable â€˜[01m[Kequal[m[Kâ€™ [[01;31m[K]8;;https://gcc.gnu.org/onlinedocs/gcc/Warning-Options.html#index-Wunused-variable-Werror=unused-variable]8;;[m[K]
[2.337s]    75 |     char [01;31m[Kequal[m[K;
[2.337s]       |          [01;31m[K^~~~~[m[K
[2.337s] [01m[K/home/iclab/Desktop/ros2/src/usb_cam/src/usb_cam_node.cpp:[m[K At global scope:
[2.337s] [01m[K/home/iclab/Desktop/ros2/src/usb_cam/src/usb_cam_node.cpp:125:1:[m[K [01;31m[Kerror: [m[Kredefinition of â€˜[01m[KTdataUnit::TdataUnit()[m[Kâ€™
[2.337s]   125 | [01;31m[KTdataUnit[m[K::TdataUnit()
[2.337s]       | [01;31m[K^~~~~~~~~[m[K
[2.337s] In file included from [01m[K/home/iclab/Desktop/ros2/src/usb_cam/src/usb_cam_node.cpp:33[m[K:
[2.337s] [01m[K/home/iclab/Desktop/ros2/src/usb_cam/include/usb_cam/usb_cam_node.hpp:113:5:[m[K [01;36m[Knote: [m[Kâ€˜[01m[KTdataUnit::TdataUnit()[m[Kâ€™ previously defined here
[2.337s]   113 |     [01;36m[KTdataUnit[m[K() { CameraParameterValue = new CameraParameter(); }
[2.337s]       |     [01;36m[K^~~~~~~~~[m[K
[2.337s] [01m[K/home/iclab/Desktop/ros2/src/usb_cam/src/usb_cam_node.cpp:139:1:[m[K [01;31m[Kerror: [m[Kredefinition of â€˜[01m[KTdataUnit::~TdataUnit()[m[Kâ€™
[2.337s]   139 | [01;31m[KTdataUnit[m[K::~TdataUnit()
[2.338s]       | [01;31m[K^~~~~~~~~[m[K
[2.338s] In file included from [01m[K/home/iclab/Desktop/ros2/src/usb_cam/src/usb_cam_node.cpp:33[m[K:
[2.338s] [01m[K/home/iclab/Desktop/ros2/src/usb_cam/include/usb_cam/usb_cam_node.hpp:114:5:[m[K [01;36m[Knote: [m[Kâ€˜[01m[KTdataUnit::~TdataUnit()[m[Kâ€™ previously defined here
[2.338s]   114 |     [01;36m[K~[m[KTdataUnit() { delete CameraParameterValue; }
[2.338s]       |     [01;36m[K^[m[K
[2.338s] [01m[K/home/iclab/Desktop/ros2/src/usb_cam/src/usb_cam_node.cpp:[m[K In member function â€˜[01m[Kvoid TdataUnit::SaveCameraSetFile(std::string)[m[Kâ€™:
[2.338s] [01m[K/home/iclab/Desktop/ros2/src/usb_cam/src/usb_cam_node.cpp:146:28:[m[K [01;31m[Kerror: [m[Kexpected primary-expression before â€˜[01m[K->[m[Kâ€™ token
[2.338s]   146 |     std::string path = Tool[01;31m[K->[m[KgetPackagePath(location);
[2.338s]       |                            [01;31m[K^~[m[K
[2.338s] [01m[K/home/iclab/Desktop/ros2/src/usb_cam/src/usb_cam_node.cpp:151:42:[m[K [01;31m[Kerror: [m[Kâ€˜[01m[Kstruct CameraParameter[m[Kâ€™ has no member named â€˜[01m[KParameterName[m[Kâ€™
[2.338s]   151 |         OutFile << CameraParameterValue->[01;31m[KParameterName[m[K << "\n";
[2.338s]       |                                          [01;31m[K^~~~~~~~~~~~~[m[K
[2.338s] [01m[K/home/iclab/Desktop/ros2/src/usb_cam/src/usb_cam_node.cpp:[m[K In member function â€˜[01m[Kvoid TdataUnit::LoadCameraSetFile(std::string)[m[Kâ€™:
[2.338s] [01m[K/home/iclab/Desktop/ros2/src/usb_cam/src/usb_cam_node.cpp:170:28:[m[K [01;31m[Kerror: [m[Kexpected primary-expression before â€˜[01m[K->[m[Kâ€™ token
[2.338s]   170 |     std::string path = Tool[01;31m[K->[m[KgetPackagePath(location);
[2.338s]       |                            [01;31m[K^~[m[K
[2.339s] [01m[K/home/iclab/Desktop/ros2/src/usb_cam/src/usb_cam_node.cpp:183:48:[m[K [01;31m[Kerror: [m[Kexpected primary-expression before â€˜[01m[K->[m[Kâ€™ token
[2.339s]   183 |         CameraParameterValue->brightness = Tool[01;31m[K->[m[Kreadvalue(fin, "brightness", 0);
[2.339s]       |                                                [01;31m[K^~[m[K
[2.339s] [01m[K/home/iclab/Desktop/ros2/src/usb_cam/src/usb_cam_node.cpp:184:46:[m[K [01;31m[Kerror: [m[Kexpected primary-expression before â€˜[01m[K->[m[Kâ€™ token
[2.339s]   184 |         CameraParameterValue->contrast = Tool[01;31m[K->[m[Kreadvalue(fin, "contrast", 0);
[2.339s]       |                                              [01;31m[K^~[m[K
[2.339s] [01m[K/home/iclab/Desktop/ros2/src/usb_cam/src/usb_cam_node.cpp:185:48:[m[K [01;31m[Kerror: [m[Kexpected primary-expression before â€˜[01m[K->[m[Kâ€™ token
[2.339s]   185 |         CameraParameterValue->saturation = Tool[01;31m[K->[m[Kreadvalue(fin, "saturation", 0);
[2.339s]       |                                                [01;31m[K^~[m[K
[2.339s] [01m[K/home/iclab/Desktop/ros2/src/usb_cam/src/usb_cam_node.cpp:186:51:[m[K [01;31m[Kerror: [m[Kexpected primary-expression before â€˜[01m[K->[m[Kâ€™ token
[2.339s]   186 |         CameraParameterValue->white_balance = Tool[01;31m[K->[m[Kreadvalue(fin, "white_balance", 0);
[2.339s]       |                                                   [01;31m[K^~[m[K
[2.339s] [01m[K/home/iclab/Desktop/ros2/src/usb_cam/src/usb_cam_node.cpp:187:56:[m[K [01;31m[Kerror: [m[Kexpected primary-expression before â€˜[01m[K->[m[Kâ€™ token
[2.339s]   187 |         CameraParameterValue->auto_white_balance = Tool[01;31m[K->[m[Kreadvalue(fin, "auto_white_balance", 0);
[2.339s]       |                                                        [01;31m[K^~[m[K
[2.339s] [01m[K/home/iclab/Desktop/ros2/src/usb_cam/src/usb_cam_node.cpp:188:51:[m[K [01;31m[Kerror: [m[Kexpected primary-expression before â€˜[01m[K->[m[Kâ€™ token
[2.339s]   188 |         CameraParameterValue->auto_exposure = Tool[01;31m[K->[m[Kreadvalue(fin, "auto_exposure", 0);
[2.339s]       |                                                   [01;31m[K^~[m[K
[2.339s] [01m[K/home/iclab/Desktop/ros2/src/usb_cam/src/usb_cam_node.cpp:189:65:[m[K [01;31m[Kerror: [m[Kexpected primary-expression before â€˜[01m[K->[m[Kâ€™ token
[2.339s]   189 |         CameraParameterValue->auto_Backlight_Compensation = Tool[01;31m[K->[m[Kreadvalue(fin, "auto_Backlight_Compensation", 0);
[2.339s]       |                                                                 [01;31m[K^~[m[K
[4.399s] [01m[K/home/iclab/Desktop/ros2/src/usb_cam/src/usb_cam_node.cpp:[m[K In member function â€˜[01m[Kfloat Tool::readvalue(std::fstream&, std::string, int)[m[Kâ€™:
[4.399s] [01m[K/home/iclab/Desktop/ros2/src/usb_cam/src/usb_cam_node.cpp:120:1:[m[K [01;31m[Kerror: [m[Kcontrol reaches end of non-void function [[01;31m[K]8;;https://gcc.gnu.org/onlinedocs/gcc/Warning-Options.html#index-Wreturn-type-Werror=return-type]8;;[m[K]
[4.399s]   120 | [01;31m[K}[m[K
[4.400s]       | [01;31m[K^[m[K
[4.577s] cc1plus: all warnings being treated as errors
[4.598s] gmake[2]: *** [CMakeFiles/usb_cam_node.dir/build.make:76: CMakeFiles/usb_cam_node.dir/src/usb_cam_node.cpp.o] Error 1
[4.599s] gmake[1]: *** [CMakeFiles/Makefile2:189: CMakeFiles/usb_cam_node.dir/all] Error 2
[4.599s] gmake: *** [Makefile:146: all] Error 2
[4.601s] Invoked command in '/home/iclab/Desktop/ros2/build/usb_cam' returned '2': CMAKE_PREFIX_PATH=/home/iclab/Desktop/ros2/install/tku_msgs:/home/iclab/ros2_humble/install/ament_index_cpp/:/home/iclab/Desktop/ros2/install/web_video_server:/home/iclab/Desktop/ros2/install/usb_cam:/home/iclab/Desktop/ros2/install/tku_libs:/home/iclab/Desktop/ros2/install/serial:/home/iclab/Desktop/ros2/install/motionpackage:/opt/ros/humble LD_LIBRARY_PATH=/home/iclab/Desktop/ros2/install/tku_msgs/lib:/home/iclab/Desktop/ros2/install/usb_cam/lib:/opt/ros/humble/opt/rviz_ogre_vendor/lib:/opt/ros/humble/lib/x86_64-linux-gnu:/opt/ros/humble/lib /usr/bin/cmake --build /home/iclab/Desktop/ros2/build/usb_cam -- -j8 -l8
