[01m[Kcc1plus:[m[K [01;31m[Kfatal error: [m[K/home/iclab/Desktop/ros2/src/usb_cam/src/tdataunit.cpp: No such file or directory
compilation terminated.
gmake[2]: *** [CMakeFiles/usb_cam.dir/build.make:90: CMakeFiles/usb_cam.dir/src/tdataunit.cpp.o] Error 1
gmake[1]: *** [CMakeFiles/Makefile2:163: CMakeFiles/usb_cam.dir/all] Error 2
gmake: *** [Makefile:146: all] Error 2
