[0.279s] Invoking command in '/home/iclab/Desktop/ros2/build/usb_cam': CMAKE_PREFIX_PATH=/home/iclab/Desktop/ros2/install/tku_msgs:/home/iclab/Desktop/ros2/install/web_video_server:/home/iclab/Desktop/ros2/install/usb_cam:/home/iclab/Desktop/ros2/install/serial:/home/iclab/ros2_humble/install/ament_index_cpp/:/home/iclab/Desktop/ros2/install/tku_libs:/home/iclab/Desktop/ros2/install/motionpackage:/opt/ros/humble LD_LIBRARY_PATH=/home/iclab/Desktop/ros2/install/tku_msgs/lib:/home/iclab/Desktop/ros2/install/usb_cam/lib:/opt/ros/humble/opt/rviz_ogre_vendor/lib:/opt/ros/humble/lib/x86_64-linux-gnu:/opt/ros/humble/lib /usr/bin/cmake --build /home/iclab/Desktop/ros2/build/usb_cam -- -j8 -l8
[0.316s] [ 31%] Built target gtest_main
[0.316s] [ 37%] Built target usb_cam
[0.321s] [ 62%] Built target gtest
[0.321s] [ 62%] Built target usb_cam_node_exe
[0.326s] [35m[1mConsolidate compiler generated dependencies of target usb_cam_node[0m
[0.339s] [ 75%] Built target test_usb_cam_utils
[0.345s] [ 87%] Built target test_pixel_formats
[0.347s] [ 93%] [32mBuilding CXX object CMakeFiles/usb_cam_node.dir/src/usb_cam_node.cpp.o[0m
[2.286s] [01m[K/home/iclab/Desktop/ros2/src/usb_cam/src/usb_cam_node.cpp:60:6:[m[K [01;31m[Kerror: [m[Kno declaration matches â€˜[01m[Kvoid ToolInstance::deleteInstance()[m[Kâ€™
[2.286s]    60 | void [01;31m[KToolInstance[m[K::deleteInstance()
[2.286s]       |      [01;31m[K^~~~~~~~~~~~[m[K
[2.286s] [01m[K/home/iclab/Desktop/ros2/src/usb_cam/src/usb_cam_node.cpp:60:6:[m[K [01;36m[Knote: [m[Kno functions named â€˜[01m[Kvoid ToolInstance::deleteInstance()[m[Kâ€™
[2.286s] In file included from [01m[K/home/iclab/Desktop/ros2/src/usb_cam/src/usb_cam_node.cpp:33[m[K:
[2.286s] [01m[K/home/iclab/Desktop/ros2/src/usb_cam/include/usb_cam/usb_cam_node.hpp:84:7:[m[K [01;36m[Knote: [m[Kâ€˜[01m[Kclass ToolInstance[m[Kâ€™ defined here
[2.286s]    84 | class [01;36m[KToolInstance[m[K : public Tool
[2.286s]       |       [01;36m[K^~~~~~~~~~~~[m[K
[4.407s] gmake[2]: *** [CMakeFiles/usb_cam_node.dir/build.make:76: CMakeFiles/usb_cam_node.dir/src/usb_cam_node.cpp.o] Error 1
[4.407s] gmake[1]: *** [CMakeFiles/Makefile2:189: CMakeFiles/usb_cam_node.dir/all] Error 2
[4.407s] gmake: *** [Makefile:146: all] Error 2
[4.409s] Invoked command in '/home/iclab/Desktop/ros2/build/usb_cam' returned '2': CMAKE_PREFIX_PATH=/home/iclab/Desktop/ros2/install/tku_msgs:/home/iclab/Desktop/ros2/install/web_video_server:/home/iclab/Desktop/ros2/install/usb_cam:/home/iclab/Desktop/ros2/install/serial:/home/iclab/ros2_humble/install/ament_index_cpp/:/home/iclab/Desktop/ros2/install/tku_libs:/home/iclab/Desktop/ros2/install/motionpackage:/opt/ros/humble LD_LIBRARY_PATH=/home/iclab/Desktop/ros2/install/tku_msgs/lib:/home/iclab/Desktop/ros2/install/usb_cam/lib:/opt/ros/humble/opt/rviz_ogre_vendor/lib:/opt/ros/humble/lib/x86_64-linux-gnu:/opt/ros/humble/lib /usr/bin/cmake --build /home/iclab/Desktop/ros2/build/usb_cam -- -j8 -l8
