In file included from [01m[K/home/iclab/Desktop/ros2/src/usb_cam/src/usb_cam_node.cpp:34[m[K:
[01m[K/home/iclab/Desktop/ros2/src/usb_cam/include/usb_cam/usb_cam_node.hpp:94:24:[m[K [01;31m[Kerror: [m[Kâ€˜[01m[Ktku_msgs[m[Kâ€™ was not declared in this scope
   94 |   rclcpp::Subscription<[01;31m[Ktku_msgs[m[K::msg::Camera>::SharedPtr sub_camera_param_;
      |                        [01;31m[K^~~~~~~~[m[K
[01m[K/home/iclab/Desktop/ros2/src/usb_cam/include/usb_cam/usb_cam_node.hpp:94:45:[m[K [01;31m[Kerror: [m[Ktemplate argument 1 is invalid
   94 |   rclcpp::Subscription<tku_msgs::msg::Camera[01;31m[K>[m[K::SharedPtr sub_camera_param_;
      |                                             [01;31m[K^[m[K
[01m[K/home/iclab/Desktop/ros2/src/usb_cam/include/usb_cam/usb_cam_node.hpp:94:45:[m[K [01;31m[Kerror: [m[Ktemplate argument 3 is invalid
[01m[K/home/iclab/Desktop/ros2/src/usb_cam/include/usb_cam/usb_cam_node.hpp:94:45:[m[K [01;31m[Kerror: [m[Ktemplate argument 4 is invalid
[01m[K/home/iclab/Desktop/ros2/src/usb_cam/include/usb_cam/usb_cam_node.hpp:94:45:[m[K [01;31m[Kerror: [m[Ktemplate argument 5 is invalid
[01m[K/home/iclab/Desktop/ros2/src/usb_cam/include/usb_cam/usb_cam_node.hpp:94:48:[m[K [01;31m[Kerror: [m[Kexpected â€˜[01m[K;[m[Kâ€™ at end of member declaration
   94 |   rclcpp::Subscription<tku_msgs::msg::Camera>::[01;31m[KSharedPtr[m[K sub_camera_param_;
      |                                                [01;31m[K^~~~~~~~~[m[K
      |                                                         [32m[K;[m[K
[01m[K/home/iclab/Desktop/ros2/src/usb_cam/include/usb_cam/usb_cam_node.hpp:94:58:[m[K [01;31m[Kerror: [m[Kâ€˜[01m[Ksub_camera_param_[m[Kâ€™ does not name a type
   94 |   rclcpp::Subscription<tku_msgs::msg::Camera>::SharedPtr [01;31m[Ksub_camera_param_[m[K;
      |                                                          [01;31m[K^~~~~~~~~~~~~~~~~[m[K
[01m[K/home/iclab/Desktop/ros2/src/usb_cam/src/usb_cam_node.cpp:[m[K In constructor â€˜[01m[Kusb_cam::UsbCamNode::UsbCamNode(const rclcpp::NodeOptions&)[m[Kâ€™:
[01m[K/home/iclab/Desktop/ros2/src/usb_cam/src/usb_cam_node.cpp:60:3:[m[K [01;31m[Kerror: [m[Kâ€˜[01m[Ksub_camera_param_[m[Kâ€™ was not declared in this scope
   60 |   [01;31m[Ksub_camera_param_[m[K = create_subscription<tku_msgs::msg::Camera>(
      |   [01;31m[K^~~~~~~~~~~~~~~~~[m[K
[01m[K/home/iclab/Desktop/ros2/src/usb_cam/src/usb_cam_node.cpp:61:46:[m[K [01;31m[Kerror: [m[Kâ€˜[01m[Kcamera_param_callback[m[Kâ€™ is not a member of â€˜[01m[Kusb_cam::UsbCamNode[m[Kâ€™
   61 |   "/Camera_Topic", 1, std::bind(&UsbCamNode::[01;31m[Kcamera_param_callback[m[K, this, _1));
      |                                              [01;31m[K^~~~~~~~~~~~~~~~~~~~~[m[K
[01m[K/home/iclab/Desktop/ros2/src/usb_cam/src/usb_cam_node.cpp:61:75:[m[K [01;31m[Kerror: [m[Kâ€˜[01m[K_1[m[Kâ€™ was not declared in this scope; did you mean â€˜[01m[Kstd::placeholders::_1[m[Kâ€™?
   61 |   "/Camera_Topic", 1, std::bind(&UsbCamNode::camera_param_callback, this, [01;31m[K_1[m[K));
      |                                                                           [01;31m[K^~[m[K
      |                                                                           [32m[Kstd::placeholders::_1[m[K
In file included from [01m[K/opt/ros/humble/include/rclcpp/rclcpp/node.hpp:20[m[K,
                 from [01m[K/opt/ros/humble/include/camera_info_manager/camera_info_manager/camera_info_manager.hpp:45[m[K,
                 from [01m[K/home/iclab/Desktop/ros2/src/usb_cam/include/usb_cam/usb_cam_node.hpp:38[m[K,
                 from [01m[K/home/iclab/Desktop/ros2/src/usb_cam/src/usb_cam_node.cpp:34[m[K:
[01m[K/usr/include/c++/11/functional:225:34:[m[K [01;36m[Knote: [m[Kâ€˜[01m[Kstd::placeholders::_1[m[Kâ€™ declared here
  225 |     extern const _Placeholder<1> [01;36m[K_1[m[K;
      |                                  [01;36m[K^~[m[K
[01m[K/home/iclab/Desktop/ros2/src/usb_cam/src/usb_cam_node.cpp:[m[K At global scope:
[01m[K/home/iclab/Desktop/ros2/src/usb_cam/src/usb_cam_node.cpp:221:6:[m[K [01;31m[Kerror: [m[Kno declaration matches â€˜[01m[Kvoid usb_cam::UsbCamNode::camera_param_callback(const Camera&)[m[Kâ€™
  221 | void [01;31m[KUsbCamNode[m[K::camera_param_callback(const tku_msgs::msg::Camera &msg) {
      |      [01;31m[K^~~~~~~~~~[m[K
[01m[K/home/iclab/Desktop/ros2/src/usb_cam/src/usb_cam_node.cpp:221:6:[m[K [01;36m[Knote: [m[Kno functions named â€˜[01m[Kvoid usb_cam::UsbCamNode::camera_param_callback(const Camera&)[m[Kâ€™
In file included from [01m[K/home/iclab/Desktop/ros2/src/usb_cam/src/usb_cam_node.cpp:34[m[K:
[01m[K/home/iclab/Desktop/ros2/src/usb_cam/include/usb_cam/usb_cam_node.hpp:57:7:[m[K [01;36m[Knote: [m[Kâ€˜[01m[Kclass usb_cam::UsbCamNode[m[Kâ€™ defined here
   57 | class [01;36m[KUsbCamNode[m[K : public rclcpp::Node
      |       [01;36m[K^~~~~~~~~~[m[K
gmake[2]: *** [CMakeFiles/usb_cam_node.dir/build.make:76: CMakeFiles/usb_cam_node.dir/src/usb_cam_node.cpp.o] Error 1
gmake[1]: *** [CMakeFiles/Makefile2:189: CMakeFiles/usb_cam_node.dir/all] Error 2
gmake: *** [Makefile:146: all] Error 2
