[0.273s] Invoking command in '/home/iclab/Desktop/ros2/build/usb_cam': CMAKE_PREFIX_PATH=/home/iclab/Desktop/ros2/install/tku_msgs:/home/iclab/Desktop/ros2/install/web_video_server:/home/iclab/Desktop/ros2/install/usb_cam:/home/iclab/Desktop/ros2/install/serial:/home/iclab/Desktop/ros2/install/tku_libs:/home/iclab/Desktop/ros2/install/motionpackage:/opt/ros/humble LD_LIBRARY_PATH=/home/iclab/Desktop/ros2/install/tku_msgs/lib:/home/iclab/Desktop/ros2/install/usb_cam/lib:/opt/ros/humble/opt/rviz_ogre_vendor/lib:/opt/ros/humble/lib/x86_64-linux-gnu:/opt/ros/humble/lib /usr/bin/cmake --build /home/iclab/Desktop/ros2/build/usb_cam -- -j8 -l8
[0.312s] [ 14%] Built target usb_cam
[0.313s] [ 35%] Built target gtest_main
[0.314s] [ 42%] Built target usb_cam_node_exe
[0.314s] [ 57%] Built target gtest
[0.322s] [35m[1mConsolidate compiler generated dependencies of target usb_cam_node[0m
[0.330s] [ 71%] Built target test_usb_cam_utils
[0.335s] [ 85%] Built target test_pixel_formats
[0.337s] [ 92%] [32mBuilding CXX object CMakeFiles/usb_cam_node.dir/src/usb_cam_node.cpp.o[0m
[2.130s] In file included from [01m[K/home/iclab/Desktop/ros2/src/usb_cam/src/usb_cam_node.cpp:34[m[K:
[2.130s] [01m[K/home/iclab/Desktop/ros2/src/usb_cam/include/usb_cam/usb_cam_node.hpp:94:24:[m[K [01;31m[Kerror: [m[Kâ€˜[01m[Ktku_msgs[m[Kâ€™ was not declared in this scope
[2.130s]    94 |   rclcpp::Subscription<[01;31m[Ktku_msgs[m[K::msg::Camera>::SharedPtr sub_camera_param_;
[2.130s]       |                        [01;31m[K^~~~~~~~[m[K
[2.130s] [01m[K/home/iclab/Desktop/ros2/src/usb_cam/include/usb_cam/usb_cam_node.hpp:94:45:[m[K [01;31m[Kerror: [m[Ktemplate argument 1 is invalid
[2.130s]    94 |   rclcpp::Subscription<tku_msgs::msg::Camera[01;31m[K>[m[K::SharedPtr sub_camera_param_;
[2.130s]       |                                             [01;31m[K^[m[K
[2.130s] [01m[K/home/iclab/Desktop/ros2/src/usb_cam/include/usb_cam/usb_cam_node.hpp:94:45:[m[K [01;31m[Kerror: [m[Ktemplate argument 3 is invalid
[2.130s] [01m[K/home/iclab/Desktop/ros2/src/usb_cam/include/usb_cam/usb_cam_node.hpp:94:45:[m[K [01;31m[Kerror: [m[Ktemplate argument 4 is invalid
[2.130s] [01m[K/home/iclab/Desktop/ros2/src/usb_cam/include/usb_cam/usb_cam_node.hpp:94:45:[m[K [01;31m[Kerror: [m[Ktemplate argument 5 is invalid
[2.130s] [01m[K/home/iclab/Desktop/ros2/src/usb_cam/include/usb_cam/usb_cam_node.hpp:94:48:[m[K [01;31m[Kerror: [m[Kexpected â€˜[01m[K;[m[Kâ€™ at end of member declaration
[2.130s]    94 |   rclcpp::Subscription<tku_msgs::msg::Camera>::[01;31m[KSharedPtr[m[K sub_camera_param_;
[2.130s]       |                                                [01;31m[K^~~~~~~~~[m[K
[2.130s]       |                                                         [32m[K;[m[K
[2.134s] [01m[K/home/iclab/Desktop/ros2/src/usb_cam/include/usb_cam/usb_cam_node.hpp:94:58:[m[K [01;31m[Kerror: [m[Kâ€˜[01m[Ksub_camera_param_[m[Kâ€™ does not name a type
[2.134s]    94 |   rclcpp::Subscription<tku_msgs::msg::Camera>::SharedPtr [01;31m[Ksub_camera_param_[m[K;
[2.134s]       |                                                          [01;31m[K^~~~~~~~~~~~~~~~~[m[K
[2.159s] [01m[K/home/iclab/Desktop/ros2/src/usb_cam/src/usb_cam_node.cpp:[m[K In constructor â€˜[01m[Kusb_cam::UsbCamNode::UsbCamNode(const rclcpp::NodeOptions&)[m[Kâ€™:
[2.159s] [01m[K/home/iclab/Desktop/ros2/src/usb_cam/src/usb_cam_node.cpp:60:3:[m[K [01;31m[Kerror: [m[Kâ€˜[01m[Ksub_camera_param_[m[Kâ€™ was not declared in this scope
[2.159s]    60 |   [01;31m[Ksub_camera_param_[m[K = create_subscription<tku_msgs::msg::Camera>(
[2.160s]       |   [01;31m[K^~~~~~~~~~~~~~~~~[m[K
[2.160s] [01m[K/home/iclab/Desktop/ros2/src/usb_cam/src/usb_cam_node.cpp:61:46:[m[K [01;31m[Kerror: [m[Kâ€˜[01m[Kcamera_param_callback[m[Kâ€™ is not a member of â€˜[01m[Kusb_cam::UsbCamNode[m[Kâ€™
[2.160s]    61 |   "/Camera_Topic", 1, std::bind(&UsbCamNode::[01;31m[Kcamera_param_callback[m[K, this, _1));
[2.160s]       |                                              [01;31m[K^~~~~~~~~~~~~~~~~~~~~[m[K
[2.160s] [01m[K/home/iclab/Desktop/ros2/src/usb_cam/src/usb_cam_node.cpp:61:75:[m[K [01;31m[Kerror: [m[Kâ€˜[01m[K_1[m[Kâ€™ was not declared in this scope; did you mean â€˜[01m[Kstd::placeholders::_1[m[Kâ€™?
[2.160s]    61 |   "/Camera_Topic", 1, std::bind(&UsbCamNode::camera_param_callback, this, [01;31m[K_1[m[K));
[2.160s]       |                                                                           [01;31m[K^~[m[K
[2.160s]       |                                                                           [32m[Kstd::placeholders::_1[m[K
[2.160s] In file included from [01m[K/opt/ros/humble/include/rclcpp/rclcpp/node.hpp:20[m[K,
[2.160s]                  from [01m[K/opt/ros/humble/include/camera_info_manager/camera_info_manager/camera_info_manager.hpp:45[m[K,
[2.160s]                  from [01m[K/home/iclab/Desktop/ros2/src/usb_cam/include/usb_cam/usb_cam_node.hpp:38[m[K,
[2.160s]                  from [01m[K/home/iclab/Desktop/ros2/src/usb_cam/src/usb_cam_node.cpp:34[m[K:
[2.160s] [01m[K/usr/include/c++/11/functional:225:34:[m[K [01;36m[Knote: [m[Kâ€˜[01m[Kstd::placeholders::_1[m[Kâ€™ declared here
[2.160s]   225 |     extern const _Placeholder<1> [01;36m[K_1[m[K;
[2.161s]       |                                  [01;36m[K^~[m[K
[2.188s] [01m[K/home/iclab/Desktop/ros2/src/usb_cam/src/usb_cam_node.cpp:[m[K At global scope:
[2.188s] [01m[K/home/iclab/Desktop/ros2/src/usb_cam/src/usb_cam_node.cpp:221:6:[m[K [01;31m[Kerror: [m[Kno declaration matches â€˜[01m[Kvoid usb_cam::UsbCamNode::camera_param_callback(const Camera&)[m[Kâ€™
[2.188s]   221 | void [01;31m[KUsbCamNode[m[K::camera_param_callback(const tku_msgs::msg::Camera &msg) {
[2.188s]       |      [01;31m[K^~~~~~~~~~[m[K
[2.188s] [01m[K/home/iclab/Desktop/ros2/src/usb_cam/src/usb_cam_node.cpp:221:6:[m[K [01;36m[Knote: [m[Kno functions named â€˜[01m[Kvoid usb_cam::UsbCamNode::camera_param_callback(const Camera&)[m[Kâ€™
[2.188s] In file included from [01m[K/home/iclab/Desktop/ros2/src/usb_cam/src/usb_cam_node.cpp:34[m[K:
[2.188s] [01m[K/home/iclab/Desktop/ros2/src/usb_cam/include/usb_cam/usb_cam_node.hpp:57:7:[m[K [01;36m[Knote: [m[Kâ€˜[01m[Kclass usb_cam::UsbCamNode[m[Kâ€™ defined here
[2.188s]    57 | class [01;36m[KUsbCamNode[m[K : public rclcpp::Node
[2.188s]       |       [01;36m[K^~~~~~~~~~[m[K
[2.828s] gmake[2]: *** [CMakeFiles/usb_cam_node.dir/build.make:76: CMakeFiles/usb_cam_node.dir/src/usb_cam_node.cpp.o] Error 1
[2.829s] gmake[1]: *** [CMakeFiles/Makefile2:189: CMakeFiles/usb_cam_node.dir/all] Error 2
[2.829s] gmake: *** [Makefile:146: all] Error 2
[2.830s] Invoked command in '/home/iclab/Desktop/ros2/build/usb_cam' returned '2': CMAKE_PREFIX_PATH=/home/iclab/Desktop/ros2/install/tku_msgs:/home/iclab/Desktop/ros2/install/web_video_server:/home/iclab/Desktop/ros2/install/usb_cam:/home/iclab/Desktop/ros2/install/serial:/home/iclab/Desktop/ros2/install/tku_libs:/home/iclab/Desktop/ros2/install/motionpackage:/opt/ros/humble LD_LIBRARY_PATH=/home/iclab/Desktop/ros2/install/tku_msgs/lib:/home/iclab/Desktop/ros2/install/usb_cam/lib:/opt/ros/humble/opt/rviz_ogre_vendor/lib:/opt/ros/humble/lib/x86_64-linux-gnu:/opt/ros/humble/lib /usr/bin/cmake --build /home/iclab/Desktop/ros2/build/usb_cam -- -j8 -l8
