[0.407s] Invoking command in '/home/iclab/Desktop/ros2/build/usb_cam': CMAKE_PREFIX_PATH=/home/iclab/Desktop/ros2/install/tku_msgs:/home/iclab/Desktop/ros2/install/web_video_server:/home/iclab/Desktop/ros2/install/usb_cam:/home/iclab/Desktop/ros2/install/serial:/home/iclab/Desktop/ros2/install/tku_libs:/home/iclab/Desktop/ros2/install/motionpackage:/home/iclab/Desktop/ros2/install/imageprocess:/opt/ros/humble LD_LIBRARY_PATH=/home/iclab/Desktop/ros2/install/tku_msgs/lib:/home/iclab/Desktop/ros2/install/usb_cam/lib:/opt/ros/humble/opt/rviz_ogre_vendor/lib:/opt/ros/humble/lib/x86_64-linux-gnu:/opt/ros/humble/lib /usr/bin/cmake --build /home/iclab/Desktop/ros2/build/usb_cam -- -j8 -l8
[0.442s] [35m[1mConsolidate compiler generated dependencies of target usb_cam[0m
[0.453s] [ 13%] Built target gtest
[0.454s] [ 26%] Built target gtest_main
[0.456s] [ 40%] Built target usb_cam_node_exe
[0.457s] [ 60%] Built target usb_cam
[0.477s] [ 73%] Built target test_usb_cam_utils
[0.479s] [ 86%] Built target test_pixel_formats
[0.483s] [ 93%] [32mBuilding CXX object CMakeFiles/usb_cam_node.dir/src/usb_cam_node.cpp.o[0m
[2.825s] In file included from [01m[K/opt/ros/humble/include/rclcpp/rclcpp/logging.hpp:24[m[K,
[2.825s]                  from [01m[K/opt/ros/humble/include/rclcpp/rclcpp/client.hpp:40[m[K,
[2.825s]                  from [01m[K/opt/ros/humble/include/rclcpp/rclcpp/callback_group.hpp:24[m[K,
[2.825s]                  from [01m[K/opt/ros/humble/include/rclcpp/rclcpp/node.hpp:40[m[K,
[2.825s]                  from [01m[K/opt/ros/humble/include/camera_info_manager/camera_info_manager/camera_info_manager.hpp:45[m[K,
[2.825s]                  from [01m[K/home/iclab/Desktop/ros2/src/usb_cam/include/usb_cam/usb_cam_node.hpp:39[m[K,
[2.825s]                  from [01m[K/home/iclab/Desktop/ros2/src/usb_cam/src/usb_cam_node.cpp:33[m[K:
[2.825s] [01m[K/home/iclab/Desktop/ros2/src/usb_cam/src/usb_cam_node.cpp:[m[K In member function â€˜[01m[Kvoid usb_cam::UsbCamNode::init()[m[Kâ€™:
[2.825s] [01m[K/home/iclab/Desktop/ros2/src/usb_cam/src/usb_cam_node.cpp:436:9:[m[K [01;31m[Kerror: [m[Kexpected â€˜[01m[K)[m[Kâ€™ before â€˜[01m[Kfmt[m[Kâ€™
[2.825s]   436 |         [01;31m[Kfmt[m[K.v4l2_fmt.discrete.denominator / fmt.v4l2_fmt.discrete.numerator
[2.825s]       |         [01;31m[K^~~[m[K
[2.825s] [01m[K/home/iclab/Desktop/ros2/src/usb_cam/src/usb_cam_node.cpp:430:7:[m[K [01;36m[Knote: [m[Kto match this â€˜[01m[K([m[Kâ€™
[2.825s]   430 |       [01;36m[KRCLCPP_INFO[m[K(
[2.825s]       |       [01;36m[K^~~~~~~~~~~[m[K
[4.965s] gmake[2]: *** [CMakeFiles/usb_cam_node.dir/build.make:76: CMakeFiles/usb_cam_node.dir/src/usb_cam_node.cpp.o] Error 1
[4.965s] gmake[1]: *** [CMakeFiles/Makefile2:189: CMakeFiles/usb_cam_node.dir/all] Error 2
[4.965s] gmake: *** [Makefile:146: all] Error 2
[4.967s] Invoked command in '/home/iclab/Desktop/ros2/build/usb_cam' returned '2': CMAKE_PREFIX_PATH=/home/iclab/Desktop/ros2/install/tku_msgs:/home/iclab/Desktop/ros2/install/web_video_server:/home/iclab/Desktop/ros2/install/usb_cam:/home/iclab/Desktop/ros2/install/serial:/home/iclab/Desktop/ros2/install/tku_libs:/home/iclab/Desktop/ros2/install/motionpackage:/home/iclab/Desktop/ros2/install/imageprocess:/opt/ros/humble LD_LIBRARY_PATH=/home/iclab/Desktop/ros2/install/tku_msgs/lib:/home/iclab/Desktop/ros2/install/usb_cam/lib:/opt/ros/humble/opt/rviz_ogre_vendor/lib:/opt/ros/humble/lib/x86_64-linux-gnu:/opt/ros/humble/lib /usr/bin/cmake --build /home/iclab/Desktop/ros2/build/usb_cam -- -j8 -l8
