[ 28%] Built target usb_cam
[ 28%] Built target usb_cam_node_exe
[ 42%] Built target gtest_main
[ 57%] Built target gtest
[35m[1mConsolidate compiler generated dependencies of target usb_cam_node[0m
[ 71%] Built target test_usb_cam_utils
[ 85%] Built target test_pixel_formats
[ 92%] [32mBuilding CXX object CMakeFiles/usb_cam_node.dir/src/usb_cam_node.cpp.o[0m
In file included from [01m[K/home/iclab/Desktop/ros2/src/usb_cam/include/usb_cam/usb_cam_node.hpp:46[m[K,
                 from [01m[K/home/iclab/Desktop/ros2/src/usb_cam/src/usb_cam_node.cpp:34[m[K:
[01m[K/home/iclab/Desktop/ros2/src/usb_cam/include/usb_cam/tdataunit.hpp:7:10:[m[K [01;31m[Kfatal error: [m[Ktool.hpp: No such file or directory
    7 | #include [01;31m[K<tool.hpp>[m[K
      |          [01;31m[K^~~~~~~~~~[m[K
compilation terminated.
gmake[2]: *** [CMakeFiles/usb_cam_node.dir/build.make:76: CMakeFiles/usb_cam_node.dir/src/usb_cam_node.cpp.o] Error 1
gmake[1]: *** [CMakeFiles/Makefile2:189: CMakeFiles/usb_cam_node.dir/all] Error 2
gmake: *** [Makefile:146: all] Error 2
