[01m[K/home/iclab/Desktop/ros2/src/usb_cam/src/usb_cam_node.cpp:163:3:[m[K [01;31m[Kerror: [m[Kâ€˜[01m[Km_image_msg[m[Kâ€™ does not name a type
  163 |   [01;31m[Km_image_msg[m[K->header.frame_id = m_parameters.frame_id;
      |   [01;31m[K^~~~~~~~~~~[m[K
[01m[K/home/iclab/Desktop/ros2/src/usb_cam/src/usb_cam_node.cpp:171:43:[m[K [01;31m[Kerror: [m[Kâ€˜[01m[Km_parameters[m[Kâ€™ was not declared in this scope; did you mean â€˜[01m[Kparameters_t[m[Kâ€™?
  171 |     usb_cam::utils::io_method_from_string([01;31m[Km_parameters[m[K.io_method_name);
      |                                           [01;31m[K^~~~~~~~~~~~[m[K
      |                                           [32m[Kparameters_t[m[K
[01m[K/home/iclab/Desktop/ros2/src/usb_cam/src/usb_cam_node.cpp:172:3:[m[K [01;31m[Kerror: [m[Kexpected unqualified-id before â€˜[01m[Kif[m[Kâ€™
  172 |   [01;31m[Kif[m[K (io_method == usb_cam::utils::IO_METHOD_UNKNOWN) {
      |   [01;31m[K^~[m[K
[01m[K/home/iclab/Desktop/ros2/src/usb_cam/src/usb_cam_node.cpp:180:3:[m[K [01;31m[Kerror: [m[Kâ€˜[01m[Km_camera[m[Kâ€™ does not name a type
  180 |   [01;31m[Km_camera[m[K->configure(m_parameters, io_method);
      |   [01;31m[K^~~~~~~~[m[K
In file included from [01m[K/opt/ros/humble/include/rclcpp/rclcpp/client.hpp:40[m[K,
                 from [01m[K/opt/ros/humble/include/rclcpp/rclcpp/callback_group.hpp:24[m[K,
                 from [01m[K/opt/ros/humble/include/rclcpp/rclcpp/node.hpp:40[m[K,
                 from [01m[K/opt/ros/humble/include/camera_info_manager/camera_info_manager/camera_info_manager.hpp:45[m[K,
                 from [01m[K/home/iclab/Desktop/ros2/src/usb_cam/include/usb_cam/usb_cam_node.hpp:38[m[K,
                 from [01m[K/home/iclab/Desktop/ros2/src/usb_cam/src/usb_cam_node.cpp:34[m[K:
[01m[K/home/iclab/Desktop/ros2/src/usb_cam/src/usb_cam_node.cpp:182:3:[m[K [01;31m[Kerror: [m[Kexpected unqualified-id before â€˜[01m[Kdo[m[Kâ€™
  182 |   [01;31m[KRCLCPP_INFO[m[K(this->get_logger(), "This devices supproted formats:");
      |   [01;31m[K^~~~~~~~~~~[m[K
[01m[K/home/iclab/Desktop/ros2/src/usb_cam/src/usb_cam_node.cpp:182:3:[m[K [01;31m[Kerror: [m[Kexpected unqualified-id before â€˜[01m[Kwhile[m[Kâ€™
  182 |   [01;31m[KRCLCPP_INFO[m[K(this->get_logger(), "This devices supproted formats:");
      |   [01;31m[K^~~~~~~~~~~[m[K
[01m[K/home/iclab/Desktop/ros2/src/usb_cam/src/usb_cam_node.cpp:193:20:[m[K [01;31m[Kerror: [m[Kexpected constructor, destructor, or type conversion before â€˜[01m[K;[m[Kâ€™ token
  193 |   set_v4l2_params()[01;31m[K;[m[K
      |                    [01;31m[K^[m[K
[01m[K/home/iclab/Desktop/ros2/src/usb_cam/src/usb_cam_node.cpp:196:3:[m[K [01;31m[Kerror: [m[Kâ€˜[01m[Km_camera[m[Kâ€™ does not name a type
  196 |   [01;31m[Km_camera[m[K->start();
      |   [01;31m[K^~~~~~~~[m[K
[01m[K/home/iclab/Desktop/ros2/src/usb_cam/src/usb_cam_node.cpp:200:34:[m[K [01;31m[Kerror: [m[Kâ€˜[01m[Km_parameters[m[Kâ€™ was not declared in this scope; did you mean â€˜[01m[Kparameters_t[m[Kâ€™?
  200 |   const int period_ms = 1000.0 / [01;31m[Km_parameters[m[K.framerate;
      |                                  [01;31m[K^~~~~~~~~~~~[m[K
      |                                  [32m[Kparameters_t[m[K
[01m[K/home/iclab/Desktop/ros2/src/usb_cam/src/usb_cam_node.cpp:201:3:[m[K [01;31m[Kerror: [m[Kâ€˜[01m[Km_timer[m[Kâ€™ does not name a type; did you mean â€˜[01m[Ktimex[m[Kâ€™?
  201 |   [01;31m[Km_timer[m[K = this->create_wall_timer(
      |   [01;31m[K^~~~~~~[m[K
      |   [32m[Ktimex[m[K
In file included from [01m[K/opt/ros/humble/include/rclcpp/rclcpp/client.hpp:40[m[K,
                 from [01m[K/opt/ros/humble/include/rclcpp/rclcpp/callback_group.hpp:24[m[K,
                 from [01m[K/opt/ros/humble/include/rclcpp/rclcpp/node.hpp:40[m[K,
                 from [01m[K/opt/ros/humble/include/camera_info_manager/camera_info_manager/camera_info_manager.hpp:45[m[K,
                 from [01m[K/home/iclab/Desktop/ros2/src/usb_cam/include/usb_cam/usb_cam_node.hpp:38[m[K,
                 from [01m[K/home/iclab/Desktop/ros2/src/usb_cam/src/usb_cam_node.cpp:34[m[K:
[01m[K/home/iclab/Desktop/ros2/src/usb_cam/src/usb_cam_node.cpp:204:3:[m[K [01;31m[Kerror: [m[Kexpected unqualified-id before â€˜[01m[Kdo[m[Kâ€™
  204 |   [01;31m[KRCLCPP_INFO_STREAM[m[K(this->get_logger(), "Timer triggering every " << period_ms << " ms");
      |   [01;31m[K^~~~~~~~~~~~~~~~~~[m[K
[01m[K/home/iclab/Desktop/ros2/src/usb_cam/src/usb_cam_node.cpp:204:3:[m[K [01;31m[Kerror: [m[Kexpected unqualified-id before â€˜[01m[Kwhile[m[Kâ€™
  204 |   [01;31m[KRCLCPP_INFO_STREAM[m[K(this->get_logger(), "Timer triggering every " << period_ms << " ms");
      |   [01;31m[K^~~~~~~~~~~~~~~~~~[m[K
[01m[K/home/iclab/Desktop/ros2/src/usb_cam/src/usb_cam_node.cpp:207:6:[m[K [01;31m[Kerror: [m[Kâ€˜[01m[KUsbCamNode[m[Kâ€™ has not been declared
  207 | void [01;31m[KUsbCamNode[m[K::get_params()
      |      [01;31m[K^~~~~~~~~~[m[K
[01m[K/home/iclab/Desktop/ros2/src/usb_cam/src/usb_cam_node.cpp:[m[K In function â€˜[01m[Kvoid get_params()[m[Kâ€™:
[01m[K/home/iclab/Desktop/ros2/src/usb_cam/src/usb_cam_node.cpp:209:75:[m[K [01;31m[Kerror: [m[Kinvalid use of â€˜[01m[Kthis[m[Kâ€™ in non-member function
  209 |   auto parameters_client = std::make_shared<rclcpp::SyncParametersClient>([01;31m[Kthis[m[K);
      |                                                                           [01;31m[K^~~~[m[K
[01m[K/home/iclab/Desktop/ros2/src/usb_cam/src/usb_cam_node.cpp:219:3:[m[K [01;31m[Kerror: [m[Kâ€˜[01m[Kassign_params[m[Kâ€™ was not declared in this scope
  219 |   [01;31m[Kassign_params[m[K(parameters);
      |   [01;31m[K^~~~~~~~~~~~~[m[K
[01m[K/home/iclab/Desktop/ros2/src/usb_cam/src/usb_cam_node.cpp:220:3:[m[K [01;31m[Kerror: [m[Kâ€˜[01m[Kcamera_param_callback[m[Kâ€™ was not declared in this scope
  220 |   [01;31m[Kcamera_param_callback[m[K(tku_msgs::msg::Camera());
      |   [01;31m[K^~~~~~~~~~~~~~~~~~~~~[m[K
[01m[K/home/iclab/Desktop/ros2/src/usb_cam/src/usb_cam_node.cpp:[m[K At global scope:
[01m[K/home/iclab/Desktop/ros2/src/usb_cam/src/usb_cam_node.cpp:237:6:[m[K [01;31m[Kerror: [m[Kâ€˜[01m[KUsbCamNode[m[Kâ€™ has not been declared
  237 | void [01;31m[KUsbCamNode[m[K::camera_param_callback(const tku_msgs::msg::Camera &msg) {
      |      [01;31m[K^~~~~~~~~~[m[K
[01m[K/home/iclab/Desktop/ros2/src/usb_cam/src/usb_cam_node.cpp:[m[K In function â€˜[01m[Kvoid camera_param_callback(const Camera&)[m[Kâ€™:
[01m[K/home/iclab/Desktop/ros2/src/usb_cam/src/usb_cam_node.cpp:239:5:[m[K [01;31m[Kerror: [m[Kâ€˜[01m[Kbrightness_[m[Kâ€™ was not declared in this scope
  239 |     [01;31m[Kbrightness_[m[K = int(msg.brightness);
      |     [01;31m[K^~~~~~~~~~~[m[K
[01m[K/home/iclab/Desktop/ros2/src/usb_cam/src/usb_cam_node.cpp:240:5:[m[K [01;31m[Kerror: [m[Kâ€˜[01m[Kcontrast_[m[Kâ€™ was not declared in this scope
  240 |     [01;31m[Kcontrast_[m[K = int(msg.contrast);
      |     [01;31m[K^~~~~~~~~[m[K
[01m[K/home/iclab/Desktop/ros2/src/usb_cam/src/usb_cam_node.cpp:241:5:[m[K [01;31m[Kerror: [m[Kâ€˜[01m[Ksaturation_[m[Kâ€™ was not declared in this scope
  241 |     [01;31m[Ksaturation_[m[K = int(msg.saturation);
      |     [01;31m[K^~~~~~~~~~~[m[K
[01m[K/home/iclab/Desktop/ros2/src/usb_cam/src/usb_cam_node.cpp:242:5:[m[K [01;31m[Kerror: [m[Kâ€˜[01m[Kauto_white_balance_[m[Kâ€™ was not declared in this scope
  242 |     [01;31m[Kauto_white_balance_[m[K = msg.autowhitebalance;
      |     [01;31m[K^~~~~~~~~~~~~~~~~~~[m[K
[01m[K/home/iclab/Desktop/ros2/src/usb_cam/src/usb_cam_node.cpp:243:5:[m[K [01;31m[Kerror: [m[Kâ€˜[01m[Kwhite_balance_[m[Kâ€™ was not declared in this scope
  243 |     [01;31m[Kwhite_balance_[m[K = msg.whitebalance;
      |     [01;31m[K^~~~~~~~~~~~~~[m[K
[01m[K/home/iclab/Desktop/ros2/src/usb_cam/src/usb_cam_node.cpp:244:5:[m[K [01;31m[Kerror: [m[Kâ€˜[01m[Kauto_exposure_[m[Kâ€™ was not declared in this scope
  244 |     [01;31m[Kauto_exposure_[m[K = msg.autoexposure;
      |     [01;31m[K^~~~~~~~~~~~~~[m[K
[01m[K/home/iclab/Desktop/ros2/src/usb_cam/src/usb_cam_node.cpp:247:5:[m[K [01;31m[Kerror: [m[Kâ€˜[01m[Km_camera[m[Kâ€™ was not declared in this scope
  247 |     [01;31m[Km_camera[m[K->set_v4l_parameter("brightness", brightness_);
      |     [01;31m[K^~~~~~~~[m[K
[01m[K/home/iclab/Desktop/ros2/src/usb_cam/src/usb_cam_node.cpp:[m[K At global scope:
[01m[K/home/iclab/Desktop/ros2/src/usb_cam/src/usb_cam_node.cpp:261:6:[m[K [01;31m[Kerror: [m[Kâ€˜[01m[KUsbCamNode[m[Kâ€™ has not been declared
  261 | void [01;31m[KUsbCamNode[m[K::assign_params(const std::vector<rclcpp::Parameter> & parameters)
      |      [01;31m[K^~~~~~~~~~[m[K
In file included from [01m[K/opt/ros/humble/include/rclcpp/rclcpp/client.hpp:40[m[K,
                 from [01m[K/opt/ros/humble/include/rclcpp/rclcpp/callback_group.hpp:24[m[K,
                 from [01m[K/opt/ros/humble/include/rclcpp/rclcpp/node.hpp:40[m[K,
                 from [01m[K/opt/ros/humble/include/camera_info_manager/camera_info_manager/camera_info_manager.hpp:45[m[K,
                 from [01m[K/home/iclab/Desktop/ros2/src/usb_cam/include/usb_cam/usb_cam_node.hpp:38[m[K,
                 from [01m[K/home/iclab/Desktop/ros2/src/usb_cam/src/usb_cam_node.cpp:34[m[K:
[01m[K/home/iclab/Desktop/ros2/src/usb_cam/src/usb_cam_node.cpp:[m[K In function â€˜[01m[Kvoid assign_params(const std::vector<rclcpp::Parameter>&)[m[Kâ€™:
[01m[K/home/iclab/Desktop/ros2/src/usb_cam/src/usb_cam_node.cpp:265:19:[m[K [01;31m[Kerror: [m[Kinvalid use of â€˜[01m[Kthis[m[Kâ€™ in non-member function
  265 |       RCLCPP_INFO([01;31m[Kthis[m[K->get_logger(), "camera_name value: %s", parameter.value_to_string().c_str());
      |                   [01;31m[K^~~~[m[K
[01m[K/home/iclab/Desktop/ros2/src/usb_cam/src/usb_cam_node.cpp:265:19:[m[K [01;31m[Kerror: [m[Kinvalid use of â€˜[01m[Kthis[m[Kâ€™ in non-member function
[01m[K/home/iclab/Desktop/ros2/src/usb_cam/src/usb_cam_node.cpp:265:7:[m[K [01;31m[Kerror: [m[Ktemplate argument 1 is invalid
  265 |       [01;31m[KRCLCPP_INFO[m[K(this->get_logger(), "camera_name value: %s", parameter.value_to_string().c_str());
      |       [01;31m[K^~~~~~~~~~~[m[K
[01m[K/home/iclab/Desktop/ros2/src/usb_cam/src/usb_cam_node.cpp:265:7:[m[K [01;31m[Kerror: [m[Kâ€˜[01m[K<declaration error>[m[Kâ€™ is not a template [[01;31m[K]8;;https://gcc.gnu.org/onlinedocs/gcc/Warning-Options.html#index-fpermissive-fpermissive]8;;[m[K]
  265 |       [01;31m[KRCLCPP_INFO[m[K(this->get_logger(), "camera_name value: %s", parameter.value_to_string().c_str());
      |       [01;31m[K^~~~~~~~~~~[m[K
[01m[K/home/iclab/Desktop/ros2/src/usb_cam/src/usb_cam_node.cpp:265:7:[m[K [01;31m[Kerror: [m[Ktemplate argument 1 is invalid
  265 |       [01;31m[KRCLCPP_INFO[m[K(this->get_logger(), "camera_name value: %s", parameter.value_to_string().c_str());
      |       [01;31m[K^~~~~~~~~~~[m[K
[01m[K/home/iclab/Desktop/ros2/src/usb_cam/src/usb_cam_node.cpp:265:7:[m[K [01;31m[Kerror: [m[Kâ€˜[01m[K<declaration error>[m[Kâ€™ is not a template [[01;31m[K]8;;https://gcc.gnu.org/onlinedocs/gcc/Warning-Options.html#index-fpermissive-fpermissive]8;;[m[K]
  265 |       [01;31m[KRCLCPP_INFO[m[K(this->get_logger(), "camera_name value: %s", parameter.value_to_string().c_str());
      |       [01;31m[K^~~~~~~~~~~[m[K
[01m[K/home/iclab/Desktop/ros2/src/usb_cam/src/usb_cam_node.cpp:265:7:[m[K [01;31m[Kerror: [m[Ktemplate argument 1 is invalid
  265 |       [01;31m[KRCLCPP_INFO[m[K(this->get_logger(), "camera_name value: %s", parameter.value_to_string().c_str());
      |       [01;31m[K^~~~~~~~~~~[m[K
In file included from [01m[K/opt/ros/humble/include/rclcpp/rclcpp/logging.hpp:24[m[K,
                 from [01m[K/opt/ros/humble/include/rclcpp/rclcpp/client.hpp:40[m[K,
                 from [01m[K/opt/ros/humble/include/rclcpp/rclcpp/callback_group.hpp:24[m[K,
                 from [01m[K/opt/ros/humble/include/rclcpp/rclcpp/node.hpp:40[m[K,
                 from [01m[K/opt/ros/humble/include/camera_info_manager/camera_info_manager/camera_info_manager.hpp:45[m[K,
                 from [01m[K/home/iclab/Desktop/ros2/src/usb_cam/include/usb_cam/usb_cam_node.hpp:38[m[K,
                 from [01m[K/home/iclab/Desktop/ros2/src/usb_cam/src/usb_cam_node.cpp:34[m[K:
[01m[K/home/iclab/Desktop/ros2/src/usb_cam/src/usb_cam_node.cpp:265:19:[m[K [01;31m[Kerror: [m[Kinvalid use of â€˜[01m[Kthis[m[Kâ€™ in non-member function
  265 |       RCLCPP_INFO([01;31m[Kthis[m[K->get_logger(), "camera_name value: %s", parameter.value_to_string().c_str());
      |                   [01;31m[K^~~~[m[K
[01m[K/home/iclab/Desktop/ros2/src/usb_cam/src/usb_cam_node.cpp:265:19:[m[K [01;31m[Kerror: [m[Kinvalid use of â€˜[01m[Kthis[m[Kâ€™ in non-member function
  265 |       RCLCPP_INFO([01;31m[Kthis[m[K->get_logger(), "camera_name value: %s", parameter.value_to_string().c_str());
      |                   [01;31m[K^~~~[m[K
[01m[K/home/iclab/Desktop/ros2/src/usb_cam/src/usb_cam_node.cpp:266:7:[m[K [01;31m[Kerror: [m[Kâ€˜[01m[Km_parameters[m[Kâ€™ was not declared in this scope; did you mean â€˜[01m[Kparameters[m[Kâ€™?
  266 |       [01;31m[Km_parameters[m[K.camera_name = parameter.value_to_string();
      |       [01;31m[K^~~~~~~~~~~~[m[K
      |       [32m[Kparameters[m[K
[01m[K/home/iclab/Desktop/ros2/src/usb_cam/src/usb_cam_node.cpp:268:7:[m[K [01;31m[Kerror: [m[Kâ€˜[01m[Km_parameters[m[Kâ€™ was not declared in this scope; did you mean â€˜[01m[Kparameters[m[Kâ€™?
  268 |       [01;31m[Km_parameters[m[K.camera_info_url = parameter.value_to_string();
      |       [01;31m[K^~~~~~~~~~~~[m[K
      |       [32m[Kparameters[m[K
[01m[K/home/iclab/Desktop/ros2/src/usb_cam/src/usb_cam_node.cpp:270:7:[m[K [01;31m[Kerror: [m[Kâ€˜[01m[Km_parameters[m[Kâ€™ was not declared in this scope; did you mean â€˜[01m[Kparameters[m[Kâ€™?
  270 |       [01;31m[Km_parameters[m[K.frame_id = parameter.value_to_string();
      |       [01;31m[K^~~~~~~~~~~~[m[K
      |       [32m[Kparameters[m[K
In file included from [01m[K/opt/ros/humble/include/rclcpp/rclcpp/client.hpp:40[m[K,
                 from [01m[K/opt/ros/humble/include/rclcpp/rclcpp/callback_group.hpp:24[m[K,
                 from [01m[K/opt/ros/humble/include/rclcpp/rclcpp/node.hpp:40[m[K,
                 from [01m[K/opt/ros/humble/include/camera_info_manager/camera_info_manager/camera_info_manager.hpp:45[m[K,
                 from [01m[K/home/iclab/Desktop/ros2/src/usb_cam/include/usb_cam/usb_cam_node.hpp:38[m[K,
                 from [01m[K/home/iclab/Desktop/ros2/src/usb_cam/src/usb_cam_node.cpp:34[m[K:
[01m[K/home/iclab/Desktop/ros2/src/usb_cam/src/usb_cam_node.cpp:272:19:[m[K [01;31m[Kerror: [m[Kinvalid use of â€˜[01m[Kthis[m[Kâ€™ in non-member function
  272 |       RCLCPP_WARN([01;31m[Kthis[m[K->get_logger(), "framerate: %f", parameter.as_double());
      |                   [01;31m[K^~~~[m[K
[01m[K/home/iclab/Desktop/ros2/src/usb_cam/src/usb_cam_node.cpp:272:19:[m[K [01;31m[Kerror: [m[Kinvalid use of â€˜[01m[Kthis[m[Kâ€™ in non-member function
[01m[K/home/iclab/Desktop/ros2/src/usb_cam/src/usb_cam_node.cpp:272:7:[m[K [01;31m[Kerror: [m[Ktemplate argument 1 is invalid
  272 |       [01;31m[KRCLCPP_WARN[m[K(this->get_logger(), "framerate: %f", parameter.as_double());
      |       [01;31m[K^~~~~~~~~~~[m[K
[01m[K/home/iclab/Desktop/ros2/src/usb_cam/src/usb_cam_node.cpp:272:7:[m[K [01;31m[Kerror: [m[Kâ€˜[01m[K<declaration error>[m[Kâ€™ is not a template [[01;31m[K]8;;https://gcc.gnu.org/onlinedocs/gcc/Warning-Options.html#index-fpermissive-fpermissive]8;;[m[K]
  272 |       [01;31m[KRCLCPP_WARN[m[K(this->get_logger(), "framerate: %f", parameter.as_double());
      |       [01;31m[K^~~~~~~~~~~[m[K
[01m[K/home/iclab/Desktop/ros2/src/usb_cam/src/usb_cam_node.cpp:272:7:[m[K [01;31m[Kerror: [m[Ktemplate argument 1 is invalid
  272 |       [01;31m[KRCLCPP_WARN[m[K(this->get_logger(), "framerate: %f", parameter.as_double());
      |       [01;31m[K^~~~~~~~~~~[m[K
[01m[K/home/iclab/Desktop/ros2/src/usb_cam/src/usb_cam_node.cpp:272:7:[m[K [01;31m[Kerror: [m[Kâ€˜[01m[K<declaration error>[m[Kâ€™ is not a template [[01;31m[K]8;;https://gcc.gnu.org/onlinedocs/gcc/Warning-Options.html#index-fpermissive-fpermissive]8;;[m[K]
  272 |       [01;31m[KRCLCPP_WARN[m[K(this->get_logger(), "framerate: %f", parameter.as_double());
      |       [01;31m[K^~~~~~~~~~~[m[K
[01m[K/home/iclab/Desktop/ros2/src/usb_cam/src/usb_cam_node.cpp:272:7:[m[K [01;31m[Kerror: [m[Ktemplate argument 1 is invalid
  272 |       [01;31m[KRCLCPP_WARN[m[K(this->get_logger(), "framerate: %f", parameter.as_double());
      |       [01;31m[K^~~~~~~~~~~[m[K
In file included from [01m[K/opt/ros/humble/include/rclcpp/rclcpp/logging.hpp:24[m[K,
                 from [01m[K/opt/ros/humble/include/rclcpp/rclcpp/client.hpp:40[m[K,
                 from [01m[K/opt/ros/humble/include/rclcpp/rclcpp/callback_group.hpp:24[m[K,
                 from [01m[K/opt/ros/humble/include/rclcpp/rclcpp/node.hpp:40[m[K,
                 from [01m[K/opt/ros/humble/include/camera_info_manager/camera_info_manager/camera_info_manager.hpp:45[m[K,
                 from [01m[K/home/iclab/Desktop/ros2/src/usb_cam/include/usb_cam/usb_cam_node.hpp:38[m[K,
                 from [01m[K/home/iclab/Desktop/ros2/src/usb_cam/src/usb_cam_node.cpp:34[m[K:
[01m[K/home/iclab/Desktop/ros2/src/usb_cam/src/usb_cam_node.cpp:272:19:[m[K [01;31m[Kerror: [m[Kinvalid use of â€˜[01m[Kthis[m[Kâ€™ in non-member function
  272 |       RCLCPP_WARN([01;31m[Kthis[m[K->get_logger(), "framerate: %f", parameter.as_double());
      |                   [01;31m[K^~~~[m[K
[01m[K/home/iclab/Desktop/ros2/src/usb_cam/src/usb_cam_node.cpp:272:19:[m[K [01;31m[Kerror: [m[Kinvalid use of â€˜[01m[Kthis[m[Kâ€™ in non-member function
  272 |       RCLCPP_WARN([01;31m[Kthis[m[K->get_logger(), "framerate: %f", parameter.as_double());
      |                   [01;31m[K^~~~[m[K
[01m[K/home/iclab/Desktop/ros2/src/usb_cam/src/usb_cam_node.cpp:273:7:[m[K [01;31m[Kerror: [m[Kâ€˜[01m[Km_parameters[m[Kâ€™ was not declared in this scope; did you mean â€˜[01m[Kparameters[m[Kâ€™?
  273 |       [01;31m[Km_parameters[m[K.framerate = parameter.as_double();
      |       [01;31m[K^~~~~~~~~~~~[m[K
      |       [32m[Kparameters[m[K
[01m[K/home/iclab/Desktop/ros2/src/usb_cam/src/usb_cam_node.cpp:275:7:[m[K [01;31m[Kerror: [m[Kâ€˜[01m[Km_parameters[m[Kâ€™ was not declared in this scope; did you mean â€˜[01m[Kparameters[m[Kâ€™?
  275 |       [01;31m[Km_parameters[m[K.image_height = parameter.as_int();
      |       [01;31m[K^~~~~~~~~~~~[m[K
      |       [32m[Kparameters[m[K
[01m[K/home/iclab/Desktop/ros2/src/usb_cam/src/usb_cam_node.cpp:277:7:[m[K [01;31m[Kerror: [m[Kâ€˜[01m[Km_parameters[m[Kâ€™ was not declared in this scope; did you mean â€˜[01m[Kparameters[m[Kâ€™?
  277 |       [01;31m[Km_parameters[m[K.image_width = parameter.as_int();
      |       [01;31m[K^~~~~~~~~~~~[m[K
      |       [32m[Kparameters[m[K
[01m[K/home/iclab/Desktop/ros2/src/usb_cam/src/usb_cam_node.cpp:279:7:[m[K [01;31m[Kerror: [m[Kâ€˜[01m[Km_parameters[m[Kâ€™ was not declared in this scope; did you mean â€˜[01m[Kparameters[m[Kâ€™?
  279 |       [01;31m[Km_parameters[m[K.io_method_name = parameter.value_to_string();
      |       [01;31m[K^~~~~~~~~~~~[m[K
      |       [32m[Kparameters[m[K
[01m[K/home/iclab/Desktop/ros2/src/usb_cam/src/usb_cam_node.cpp:281:7:[m[K [01;31m[Kerror: [m[Kâ€˜[01m[Km_parameters[m[Kâ€™ was not declared in this scope; did you mean â€˜[01m[Kparameters[m[Kâ€™?
  281 |       [01;31m[Km_parameters[m[K.pixel_format_name = parameter.value_to_string();
      |       [01;31m[K^~~~~~~~~~~~[m[K
      |       [32m[Kparameters[m[K
[01m[K/home/iclab/Desktop/ros2/src/usb_cam/src/usb_cam_node.cpp:283:7:[m[K [01;31m[Kerror: [m[Kâ€˜[01m[Km_parameters[m[Kâ€™ was not declared in this scope; did you mean â€˜[01m[Kparameters[m[Kâ€™?
  283 |       [01;31m[Km_parameters[m[K.device_name = parameter.value_to_string();
      |       [01;31m[K^~~~~~~~~~~~[m[K
      |       [32m[Kparameters[m[K
[01m[K/home/iclab/Desktop/ros2/src/usb_cam/src/usb_cam_node.cpp:285:7:[m[K [01;31m[Kerror: [m[Kâ€˜[01m[Km_parameters[m[Kâ€™ was not declared in this scope; did you mean â€˜[01m[Kparameters[m[Kâ€™?
  285 |       [01;31m[Km_parameters[m[K.brightness = parameter.as_int();
      |       [01;31m[K^~~~~~~~~~~~[m[K
      |       [32m[Kparameters[m[K
[01m[K/home/iclab/Desktop/ros2/src/usb_cam/src/usb_cam_node.cpp:287:7:[m[K [01;31m[Kerror: [m[Kâ€˜[01m[Km_parameters[m[Kâ€™ was not declared in this scope; did you mean â€˜[01m[Kparameters[m[Kâ€™?
  287 |       [01;31m[Km_parameters[m[K.contrast = parameter.as_int();
      |       [01;31m[K^~~~~~~~~~~~[m[K
      |       [32m[Kparameters[m[K
[01m[K/home/iclab/Desktop/ros2/src/usb_cam/src/usb_cam_node.cpp:289:7:[m[K [01;31m[Kerror: [m[Kâ€˜[01m[Km_parameters[m[Kâ€™ was not declared in this scope; did you mean â€˜[01m[Kparameters[m[Kâ€™?
  289 |       [01;31m[Km_parameters[m[K.saturation = parameter.as_int();
      |       [01;31m[K^~~~~~~~~~~~[m[K
      |       [32m[Kparameters[m[K
[01m[K/home/iclab/Desktop/ros2/src/usb_cam/src/usb_cam_node.cpp:291:7:[m[K [01;31m[Kerror: [m[Kâ€˜[01m[Km_parameters[m[Kâ€™ was not declared in this scope; did you mean â€˜[01m[Kparameters[m[Kâ€™?
  291 |       [01;31m[Km_parameters[m[K.sharpness = parameter.as_int();
      |       [01;31m[K^~~~~~~~~~~~[m[K
      |       [32m[Kparameters[m[K
[01m[K/home/iclab/Desktop/ros2/src/usb_cam/src/usb_cam_node.cpp:293:7:[m[K [01;31m[Kerror: [m[Kâ€˜[01m[Km_parameters[m[Kâ€™ was not declared in this scope; did you mean â€˜[01m[Kparameters[m[Kâ€™?
  293 |       [01;31m[Km_parameters[m[K.gain = parameter.as_int();
      |       [01;31m[K^~~~~~~~~~~~[m[K
      |       [32m[Kparameters[m[K
[01m[K/home/iclab/Desktop/ros2/src/usb_cam/src/usb_cam_node.cpp:295:7:[m[K [01;31m[Kerror: [m[Kâ€˜[01m[Km_parameters[m[Kâ€™ was not declared in this scope; did you mean â€˜[01m[Kparameters[m[Kâ€™?
  295 |       [01;31m[Km_parameters[m[K.auto_white_balance = parameter.as_bool();
      |       [01;31m[K^~~~~~~~~~~~[m[K
      |       [32m[Kparameters[m[K
[01m[K/home/iclab/Desktop/ros2/src/usb_cam/src/usb_cam_node.cpp:297:7:[m[K [01;31m[Kerror: [m[Kâ€˜[01m[Km_parameters[m[Kâ€™ was not declared in this scope; did you mean â€˜[01m[Kparameters[m[Kâ€™?
  297 |       [01;31m[Km_parameters[m[K.white_balance = parameter.as_int();
      |       [01;31m[K^~~~~~~~~~~~[m[K
      |       [32m[Kparameters[m[K
[01m[K/home/iclab/Desktop/ros2/src/usb_cam/src/usb_cam_node.cpp:299:7:[m[K [01;31m[Kerror: [m[Kâ€˜[01m[Km_parameters[m[Kâ€™ was not declared in this scope; did you mean â€˜[01m[Kparameters[m[Kâ€™?
  299 |       [01;31m[Km_parameters[m[K.autoexposure = parameter.as_bool();
      |       [01;31m[K^~~~~~~~~~~~[m[K
      |       [32m[Kparameters[m[K
[01m[K/home/iclab/Desktop/ros2/src/usb_cam/src/usb_cam_node.cpp:301:7:[m[K [01;31m[Kerror: [m[Kâ€˜[01m[Km_parameters[m[Kâ€™ was not declared in this scope; did you mean â€˜[01m[Kparameters[m[Kâ€™?
  301 |       [01;31m[Km_parameters[m[K.exposure = parameter.as_int();
      |       [01;31m[K^~~~~~~~~~~~[m[K
      |       [32m[Kparameters[m[K
[01m[K/home/iclab/Desktop/ros2/src/usb_cam/src/usb_cam_node.cpp:303:7:[m[K [01;31m[Kerror: [m[Kâ€˜[01m[Km_parameters[m[Kâ€™ was not declared in this scope; did you mean â€˜[01m[Kparameters[m[Kâ€™?
  303 |       [01;31m[Km_parameters[m[K.autofocus = parameter.as_bool();
      |       [01;31m[K^~~~~~~~~~~~[m[K
      |       [32m[Kparameters[m[K
[01m[K/home/iclab/Desktop/ros2/src/usb_cam/src/usb_cam_node.cpp:305:7:[m[K [01;31m[Kerror: [m[Kâ€˜[01m[Km_parameters[m[Kâ€™ was not declared in this scope; did you mean â€˜[01m[Kparameters[m[Kâ€™?
  305 |       [01;31m[Km_parameters[m[K.focus = parameter.as_int();
      |       [01;31m[K^~~~~~~~~~~~[m[K
      |       [32m[Kparameters[m[K
In file included from [01m[K/opt/ros/humble/include/rclcpp/rclcpp/client.hpp:40[m[K,
                 from [01m[K/opt/ros/humble/include/rclcpp/rclcpp/callback_group.hpp:24[m[K,
                 from [01m[K/opt/ros/humble/include/rclcpp/rclcpp/node.hpp:40[m[K,
                 from [01m[K/opt/ros/humble/include/camera_info_manager/camera_info_manager/camera_info_manager.hpp:45[m[K,
                 from [01m[K/home/iclab/Desktop/ros2/src/usb_cam/include/usb_cam/usb_cam_node.hpp:38[m[K,
                 from [01m[K/home/iclab/Desktop/ros2/src/usb_cam/src/usb_cam_node.cpp:34[m[K:
[01m[K/home/iclab/Desktop/ros2/src/usb_cam/src/usb_cam_node.cpp:307:19:[m[K [01;31m[Kerror: [m[Kinvalid use of â€˜[01m[Kthis[m[Kâ€™ in non-member function
  307 |       RCLCPP_WARN([01;31m[Kthis[m[K->get_logger(), "Invalid parameter name: %s", parameter.get_name().c_str());
      |                   [01;31m[K^~~~[m[K
[01m[K/home/iclab/Desktop/ros2/src/usb_cam/src/usb_cam_node.cpp:307:19:[m[K [01;31m[Kerror: [m[Kinvalid use of â€˜[01m[Kthis[m[Kâ€™ in non-member function
[01m[K/home/iclab/Desktop/ros2/src/usb_cam/src/usb_cam_node.cpp:307:7:[m[K [01;31m[Kerror: [m[Ktemplate argument 1 is invalid
  307 |       [01;31m[KRCLCPP_WARN[m[K(this->get_logger(), "Invalid parameter name: %s", parameter.get_name().c_str());
      |       [01;31m[K^~~~~~~~~~~[m[K
[01m[K/home/iclab/Desktop/ros2/src/usb_cam/src/usb_cam_node.cpp:307:7:[m[K [01;31m[Kerror: [m[Kâ€˜[01m[K<declaration error>[m[Kâ€™ is not a template [[01;31m[K]8;;https://gcc.gnu.org/onlinedocs/gcc/Warning-Options.html#index-fpermissive-fpermissive]8;;[m[K]
  307 |       [01;31m[KRCLCPP_WARN[m[K(this->get_logger(), "Invalid parameter name: %s", parameter.get_name().c_str());
      |       [01;31m[K^~~~~~~~~~~[m[K
[01m[K/home/iclab/Desktop/ros2/src/usb_cam/src/usb_cam_node.cpp:307:7:[m[K [01;31m[Kerror: [m[Ktemplate argument 1 is invalid
  307 |       [01;31m[KRCLCPP_WARN[m[K(this->get_logger(), "Invalid parameter name: %s", parameter.get_name().c_str());
      |       [01;31m[K^~~~~~~~~~~[m[K
[01m[K/home/iclab/Desktop/ros2/src/usb_cam/src/usb_cam_node.cpp:307:7:[m[K [01;31m[Kerror: [m[Kâ€˜[01m[K<declaration error>[m[Kâ€™ is not a template [[01;31m[K]8;;https://gcc.gnu.org/onlinedocs/gcc/Warning-Options.html#index-fpermissive-fpermissive]8;;[m[K]
  307 |       [01;31m[KRCLCPP_WARN[m[K(this->get_logger(), "Invalid parameter name: %s", parameter.get_name().c_str());
      |       [01;31m[K^~~~~~~~~~~[m[K
[01m[K/home/iclab/Desktop/ros2/src/usb_cam/src/usb_cam_node.cpp:307:7:[m[K [01;31m[Kerror: [m[Ktemplate argument 1 is invalid
  307 |       [01;31m[KRCLCPP_WARN[m[K(this->get_logger(), "Invalid parameter name: %s", parameter.get_name().c_str());
      |       [01;31m[K^~~~~~~~~~~[m[K
In file included from [01m[K/opt/ros/humble/include/rclcpp/rclcpp/logging.hpp:24[m[K,
                 from [01m[K/opt/ros/humble/include/rclcpp/rclcpp/client.hpp:40[m[K,
                 from [01m[K/opt/ros/humble/include/rclcpp/rclcpp/callback_group.hpp:24[m[K,
                 from [01m[K/opt/ros/humble/include/rclcpp/rclcpp/node.hpp:40[m[K,
                 from [01m[K/opt/ros/humble/include/camera_info_manager/camera_info_manager/camera_info_manager.hpp:45[m[K,
                 from [01m[K/home/iclab/Desktop/ros2/src/usb_cam/include/usb_cam/usb_cam_node.hpp:38[m[K,
                 from [01m[K/home/iclab/Desktop/ros2/src/usb_cam/src/usb_cam_node.cpp:34[m[K:
[01m[K/home/iclab/Desktop/ros2/src/usb_cam/src/usb_cam_node.cpp:307:19:[m[K [01;31m[Kerror: [m[Kinvalid use of â€˜[01m[Kthis[m[Kâ€™ in non-member function
  307 |       RCLCPP_WARN([01;31m[Kthis[m[K->get_logger(), "Invalid parameter name: %s", parameter.get_name().c_str());
      |                   [01;31m[K^~~~[m[K
[01m[K/home/iclab/Desktop/ros2/src/usb_cam/src/usb_cam_node.cpp:307:19:[m[K [01;31m[Kerror: [m[Kinvalid use of â€˜[01m[Kthis[m[Kâ€™ in non-member function
  307 |       RCLCPP_WARN([01;31m[Kthis[m[K->get_logger(), "Invalid parameter name: %s", parameter.get_name().c_str());
      |                   [01;31m[K^~~~[m[K
[01m[K/home/iclab/Desktop/ros2/src/usb_cam/src/usb_cam_node.cpp:[m[K At global scope:
[01m[K/home/iclab/Desktop/ros2/src/usb_cam/src/usb_cam_node.cpp:314:6:[m[K [01;31m[Kerror: [m[Kâ€˜[01m[KUsbCamNode[m[Kâ€™ has not been declared
  314 | void [01;31m[KUsbCamNode[m[K::set_v4l2_params()
      |      [01;31m[K^~~~~~~~~~[m[K
[01m[K/home/iclab/Desktop/ros2/src/usb_cam/src/usb_cam_node.cpp:[m[K In function â€˜[01m[Kvoid set_v4l2_params()[m[Kâ€™:
[01m[K/home/iclab/Desktop/ros2/src/usb_cam/src/usb_cam_node.cpp:317:7:[m[K [01;31m[Kerror: [m[Kâ€˜[01m[Km_parameters[m[Kâ€™ was not declared in this scope
  317 |   if ([01;31m[Km_parameters[m[K.brightness >= 0) {
      |       [01;31m[K^~~~~~~~~~~~[m[K
[01m[K/home/iclab/Desktop/ros2/src/usb_cam/src/usb_cam_node.cpp:319:5:[m[K [01;31m[Kerror: [m[Kâ€˜[01m[Km_camera[m[Kâ€™ was not declared in this scope
  319 |     [01;31m[Km_camera[m[K->set_v4l_parameter("brightness", m_parameters.brightness);
      |     [01;31m[K^~~~~~~~[m[K
[01m[K/home/iclab/Desktop/ros2/src/usb_cam/src/usb_cam_node.cpp:322:7:[m[K [01;31m[Kerror: [m[Kâ€˜[01m[Km_parameters[m[Kâ€™ was not declared in this scope
  322 |   if ([01;31m[Km_parameters[m[K.contrast >= 0) {
      |       [01;31m[K^~~~~~~~~~~~[m[K
[01m[K/home/iclab/Desktop/ros2/src/usb_cam/src/usb_cam_node.cpp:324:5:[m[K [01;31m[Kerror: [m[Kâ€˜[01m[Km_camera[m[Kâ€™ was not declared in this scope
  324 |     [01;31m[Km_camera[m[K->set_v4l_parameter("contrast", m_parameters.contrast);
      |     [01;31m[K^~~~~~~~[m[K
[01m[K/home/iclab/Desktop/ros2/src/usb_cam/src/usb_cam_node.cpp:327:7:[m[K [01;31m[Kerror: [m[Kâ€˜[01m[Km_parameters[m[Kâ€™ was not declared in this scope
  327 |   if ([01;31m[Km_parameters[m[K.saturation >= 0) {
      |       [01;31m[K^~~~~~~~~~~~[m[K
[01m[K/home/iclab/Desktop/ros2/src/usb_cam/src/usb_cam_node.cpp:329:5:[m[K [01;31m[Kerror: [m[Kâ€˜[01m[Km_camera[m[Kâ€™ was not declared in this scope
  329 |     [01;31m[Km_camera[m[K->set_v4l_parameter("saturation", m_parameters.saturation);
      |     [01;31m[K^~~~~~~~[m[K
[01m[K/home/iclab/Desktop/ros2/src/usb_cam/src/usb_cam_node.cpp:343:7:[m[K [01;31m[Kerror: [m[Kâ€˜[01m[Km_parameters[m[Kâ€™ was not declared in this scope
  343 |   if ([01;31m[Km_parameters[m[K.auto_white_balance) {
      |       [01;31m[K^~~~~~~~~~~~[m[K
[01m[K/home/iclab/Desktop/ros2/src/usb_cam/src/usb_cam_node.cpp:344:5:[m[K [01;31m[Kerror: [m[Kâ€˜[01m[Km_camera[m[Kâ€™ was not declared in this scope
  344 |     [01;31m[Km_camera[m[K->set_v4l_parameter("white_balance_temperature_auto", 1);
      |     [01;31m[K^~~~~~~~[m[K
[01m[K/home/iclab/Desktop/ros2/src/usb_cam/src/usb_cam_node.cpp:348:5:[m[K [01;31m[Kerror: [m[Kâ€˜[01m[Km_camera[m[Kâ€™ was not declared in this scope
  348 |     [01;31m[Km_camera[m[K->set_v4l_parameter("white_balance_temperature_auto", 0);
      |     [01;31m[K^~~~~~~~[m[K
[01m[K/home/iclab/Desktop/ros2/src/usb_cam/src/usb_cam_node.cpp:353:8:[m[K [01;31m[Kerror: [m[Kâ€˜[01m[Km_parameters[m[Kâ€™ was not declared in this scope
  353 |   if (![01;31m[Km_parameters[m[K.autoexposure) {
      |        [01;31m[K^~~~~~~~~~~~[m[K
[01m[K/home/iclab/Desktop/ros2/src/usb_cam/src/usb_cam_node.cpp:357:5:[m[K [01;31m[Kerror: [m[Kâ€˜[01m[Km_camera[m[Kâ€™ was not declared in this scope
  357 |     [01;31m[Km_camera[m[K->set_v4l_parameter("exposure_auto", 1);
      |     [01;31m[K^~~~~~~~[m[K
[01m[K/home/iclab/Desktop/ros2/src/usb_cam/src/usb_cam_node.cpp:362:5:[m[K [01;31m[Kerror: [m[Kâ€˜[01m[Km_camera[m[Kâ€™ was not declared in this scope
  362 |     [01;31m[Km_camera[m[K->set_v4l_parameter("exposure_auto", 3);
      |     [01;31m[K^~~~~~~~[m[K
[01m[K/home/iclab/Desktop/ros2/src/usb_cam/src/usb_cam_node.cpp:[m[K At global scope:
[01m[K/home/iclab/Desktop/ros2/src/usb_cam/src/usb_cam_node.cpp:379:6:[m[K [01;31m[Kerror: [m[Kâ€˜[01m[KUsbCamNode[m[Kâ€™ has not been declared
  379 | bool [01;31m[KUsbCamNode[m[K::take_and_send_image()
      |      [01;31m[K^~~~~~~~~~[m[K
[01m[K/home/iclab/Desktop/ros2/src/usb_cam/src/usb_cam_node.cpp:[m[K In function â€˜[01m[Kbool take_and_send_image()[m[Kâ€™:
[01m[K/home/iclab/Desktop/ros2/src/usb_cam/src/usb_cam_node.cpp:382:14:[m[K [01;31m[Kerror: [m[Kâ€˜[01m[Km_image_msg[m[Kâ€™ was not declared in this scope
  382 |   if (sizeof([01;31m[Km_image_msg[m[K->data) != m_camera->get_image_size_in_bytes()) {
      |              [01;31m[K^~~~~~~~~~~[m[K
[01m[K/home/iclab/Desktop/ros2/src/usb_cam/src/usb_cam_node.cpp:382:36:[m[K [01;31m[Kerror: [m[Kâ€˜[01m[Km_camera[m[Kâ€™ was not declared in this scope
  382 |   if (sizeof(m_image_msg->data) != [01;31m[Km_camera[m[K->get_image_size_in_bytes()) {
      |                                    [01;31m[K^~~~~~~~[m[K
[01m[K/home/iclab/Desktop/ros2/src/usb_cam/src/usb_cam_node.cpp:396:3:[m[K [01;31m[Kerror: [m[Kâ€˜[01m[Km_camera[m[Kâ€™ was not declared in this scope
  396 |   [01;31m[Km_camera[m[K->get_image(reinterpret_cast<char *>(&m_image_msg->data[0]));
      |   [01;31m[K^~~~~~~~[m[K
[01m[K/home/iclab/Desktop/ros2/src/usb_cam/src/usb_cam_node.cpp:396:49:[m[K [01;31m[Kerror: [m[Kâ€˜[01m[Km_image_msg[m[Kâ€™ was not declared in this scope
  396 |   m_camera->get_image(reinterpret_cast<char *>(&[01;31m[Km_image_msg[m[K->data[0]));
      |                                                 [01;31m[K^~~~~~~~~~~[m[K
[01m[K/home/iclab/Desktop/ros2/src/usb_cam/src/usb_cam_node.cpp:402:4:[m[K [01;31m[Kerror: [m[Kâ€˜[01m[Km_camera_info_msg[m[Kâ€™ was not declared in this scope; did you mean â€˜[01m[Kcamera_info_manager[m[Kâ€™?
  402 |   *[01;31m[Km_camera_info_msg[m[K = m_camera_info->getCameraInfo();
      |    [01;31m[K^~~~~~~~~~~~~~~~~[m[K
      |    [32m[Kcamera_info_manager[m[K
[01m[K/home/iclab/Desktop/ros2/src/usb_cam/src/usb_cam_node.cpp:402:24:[m[K [01;31m[Kerror: [m[Kâ€˜[01m[Km_camera_info[m[Kâ€™ was not declared in this scope
  402 |   *m_camera_info_msg = [01;31m[Km_camera_info[m[K->getCameraInfo();
      |                        [01;31m[K^~~~~~~~~~~~~[m[K
[01m[K/home/iclab/Desktop/ros2/src/usb_cam/src/usb_cam_node.cpp:404:3:[m[K [01;31m[Kerror: [m[Kâ€˜[01m[Km_image_publisher[m[Kâ€™ was not declared in this scope; did you mean â€˜[01m[Krmw_create_publisher[m[Kâ€™?
  404 |   [01;31m[Km_image_publisher[m[K.publish(*m_image_msg, *m_camera_info_msg);
      |   [01;31m[K^~~~~~~~~~~~~~~~~[m[K
      |   [32m[Krmw_create_publisher[m[K
[01m[K/home/iclab/Desktop/ros2/src/usb_cam/src/usb_cam_node.cpp:[m[K At global scope:
[01m[K/home/iclab/Desktop/ros2/src/usb_cam/src/usb_cam_node.cpp:408:42:[m[K [01;31m[Kerror: [m[Kâ€˜[01m[KUsbCamNode[m[Kâ€™ has not been declared
  408 | rcl_interfaces::msg::SetParametersResult [01;31m[KUsbCamNode[m[K::parameters_callback(
      |                                          [01;31m[K^~~~~~~~~~[m[K
In file included from [01m[K/opt/ros/humble/include/rclcpp/rclcpp/client.hpp:40[m[K,
                 from [01m[K/opt/ros/humble/include/rclcpp/rclcpp/callback_group.hpp:24[m[K,
                 from [01m[K/opt/ros/humble/include/rclcpp/rclcpp/node.hpp:40[m[K,
                 from [01m[K/opt/ros/humble/include/camera_info_manager/camera_info_manager/camera_info_manager.hpp:45[m[K,
                 from [01m[K/home/iclab/Desktop/ros2/src/usb_cam/include/usb_cam/usb_cam_node.hpp:38[m[K,
                 from [01m[K/home/iclab/Desktop/ros2/src/usb_cam/src/usb_cam_node.cpp:34[m[K:
[01m[K/home/iclab/Desktop/ros2/src/usb_cam/src/usb_cam_node.cpp:[m[K In function â€˜[01m[Krcl_interfaces::msg::SetParametersResult parameters_callback(const std::vector<rclcpp::Parameter>&)[m[Kâ€™:
[01m[K/home/iclab/Desktop/ros2/src/usb_cam/src/usb_cam_node.cpp:411:16:[m[K [01;31m[Kerror: [m[Kinvalid use of â€˜[01m[Kthis[m[Kâ€™ in non-member function
  411 |   RCLCPP_DEBUG([01;31m[Kthis[m[K->get_logger(), "Setting parameters for %s", m_parameters.camera_name.c_str());
      |                [01;31m[K^~~~[m[K
[01m[K/home/iclab/Desktop/ros2/src/usb_cam/src/usb_cam_node.cpp:411:16:[m[K [01;31m[Kerror: [m[Kinvalid use of â€˜[01m[Kthis[m[Kâ€™ in non-member function
[01m[K/home/iclab/Desktop/ros2/src/usb_cam/src/usb_cam_node.cpp:411:3:[m[K [01;31m[Kerror: [m[Ktemplate argument 1 is invalid
  411 |   [01;31m[KRCLCPP_DEBUG[m[K(this->get_logger(), "Setting parameters for %s", m_parameters.camera_name.c_str());
      |   [01;31m[K^~~~~~~~~~~~[m[K
[01m[K/home/iclab/Desktop/ros2/src/usb_cam/src/usb_cam_node.cpp:411:3:[m[K [01;31m[Kerror: [m[Kâ€˜[01m[K<declaration error>[m[Kâ€™ is not a template [[01;31m[K]8;;https://gcc.gnu.org/onlinedocs/gcc/Warning-Options.html#index-fpermissive-fpermissive]8;;[m[K]
  411 |   [01;31m[KRCLCPP_DEBUG[m[K(this->get_logger(), "Setting parameters for %s", m_parameters.camera_name.c_str());
      |   [01;31m[K^~~~~~~~~~~~[m[K
[01m[K/home/iclab/Desktop/ros2/src/usb_cam/src/usb_cam_node.cpp:411:3:[m[K [01;31m[Kerror: [m[Ktemplate argument 1 is invalid
  411 |   [01;31m[KRCLCPP_DEBUG[m[K(this->get_logger(), "Setting parameters for %s", m_parameters.camera_name.c_str());
      |   [01;31m[K^~~~~~~~~~~~[m[K
[01m[K/home/iclab/Desktop/ros2/src/usb_cam/src/usb_cam_node.cpp:411:3:[m[K [01;31m[Kerror: [m[Kâ€˜[01m[K<declaration error>[m[Kâ€™ is not a template [[01;31m[K]8;;https://gcc.gnu.org/onlinedocs/gcc/Warning-Options.html#index-fpermissive-fpermissive]8;;[m[K]
  411 |   [01;31m[KRCLCPP_DEBUG[m[K(this->get_logger(), "Setting parameters for %s", m_parameters.camera_name.c_str());
      |   [01;31m[K^~~~~~~~~~~~[m[K
[01m[K/home/iclab/Desktop/ros2/src/usb_cam/src/usb_cam_node.cpp:411:3:[m[K [01;31m[Kerror: [m[Ktemplate argument 1 is invalid
  411 |   [01;31m[KRCLCPP_DEBUG[m[K(this->get_logger(), "Setting parameters for %s", m_parameters.camera_name.c_str());
      |   [01;31m[K^~~~~~~~~~~~[m[K
In file included from [01m[K/opt/ros/humble/include/rclcpp/rclcpp/logging.hpp:24[m[K,
                 from [01m[K/opt/ros/humble/include/rclcpp/rclcpp/client.hpp:40[m[K,
                 from [01m[K/opt/ros/humble/include/rclcpp/rclcpp/callback_group.hpp:24[m[K,
                 from [01m[K/opt/ros/humble/include/rclcpp/rclcpp/node.hpp:40[m[K,
                 from [01m[K/opt/ros/humble/include/camera_info_manager/camera_info_manager/camera_info_manager.hpp:45[m[K,
                 from [01m[K/home/iclab/Desktop/ros2/src/usb_cam/include/usb_cam/usb_cam_node.hpp:38[m[K,
                 from [01m[K/home/iclab/Desktop/ros2/src/usb_cam/src/usb_cam_node.cpp:34[m[K:
[01m[K/home/iclab/Desktop/ros2/src/usb_cam/src/usb_cam_node.cpp:411:16:[m[K [01;31m[Kerror: [m[Kinvalid use of â€˜[01m[Kthis[m[Kâ€™ in non-member function
  411 |   RCLCPP_DEBUG([01;31m[Kthis[m[K->get_logger(), "Setting parameters for %s", m_parameters.camera_name.c_str());
      |                [01;31m[K^~~~[m[K
[01m[K/home/iclab/Desktop/ros2/src/usb_cam/src/usb_cam_node.cpp:411:16:[m[K [01;31m[Kerror: [m[Kinvalid use of â€˜[01m[Kthis[m[Kâ€™ in non-member function
  411 |   RCLCPP_DEBUG([01;31m[Kthis[m[K->get_logger(), "Setting parameters for %s", m_parameters.camera_name.c_str());
      |                [01;31m[K^~~~[m[K
[01m[K/home/iclab/Desktop/ros2/src/usb_cam/src/usb_cam_node.cpp:411:65:[m[K [01;31m[Kerror: [m[Kâ€˜[01m[Km_parameters[m[Kâ€™ was not declared in this scope; did you mean â€˜[01m[Kparameters[m[Kâ€™?
  411 |   RCLCPP_DEBUG(this->get_logger(), "Setting parameters for %s", [01;31m[Km_parameters[m[K.camera_name.c_str());
      |                                                                 [01;31m[K^~~~~~~~~~~~[m[K
[01m[K/home/iclab/Desktop/ros2/src/usb_cam/src/usb_cam_node.cpp:412:3:[m[K [01;31m[Kerror: [m[Kâ€˜[01m[Km_timer[m[Kâ€™ was not declared in this scope; did you mean â€˜[01m[Kmktime[m[Kâ€™?
  412 |   [01;31m[Km_timer[m[K->reset();
      |   [01;31m[K^~~~~~~[m[K
      |   [32m[Kmktime[m[K
[01m[K/home/iclab/Desktop/ros2/src/usb_cam/src/usb_cam_node.cpp:[m[K At global scope:
[01m[K/home/iclab/Desktop/ros2/src/usb_cam/src/usb_cam_node.cpp:421:6:[m[K [01;31m[Kerror: [m[Kâ€˜[01m[KUsbCamNode[m[Kâ€™ has not been declared
  421 | void [01;31m[KUsbCamNode[m[K::update()
      |      [01;31m[K^~~~~~~~~~[m[K
[01m[K/home/iclab/Desktop/ros2/src/usb_cam/src/usb_cam_node.cpp:[m[K In function â€˜[01m[Kvoid update()[m[Kâ€™:
[01m[K/home/iclab/Desktop/ros2/src/usb_cam/src/usb_cam_node.cpp:423:7:[m[K [01;31m[Kerror: [m[Kâ€˜[01m[Km_camera[m[Kâ€™ was not declared in this scope
  423 |   if ([01;31m[Km_camera[m[K->is_capturing()) {
      |       [01;31m[K^~~~~~~~[m[K
In file included from [01m[K/opt/ros/humble/include/rclcpp/rclcpp/client.hpp:40[m[K,
                 from [01m[K/opt/ros/humble/include/rclcpp/rclcpp/callback_group.hpp:24[m[K,
                 from [01m[K/opt/ros/humble/include/rclcpp/rclcpp/node.hpp:40[m[K,
                 from [01m[K/opt/ros/humble/include/camera_info_manager/camera_info_manager/camera_info_manager.hpp:45[m[K,
                 from [01m[K/home/iclab/Desktop/ros2/src/usb_cam/include/usb_cam/usb_cam_node.hpp:38[m[K,
                 from [01m[K/home/iclab/Desktop/ros2/src/usb_cam/src/usb_cam_node.cpp:34[m[K:
[01m[K/home/iclab/Desktop/ros2/src/usb_cam/src/usb_cam_node.cpp:427:24:[m[K [01;31m[Kerror: [m[Kinvalid use of â€˜[01m[Kthis[m[Kâ€™ in non-member function
  427 |       RCLCPP_WARN_ONCE([01;31m[Kthis[m[K->get_logger(), "USB camera did not respond in time.");
      |                        [01;31m[K^~~~[m[K
[01m[K/home/iclab/Desktop/ros2/src/usb_cam/src/usb_cam_node.cpp:427:24:[m[K [01;31m[Kerror: [m[Kinvalid use of â€˜[01m[Kthis[m[Kâ€™ in non-member function
[01m[K/home/iclab/Desktop/ros2/src/usb_cam/src/usb_cam_node.cpp:427:7:[m[K [01;31m[Kerror: [m[Ktemplate argument 1 is invalid
  427 |       [01;31m[KRCLCPP_WARN_ONCE[m[K(this->get_logger(), "USB camera did not respond in time.");
      |       [01;31m[K^~~~~~~~~~~~~~~~[m[K
[01m[K/home/iclab/Desktop/ros2/src/usb_cam/src/usb_cam_node.cpp:427:7:[m[K [01;31m[Kerror: [m[Kâ€˜[01m[K<declaration error>[m[Kâ€™ is not a template [[01;31m[K]8;;https://gcc.gnu.org/onlinedocs/gcc/Warning-Options.html#index-fpermissive-fpermissive]8;;[m[K]
  427 |       [01;31m[KRCLCPP_WARN_ONCE[m[K(this->get_logger(), "USB camera did not respond in time.");
      |       [01;31m[K^~~~~~~~~~~~~~~~[m[K
[01m[K/home/iclab/Desktop/ros2/src/usb_cam/src/usb_cam_node.cpp:427:7:[m[K [01;31m[Kerror: [m[Ktemplate argument 1 is invalid
  427 |       [01;31m[KRCLCPP_WARN_ONCE[m[K(this->get_logger(), "USB camera did not respond in time.");
      |       [01;31m[K^~~~~~~~~~~~~~~~[m[K
[01m[K/home/iclab/Desktop/ros2/src/usb_cam/src/usb_cam_node.cpp:427:7:[m[K [01;31m[Kerror: [m[Kâ€˜[01m[K<declaration error>[m[Kâ€™ is not a template [[01;31m[K]8;;https://gcc.gnu.org/onlinedocs/gcc/Warning-Options.html#index-fpermissive-fpermissive]8;;[m[K]
  427 |       [01;31m[KRCLCPP_WARN_ONCE[m[K(this->get_logger(), "USB camera did not respond in time.");
      |       [01;31m[K^~~~~~~~~~~~~~~~[m[K
[01m[K/home/iclab/Desktop/ros2/src/usb_cam/src/usb_cam_node.cpp:427:7:[m[K [01;31m[Kerror: [m[Ktemplate argument 1 is invalid
  427 |       [01;31m[KRCLCPP_WARN_ONCE[m[K(this->get_logger(), "USB camera did not respond in time.");
      |       [01;31m[K^~~~~~~~~~~~~~~~[m[K
In file included from [01m[K/opt/ros/humble/include/rclcpp/rclcpp/logging.hpp:24[m[K,
                 from [01m[K/opt/ros/humble/include/rclcpp/rclcpp/client.hpp:40[m[K,
                 from [01m[K/opt/ros/humble/include/rclcpp/rclcpp/callback_group.hpp:24[m[K,
                 from [01m[K/opt/ros/humble/include/rclcpp/rclcpp/node.hpp:40[m[K,
                 from [01m[K/opt/ros/humble/include/camera_info_manager/camera_info_manager/camera_info_manager.hpp:45[m[K,
                 from [01m[K/home/iclab/Desktop/ros2/src/usb_cam/include/usb_cam/usb_cam_node.hpp:38[m[K,
                 from [01m[K/home/iclab/Desktop/ros2/src/usb_cam/src/usb_cam_node.cpp:34[m[K:
[01m[K/home/iclab/Desktop/ros2/src/usb_cam/src/usb_cam_node.cpp:427:24:[m[K [01;31m[Kerror: [m[Kinvalid use of â€˜[01m[Kthis[m[Kâ€™ in non-member function
  427 |       RCLCPP_WARN_ONCE([01;31m[Kthis[m[K->get_logger(), "USB camera did not respond in time.");
      |                        [01;31m[K^~~~[m[K
[01m[K/home/iclab/Desktop/ros2/src/usb_cam/src/usb_cam_node.cpp:427:24:[m[K [01;31m[Kerror: [m[Kinvalid use of â€˜[01m[Kthis[m[Kâ€™ in non-member function
  427 |       RCLCPP_WARN_ONCE([01;31m[Kthis[m[K->get_logger(), "USB camera did not respond in time.");
      |                        [01;31m[K^~~~[m[K
[01m[K/home/iclab/Desktop/ros2/src/usb_cam/src/usb_cam_node.cpp:[m[K At global scope:
[01m[K/home/iclab/Desktop/ros2/src/usb_cam/src/usb_cam_node.cpp:431:1:[m[K [01;31m[Kerror: [m[Kexpected declaration before â€˜[01m[K}[m[Kâ€™ token
  431 | [01;31m[K}[m[K  // namespace usb_cam
      | [01;31m[K^[m[K
gmake[2]: *** [CMakeFiles/usb_cam_node.dir/build.make:76: CMakeFiles/usb_cam_node.dir/src/usb_cam_node.cpp.o] Error 1
gmake[1]: *** [CMakeFiles/Makefile2:189: CMakeFiles/usb_cam_node.dir/all] Error 2
gmake: *** [Makefile:146: all] Error 2
