[0.284s] Invoking command in '/home/iclab/Desktop/ros2/build/usb_cam': CMAKE_PREFIX_PATH=/home/iclab/Desktop/ros2/install/tku_msgs:/home/iclab/Desktop/ros2/install/web_video_server:/home/iclab/Desktop/ros2/install/usb_cam:/home/iclab/Desktop/ros2/install/serial:/home/iclab/Desktop/ros2/install/tku_libs:/home/iclab/Desktop/ros2/install/motionpackage:/opt/ros/humble LD_LIBRARY_PATH=/home/iclab/Desktop/ros2/install/tku_msgs/lib:/home/iclab/Desktop/ros2/install/usb_cam/lib:/opt/ros/humble/opt/rviz_ogre_vendor/lib:/opt/ros/humble/lib/x86_64-linux-gnu:/opt/ros/humble/lib /usr/bin/cmake --build /home/iclab/Desktop/ros2/build/usb_cam -- -j8 -l8
[0.323s] [ 14%] Built target usb_cam
[0.325s] [ 28%] Built target gtest_main
[0.327s] [ 42%] Built target gtest
[0.330s] [ 57%] Built target usb_cam_node_exe
[0.337s] [35m[1mConsolidate compiler generated dependencies of target usb_cam_node[0m
[0.345s] [ 71%] Built target test_usb_cam_utils
[0.348s] [ 85%] Built target test_pixel_formats
[0.354s] [ 92%] [32mBuilding CXX object CMakeFiles/usb_cam_node.dir/src/usb_cam_node.cpp.o[0m
[2.310s] [01m[K/home/iclab/Desktop/ros2/src/usb_cam/src/usb_cam_node.cpp:163:3:[m[K [01;31m[Kerror: [m[Kâ€˜[01m[Km_image_msg[m[Kâ€™ does not name a type
[2.310s]   163 |   [01;31m[Km_image_msg[m[K->header.frame_id = m_parameters.frame_id;
[2.311s]       |   [01;31m[K^~~~~~~~~~~[m[K
[2.317s] [01m[K/home/iclab/Desktop/ros2/src/usb_cam/src/usb_cam_node.cpp:171:43:[m[K [01;31m[Kerror: [m[Kâ€˜[01m[Km_parameters[m[Kâ€™ was not declared in this scope; did you mean â€˜[01m[Kparameters_t[m[Kâ€™?
[2.317s]   171 |     usb_cam::utils::io_method_from_string([01;31m[Km_parameters[m[K.io_method_name);
[2.317s]       |                                           [01;31m[K^~~~~~~~~~~~[m[K
[2.317s]       |                                           [32m[Kparameters_t[m[K
[2.317s] [01m[K/home/iclab/Desktop/ros2/src/usb_cam/src/usb_cam_node.cpp:172:3:[m[K [01;31m[Kerror: [m[Kexpected unqualified-id before â€˜[01m[Kif[m[Kâ€™
[2.317s]   172 |   [01;31m[Kif[m[K (io_method == usb_cam::utils::IO_METHOD_UNKNOWN) {
[2.317s]       |   [01;31m[K^~[m[K
[2.318s] [01m[K/home/iclab/Desktop/ros2/src/usb_cam/src/usb_cam_node.cpp:180:3:[m[K [01;31m[Kerror: [m[Kâ€˜[01m[Km_camera[m[Kâ€™ does not name a type
[2.318s]   180 |   [01;31m[Km_camera[m[K->configure(m_parameters, io_method);
[2.319s]       |   [01;31m[K^~~~~~~~[m[K
[2.319s] In file included from [01m[K/opt/ros/humble/include/rclcpp/rclcpp/client.hpp:40[m[K,
[2.319s]                  from [01m[K/opt/ros/humble/include/rclcpp/rclcpp/callback_group.hpp:24[m[K,
[2.319s]                  from [01m[K/opt/ros/humble/include/rclcpp/rclcpp/node.hpp:40[m[K,
[2.319s]                  from [01m[K/opt/ros/humble/include/camera_info_manager/camera_info_manager/camera_info_manager.hpp:45[m[K,
[2.319s]                  from [01m[K/home/iclab/Desktop/ros2/src/usb_cam/include/usb_cam/usb_cam_node.hpp:38[m[K,
[2.319s]                  from [01m[K/home/iclab/Desktop/ros2/src/usb_cam/src/usb_cam_node.cpp:34[m[K:
[2.319s] [01m[K/home/iclab/Desktop/ros2/src/usb_cam/src/usb_cam_node.cpp:182:3:[m[K [01;31m[Kerror: [m[Kexpected unqualified-id before â€˜[01m[Kdo[m[Kâ€™
[2.319s]   182 |   [01;31m[KRCLCPP_INFO[m[K(this->get_logger(), "This devices supproted formats:");
[2.319s]       |   [01;31m[K^~~~~~~~~~~[m[K
[2.319s] [01m[K/home/iclab/Desktop/ros2/src/usb_cam/src/usb_cam_node.cpp:182:3:[m[K [01;31m[Kerror: [m[Kexpected unqualified-id before â€˜[01m[Kwhile[m[Kâ€™
[2.319s]   182 |   [01;31m[KRCLCPP_INFO[m[K(this->get_logger(), "This devices supproted formats:");
[2.319s]       |   [01;31m[K^~~~~~~~~~~[m[K
[2.319s] [01m[K/home/iclab/Desktop/ros2/src/usb_cam/src/usb_cam_node.cpp:193:20:[m[K [01;31m[Kerror: [m[Kexpected constructor, destructor, or type conversion before â€˜[01m[K;[m[Kâ€™ token
[2.319s]   193 |   set_v4l2_params()[01;31m[K;[m[K
[2.319s]       |                    [01;31m[K^[m[K
[2.320s] [01m[K/home/iclab/Desktop/ros2/src/usb_cam/src/usb_cam_node.cpp:196:3:[m[K [01;31m[Kerror: [m[Kâ€˜[01m[Km_camera[m[Kâ€™ does not name a type
[2.320s]   196 |   [01;31m[Km_camera[m[K->start();
[2.320s]       |   [01;31m[K^~~~~~~~[m[K
[2.325s] [01m[K/home/iclab/Desktop/ros2/src/usb_cam/src/usb_cam_node.cpp:200:34:[m[K [01;31m[Kerror: [m[Kâ€˜[01m[Km_parameters[m[Kâ€™ was not declared in this scope; did you mean â€˜[01m[Kparameters_t[m[Kâ€™?
[2.325s]   200 |   const int period_ms = 1000.0 / [01;31m[Km_parameters[m[K.framerate;
[2.326s]       |                                  [01;31m[K^~~~~~~~~~~~[m[K
[2.326s]       |                                  [32m[Kparameters_t[m[K
[2.327s] [01m[K/home/iclab/Desktop/ros2/src/usb_cam/src/usb_cam_node.cpp:201:3:[m[K [01;31m[Kerror: [m[Kâ€˜[01m[Km_timer[m[Kâ€™ does not name a type; did you mean â€˜[01m[Ktimex[m[Kâ€™?
[2.327s]   201 |   [01;31m[Km_timer[m[K = this->create_wall_timer(
[2.327s]       |   [01;31m[K^~~~~~~[m[K
[2.327s]       |   [32m[Ktimex[m[K
[2.327s] In file included from [01m[K/opt/ros/humble/include/rclcpp/rclcpp/client.hpp:40[m[K,
[2.327s]                  from [01m[K/opt/ros/humble/include/rclcpp/rclcpp/callback_group.hpp:24[m[K,
[2.327s]                  from [01m[K/opt/ros/humble/include/rclcpp/rclcpp/node.hpp:40[m[K,
[2.328s]                  from [01m[K/opt/ros/humble/include/camera_info_manager/camera_info_manager/camera_info_manager.hpp:45[m[K,
[2.328s]                  from [01m[K/home/iclab/Desktop/ros2/src/usb_cam/include/usb_cam/usb_cam_node.hpp:38[m[K,
[2.328s]                  from [01m[K/home/iclab/Desktop/ros2/src/usb_cam/src/usb_cam_node.cpp:34[m[K:
[2.328s] [01m[K/home/iclab/Desktop/ros2/src/usb_cam/src/usb_cam_node.cpp:204:3:[m[K [01;31m[Kerror: [m[Kexpected unqualified-id before â€˜[01m[Kdo[m[Kâ€™
[2.328s]   204 |   [01;31m[KRCLCPP_INFO_STREAM[m[K(this->get_logger(), "Timer triggering every " << period_ms << " ms");
[2.328s]       |   [01;31m[K^~~~~~~~~~~~~~~~~~[m[K
[2.328s] [01m[K/home/iclab/Desktop/ros2/src/usb_cam/src/usb_cam_node.cpp:204:3:[m[K [01;31m[Kerror: [m[Kexpected unqualified-id before â€˜[01m[Kwhile[m[Kâ€™
[2.328s]   204 |   [01;31m[KRCLCPP_INFO_STREAM[m[K(this->get_logger(), "Timer triggering every " << period_ms << " ms");
[2.328s]       |   [01;31m[K^~~~~~~~~~~~~~~~~~[m[K
[2.328s] [01m[K/home/iclab/Desktop/ros2/src/usb_cam/src/usb_cam_node.cpp:207:6:[m[K [01;31m[Kerror: [m[Kâ€˜[01m[KUsbCamNode[m[Kâ€™ has not been declared
[2.328s]   207 | void [01;31m[KUsbCamNode[m[K::get_params()
[2.328s]       |      [01;31m[K^~~~~~~~~~[m[K
[2.328s] [01m[K/home/iclab/Desktop/ros2/src/usb_cam/src/usb_cam_node.cpp:[m[K In function â€˜[01m[Kvoid get_params()[m[Kâ€™:
[2.328s] [01m[K/home/iclab/Desktop/ros2/src/usb_cam/src/usb_cam_node.cpp:209:75:[m[K [01;31m[Kerror: [m[Kinvalid use of â€˜[01m[Kthis[m[Kâ€™ in non-member function
[2.328s]   209 |   auto parameters_client = std::make_shared<rclcpp::SyncParametersClient>([01;31m[Kthis[m[K);
[2.328s]       |                                                                           [01;31m[K^~~~[m[K
[2.335s] [01m[K/home/iclab/Desktop/ros2/src/usb_cam/src/usb_cam_node.cpp:219:3:[m[K [01;31m[Kerror: [m[Kâ€˜[01m[Kassign_params[m[Kâ€™ was not declared in this scope
[2.335s]   219 |   [01;31m[Kassign_params[m[K(parameters);
[2.335s]       |   [01;31m[K^~~~~~~~~~~~~[m[K
[2.345s] [01m[K/home/iclab/Desktop/ros2/src/usb_cam/src/usb_cam_node.cpp:220:3:[m[K [01;31m[Kerror: [m[Kâ€˜[01m[Kcamera_param_callback[m[Kâ€™ was not declared in this scope
[2.345s]   220 |   [01;31m[Kcamera_param_callback[m[K(tku_msgs::msg::Camera());
[2.346s]       |   [01;31m[K^~~~~~~~~~~~~~~~~~~~~[m[K
[2.346s] [01m[K/home/iclab/Desktop/ros2/src/usb_cam/src/usb_cam_node.cpp:[m[K At global scope:
[2.346s] [01m[K/home/iclab/Desktop/ros2/src/usb_cam/src/usb_cam_node.cpp:237:6:[m[K [01;31m[Kerror: [m[Kâ€˜[01m[KUsbCamNode[m[Kâ€™ has not been declared
[2.346s]   237 | void [01;31m[KUsbCamNode[m[K::camera_param_callback(const tku_msgs::msg::Camera &msg) {
[2.346s]       |      [01;31m[K^~~~~~~~~~[m[K
[2.352s] [01m[K/home/iclab/Desktop/ros2/src/usb_cam/src/usb_cam_node.cpp:[m[K In function â€˜[01m[Kvoid camera_param_callback(const Camera&)[m[Kâ€™:
[2.352s] [01m[K/home/iclab/Desktop/ros2/src/usb_cam/src/usb_cam_node.cpp:239:5:[m[K [01;31m[Kerror: [m[Kâ€˜[01m[Kbrightness_[m[Kâ€™ was not declared in this scope
[2.352s]   239 |     [01;31m[Kbrightness_[m[K = int(msg.brightness);
[2.352s]       |     [01;31m[K^~~~~~~~~~~[m[K
[2.357s] [01m[K/home/iclab/Desktop/ros2/src/usb_cam/src/usb_cam_node.cpp:240:5:[m[K [01;31m[Kerror: [m[Kâ€˜[01m[Kcontrast_[m[Kâ€™ was not declared in this scope
[2.357s]   240 |     [01;31m[Kcontrast_[m[K = int(msg.contrast);
[2.357s]       |     [01;31m[K^~~~~~~~~[m[K
[2.363s] [01m[K/home/iclab/Desktop/ros2/src/usb_cam/src/usb_cam_node.cpp:241:5:[m[K [01;31m[Kerror: [m[Kâ€˜[01m[Ksaturation_[m[Kâ€™ was not declared in this scope
[2.363s]   241 |     [01;31m[Ksaturation_[m[K = int(msg.saturation);
[2.363s]       |     [01;31m[K^~~~~~~~~~~[m[K
[2.373s] [01m[K/home/iclab/Desktop/ros2/src/usb_cam/src/usb_cam_node.cpp:242:5:[m[K [01;31m[Kerror: [m[Kâ€˜[01m[Kauto_white_balance_[m[Kâ€™ was not declared in this scope
[2.373s]   242 |     [01;31m[Kauto_white_balance_[m[K = msg.autowhitebalance;
[2.373s]       |     [01;31m[K^~~~~~~~~~~~~~~~~~~[m[K
[2.381s] [01m[K/home/iclab/Desktop/ros2/src/usb_cam/src/usb_cam_node.cpp:243:5:[m[K [01;31m[Kerror: [m[Kâ€˜[01m[Kwhite_balance_[m[Kâ€™ was not declared in this scope
[2.381s]   243 |     [01;31m[Kwhite_balance_[m[K = msg.whitebalance;
[2.381s]       |     [01;31m[K^~~~~~~~~~~~~~[m[K
[2.389s] [01m[K/home/iclab/Desktop/ros2/src/usb_cam/src/usb_cam_node.cpp:244:5:[m[K [01;31m[Kerror: [m[Kâ€˜[01m[Kauto_exposure_[m[Kâ€™ was not declared in this scope
[2.389s]   244 |     [01;31m[Kauto_exposure_[m[K = msg.autoexposure;
[2.389s]       |     [01;31m[K^~~~~~~~~~~~~~[m[K
[2.394s] [01m[K/home/iclab/Desktop/ros2/src/usb_cam/src/usb_cam_node.cpp:247:5:[m[K [01;31m[Kerror: [m[Kâ€˜[01m[Km_camera[m[Kâ€™ was not declared in this scope
[2.394s]   247 |     [01;31m[Km_camera[m[K->set_v4l_parameter("brightness", brightness_);
[2.394s]       |     [01;31m[K^~~~~~~~[m[K
[2.394s] [01m[K/home/iclab/Desktop/ros2/src/usb_cam/src/usb_cam_node.cpp:[m[K At global scope:
[2.394s] [01m[K/home/iclab/Desktop/ros2/src/usb_cam/src/usb_cam_node.cpp:261:6:[m[K [01;31m[Kerror: [m[Kâ€˜[01m[KUsbCamNode[m[Kâ€™ has not been declared
[2.394s]   261 | void [01;31m[KUsbCamNode[m[K::assign_params(const std::vector<rclcpp::Parameter> & parameters)
[2.394s]       |      [01;31m[K^~~~~~~~~~[m[K
[2.395s] In file included from [01m[K/opt/ros/humble/include/rclcpp/rclcpp/client.hpp:40[m[K,
[2.395s]                  from [01m[K/opt/ros/humble/include/rclcpp/rclcpp/callback_group.hpp:24[m[K,
[2.395s]                  from [01m[K/opt/ros/humble/include/rclcpp/rclcpp/node.hpp:40[m[K,
[2.395s]                  from [01m[K/opt/ros/humble/include/camera_info_manager/camera_info_manager/camera_info_manager.hpp:45[m[K,
[2.395s]                  from [01m[K/home/iclab/Desktop/ros2/src/usb_cam/include/usb_cam/usb_cam_node.hpp:38[m[K,
[2.395s]                  from [01m[K/home/iclab/Desktop/ros2/src/usb_cam/src/usb_cam_node.cpp:34[m[K:
[2.395s] [01m[K/home/iclab/Desktop/ros2/src/usb_cam/src/usb_cam_node.cpp:[m[K In function â€˜[01m[Kvoid assign_params(const std::vector<rclcpp::Parameter>&)[m[Kâ€™:
[2.395s] [01m[K/home/iclab/Desktop/ros2/src/usb_cam/src/usb_cam_node.cpp:265:19:[m[K [01;31m[Kerror: [m[Kinvalid use of â€˜[01m[Kthis[m[Kâ€™ in non-member function
[2.395s]   265 |       RCLCPP_INFO([01;31m[Kthis[m[K->get_logger(), "camera_name value: %s", parameter.value_to_string().c_str());
[2.395s]       |                   [01;31m[K^~~~[m[K
[2.395s] [01m[K/home/iclab/Desktop/ros2/src/usb_cam/src/usb_cam_node.cpp:265:19:[m[K [01;31m[Kerror: [m[Kinvalid use of â€˜[01m[Kthis[m[Kâ€™ in non-member function
[2.395s] [01m[K/home/iclab/Desktop/ros2/src/usb_cam/src/usb_cam_node.cpp:265:7:[m[K [01;31m[Kerror: [m[Ktemplate argument 1 is invalid
[2.396s]   265 |       [01;31m[KRCLCPP_INFO[m[K(this->get_logger(), "camera_name value: %s", parameter.value_to_string().c_str());
[2.396s]       |       [01;31m[K^~~~~~~~~~~[m[K
[2.396s] [01m[K/home/iclab/Desktop/ros2/src/usb_cam/src/usb_cam_node.cpp:265:7:[m[K [01;31m[Kerror: [m[Kâ€˜[01m[K<declaration error>[m[Kâ€™ is not a template [[01;31m[K]8;;https://gcc.gnu.org/onlinedocs/gcc/Warning-Options.html#index-fpermissive-fpermissive]8;;[m[K]
[2.396s]   265 |       [01;31m[KRCLCPP_INFO[m[K(this->get_logger(), "camera_name value: %s", parameter.value_to_string().c_str());
[2.396s]       |       [01;31m[K^~~~~~~~~~~[m[K
[2.396s] [01m[K/home/iclab/Desktop/ros2/src/usb_cam/src/usb_cam_node.cpp:265:7:[m[K [01;31m[Kerror: [m[Ktemplate argument 1 is invalid
[2.396s]   265 |       [01;31m[KRCLCPP_INFO[m[K(this->get_logger(), "camera_name value: %s", parameter.value_to_string().c_str());
[2.396s]       |       [01;31m[K^~~~~~~~~~~[m[K
[2.396s] [01m[K/home/iclab/Desktop/ros2/src/usb_cam/src/usb_cam_node.cpp:265:7:[m[K [01;31m[Kerror: [m[Kâ€˜[01m[K<declaration error>[m[Kâ€™ is not a template [[01;31m[K]8;;https://gcc.gnu.org/onlinedocs/gcc/Warning-Options.html#index-fpermissive-fpermissive]8;;[m[K]
[2.396s]   265 |       [01;31m[KRCLCPP_INFO[m[K(this->get_logger(), "camera_name value: %s", parameter.value_to_string().c_str());
[2.396s]       |       [01;31m[K^~~~~~~~~~~[m[K
[2.396s] [01m[K/home/iclab/Desktop/ros2/src/usb_cam/src/usb_cam_node.cpp:265:7:[m[K [01;31m[Kerror: [m[Ktemplate argument 1 is invalid
[2.396s]   265 |       [01;31m[KRCLCPP_INFO[m[K(this->get_logger(), "camera_name value: %s", parameter.value_to_string().c_str());
[2.396s]       |       [01;31m[K^~~~~~~~~~~[m[K
[2.396s] In file included from [01m[K/opt/ros/humble/include/rclcpp/rclcpp/logging.hpp:24[m[K,
[2.396s]                  from [01m[K/opt/ros/humble/include/rclcpp/rclcpp/client.hpp:40[m[K,
[2.396s]                  from [01m[K/opt/ros/humble/include/rclcpp/rclcpp/callback_group.hpp:24[m[K,
[2.396s]                  from [01m[K/opt/ros/humble/include/rclcpp/rclcpp/node.hpp:40[m[K,
[2.397s]                  from [01m[K/opt/ros/humble/include/camera_info_manager/camera_info_manager/camera_info_manager.hpp:45[m[K,
[2.397s]                  from [01m[K/home/iclab/Desktop/ros2/src/usb_cam/include/usb_cam/usb_cam_node.hpp:38[m[K,
[2.397s]                  from [01m[K/home/iclab/Desktop/ros2/src/usb_cam/src/usb_cam_node.cpp:34[m[K:
[2.397s] [01m[K/home/iclab/Desktop/ros2/src/usb_cam/src/usb_cam_node.cpp:265:19:[m[K [01;31m[Kerror: [m[Kinvalid use of â€˜[01m[Kthis[m[Kâ€™ in non-member function
[2.397s]   265 |       RCLCPP_INFO([01;31m[Kthis[m[K->get_logger(), "camera_name value: %s", parameter.value_to_string().c_str());
[2.397s]       |                   [01;31m[K^~~~[m[K
[2.397s] [01m[K/home/iclab/Desktop/ros2/src/usb_cam/src/usb_cam_node.cpp:265:19:[m[K [01;31m[Kerror: [m[Kinvalid use of â€˜[01m[Kthis[m[Kâ€™ in non-member function
[2.397s]   265 |       RCLCPP_INFO([01;31m[Kthis[m[K->get_logger(), "camera_name value: %s", parameter.value_to_string().c_str());
[2.397s]       |                   [01;31m[K^~~~[m[K
[2.400s] [01m[K/home/iclab/Desktop/ros2/src/usb_cam/src/usb_cam_node.cpp:266:7:[m[K [01;31m[Kerror: [m[Kâ€˜[01m[Km_parameters[m[Kâ€™ was not declared in this scope; did you mean â€˜[01m[Kparameters[m[Kâ€™?
[2.400s]   266 |       [01;31m[Km_parameters[m[K.camera_name = parameter.value_to_string();
[2.400s]       |       [01;31m[K^~~~~~~~~~~~[m[K
[2.400s]       |       [32m[Kparameters[m[K
[2.405s] [01m[K/home/iclab/Desktop/ros2/src/usb_cam/src/usb_cam_node.cpp:268:7:[m[K [01;31m[Kerror: [m[Kâ€˜[01m[Km_parameters[m[Kâ€™ was not declared in this scope; did you mean â€˜[01m[Kparameters[m[Kâ€™?
[2.405s]   268 |       [01;31m[Km_parameters[m[K.camera_info_url = parameter.value_to_string();
[2.405s]       |       [01;31m[K^~~~~~~~~~~~[m[K
[2.405s]       |       [32m[Kparameters[m[K
[2.410s] [01m[K/home/iclab/Desktop/ros2/src/usb_cam/src/usb_cam_node.cpp:270:7:[m[K [01;31m[Kerror: [m[Kâ€˜[01m[Km_parameters[m[Kâ€™ was not declared in this scope; did you mean â€˜[01m[Kparameters[m[Kâ€™?
[2.410s]   270 |       [01;31m[Km_parameters[m[K.frame_id = parameter.value_to_string();
[2.410s]       |       [01;31m[K^~~~~~~~~~~~[m[K
[2.410s]       |       [32m[Kparameters[m[K
[2.410s] In file included from [01m[K/opt/ros/humble/include/rclcpp/rclcpp/client.hpp:40[m[K,
[2.410s]                  from [01m[K/opt/ros/humble/include/rclcpp/rclcpp/callback_group.hpp:24[m[K,
[2.411s]                  from [01m[K/opt/ros/humble/include/rclcpp/rclcpp/node.hpp:40[m[K,
[2.411s]                  from [01m[K/opt/ros/humble/include/camera_info_manager/camera_info_manager/camera_info_manager.hpp:45[m[K,
[2.411s]                  from [01m[K/home/iclab/Desktop/ros2/src/usb_cam/include/usb_cam/usb_cam_node.hpp:38[m[K,
[2.411s]                  from [01m[K/home/iclab/Desktop/ros2/src/usb_cam/src/usb_cam_node.cpp:34[m[K:
[2.411s] [01m[K/home/iclab/Desktop/ros2/src/usb_cam/src/usb_cam_node.cpp:272:19:[m[K [01;31m[Kerror: [m[Kinvalid use of â€˜[01m[Kthis[m[Kâ€™ in non-member function
[2.411s]   272 |       RCLCPP_WARN([01;31m[Kthis[m[K->get_logger(), "framerate: %f", parameter.as_double());
[2.411s]       |                   [01;31m[K^~~~[m[K
[2.411s] [01m[K/home/iclab/Desktop/ros2/src/usb_cam/src/usb_cam_node.cpp:272:19:[m[K [01;31m[Kerror: [m[Kinvalid use of â€˜[01m[Kthis[m[Kâ€™ in non-member function
[2.411s] [01m[K/home/iclab/Desktop/ros2/src/usb_cam/src/usb_cam_node.cpp:272:7:[m[K [01;31m[Kerror: [m[Ktemplate argument 1 is invalid
[2.411s]   272 |       [01;31m[KRCLCPP_WARN[m[K(this->get_logger(), "framerate: %f", parameter.as_double());
[2.411s]       |       [01;31m[K^~~~~~~~~~~[m[K
[2.411s] [01m[K/home/iclab/Desktop/ros2/src/usb_cam/src/usb_cam_node.cpp:272:7:[m[K [01;31m[Kerror: [m[Kâ€˜[01m[K<declaration error>[m[Kâ€™ is not a template [[01;31m[K]8;;https://gcc.gnu.org/onlinedocs/gcc/Warning-Options.html#index-fpermissive-fpermissive]8;;[m[K]
[2.411s]   272 |       [01;31m[KRCLCPP_WARN[m[K(this->get_logger(), "framerate: %f", parameter.as_double());
[2.411s]       |       [01;31m[K^~~~~~~~~~~[m[K
[2.411s] [01m[K/home/iclab/Desktop/ros2/src/usb_cam/src/usb_cam_node.cpp:272:7:[m[K [01;31m[Kerror: [m[Ktemplate argument 1 is invalid
[2.412s]   272 |       [01;31m[KRCLCPP_WARN[m[K(this->get_logger(), "framerate: %f", parameter.as_double());
[2.412s]       |       [01;31m[K^~~~~~~~~~~[m[K
[2.412s] [01m[K/home/iclab/Desktop/ros2/src/usb_cam/src/usb_cam_node.cpp:272:7:[m[K [01;31m[Kerror: [m[Kâ€˜[01m[K<declaration error>[m[Kâ€™ is not a template [[01;31m[K]8;;https://gcc.gnu.org/onlinedocs/gcc/Warning-Options.html#index-fpermissive-fpermissive]8;;[m[K]
[2.412s]   272 |       [01;31m[KRCLCPP_WARN[m[K(this->get_logger(), "framerate: %f", parameter.as_double());
[2.412s]       |       [01;31m[K^~~~~~~~~~~[m[K
[2.412s] [01m[K/home/iclab/Desktop/ros2/src/usb_cam/src/usb_cam_node.cpp:272:7:[m[K [01;31m[Kerror: [m[Ktemplate argument 1 is invalid
[2.412s]   272 |       [01;31m[KRCLCPP_WARN[m[K(this->get_logger(), "framerate: %f", parameter.as_double());
[2.412s]       |       [01;31m[K^~~~~~~~~~~[m[K
[2.412s] In file included from [01m[K/opt/ros/humble/include/rclcpp/rclcpp/logging.hpp:24[m[K,
[2.412s]                  from [01m[K/opt/ros/humble/include/rclcpp/rclcpp/client.hpp:40[m[K,
[2.412s]                  from [01m[K/opt/ros/humble/include/rclcpp/rclcpp/callback_group.hpp:24[m[K,
[2.412s]                  from [01m[K/opt/ros/humble/include/rclcpp/rclcpp/node.hpp:40[m[K,
[2.412s]                  from [01m[K/opt/ros/humble/include/camera_info_manager/camera_info_manager/camera_info_manager.hpp:45[m[K,
[2.412s]                  from [01m[K/home/iclab/Desktop/ros2/src/usb_cam/include/usb_cam/usb_cam_node.hpp:38[m[K,
[2.412s]                  from [01m[K/home/iclab/Desktop/ros2/src/usb_cam/src/usb_cam_node.cpp:34[m[K:
[2.412s] [01m[K/home/iclab/Desktop/ros2/src/usb_cam/src/usb_cam_node.cpp:272:19:[m[K [01;31m[Kerror: [m[Kinvalid use of â€˜[01m[Kthis[m[Kâ€™ in non-member function
[2.412s]   272 |       RCLCPP_WARN([01;31m[Kthis[m[K->get_logger(), "framerate: %f", parameter.as_double());
[2.413s]       |                   [01;31m[K^~~~[m[K
[2.413s] [01m[K/home/iclab/Desktop/ros2/src/usb_cam/src/usb_cam_node.cpp:272:19:[m[K [01;31m[Kerror: [m[Kinvalid use of â€˜[01m[Kthis[m[Kâ€™ in non-member function
[2.413s]   272 |       RCLCPP_WARN([01;31m[Kthis[m[K->get_logger(), "framerate: %f", parameter.as_double());
[2.413s]       |                   [01;31m[K^~~~[m[K
[2.416s] [01m[K/home/iclab/Desktop/ros2/src/usb_cam/src/usb_cam_node.cpp:273:7:[m[K [01;31m[Kerror: [m[Kâ€˜[01m[Km_parameters[m[Kâ€™ was not declared in this scope; did you mean â€˜[01m[Kparameters[m[Kâ€™?
[2.416s]   273 |       [01;31m[Km_parameters[m[K.framerate = parameter.as_double();
[2.416s]       |       [01;31m[K^~~~~~~~~~~~[m[K
[2.416s]       |       [32m[Kparameters[m[K
[2.420s] [01m[K/home/iclab/Desktop/ros2/src/usb_cam/src/usb_cam_node.cpp:275:7:[m[K [01;31m[Kerror: [m[Kâ€˜[01m[Km_parameters[m[Kâ€™ was not declared in this scope; did you mean â€˜[01m[Kparameters[m[Kâ€™?
[2.420s]   275 |       [01;31m[Km_parameters[m[K.image_height = parameter.as_int();
[2.420s]       |       [01;31m[K^~~~~~~~~~~~[m[K
[2.421s]       |       [32m[Kparameters[m[K
[2.425s] [01m[K/home/iclab/Desktop/ros2/src/usb_cam/src/usb_cam_node.cpp:277:7:[m[K [01;31m[Kerror: [m[Kâ€˜[01m[Km_parameters[m[Kâ€™ was not declared in this scope; did you mean â€˜[01m[Kparameters[m[Kâ€™?
[2.425s]   277 |       [01;31m[Km_parameters[m[K.image_width = parameter.as_int();
[2.425s]       |       [01;31m[K^~~~~~~~~~~~[m[K
[2.425s]       |       [32m[Kparameters[m[K
[2.429s] [01m[K/home/iclab/Desktop/ros2/src/usb_cam/src/usb_cam_node.cpp:279:7:[m[K [01;31m[Kerror: [m[Kâ€˜[01m[Km_parameters[m[Kâ€™ was not declared in this scope; did you mean â€˜[01m[Kparameters[m[Kâ€™?
[2.430s]   279 |       [01;31m[Km_parameters[m[K.io_method_name = parameter.value_to_string();
[2.430s]       |       [01;31m[K^~~~~~~~~~~~[m[K
[2.430s]       |       [32m[Kparameters[m[K
[2.435s] [01m[K/home/iclab/Desktop/ros2/src/usb_cam/src/usb_cam_node.cpp:281:7:[m[K [01;31m[Kerror: [m[Kâ€˜[01m[Km_parameters[m[Kâ€™ was not declared in this scope; did you mean â€˜[01m[Kparameters[m[Kâ€™?
[2.435s]   281 |       [01;31m[Km_parameters[m[K.pixel_format_name = parameter.value_to_string();
[2.435s]       |       [01;31m[K^~~~~~~~~~~~[m[K
[2.435s]       |       [32m[Kparameters[m[K
[2.439s] [01m[K/home/iclab/Desktop/ros2/src/usb_cam/src/usb_cam_node.cpp:283:7:[m[K [01;31m[Kerror: [m[Kâ€˜[01m[Km_parameters[m[Kâ€™ was not declared in this scope; did you mean â€˜[01m[Kparameters[m[Kâ€™?
[2.439s]   283 |       [01;31m[Km_parameters[m[K.device_name = parameter.value_to_string();
[2.439s]       |       [01;31m[K^~~~~~~~~~~~[m[K
[2.439s]       |       [32m[Kparameters[m[K
[2.444s] [01m[K/home/iclab/Desktop/ros2/src/usb_cam/src/usb_cam_node.cpp:285:7:[m[K [01;31m[Kerror: [m[Kâ€˜[01m[Km_parameters[m[Kâ€™ was not declared in this scope; did you mean â€˜[01m[Kparameters[m[Kâ€™?
[2.444s]   285 |       [01;31m[Km_parameters[m[K.brightness = parameter.as_int();
[2.444s]       |       [01;31m[K^~~~~~~~~~~~[m[K
[2.444s]       |       [32m[Kparameters[m[K
[2.449s] [01m[K/home/iclab/Desktop/ros2/src/usb_cam/src/usb_cam_node.cpp:287:7:[m[K [01;31m[Kerror: [m[Kâ€˜[01m[Km_parameters[m[Kâ€™ was not declared in this scope; did you mean â€˜[01m[Kparameters[m[Kâ€™?
[2.449s]   287 |       [01;31m[Km_parameters[m[K.contrast = parameter.as_int();
[2.449s]       |       [01;31m[K^~~~~~~~~~~~[m[K
[2.449s]       |       [32m[Kparameters[m[K
[2.453s] [01m[K/home/iclab/Desktop/ros2/src/usb_cam/src/usb_cam_node.cpp:289:7:[m[K [01;31m[Kerror: [m[Kâ€˜[01m[Km_parameters[m[Kâ€™ was not declared in this scope; did you mean â€˜[01m[Kparameters[m[Kâ€™?
[2.453s]   289 |       [01;31m[Km_parameters[m[K.saturation = parameter.as_int();
[2.453s]       |       [01;31m[K^~~~~~~~~~~~[m[K
[2.453s]       |       [32m[Kparameters[m[K
[2.457s] [01m[K/home/iclab/Desktop/ros2/src/usb_cam/src/usb_cam_node.cpp:291:7:[m[K [01;31m[Kerror: [m[Kâ€˜[01m[Km_parameters[m[Kâ€™ was not declared in this scope; did you mean â€˜[01m[Kparameters[m[Kâ€™?
[2.457s]   291 |       [01;31m[Km_parameters[m[K.sharpness = parameter.as_int();
[2.458s]       |       [01;31m[K^~~~~~~~~~~~[m[K
[2.458s]       |       [32m[Kparameters[m[K
[2.462s] [01m[K/home/iclab/Desktop/ros2/src/usb_cam/src/usb_cam_node.cpp:293:7:[m[K [01;31m[Kerror: [m[Kâ€˜[01m[Km_parameters[m[Kâ€™ was not declared in this scope; did you mean â€˜[01m[Kparameters[m[Kâ€™?
[2.462s]   293 |       [01;31m[Km_parameters[m[K.gain = parameter.as_int();
[2.462s]       |       [01;31m[K^~~~~~~~~~~~[m[K
[2.462s]       |       [32m[Kparameters[m[K
[2.466s] [01m[K/home/iclab/Desktop/ros2/src/usb_cam/src/usb_cam_node.cpp:295:7:[m[K [01;31m[Kerror: [m[Kâ€˜[01m[Km_parameters[m[Kâ€™ was not declared in this scope; did you mean â€˜[01m[Kparameters[m[Kâ€™?
[2.466s]   295 |       [01;31m[Km_parameters[m[K.auto_white_balance = parameter.as_bool();
[2.466s]       |       [01;31m[K^~~~~~~~~~~~[m[K
[2.466s]       |       [32m[Kparameters[m[K
[2.470s] [01m[K/home/iclab/Desktop/ros2/src/usb_cam/src/usb_cam_node.cpp:297:7:[m[K [01;31m[Kerror: [m[Kâ€˜[01m[Km_parameters[m[Kâ€™ was not declared in this scope; did you mean â€˜[01m[Kparameters[m[Kâ€™?
[2.471s]   297 |       [01;31m[Km_parameters[m[K.white_balance = parameter.as_int();
[2.471s]       |       [01;31m[K^~~~~~~~~~~~[m[K
[2.471s]       |       [32m[Kparameters[m[K
[2.475s] [01m[K/home/iclab/Desktop/ros2/src/usb_cam/src/usb_cam_node.cpp:299:7:[m[K [01;31m[Kerror: [m[Kâ€˜[01m[Km_parameters[m[Kâ€™ was not declared in this scope; did you mean â€˜[01m[Kparameters[m[Kâ€™?
[2.475s]   299 |       [01;31m[Km_parameters[m[K.autoexposure = parameter.as_bool();
[2.475s]       |       [01;31m[K^~~~~~~~~~~~[m[K
[2.475s]       |       [32m[Kparameters[m[K
[2.480s] [01m[K/home/iclab/Desktop/ros2/src/usb_cam/src/usb_cam_node.cpp:301:7:[m[K [01;31m[Kerror: [m[Kâ€˜[01m[Km_parameters[m[Kâ€™ was not declared in this scope; did you mean â€˜[01m[Kparameters[m[Kâ€™?
[2.480s]   301 |       [01;31m[Km_parameters[m[K.exposure = parameter.as_int();
[2.480s]       |       [01;31m[K^~~~~~~~~~~~[m[K
[2.480s]       |       [32m[Kparameters[m[K
[2.485s] [01m[K/home/iclab/Desktop/ros2/src/usb_cam/src/usb_cam_node.cpp:303:7:[m[K [01;31m[Kerror: [m[Kâ€˜[01m[Km_parameters[m[Kâ€™ was not declared in this scope; did you mean â€˜[01m[Kparameters[m[Kâ€™?
[2.485s]   303 |       [01;31m[Km_parameters[m[K.autofocus = parameter.as_bool();
[2.485s]       |       [01;31m[K^~~~~~~~~~~~[m[K
[2.485s]       |       [32m[Kparameters[m[K
[2.489s] [01m[K/home/iclab/Desktop/ros2/src/usb_cam/src/usb_cam_node.cpp:305:7:[m[K [01;31m[Kerror: [m[Kâ€˜[01m[Km_parameters[m[Kâ€™ was not declared in this scope; did you mean â€˜[01m[Kparameters[m[Kâ€™?
[2.490s]   305 |       [01;31m[Km_parameters[m[K.focus = parameter.as_int();
[2.490s]       |       [01;31m[K^~~~~~~~~~~~[m[K
[2.490s]       |       [32m[Kparameters[m[K
[2.490s] In file included from [01m[K/opt/ros/humble/include/rclcpp/rclcpp/client.hpp:40[m[K,
[2.490s]                  from [01m[K/opt/ros/humble/include/rclcpp/rclcpp/callback_group.hpp:24[m[K,
[2.490s]                  from [01m[K/opt/ros/humble/include/rclcpp/rclcpp/node.hpp:40[m[K,
[2.490s]                  from [01m[K/opt/ros/humble/include/camera_info_manager/camera_info_manager/camera_info_manager.hpp:45[m[K,
[2.490s]                  from [01m[K/home/iclab/Desktop/ros2/src/usb_cam/include/usb_cam/usb_cam_node.hpp:38[m[K,
[2.490s]                  from [01m[K/home/iclab/Desktop/ros2/src/usb_cam/src/usb_cam_node.cpp:34[m[K:
[2.490s] [01m[K/home/iclab/Desktop/ros2/src/usb_cam/src/usb_cam_node.cpp:307:19:[m[K [01;31m[Kerror: [m[Kinvalid use of â€˜[01m[Kthis[m[Kâ€™ in non-member function
[2.490s]   307 |       RCLCPP_WARN([01;31m[Kthis[m[K->get_logger(), "Invalid parameter name: %s", parameter.get_name().c_str());
[2.490s]       |                   [01;31m[K^~~~[m[K
[2.490s] [01m[K/home/iclab/Desktop/ros2/src/usb_cam/src/usb_cam_node.cpp:307:19:[m[K [01;31m[Kerror: [m[Kinvalid use of â€˜[01m[Kthis[m[Kâ€™ in non-member function
[2.490s] [01m[K/home/iclab/Desktop/ros2/src/usb_cam/src/usb_cam_node.cpp:307:7:[m[K [01;31m[Kerror: [m[Ktemplate argument 1 is invalid
[2.490s]   307 |       [01;31m[KRCLCPP_WARN[m[K(this->get_logger(), "Invalid parameter name: %s", parameter.get_name().c_str());
[2.491s]       |       [01;31m[K^~~~~~~~~~~[m[K
[2.491s] [01m[K/home/iclab/Desktop/ros2/src/usb_cam/src/usb_cam_node.cpp:307:7:[m[K [01;31m[Kerror: [m[Kâ€˜[01m[K<declaration error>[m[Kâ€™ is not a template [[01;31m[K]8;;https://gcc.gnu.org/onlinedocs/gcc/Warning-Options.html#index-fpermissive-fpermissive]8;;[m[K]
[2.491s]   307 |       [01;31m[KRCLCPP_WARN[m[K(this->get_logger(), "Invalid parameter name: %s", parameter.get_name().c_str());
[2.491s]       |       [01;31m[K^~~~~~~~~~~[m[K
[2.491s] [01m[K/home/iclab/Desktop/ros2/src/usb_cam/src/usb_cam_node.cpp:307:7:[m[K [01;31m[Kerror: [m[Ktemplate argument 1 is invalid
[2.491s]   307 |       [01;31m[KRCLCPP_WARN[m[K(this->get_logger(), "Invalid parameter name: %s", parameter.get_name().c_str());
[2.491s]       |       [01;31m[K^~~~~~~~~~~[m[K
[2.491s] [01m[K/home/iclab/Desktop/ros2/src/usb_cam/src/usb_cam_node.cpp:307:7:[m[K [01;31m[Kerror: [m[Kâ€˜[01m[K<declaration error>[m[Kâ€™ is not a template [[01;31m[K]8;;https://gcc.gnu.org/onlinedocs/gcc/Warning-Options.html#index-fpermissive-fpermissive]8;;[m[K]
[2.491s]   307 |       [01;31m[KRCLCPP_WARN[m[K(this->get_logger(), "Invalid parameter name: %s", parameter.get_name().c_str());
[2.491s]       |       [01;31m[K^~~~~~~~~~~[m[K
[2.491s] [01m[K/home/iclab/Desktop/ros2/src/usb_cam/src/usb_cam_node.cpp:307:7:[m[K [01;31m[Kerror: [m[Ktemplate argument 1 is invalid
[2.491s]   307 |       [01;31m[KRCLCPP_WARN[m[K(this->get_logger(), "Invalid parameter name: %s", parameter.get_name().c_str());
[2.491s]       |       [01;31m[K^~~~~~~~~~~[m[K
[2.491s] In file included from [01m[K/opt/ros/humble/include/rclcpp/rclcpp/logging.hpp:24[m[K,
[2.491s]                  from [01m[K/opt/ros/humble/include/rclcpp/rclcpp/client.hpp:40[m[K,
[2.491s]                  from [01m[K/opt/ros/humble/include/rclcpp/rclcpp/callback_group.hpp:24[m[K,
[2.491s]                  from [01m[K/opt/ros/humble/include/rclcpp/rclcpp/node.hpp:40[m[K,
[2.491s]                  from [01m[K/opt/ros/humble/include/camera_info_manager/camera_info_manager/camera_info_manager.hpp:45[m[K,
[2.492s]                  from [01m[K/home/iclab/Desktop/ros2/src/usb_cam/include/usb_cam/usb_cam_node.hpp:38[m[K,
[2.492s]                  from [01m[K/home/iclab/Desktop/ros2/src/usb_cam/src/usb_cam_node.cpp:34[m[K:
[2.492s] [01m[K/home/iclab/Desktop/ros2/src/usb_cam/src/usb_cam_node.cpp:307:19:[m[K [01;31m[Kerror: [m[Kinvalid use of â€˜[01m[Kthis[m[Kâ€™ in non-member function
[2.492s]   307 |       RCLCPP_WARN([01;31m[Kthis[m[K->get_logger(), "Invalid parameter name: %s", parameter.get_name().c_str());
[2.492s]       |                   [01;31m[K^~~~[m[K
[2.492s] [01m[K/home/iclab/Desktop/ros2/src/usb_cam/src/usb_cam_node.cpp:307:19:[m[K [01;31m[Kerror: [m[Kinvalid use of â€˜[01m[Kthis[m[Kâ€™ in non-member function
[2.492s]   307 |       RCLCPP_WARN([01;31m[Kthis[m[K->get_logger(), "Invalid parameter name: %s", parameter.get_name().c_str());
[2.492s]       |                   [01;31m[K^~~~[m[K
[2.492s] [01m[K/home/iclab/Desktop/ros2/src/usb_cam/src/usb_cam_node.cpp:[m[K At global scope:
[2.492s] [01m[K/home/iclab/Desktop/ros2/src/usb_cam/src/usb_cam_node.cpp:314:6:[m[K [01;31m[Kerror: [m[Kâ€˜[01m[KUsbCamNode[m[Kâ€™ has not been declared
[2.492s]   314 | void [01;31m[KUsbCamNode[m[K::set_v4l2_params()
[2.492s]       |      [01;31m[K^~~~~~~~~~[m[K
[2.497s] [01m[K/home/iclab/Desktop/ros2/src/usb_cam/src/usb_cam_node.cpp:[m[K In function â€˜[01m[Kvoid set_v4l2_params()[m[Kâ€™:
[2.497s] [01m[K/home/iclab/Desktop/ros2/src/usb_cam/src/usb_cam_node.cpp:317:7:[m[K [01;31m[Kerror: [m[Kâ€˜[01m[Km_parameters[m[Kâ€™ was not declared in this scope
[2.497s]   317 |   if ([01;31m[Km_parameters[m[K.brightness >= 0) {
[2.497s]       |       [01;31m[K^~~~~~~~~~~~[m[K
[2.502s] [01m[K/home/iclab/Desktop/ros2/src/usb_cam/src/usb_cam_node.cpp:319:5:[m[K [01;31m[Kerror: [m[Kâ€˜[01m[Km_camera[m[Kâ€™ was not declared in this scope
[2.502s]   319 |     [01;31m[Km_camera[m[K->set_v4l_parameter("brightness", m_parameters.brightness);
[2.502s]       |     [01;31m[K^~~~~~~~[m[K
[2.509s] [01m[K/home/iclab/Desktop/ros2/src/usb_cam/src/usb_cam_node.cpp:322:7:[m[K [01;31m[Kerror: [m[Kâ€˜[01m[Km_parameters[m[Kâ€™ was not declared in this scope
[2.509s]   322 |   if ([01;31m[Km_parameters[m[K.contrast >= 0) {
[2.509s]       |       [01;31m[K^~~~~~~~~~~~[m[K
[2.515s] [01m[K/home/iclab/Desktop/ros2/src/usb_cam/src/usb_cam_node.cpp:324:5:[m[K [01;31m[Kerror: [m[Kâ€˜[01m[Km_camera[m[Kâ€™ was not declared in this scope
[2.515s]   324 |     [01;31m[Km_camera[m[K->set_v4l_parameter("contrast", m_parameters.contrast);
[2.515s]       |     [01;31m[K^~~~~~~~[m[K
[2.521s] [01m[K/home/iclab/Desktop/ros2/src/usb_cam/src/usb_cam_node.cpp:327:7:[m[K [01;31m[Kerror: [m[Kâ€˜[01m[Km_parameters[m[Kâ€™ was not declared in this scope
[2.522s]   327 |   if ([01;31m[Km_parameters[m[K.saturation >= 0) {
[2.522s]       |       [01;31m[K^~~~~~~~~~~~[m[K
[2.527s] [01m[K/home/iclab/Desktop/ros2/src/usb_cam/src/usb_cam_node.cpp:329:5:[m[K [01;31m[Kerror: [m[Kâ€˜[01m[Km_camera[m[Kâ€™ was not declared in this scope
[2.527s]   329 |     [01;31m[Km_camera[m[K->set_v4l_parameter("saturation", m_parameters.saturation);
[2.527s]       |     [01;31m[K^~~~~~~~[m[K
[2.534s] [01m[K/home/iclab/Desktop/ros2/src/usb_cam/src/usb_cam_node.cpp:343:7:[m[K [01;31m[Kerror: [m[Kâ€˜[01m[Km_parameters[m[Kâ€™ was not declared in this scope
[2.534s]   343 |   if ([01;31m[Km_parameters[m[K.auto_white_balance) {
[2.534s]       |       [01;31m[K^~~~~~~~~~~~[m[K
[2.539s] [01m[K/home/iclab/Desktop/ros2/src/usb_cam/src/usb_cam_node.cpp:344:5:[m[K [01;31m[Kerror: [m[Kâ€˜[01m[Km_camera[m[Kâ€™ was not declared in this scope
[2.539s]   344 |     [01;31m[Km_camera[m[K->set_v4l_parameter("white_balance_temperature_auto", 1);
[2.539s]       |     [01;31m[K^~~~~~~~[m[K
[2.544s] [01m[K/home/iclab/Desktop/ros2/src/usb_cam/src/usb_cam_node.cpp:348:5:[m[K [01;31m[Kerror: [m[Kâ€˜[01m[Km_camera[m[Kâ€™ was not declared in this scope
[2.544s]   348 |     [01;31m[Km_camera[m[K->set_v4l_parameter("white_balance_temperature_auto", 0);
[2.544s]       |     [01;31m[K^~~~~~~~[m[K
[2.551s] [01m[K/home/iclab/Desktop/ros2/src/usb_cam/src/usb_cam_node.cpp:353:8:[m[K [01;31m[Kerror: [m[Kâ€˜[01m[Km_parameters[m[Kâ€™ was not declared in this scope
[2.551s]   353 |   if (![01;31m[Km_parameters[m[K.autoexposure) {
[2.551s]       |        [01;31m[K^~~~~~~~~~~~[m[K
[2.556s] [01m[K/home/iclab/Desktop/ros2/src/usb_cam/src/usb_cam_node.cpp:357:5:[m[K [01;31m[Kerror: [m[Kâ€˜[01m[Km_camera[m[Kâ€™ was not declared in this scope
[2.556s]   357 |     [01;31m[Km_camera[m[K->set_v4l_parameter("exposure_auto", 1);
[2.556s]       |     [01;31m[K^~~~~~~~[m[K
[2.560s] [01m[K/home/iclab/Desktop/ros2/src/usb_cam/src/usb_cam_node.cpp:362:5:[m[K [01;31m[Kerror: [m[Kâ€˜[01m[Km_camera[m[Kâ€™ was not declared in this scope
[2.560s]   362 |     [01;31m[Km_camera[m[K->set_v4l_parameter("exposure_auto", 3);
[2.561s]       |     [01;31m[K^~~~~~~~[m[K
[2.561s] [01m[K/home/iclab/Desktop/ros2/src/usb_cam/src/usb_cam_node.cpp:[m[K At global scope:
[2.561s] [01m[K/home/iclab/Desktop/ros2/src/usb_cam/src/usb_cam_node.cpp:379:6:[m[K [01;31m[Kerror: [m[Kâ€˜[01m[KUsbCamNode[m[Kâ€™ has not been declared
[2.561s]   379 | bool [01;31m[KUsbCamNode[m[K::take_and_send_image()
[2.561s]       |      [01;31m[K^~~~~~~~~~[m[K
[2.566s] [01m[K/home/iclab/Desktop/ros2/src/usb_cam/src/usb_cam_node.cpp:[m[K In function â€˜[01m[Kbool take_and_send_image()[m[Kâ€™:
[2.566s] [01m[K/home/iclab/Desktop/ros2/src/usb_cam/src/usb_cam_node.cpp:382:14:[m[K [01;31m[Kerror: [m[Kâ€˜[01m[Km_image_msg[m[Kâ€™ was not declared in this scope
[2.566s]   382 |   if (sizeof([01;31m[Km_image_msg[m[K->data) != m_camera->get_image_size_in_bytes()) {
[2.566s]       |              [01;31m[K^~~~~~~~~~~[m[K
[2.571s] [01m[K/home/iclab/Desktop/ros2/src/usb_cam/src/usb_cam_node.cpp:382:36:[m[K [01;31m[Kerror: [m[Kâ€˜[01m[Km_camera[m[Kâ€™ was not declared in this scope
[2.571s]   382 |   if (sizeof(m_image_msg->data) != [01;31m[Km_camera[m[K->get_image_size_in_bytes()) {
[2.571s]       |                                    [01;31m[K^~~~~~~~[m[K
[2.575s] [01m[K/home/iclab/Desktop/ros2/src/usb_cam/src/usb_cam_node.cpp:396:3:[m[K [01;31m[Kerror: [m[Kâ€˜[01m[Km_camera[m[Kâ€™ was not declared in this scope
[2.575s]   396 |   [01;31m[Km_camera[m[K->get_image(reinterpret_cast<char *>(&m_image_msg->data[0]));
[2.575s]       |   [01;31m[K^~~~~~~~[m[K
[2.582s] [01m[K/home/iclab/Desktop/ros2/src/usb_cam/src/usb_cam_node.cpp:396:49:[m[K [01;31m[Kerror: [m[Kâ€˜[01m[Km_image_msg[m[Kâ€™ was not declared in this scope
[2.582s]   396 |   m_camera->get_image(reinterpret_cast<char *>(&[01;31m[Km_image_msg[m[K->data[0]));
[2.582s]       |                                                 [01;31m[K^~~~~~~~~~~[m[K
[2.591s] [01m[K/home/iclab/Desktop/ros2/src/usb_cam/src/usb_cam_node.cpp:402:4:[m[K [01;31m[Kerror: [m[Kâ€˜[01m[Km_camera_info_msg[m[Kâ€™ was not declared in this scope; did you mean â€˜[01m[Kcamera_info_manager[m[Kâ€™?
[2.591s]   402 |   *[01;31m[Km_camera_info_msg[m[K = m_camera_info->getCameraInfo();
[2.591s]       |    [01;31m[K^~~~~~~~~~~~~~~~~[m[K
[2.591s]       |    [32m[Kcamera_info_manager[m[K
[2.599s] [01m[K/home/iclab/Desktop/ros2/src/usb_cam/src/usb_cam_node.cpp:402:24:[m[K [01;31m[Kerror: [m[Kâ€˜[01m[Km_camera_info[m[Kâ€™ was not declared in this scope
[2.599s]   402 |   *m_camera_info_msg = [01;31m[Km_camera_info[m[K->getCameraInfo();
[2.599s]       |                        [01;31m[K^~~~~~~~~~~~~[m[K
[2.607s] [01m[K/home/iclab/Desktop/ros2/src/usb_cam/src/usb_cam_node.cpp:404:3:[m[K [01;31m[Kerror: [m[Kâ€˜[01m[Km_image_publisher[m[Kâ€™ was not declared in this scope; did you mean â€˜[01m[Krmw_create_publisher[m[Kâ€™?
[2.607s]   404 |   [01;31m[Km_image_publisher[m[K.publish(*m_image_msg, *m_camera_info_msg);
[2.607s]       |   [01;31m[K^~~~~~~~~~~~~~~~~[m[K
[2.607s]       |   [32m[Krmw_create_publisher[m[K
[2.607s] [01m[K/home/iclab/Desktop/ros2/src/usb_cam/src/usb_cam_node.cpp:[m[K At global scope:
[2.607s] [01m[K/home/iclab/Desktop/ros2/src/usb_cam/src/usb_cam_node.cpp:408:42:[m[K [01;31m[Kerror: [m[Kâ€˜[01m[KUsbCamNode[m[Kâ€™ has not been declared
[2.608s]   408 | rcl_interfaces::msg::SetParametersResult [01;31m[KUsbCamNode[m[K::parameters_callback(
[2.608s]       |                                          [01;31m[K^~~~~~~~~~[m[K
[2.608s] In file included from [01m[K/opt/ros/humble/include/rclcpp/rclcpp/client.hpp:40[m[K,
[2.608s]                  from [01m[K/opt/ros/humble/include/rclcpp/rclcpp/callback_group.hpp:24[m[K,
[2.608s]                  from [01m[K/opt/ros/humble/include/rclcpp/rclcpp/node.hpp:40[m[K,
[2.608s]                  from [01m[K/opt/ros/humble/include/camera_info_manager/camera_info_manager/camera_info_manager.hpp:45[m[K,
[2.608s]                  from [01m[K/home/iclab/Desktop/ros2/src/usb_cam/include/usb_cam/usb_cam_node.hpp:38[m[K,
[2.608s]                  from [01m[K/home/iclab/Desktop/ros2/src/usb_cam/src/usb_cam_node.cpp:34[m[K:
[2.608s] [01m[K/home/iclab/Desktop/ros2/src/usb_cam/src/usb_cam_node.cpp:[m[K In function â€˜[01m[Krcl_interfaces::msg::SetParametersResult parameters_callback(const std::vector<rclcpp::Parameter>&)[m[Kâ€™:
[2.608s] [01m[K/home/iclab/Desktop/ros2/src/usb_cam/src/usb_cam_node.cpp:411:16:[m[K [01;31m[Kerror: [m[Kinvalid use of â€˜[01m[Kthis[m[Kâ€™ in non-member function
[2.608s]   411 |   RCLCPP_DEBUG([01;31m[Kthis[m[K->get_logger(), "Setting parameters for %s", m_parameters.camera_name.c_str());
[2.608s]       |                [01;31m[K^~~~[m[K
[2.608s] [01m[K/home/iclab/Desktop/ros2/src/usb_cam/src/usb_cam_node.cpp:411:16:[m[K [01;31m[Kerror: [m[Kinvalid use of â€˜[01m[Kthis[m[Kâ€™ in non-member function
[2.608s] [01m[K/home/iclab/Desktop/ros2/src/usb_cam/src/usb_cam_node.cpp:411:3:[m[K [01;31m[Kerror: [m[Ktemplate argument 1 is invalid
[2.608s]   411 |   [01;31m[KRCLCPP_DEBUG[m[K(this->get_logger(), "Setting parameters for %s", m_parameters.camera_name.c_str());
[2.608s]       |   [01;31m[K^~~~~~~~~~~~[m[K
[2.608s] [01m[K/home/iclab/Desktop/ros2/src/usb_cam/src/usb_cam_node.cpp:411:3:[m[K [01;31m[Kerror: [m[Kâ€˜[01m[K<declaration error>[m[Kâ€™ is not a template [[01;31m[K]8;;https://gcc.gnu.org/onlinedocs/gcc/Warning-Options.html#index-fpermissive-fpermissive]8;;[m[K]
[2.608s]   411 |   [01;31m[KRCLCPP_DEBUG[m[K(this->get_logger(), "Setting parameters for %s", m_parameters.camera_name.c_str());
[2.608s]       |   [01;31m[K^~~~~~~~~~~~[m[K
[2.608s] [01m[K/home/iclab/Desktop/ros2/src/usb_cam/src/usb_cam_node.cpp:411:3:[m[K [01;31m[Kerror: [m[Ktemplate argument 1 is invalid
[2.608s]   411 |   [01;31m[KRCLCPP_DEBUG[m[K(this->get_logger(), "Setting parameters for %s", m_parameters.camera_name.c_str());
[2.608s]       |   [01;31m[K^~~~~~~~~~~~[m[K
[2.608s] [01m[K/home/iclab/Desktop/ros2/src/usb_cam/src/usb_cam_node.cpp:411:3:[m[K [01;31m[Kerror: [m[Kâ€˜[01m[K<declaration error>[m[Kâ€™ is not a template [[01;31m[K]8;;https://gcc.gnu.org/onlinedocs/gcc/Warning-Options.html#index-fpermissive-fpermissive]8;;[m[K]
[2.608s]   411 |   [01;31m[KRCLCPP_DEBUG[m[K(this->get_logger(), "Setting parameters for %s", m_parameters.camera_name.c_str());
[2.608s]       |   [01;31m[K^~~~~~~~~~~~[m[K
[2.608s] [01m[K/home/iclab/Desktop/ros2/src/usb_cam/src/usb_cam_node.cpp:411:3:[m[K [01;31m[Kerror: [m[Ktemplate argument 1 is invalid
[2.608s]   411 |   [01;31m[KRCLCPP_DEBUG[m[K(this->get_logger(), "Setting parameters for %s", m_parameters.camera_name.c_str());
[2.608s]       |   [01;31m[K^~~~~~~~~~~~[m[K
[2.608s] In file included from [01m[K/opt/ros/humble/include/rclcpp/rclcpp/logging.hpp:24[m[K,
[2.608s]                  from [01m[K/opt/ros/humble/include/rclcpp/rclcpp/client.hpp:40[m[K,
[2.609s]                  from [01m[K/opt/ros/humble/include/rclcpp/rclcpp/callback_group.hpp:24[m[K,
[2.609s]                  from [01m[K/opt/ros/humble/include/rclcpp/rclcpp/node.hpp:40[m[K,
[2.609s]                  from [01m[K/opt/ros/humble/include/camera_info_manager/camera_info_manager/camera_info_manager.hpp:45[m[K,
[2.609s]                  from [01m[K/home/iclab/Desktop/ros2/src/usb_cam/include/usb_cam/usb_cam_node.hpp:38[m[K,
[2.609s]                  from [01m[K/home/iclab/Desktop/ros2/src/usb_cam/src/usb_cam_node.cpp:34[m[K:
[2.609s] [01m[K/home/iclab/Desktop/ros2/src/usb_cam/src/usb_cam_node.cpp:411:16:[m[K [01;31m[Kerror: [m[Kinvalid use of â€˜[01m[Kthis[m[Kâ€™ in non-member function
[2.609s]   411 |   RCLCPP_DEBUG([01;31m[Kthis[m[K->get_logger(), "Setting parameters for %s", m_parameters.camera_name.c_str());
[2.609s]       |                [01;31m[K^~~~[m[K
[2.609s] [01m[K/home/iclab/Desktop/ros2/src/usb_cam/src/usb_cam_node.cpp:411:16:[m[K [01;31m[Kerror: [m[Kinvalid use of â€˜[01m[Kthis[m[Kâ€™ in non-member function
[2.609s]   411 |   RCLCPP_DEBUG([01;31m[Kthis[m[K->get_logger(), "Setting parameters for %s", m_parameters.camera_name.c_str());
[2.609s]       |                [01;31m[K^~~~[m[K
[2.613s] [01m[K/home/iclab/Desktop/ros2/src/usb_cam/src/usb_cam_node.cpp:411:65:[m[K [01;31m[Kerror: [m[Kâ€˜[01m[Km_parameters[m[Kâ€™ was not declared in this scope; did you mean â€˜[01m[Kparameters[m[Kâ€™?
[2.613s]   411 |   RCLCPP_DEBUG(this->get_logger(), "Setting parameters for %s", [01;31m[Km_parameters[m[K.camera_name.c_str());
[2.613s]       |                                                                 [01;31m[K^~~~~~~~~~~~[m[K
[2.617s] [01m[K/home/iclab/Desktop/ros2/src/usb_cam/src/usb_cam_node.cpp:412:3:[m[K [01;31m[Kerror: [m[Kâ€˜[01m[Km_timer[m[Kâ€™ was not declared in this scope; did you mean â€˜[01m[Kmktime[m[Kâ€™?
[2.617s]   412 |   [01;31m[Km_timer[m[K->reset();
[2.617s]       |   [01;31m[K^~~~~~~[m[K
[2.617s]       |   [32m[Kmktime[m[K
[2.617s] [01m[K/home/iclab/Desktop/ros2/src/usb_cam/src/usb_cam_node.cpp:[m[K At global scope:
[2.617s] [01m[K/home/iclab/Desktop/ros2/src/usb_cam/src/usb_cam_node.cpp:421:6:[m[K [01;31m[Kerror: [m[Kâ€˜[01m[KUsbCamNode[m[Kâ€™ has not been declared
[2.617s]   421 | void [01;31m[KUsbCamNode[m[K::update()
[2.617s]       |      [01;31m[K^~~~~~~~~~[m[K
[2.622s] [01m[K/home/iclab/Desktop/ros2/src/usb_cam/src/usb_cam_node.cpp:[m[K In function â€˜[01m[Kvoid update()[m[Kâ€™:
[2.622s] [01m[K/home/iclab/Desktop/ros2/src/usb_cam/src/usb_cam_node.cpp:423:7:[m[K [01;31m[Kerror: [m[Kâ€˜[01m[Km_camera[m[Kâ€™ was not declared in this scope
[2.622s]   423 |   if ([01;31m[Km_camera[m[K->is_capturing()) {
[2.622s]       |       [01;31m[K^~~~~~~~[m[K
[2.622s] In file included from [01m[K/opt/ros/humble/include/rclcpp/rclcpp/client.hpp:40[m[K,
[2.622s]                  from [01m[K/opt/ros/humble/include/rclcpp/rclcpp/callback_group.hpp:24[m[K,
[2.622s]                  from [01m[K/opt/ros/humble/include/rclcpp/rclcpp/node.hpp:40[m[K,
[2.622s]                  from [01m[K/opt/ros/humble/include/camera_info_manager/camera_info_manager/camera_info_manager.hpp:45[m[K,
[2.622s]                  from [01m[K/home/iclab/Desktop/ros2/src/usb_cam/include/usb_cam/usb_cam_node.hpp:38[m[K,
[2.622s]                  from [01m[K/home/iclab/Desktop/ros2/src/usb_cam/src/usb_cam_node.cpp:34[m[K:
[2.622s] [01m[K/home/iclab/Desktop/ros2/src/usb_cam/src/usb_cam_node.cpp:427:24:[m[K [01;31m[Kerror: [m[Kinvalid use of â€˜[01m[Kthis[m[Kâ€™ in non-member function
[2.622s]   427 |       RCLCPP_WARN_ONCE([01;31m[Kthis[m[K->get_logger(), "USB camera did not respond in time.");
[2.622s]       |                        [01;31m[K^~~~[m[K
[2.622s] [01m[K/home/iclab/Desktop/ros2/src/usb_cam/src/usb_cam_node.cpp:427:24:[m[K [01;31m[Kerror: [m[Kinvalid use of â€˜[01m[Kthis[m[Kâ€™ in non-member function
[2.622s] [01m[K/home/iclab/Desktop/ros2/src/usb_cam/src/usb_cam_node.cpp:427:7:[m[K [01;31m[Kerror: [m[Ktemplate argument 1 is invalid
[2.622s]   427 |       [01;31m[KRCLCPP_WARN_ONCE[m[K(this->get_logger(), "USB camera did not respond in time.");
[2.622s]       |       [01;31m[K^~~~~~~~~~~~~~~~[m[K
[2.622s] [01m[K/home/iclab/Desktop/ros2/src/usb_cam/src/usb_cam_node.cpp:427:7:[m[K [01;31m[Kerror: [m[Kâ€˜[01m[K<declaration error>[m[Kâ€™ is not a template [[01;31m[K]8;;https://gcc.gnu.org/onlinedocs/gcc/Warning-Options.html#index-fpermissive-fpermissive]8;;[m[K]
[2.622s]   427 |       [01;31m[KRCLCPP_WARN_ONCE[m[K(this->get_logger(), "USB camera did not respond in time.");
[2.622s]       |       [01;31m[K^~~~~~~~~~~~~~~~[m[K
[2.622s] [01m[K/home/iclab/Desktop/ros2/src/usb_cam/src/usb_cam_node.cpp:427:7:[m[K [01;31m[Kerror: [m[Ktemplate argument 1 is invalid
[2.623s]   427 |       [01;31m[KRCLCPP_WARN_ONCE[m[K(this->get_logger(), "USB camera did not respond in time.");
[2.623s]       |       [01;31m[K^~~~~~~~~~~~~~~~[m[K
[2.623s] [01m[K/home/iclab/Desktop/ros2/src/usb_cam/src/usb_cam_node.cpp:427:7:[m[K [01;31m[Kerror: [m[Kâ€˜[01m[K<declaration error>[m[Kâ€™ is not a template [[01;31m[K]8;;https://gcc.gnu.org/onlinedocs/gcc/Warning-Options.html#index-fpermissive-fpermissive]8;;[m[K]
[2.623s]   427 |       [01;31m[KRCLCPP_WARN_ONCE[m[K(this->get_logger(), "USB camera did not respond in time.");
[2.623s]       |       [01;31m[K^~~~~~~~~~~~~~~~[m[K
[2.623s] [01m[K/home/iclab/Desktop/ros2/src/usb_cam/src/usb_cam_node.cpp:427:7:[m[K [01;31m[Kerror: [m[Ktemplate argument 1 is invalid
[2.623s]   427 |       [01;31m[KRCLCPP_WARN_ONCE[m[K(this->get_logger(), "USB camera did not respond in time.");
[2.623s]       |       [01;31m[K^~~~~~~~~~~~~~~~[m[K
[2.623s] In file included from [01m[K/opt/ros/humble/include/rclcpp/rclcpp/logging.hpp:24[m[K,
[2.623s]                  from [01m[K/opt/ros/humble/include/rclcpp/rclcpp/client.hpp:40[m[K,
[2.623s]                  from [01m[K/opt/ros/humble/include/rclcpp/rclcpp/callback_group.hpp:24[m[K,
[2.623s]                  from [01m[K/opt/ros/humble/include/rclcpp/rclcpp/node.hpp:40[m[K,
[2.623s]                  from [01m[K/opt/ros/humble/include/camera_info_manager/camera_info_manager/camera_info_manager.hpp:45[m[K,
[2.623s]                  from [01m[K/home/iclab/Desktop/ros2/src/usb_cam/include/usb_cam/usb_cam_node.hpp:38[m[K,
[2.623s]                  from [01m[K/home/iclab/Desktop/ros2/src/usb_cam/src/usb_cam_node.cpp:34[m[K:
[2.623s] [01m[K/home/iclab/Desktop/ros2/src/usb_cam/src/usb_cam_node.cpp:427:24:[m[K [01;31m[Kerror: [m[Kinvalid use of â€˜[01m[Kthis[m[Kâ€™ in non-member function
[2.623s]   427 |       RCLCPP_WARN_ONCE([01;31m[Kthis[m[K->get_logger(), "USB camera did not respond in time.");
[2.623s]       |                        [01;31m[K^~~~[m[K
[2.623s] [01m[K/home/iclab/Desktop/ros2/src/usb_cam/src/usb_cam_node.cpp:427:24:[m[K [01;31m[Kerror: [m[Kinvalid use of â€˜[01m[Kthis[m[Kâ€™ in non-member function
[2.623s]   427 |       RCLCPP_WARN_ONCE([01;31m[Kthis[m[K->get_logger(), "USB camera did not respond in time.");
[2.623s]       |                        [01;31m[K^~~~[m[K
[2.623s] [01m[K/home/iclab/Desktop/ros2/src/usb_cam/src/usb_cam_node.cpp:[m[K At global scope:
[2.623s] [01m[K/home/iclab/Desktop/ros2/src/usb_cam/src/usb_cam_node.cpp:431:1:[m[K [01;31m[Kerror: [m[Kexpected declaration before â€˜[01m[K}[m[Kâ€™ token
[2.623s]   431 | [01;31m[K}[m[K  // namespace usb_cam
[2.623s]       | [01;31m[K^[m[K
[4.672s] gmake[2]: *** [CMakeFiles/usb_cam_node.dir/build.make:76: CMakeFiles/usb_cam_node.dir/src/usb_cam_node.cpp.o] Error 1
[4.672s] gmake[1]: *** [CMakeFiles/Makefile2:189: CMakeFiles/usb_cam_node.dir/all] Error 2
[4.672s] gmake: *** [Makefile:146: all] Error 2
[4.673s] Invoked command in '/home/iclab/Desktop/ros2/build/usb_cam' returned '2': CMAKE_PREFIX_PATH=/home/iclab/Desktop/ros2/install/tku_msgs:/home/iclab/Desktop/ros2/install/web_video_server:/home/iclab/Desktop/ros2/install/usb_cam:/home/iclab/Desktop/ros2/install/serial:/home/iclab/Desktop/ros2/install/tku_libs:/home/iclab/Desktop/ros2/install/motionpackage:/opt/ros/humble LD_LIBRARY_PATH=/home/iclab/Desktop/ros2/install/tku_msgs/lib:/home/iclab/Desktop/ros2/install/usb_cam/lib:/opt/ros/humble/opt/rviz_ogre_vendor/lib:/opt/ros/humble/lib/x86_64-linux-gnu:/opt/ros/humble/lib /usr/bin/cmake --build /home/iclab/Desktop/ros2/build/usb_cam -- -j8 -l8
