[0.298s] Invoking command in '/home/iclab/Desktop/ros2/build/usb_cam': CMAKE_PREFIX_PATH=/home/iclab/Desktop/ros2/install/tku_msgs:/home/iclab/Desktop/ros2/install/web_video_server:/home/iclab/Desktop/ros2/install/usb_cam:/home/iclab/Desktop/ros2/install/serial:/home/iclab/Desktop/ros2/install/tku_libs:/home/iclab/Desktop/ros2/install/motionpackage:/opt/ros/humble LD_LIBRARY_PATH=/home/iclab/Desktop/ros2/install/tku_msgs/lib:/home/iclab/Desktop/ros2/install/usb_cam/lib:/opt/ros/humble/opt/rviz_ogre_vendor/lib:/opt/ros/humble/lib/x86_64-linux-gnu:/opt/ros/humble/lib /usr/bin/cmake --build /home/iclab/Desktop/ros2/build/usb_cam -- -j8 -l8
[0.313s] -- Found ament_cmake_auto: 1.3.6 (/opt/ros/humble/share/ament_cmake_auto/cmake)
[0.517s] -- Found rosidl_generator_c: 3.1.5 (/opt/ros/humble/share/rosidl_generator_c/cmake)
[0.520s] -- Found rosidl_adapter: 3.1.5 (/opt/ros/humble/share/rosidl_adapter/cmake)
[0.527s] -- Found rosidl_generator_cpp: 3.1.5 (/opt/ros/humble/share/rosidl_generator_cpp/cmake)
[0.535s] -- Using all available rosidl_typesupport_c: rosidl_typesupport_fastrtps_c;rosidl_typesupport_introspection_c
[0.547s] -- Using all available rosidl_typesupport_cpp: rosidl_typesupport_fastrtps_cpp;rosidl_typesupport_introspection_cpp
[0.869s] -- Found rmw_implementation_cmake: 6.1.1 (/opt/ros/humble/share/rmw_implementation_cmake/cmake)
[0.871s] -- Found rmw_fastrtps_cpp: 6.2.5 (/opt/ros/humble/share/rmw_fastrtps_cpp/cmake)
[1.017s] -- Using RMW implementation 'rmw_fastrtps_cpp' as default
[1.348s] -- Found ament_lint_auto: 0.12.9 (/opt/ros/humble/share/ament_lint_auto/cmake)
[1.351s] -- Found gtest sources under '/opt/ros/humble/src/gtest_vendor': C++ tests using 'Google Test' will be built
[1.358s] -- Added test 'copyright' to check source files copyright and LICENSE
[1.360s] -- Added test 'cppcheck' to perform static code analysis on C / C++ code
[1.360s] -- Configured cppcheck include dirs: /home/iclab/Desktop/ros2/src/usb_cam/include
[1.361s] -- Configured cppcheck exclude dirs and/or files: 
[1.363s] -- Added test 'cpplint' to check C / C++ code against the Google style
[1.363s] -- Configured cpplint exclude dirs and/or files: 
[1.363s] -- Added test 'flake8' to check Python code syntax and style conventions
[1.364s] -- Added test 'lint_cmake' to check CMake code style
[1.364s] -- Added test 'pep257' to check Python code against some of the docstring style conventions in PEP 257
[1.366s] -- Added test 'uncrustify' to check C / C++ code style
[1.367s] -- Configured uncrustify additional arguments: 
[1.367s] -- Added test 'xmllint' to check XML markup files
[1.368s] -- Configuring done
[1.388s] -- Generating done
[1.390s] -- Build files have been written to: /home/iclab/Desktop/ros2/build/usb_cam
[1.411s] [35m[1mConsolidate compiler generated dependencies of target gtest_main[0m
[1.412s] [35m[1mConsolidate compiler generated dependencies of target usb_cam_node_exe[0m
[1.412s] [35m[1mConsolidate compiler generated dependencies of target usb_cam[0m
[1.413s] [35m[1mConsolidate compiler generated dependencies of target gtest[0m
[1.423s] [ 12%] Built target gtest_main
[1.426s] [ 25%] Built target usb_cam_node_exe
[1.426s] [ 37%] Built target gtest
[1.427s] [ 50%] [32mBuilding CXX object CMakeFiles/usb_cam.dir/src/tool.cpp.o[0m
[1.427s] [ 50%] [32mBuilding CXX object CMakeFiles/usb_cam.dir/src/tdataunit.cpp.o[0m
[1.432s] In file included from [01m[K/home/iclab/Desktop/ros2/src/usb_cam/src/tool.cpp:1[m[K:
[1.432s] [01m[K/home/iclab/Desktop/ros2/src/usb_cam/include/usb_cam/tool.hpp:4:10:[m[K [01;31m[Kfatal error: [m[Kament_index_cpp/get_package_share_directory.hpp: No such file or directory
[1.432s]     4 | #include [01;31m[K<ament_index_cpp/get_package_share_directory.hpp>[m[K
[1.433s]       |          [01;31m[K^~~~~~~~~~~~~~~~~~~~~~~~~~~~~~~~~~~~~~~~~~~~~~~~~[m[K
[1.433s] compilation terminated.
[1.433s] gmake[2]: *** [CMakeFiles/usb_cam.dir/build.make:104: CMakeFiles/usb_cam.dir/src/tool.cpp.o] Error 1
[1.433s] gmake[2]: *** Waiting for unfinished jobs....
[1.456s] In file included from [01m[K/home/iclab/Desktop/ros2/src/usb_cam/include/usb_cam/tdataunit.hpp:7[m[K,
[1.456s]                  from [01m[K/home/iclab/Desktop/ros2/src/usb_cam/src/tdataunit.cpp:1[m[K:
[1.456s] [01m[K/home/iclab/Desktop/ros2/src/usb_cam/include/usb_cam/tool.hpp:4:10:[m[K [01;31m[Kfatal error: [m[Kament_index_cpp/get_package_share_directory.hpp: No such file or directory
[1.456s]     4 | #include [01;31m[K<ament_index_cpp/get_package_share_directory.hpp>[m[K
[1.456s]       |          [01;31m[K^~~~~~~~~~~~~~~~~~~~~~~~~~~~~~~~~~~~~~~~~~~~~~~~~[m[K
[1.456s] compilation terminated.
[1.457s] gmake[2]: *** [CMakeFiles/usb_cam.dir/build.make:90: CMakeFiles/usb_cam.dir/src/tdataunit.cpp.o] Error 1
[1.457s] gmake[1]: *** [CMakeFiles/Makefile2:163: CMakeFiles/usb_cam.dir/all] Error 2
[1.457s] gmake: *** [Makefile:146: all] Error 2
[1.459s] Invoked command in '/home/iclab/Desktop/ros2/build/usb_cam' returned '2': CMAKE_PREFIX_PATH=/home/iclab/Desktop/ros2/install/tku_msgs:/home/iclab/Desktop/ros2/install/web_video_server:/home/iclab/Desktop/ros2/install/usb_cam:/home/iclab/Desktop/ros2/install/serial:/home/iclab/Desktop/ros2/install/tku_libs:/home/iclab/Desktop/ros2/install/motionpackage:/opt/ros/humble LD_LIBRARY_PATH=/home/iclab/Desktop/ros2/install/tku_msgs/lib:/home/iclab/Desktop/ros2/install/usb_cam/lib:/opt/ros/humble/opt/rviz_ogre_vendor/lib:/opt/ros/humble/lib/x86_64-linux-gnu:/opt/ros/humble/lib /usr/bin/cmake --build /home/iclab/Desktop/ros2/build/usb_cam -- -j8 -l8
