[ 57%] Built target gtest
[ 57%] Built target usb_cam_node_exe
[ 57%] Built target usb_cam
[ 57%] Built target gtest_main
[35m[1mConsolidate compiler generated dependencies of target usb_cam_node[0m
[ 71%] Built target test_usb_cam_utils
[ 85%] Built target test_pixel_formats
[ 92%] [32mBuilding CXX object CMakeFiles/usb_cam_node.dir/src/usb_cam_node.cpp.o[0m
In file included from [01m[K/home/iclab/Desktop/ros2/src/usb_cam/src/usb_cam_node.cpp:34[m[K:
[01m[K/home/iclab/Desktop/ros2/src/usb_cam/include/usb_cam/usb_cam_node.hpp:111:3:[m[K [01;31m[Kerror: [m[Kâ€˜[01m[KTdataUnit[m[Kâ€™ does not name a type
  111 |   [01;31m[KTdataUnit[m[K CameraSet;
      |   [01;31m[K^~~~~~~~~[m[K
[01m[K/home/iclab/Desktop/ros2/src/usb_cam/src/usb_cam_node.cpp:[m[K In member function â€˜[01m[Kvoid usb_cam::UsbCamNode::loadcamerasetfile()[m[Kâ€™:
[01m[K/home/iclab/Desktop/ros2/src/usb_cam/src/usb_cam_node.cpp:119:3:[m[K [01;31m[Kerror: [m[Kâ€˜[01m[KCameraSet[m[Kâ€™ was not declared in this scope
  119 |   [01;31m[KCameraSet[m[K.LoadCameraSetFile(location);
      |   [01;31m[K^~~~~~~~~[m[K
[01m[K/home/iclab/Desktop/ros2/src/usb_cam/src/usb_cam_node.cpp:[m[K In member function â€˜[01m[Kvoid usb_cam::UsbCamNode::savecamerasetfile()[m[Kâ€™:
[01m[K/home/iclab/Desktop/ros2/src/usb_cam/src/usb_cam_node.cpp:137:3:[m[K [01;31m[Kerror: [m[Kâ€˜[01m[KCameraSet[m[Kâ€™ was not declared in this scope
  137 |   [01;31m[KCameraSet[m[K.CameraParameterValue->brightness         = brightness_;
      |   [01;31m[K^~~~~~~~~[m[K
gmake[2]: *** [CMakeFiles/usb_cam_node.dir/build.make:76: CMakeFiles/usb_cam_node.dir/src/usb_cam_node.cpp.o] Error 1
gmake[1]: *** [CMakeFiles/Makefile2:189: CMakeFiles/usb_cam_node.dir/all] Error 2
gmake: *** [Makefile:146: all] Error 2
