[0.337s] Invoking command in '/home/iclab/Desktop/ros2/build/usb_cam': CMAKE_PREFIX_PATH=/home/iclab/Desktop/ros2/install/tku_msgs:/home/iclab/Desktop/ros2/install/web_video_server:/home/iclab/Desktop/ros2/install/usb_cam:/home/iclab/Desktop/ros2/install/serial:/home/iclab/Desktop/ros2/install/tku_libs:/home/iclab/Desktop/ros2/install/motionpackage:/opt/ros/humble LD_LIBRARY_PATH=/home/iclab/Desktop/ros2/install/tku_msgs/lib:/home/iclab/Desktop/ros2/install/usb_cam/lib:/opt/ros/humble/opt/rviz_ogre_vendor/lib:/opt/ros/humble/lib/x86_64-linux-gnu:/opt/ros/humble/lib /usr/bin/cmake --build /home/iclab/Desktop/ros2/build/usb_cam -- -j8 -l8
[0.429s] [ 57%] Built target gtest
[0.430s] [ 57%] Built target usb_cam_node_exe
[0.430s] [ 57%] Built target usb_cam
[0.430s] [ 57%] Built target gtest_main
[0.457s] [35m[1mConsolidate compiler generated dependencies of target usb_cam_node[0m
[0.470s] [ 71%] Built target test_usb_cam_utils
[0.479s] [ 85%] Built target test_pixel_formats
[0.479s] [ 92%] [32mBuilding CXX object CMakeFiles/usb_cam_node.dir/src/usb_cam_node.cpp.o[0m
[2.819s] In file included from [01m[K/home/iclab/Desktop/ros2/src/usb_cam/src/usb_cam_node.cpp:34[m[K:
[2.819s] [01m[K/home/iclab/Desktop/ros2/src/usb_cam/include/usb_cam/usb_cam_node.hpp:111:3:[m[K [01;31m[Kerror: [m[Kâ€˜[01m[KTdataUnit[m[Kâ€™ does not name a type
[2.820s]   111 |   [01;31m[KTdataUnit[m[K CameraSet;
[2.820s]       |   [01;31m[K^~~~~~~~~[m[K
[2.855s] [01m[K/home/iclab/Desktop/ros2/src/usb_cam/src/usb_cam_node.cpp:[m[K In member function â€˜[01m[Kvoid usb_cam::UsbCamNode::loadcamerasetfile()[m[Kâ€™:
[2.855s] [01m[K/home/iclab/Desktop/ros2/src/usb_cam/src/usb_cam_node.cpp:119:3:[m[K [01;31m[Kerror: [m[Kâ€˜[01m[KCameraSet[m[Kâ€™ was not declared in this scope
[2.856s]   119 |   [01;31m[KCameraSet[m[K.LoadCameraSetFile(location);
[2.856s]       |   [01;31m[K^~~~~~~~~[m[K
[2.866s] [01m[K/home/iclab/Desktop/ros2/src/usb_cam/src/usb_cam_node.cpp:[m[K In member function â€˜[01m[Kvoid usb_cam::UsbCamNode::savecamerasetfile()[m[Kâ€™:
[2.866s] [01m[K/home/iclab/Desktop/ros2/src/usb_cam/src/usb_cam_node.cpp:137:3:[m[K [01;31m[Kerror: [m[Kâ€˜[01m[KCameraSet[m[Kâ€™ was not declared in this scope
[2.866s]   137 |   [01;31m[KCameraSet[m[K.CameraParameterValue->brightness         = brightness_;
[2.866s]       |   [01;31m[K^~~~~~~~~[m[K
[5.302s] gmake[2]: *** [CMakeFiles/usb_cam_node.dir/build.make:76: CMakeFiles/usb_cam_node.dir/src/usb_cam_node.cpp.o] Error 1
[5.302s] gmake[1]: *** [CMakeFiles/Makefile2:189: CMakeFiles/usb_cam_node.dir/all] Error 2
[5.302s] gmake: *** [Makefile:146: all] Error 2
[5.304s] Invoked command in '/home/iclab/Desktop/ros2/build/usb_cam' returned '2': CMAKE_PREFIX_PATH=/home/iclab/Desktop/ros2/install/tku_msgs:/home/iclab/Desktop/ros2/install/web_video_server:/home/iclab/Desktop/ros2/install/usb_cam:/home/iclab/Desktop/ros2/install/serial:/home/iclab/Desktop/ros2/install/tku_libs:/home/iclab/Desktop/ros2/install/motionpackage:/opt/ros/humble LD_LIBRARY_PATH=/home/iclab/Desktop/ros2/install/tku_msgs/lib:/home/iclab/Desktop/ros2/install/usb_cam/lib:/opt/ros/humble/opt/rviz_ogre_vendor/lib:/opt/ros/humble/lib/x86_64-linux-gnu:/opt/ros/humble/lib /usr/bin/cmake --build /home/iclab/Desktop/ros2/build/usb_cam -- -j8 -l8
