[01m[K/home/iclab/Desktop/ros2/src/usb_cam/src/usb_cam_node.cpp:[m[K In constructor â€˜[01m[Kusb_cam::UsbCamNode::UsbCamNode(const rclcpp::NodeOptions&)[m[Kâ€™:
[01m[K/home/iclab/Desktop/ros2/src/usb_cam/src/usb_cam_node.cpp:73:9:[m[K [01;31m[Kerror: [m[Kâ€˜[01m[Kclass usb_cam::UsbCamNode[m[Kâ€™ has no member named â€˜[01m[KdAlare_parameter[m[Kâ€™; did you mean â€˜[01m[Kdeclare_parameter[m[Kâ€™?
   73 |   this->[01;31m[KdAlare_parameter[m[K("white_balance", 4000);
      |         [01;31m[K^~~~~~~~~~~~~~~~[m[K
      |         [32m[Kdeclare_parameter[m[K
gmake[2]: *** [CMakeFiles/usb_cam_node.dir/build.make:76: CMakeFiles/usb_cam_node.dir/src/usb_cam_node.cpp.o] Error 1
gmake[1]: *** [CMakeFiles/Makefile2:189: CMakeFiles/usb_cam_node.dir/all] Error 2
gmake: *** [Makefile:146: all] Error 2
