[ 14%] Built target usb_cam
[ 28%] Built target usb_cam_node_exe
[ 42%] Built target gtest_main
[ 57%] Built target gtest
[35m[1mConsolidate compiler generated dependencies of target usb_cam_node[0m
[ 71%] Built target test_pixel_formats
[ 85%] Built target test_usb_cam_utils
[ 92%] [32mBuilding CXX object CMakeFiles/usb_cam_node.dir/src/usb_cam_node.cpp.o[0m
[01m[K/home/iclab/Desktop/ros2/src/usb_cam/src/usb_cam_node.cpp:[m[K In constructor â€˜[01m[Kusb_cam::UsbCamNode::UsbCamNode(const rclcpp::NodeOptions&)[m[Kâ€™:
[01m[K/home/iclab/Desktop/ros2/src/usb_cam/src/usb_cam_node.cpp:73:9:[m[K [01;31m[Kerror: [m[Kâ€˜[01m[Kclass usb_cam::UsbCamNode[m[Kâ€™ has no member named â€˜[01m[KdAlare_parameter[m[Kâ€™; did you mean â€˜[01m[Kdeclare_parameter[m[Kâ€™?
   73 |   this->[01;31m[KdAlare_parameter[m[K("white_balance", 4000);
      |         [01;31m[K^~~~~~~~~~~~~~~~[m[K
      |         [32m[Kdeclare_parameter[m[K
gmake[2]: *** [CMakeFiles/usb_cam_node.dir/build.make:76: CMakeFiles/usb_cam_node.dir/src/usb_cam_node.cpp.o] Error 1
gmake[1]: *** [CMakeFiles/Makefile2:189: CMakeFiles/usb_cam_node.dir/all] Error 2
gmake: *** [Makefile:146: all] Error 2
