[0.284s] Invoking command in '/home/iclab/Desktop/ros2/build/usb_cam': CMAKE_PREFIX_PATH=/home/iclab/Desktop/ros2/install/tku_msgs:/home/iclab/Desktop/ros2/install/web_video_server:/home/iclab/Desktop/ros2/install/usb_cam:/home/iclab/Desktop/ros2/install/serial:/home/iclab/Desktop/ros2/install/tku_libs:/home/iclab/Desktop/ros2/install/motionpackage:/opt/ros/humble LD_LIBRARY_PATH=/home/iclab/Desktop/ros2/install/tku_msgs/lib:/home/iclab/Desktop/ros2/install/usb_cam/lib:/opt/ros/humble/opt/rviz_ogre_vendor/lib:/opt/ros/humble/lib/x86_64-linux-gnu:/opt/ros/humble/lib /usr/bin/cmake --build /home/iclab/Desktop/ros2/build/usb_cam -- -j8 -l8
[0.323s] [ 14%] Built target usb_cam
[0.323s] [ 28%] Built target usb_cam_node_exe
[0.326s] [ 42%] Built target gtest_main
[0.327s] [ 57%] Built target gtest
[0.336s] [35m[1mConsolidate compiler generated dependencies of target usb_cam_node[0m
[0.344s] [ 71%] Built target test_pixel_formats
[0.345s] [ 85%] Built target test_usb_cam_utils
[0.349s] [ 92%] [32mBuilding CXX object CMakeFiles/usb_cam_node.dir/src/usb_cam_node.cpp.o[0m
[2.270s] [01m[K/home/iclab/Desktop/ros2/src/usb_cam/src/usb_cam_node.cpp:[m[K In constructor â€˜[01m[Kusb_cam::UsbCamNode::UsbCamNode(const rclcpp::NodeOptions&)[m[Kâ€™:
[2.270s] [01m[K/home/iclab/Desktop/ros2/src/usb_cam/src/usb_cam_node.cpp:73:9:[m[K [01;31m[Kerror: [m[Kâ€˜[01m[Kclass usb_cam::UsbCamNode[m[Kâ€™ has no member named â€˜[01m[KdAlare_parameter[m[Kâ€™; did you mean â€˜[01m[Kdeclare_parameter[m[Kâ€™?
[2.270s]    73 |   this->[01;31m[KdAlare_parameter[m[K("white_balance", 4000);
[2.270s]       |         [01;31m[K^~~~~~~~~~~~~~~~[m[K
[2.270s]       |         [32m[Kdeclare_parameter[m[K
[4.285s] gmake[2]: *** [CMakeFiles/usb_cam_node.dir/build.make:76: CMakeFiles/usb_cam_node.dir/src/usb_cam_node.cpp.o] Error 1
[4.285s] gmake[1]: *** [CMakeFiles/Makefile2:189: CMakeFiles/usb_cam_node.dir/all] Error 2
[4.285s] gmake: *** [Makefile:146: all] Error 2
[4.286s] Invoked command in '/home/iclab/Desktop/ros2/build/usb_cam' returned '2': CMAKE_PREFIX_PATH=/home/iclab/Desktop/ros2/install/tku_msgs:/home/iclab/Desktop/ros2/install/web_video_server:/home/iclab/Desktop/ros2/install/usb_cam:/home/iclab/Desktop/ros2/install/serial:/home/iclab/Desktop/ros2/install/tku_libs:/home/iclab/Desktop/ros2/install/motionpackage:/opt/ros/humble LD_LIBRARY_PATH=/home/iclab/Desktop/ros2/install/tku_msgs/lib:/home/iclab/Desktop/ros2/install/usb_cam/lib:/opt/ros/humble/opt/rviz_ogre_vendor/lib:/opt/ros/humble/lib/x86_64-linux-gnu:/opt/ros/humble/lib /usr/bin/cmake --build /home/iclab/Desktop/ros2/build/usb_cam -- -j8 -l8
