[ 25%] Built target gtest_main
[ 25%] Built target gtest
[ 50%] Built target usb_cam
[ 62%] Built target usb_cam_node_exe
[35m[1mConsolidate compiler generated dependencies of target usb_cam_node[0m
[ 75%] Built target test_usb_cam_utils
[ 87%] Built target test_pixel_formats
[ 93%] [32mBuilding CXX object CMakeFiles/usb_cam_node.dir/src/usb_cam_node.cpp.o[0m
[01m[K/home/iclab/Desktop/ros2/src/usb_cam/src/usb_cam_node.cpp:285:1:[m[K [01;31m[Kerror: [m[Kno declaration matches â€˜[01m[Kusb_cam::UsbCamNode::UsbCamNode()[m[Kâ€™
  285 | [01;31m[KUsbCamNode[m[K::UsbCamNode() : white_balance_(0.0)
      | [01;31m[K^~~~~~~~~~[m[K
In file included from [01m[K/home/iclab/Desktop/ros2/src/usb_cam/src/usb_cam_node.cpp:33[m[K:
[01m[K/home/iclab/Desktop/ros2/src/usb_cam/include/usb_cam/usb_cam_node.hpp:142:7:[m[K [01;36m[Knote: [m[Kcandidates are: â€˜[01m[Kusb_cam::UsbCamNode::UsbCamNode(const usb_cam::UsbCamNode&)[m[Kâ€™
  142 | class [01;36m[KUsbCamNode[m[K : public rclcpp::Node
      |       [01;36m[K^~~~~~~~~~[m[K
[01m[K/home/iclab/Desktop/ros2/src/usb_cam/src/usb_cam_node.cpp:225:1:[m[K [01;36m[Knote: [m[K                â€˜[01m[Kusb_cam::UsbCamNode::UsbCamNode(const rclcpp::NodeOptions&)[m[Kâ€™
  225 | [01;36m[KUsbCamNode[m[K::UsbCamNode(const rclcpp::NodeOptions & node_options)
      | [01;36m[K^~~~~~~~~~[m[K
In file included from [01m[K/home/iclab/Desktop/ros2/src/usb_cam/src/usb_cam_node.cpp:33[m[K:
[01m[K/home/iclab/Desktop/ros2/src/usb_cam/include/usb_cam/usb_cam_node.hpp:142:7:[m[K [01;36m[Knote: [m[Kâ€˜[01m[Kclass usb_cam::UsbCamNode[m[Kâ€™ defined here
  142 | class [01;36m[KUsbCamNode[m[K : public rclcpp::Node
      |       [01;36m[K^~~~~~~~~~[m[K
gmake[2]: *** [CMakeFiles/usb_cam_node.dir/build.make:76: CMakeFiles/usb_cam_node.dir/src/usb_cam_node.cpp.o] Error 1
gmake[1]: *** [CMakeFiles/Makefile2:189: CMakeFiles/usb_cam_node.dir/all] Error 2
gmake: *** [Makefile:146: all] Error 2
