[01m[K/home/iclab/Desktop/ros2/src/usb_cam/src/usb_cam_node.cpp:40:1:[m[K [01;31m[Kerror: [m[Kredefinition of â€˜[01m[KTdataUnit::TdataUnit()[m[Kâ€™
   40 | [01;31m[KTdataUnit[m[K::TdataUnit()
      | [01;31m[K^~~~~~~~~[m[K
In file included from [01m[K/home/iclab/Desktop/ros2/src/usb_cam/src/usb_cam_node.cpp:33[m[K:
[01m[K/home/iclab/Desktop/ros2/src/usb_cam/include/usb_cam/usb_cam_node.hpp:72:5:[m[K [01;36m[Knote: [m[Kâ€˜[01m[KTdataUnit::TdataUnit()[m[Kâ€™ previously defined here
   72 |     [01;36m[KTdataUnit[m[K() { CameraParameterValue = new CameraParameter(); }
      |     [01;36m[K^~~~~~~~~[m[K
[01m[K/home/iclab/Desktop/ros2/src/usb_cam/src/usb_cam_node.cpp:54:1:[m[K [01;31m[Kerror: [m[Kredefinition of â€˜[01m[KTdataUnit::~TdataUnit()[m[Kâ€™
   54 | [01;31m[KTdataUnit[m[K::~TdataUnit()
      | [01;31m[K^~~~~~~~~[m[K
In file included from [01m[K/home/iclab/Desktop/ros2/src/usb_cam/src/usb_cam_node.cpp:33[m[K:
[01m[K/home/iclab/Desktop/ros2/src/usb_cam/include/usb_cam/usb_cam_node.hpp:73:5:[m[K [01;36m[Knote: [m[Kâ€˜[01m[KTdataUnit::~TdataUnit()[m[Kâ€™ previously defined here
   73 |     [01;36m[K~[m[KTdataUnit() { delete CameraParameterValue; }
      |     [01;36m[K^[m[K
[01m[K/home/iclab/Desktop/ros2/src/usb_cam/src/usb_cam_node.cpp:[m[K In member function â€˜[01m[Kvoid TdataUnit::SaveCameraSetFile(std::string)[m[Kâ€™:
[01m[K/home/iclab/Desktop/ros2/src/usb_cam/src/usb_cam_node.cpp:61:24:[m[K [01;31m[Kerror: [m[Kâ€˜[01m[Ktool[m[Kâ€™ was not declared in this scope; did you mean â€˜[01m[Kbool[m[Kâ€™?
   61 |     std::string path = [01;31m[Ktool[m[K->getPackagePath(location);
      |                        [01;31m[K^~~~[m[K
      |                        [32m[Kbool[m[K
[01m[K/home/iclab/Desktop/ros2/src/usb_cam/src/usb_cam_node.cpp:66:42:[m[K [01;31m[Kerror: [m[Kâ€˜[01m[Kstruct CameraParameter[m[Kâ€™ has no member named â€˜[01m[KParameterName[m[Kâ€™
   66 |         OutFile << CameraParameterValue->[01;31m[KParameterName[m[K << "\n";
      |                                          [01;31m[K^~~~~~~~~~~~~[m[K
[01m[K/home/iclab/Desktop/ros2/src/usb_cam/src/usb_cam_node.cpp:[m[K In member function â€˜[01m[Kvoid TdataUnit::LoadCameraSetFile(std::string)[m[Kâ€™:
[01m[K/home/iclab/Desktop/ros2/src/usb_cam/src/usb_cam_node.cpp:85:24:[m[K [01;31m[Kerror: [m[Kâ€˜[01m[Ktool[m[Kâ€™ was not declared in this scope; did you mean â€˜[01m[Kbool[m[Kâ€™?
   85 |     std::string path = [01;31m[Ktool[m[K->getPackagePath(location);
      |                        [01;31m[K^~~~[m[K
      |                        [32m[Kbool[m[K
gmake[2]: *** [CMakeFiles/usb_cam_node.dir/build.make:76: CMakeFiles/usb_cam_node.dir/src/usb_cam_node.cpp.o] Error 1
gmake[1]: *** [CMakeFiles/Makefile2:189: CMakeFiles/usb_cam_node.dir/all] Error 2
gmake: *** [Makefile:146: all] Error 2
