-- Found ament_cmake_auto: 1.3.6 (/opt/ros/humble/share/ament_cmake_auto/cmake)
-- Found rosidl_generator_c: 3.1.5 (/opt/ros/humble/share/rosidl_generator_c/cmake)
-- Found rosidl_adapter: 3.1.5 (/opt/ros/humble/share/rosidl_adapter/cmake)
-- Found rosidl_generator_cpp: 3.1.5 (/opt/ros/humble/share/rosidl_generator_cpp/cmake)
-- Using all available rosidl_typesupport_c: rosidl_typesupport_fastrtps_c;rosidl_typesupport_introspection_c
-- Using all available rosidl_typesupport_cpp: rosidl_typesupport_fastrtps_cpp;rosidl_typesupport_introspection_cpp
-- Found rmw_implementation_cmake: 6.1.1 (/opt/ros/humble/share/rmw_implementation_cmake/cmake)
-- Found rmw_fastrtps_cpp: 6.2.5 (/opt/ros/humble/share/rmw_fastrtps_cpp/cmake)
-- Using RMW implementation 'rmw_fastrtps_cpp' as default
-- Found ament_lint_auto: 0.12.9 (/opt/ros/humble/share/ament_lint_auto/cmake)
-- Found gtest sources under '/opt/ros/humble/src/gtest_vendor': C++ tests using 'Google Test' will be built
-- Added test 'copyright' to check source files copyright and LICENSE
-- Added test 'cppcheck' to perform static code analysis on C / C++ code
-- Configured cppcheck include dirs: /home/iclab/Desktop/ros2/src/usb_cam/include
-- Configured cppcheck exclude dirs and/or files: 
-- Added test 'cpplint' to check C / C++ code against the Google style
-- Configured cpplint exclude dirs and/or files: 
-- Added test 'flake8' to check Python code syntax and style conventions
-- Added test 'lint_cmake' to check CMake code style
-- Added test 'pep257' to check Python code against some of the docstring style conventions in PEP 257
-- Added test 'uncrustify' to check C / C++ code style
-- Configured uncrustify additional arguments: 
-- Added test 'xmllint' to check XML markup files
-- Configuring done
-- Generating done
-- Build files have been written to: /home/iclab/Desktop/ros2/build/usb_cam
[35m[1mConsolidate compiler generated dependencies of target gtest_main[0m
[35m[1mConsolidate compiler generated dependencies of target usb_cam_node_exe[0m
[35m[1mConsolidate compiler generated dependencies of target usb_cam[0m
[35m[1mConsolidate compiler generated dependencies of target gtest[0m
[ 12%] Built target gtest_main
[ 18%] [32mBuilding CXX object CMakeFiles/usb_cam.dir/src/tdataunit.cpp.o[0m
[ 31%] Built target gtest
[ 43%] Built target usb_cam_node_exe
[ 50%] [32mBuilding CXX object CMakeFiles/usb_cam.dir/src/tool.cpp.o[0m
[ 56%] [32m[1mLinking CXX shared library libusb_cam.so[0m
[ 62%] Built target usb_cam
[35m[1mConsolidate compiler generated dependencies of target test_pixel_formats[0m
[35m[1mConsolidate compiler generated dependencies of target test_usb_cam_utils[0m
[35m[1mConsolidate compiler generated dependencies of target usb_cam_node[0m
[ 68%] [32mBuilding CXX object CMakeFiles/test_pixel_formats.dir/test/test_pixel_formats.cpp.o[0m
[ 75%] [32mBuilding CXX object CMakeFiles/test_usb_cam_utils.dir/test/test_usb_cam_utils.cpp.o[0m
[ 81%] [32mBuilding CXX object CMakeFiles/usb_cam_node.dir/src/usb_cam_node.cpp.o[0m
[ 87%] [32m[1mLinking CXX executable test_pixel_formats[0m
[ 87%] Built target test_pixel_formats
[ 93%] [32m[1mLinking CXX executable test_usb_cam_utils[0m
[ 93%] Built target test_usb_cam_utils
[01m[K/home/iclab/Desktop/ros2/src/usb_cam/src/usb_cam_node.cpp:40:1:[m[K [01;31m[Kerror: [m[Kredefinition of â€˜[01m[KTdataUnit::TdataUnit()[m[Kâ€™
   40 | [01;31m[KTdataUnit[m[K::TdataUnit()
      | [01;31m[K^~~~~~~~~[m[K
In file included from [01m[K/home/iclab/Desktop/ros2/src/usb_cam/src/usb_cam_node.cpp:33[m[K:
[01m[K/home/iclab/Desktop/ros2/src/usb_cam/include/usb_cam/usb_cam_node.hpp:72:5:[m[K [01;36m[Knote: [m[Kâ€˜[01m[KTdataUnit::TdataUnit()[m[Kâ€™ previously defined here
   72 |     [01;36m[KTdataUnit[m[K() { CameraParameterValue = new CameraParameter(); }
      |     [01;36m[K^~~~~~~~~[m[K
[01m[K/home/iclab/Desktop/ros2/src/usb_cam/src/usb_cam_node.cpp:54:1:[m[K [01;31m[Kerror: [m[Kredefinition of â€˜[01m[KTdataUnit::~TdataUnit()[m[Kâ€™
   54 | [01;31m[KTdataUnit[m[K::~TdataUnit()
      | [01;31m[K^~~~~~~~~[m[K
In file included from [01m[K/home/iclab/Desktop/ros2/src/usb_cam/src/usb_cam_node.cpp:33[m[K:
[01m[K/home/iclab/Desktop/ros2/src/usb_cam/include/usb_cam/usb_cam_node.hpp:73:5:[m[K [01;36m[Knote: [m[Kâ€˜[01m[KTdataUnit::~TdataUnit()[m[Kâ€™ previously defined here
   73 |     [01;36m[K~[m[KTdataUnit() { delete CameraParameterValue; }
      |     [01;36m[K^[m[K
[01m[K/home/iclab/Desktop/ros2/src/usb_cam/src/usb_cam_node.cpp:[m[K In member function â€˜[01m[Kvoid TdataUnit::SaveCameraSetFile(std::string)[m[Kâ€™:
[01m[K/home/iclab/Desktop/ros2/src/usb_cam/src/usb_cam_node.cpp:61:24:[m[K [01;31m[Kerror: [m[Kâ€˜[01m[Ktool[m[Kâ€™ was not declared in this scope; did you mean â€˜[01m[Kbool[m[Kâ€™?
   61 |     std::string path = [01;31m[Ktool[m[K->getPackagePath(location);
      |                        [01;31m[K^~~~[m[K
      |                        [32m[Kbool[m[K
[01m[K/home/iclab/Desktop/ros2/src/usb_cam/src/usb_cam_node.cpp:66:42:[m[K [01;31m[Kerror: [m[Kâ€˜[01m[Kstruct CameraParameter[m[Kâ€™ has no member named â€˜[01m[KParameterName[m[Kâ€™
   66 |         OutFile << CameraParameterValue->[01;31m[KParameterName[m[K << "\n";
      |                                          [01;31m[K^~~~~~~~~~~~~[m[K
[01m[K/home/iclab/Desktop/ros2/src/usb_cam/src/usb_cam_node.cpp:[m[K In member function â€˜[01m[Kvoid TdataUnit::LoadCameraSetFile(std::string)[m[Kâ€™:
[01m[K/home/iclab/Desktop/ros2/src/usb_cam/src/usb_cam_node.cpp:85:24:[m[K [01;31m[Kerror: [m[Kâ€˜[01m[Ktool[m[Kâ€™ was not declared in this scope; did you mean â€˜[01m[Kbool[m[Kâ€™?
   85 |     std::string path = [01;31m[Ktool[m[K->getPackagePath(location);
      |                        [01;31m[K^~~~[m[K
      |                        [32m[Kbool[m[K
gmake[2]: *** [CMakeFiles/usb_cam_node.dir/build.make:76: CMakeFiles/usb_cam_node.dir/src/usb_cam_node.cpp.o] Error 1
gmake[1]: *** [CMakeFiles/Makefile2:189: CMakeFiles/usb_cam_node.dir/all] Error 2
gmake: *** [Makefile:146: all] Error 2
