[0.266s] Invoking command in '/home/iclab/Desktop/ros2/build/usb_cam': CMAKE_PREFIX_PATH=/home/iclab/Desktop/ros2/install/tku_msgs:/home/iclab/ros2_humble/install/ament_index_cpp/:/home/iclab/Desktop/ros2/install/web_video_server:/home/iclab/Desktop/ros2/install/usb_cam:/home/iclab/Desktop/ros2/install/tku_libs:/home/iclab/Desktop/ros2/install/serial:/home/iclab/Desktop/ros2/install/motionpackage:/opt/ros/humble LD_LIBRARY_PATH=/home/iclab/Desktop/ros2/install/tku_msgs/lib:/home/iclab/Desktop/ros2/install/usb_cam/lib:/opt/ros/humble/opt/rviz_ogre_vendor/lib:/opt/ros/humble/lib/x86_64-linux-gnu:/opt/ros/humble/lib /usr/bin/cmake --build /home/iclab/Desktop/ros2/build/usb_cam -- -j8 -l8
[0.281s] -- Found ament_cmake_auto: 1.3.6 (/opt/ros/humble/share/ament_cmake_auto/cmake)
[0.437s] -- Found rosidl_generator_c: 3.1.5 (/opt/ros/humble/share/rosidl_generator_c/cmake)
[0.439s] -- Found rosidl_adapter: 3.1.5 (/opt/ros/humble/share/rosidl_adapter/cmake)
[0.443s] -- Found rosidl_generator_cpp: 3.1.5 (/opt/ros/humble/share/rosidl_generator_cpp/cmake)
[0.450s] -- Using all available rosidl_typesupport_c: rosidl_typesupport_fastrtps_c;rosidl_typesupport_introspection_c
[0.460s] -- Using all available rosidl_typesupport_cpp: rosidl_typesupport_fastrtps_cpp;rosidl_typesupport_introspection_cpp
[0.631s] -- Found rmw_implementation_cmake: 6.1.1 (/opt/ros/humble/share/rmw_implementation_cmake/cmake)
[0.632s] -- Found rmw_fastrtps_cpp: 6.2.5 (/opt/ros/humble/share/rmw_fastrtps_cpp/cmake)
[0.710s] -- Using RMW implementation 'rmw_fastrtps_cpp' as default
[0.941s] -- Found ament_lint_auto: 0.12.9 (/opt/ros/humble/share/ament_lint_auto/cmake)
[0.944s] -- Found gtest sources under '/opt/ros/humble/src/gtest_vendor': C++ tests using 'Google Test' will be built
[0.950s] -- Added test 'copyright' to check source files copyright and LICENSE
[0.952s] -- Added test 'cppcheck' to perform static code analysis on C / C++ code
[0.952s] -- Configured cppcheck include dirs: /home/iclab/Desktop/ros2/src/usb_cam/include
[0.952s] -- Configured cppcheck exclude dirs and/or files: 
[0.954s] -- Added test 'cpplint' to check C / C++ code against the Google style
[0.954s] -- Configured cpplint exclude dirs and/or files: 
[0.954s] -- Added test 'flake8' to check Python code syntax and style conventions
[0.955s] -- Added test 'lint_cmake' to check CMake code style
[0.955s] -- Added test 'pep257' to check Python code against some of the docstring style conventions in PEP 257
[0.957s] -- Added test 'uncrustify' to check C / C++ code style
[0.957s] -- Configured uncrustify additional arguments: 
[0.958s] -- Added test 'xmllint' to check XML markup files
[0.958s] -- Configuring done
[0.976s] -- Generating done
[0.977s] -- Build files have been written to: /home/iclab/Desktop/ros2/build/usb_cam
[0.997s] [35m[1mConsolidate compiler generated dependencies of target gtest_main[0m
[0.997s] [35m[1mConsolidate compiler generated dependencies of target usb_cam_node_exe[0m
[0.998s] [35m[1mConsolidate compiler generated dependencies of target usb_cam[0m
[0.998s] [35m[1mConsolidate compiler generated dependencies of target gtest[0m
[1.008s] [ 12%] Built target gtest_main
[1.010s] [ 18%] [32mBuilding CXX object CMakeFiles/usb_cam.dir/src/tdataunit.cpp.o[0m
[1.011s] [ 31%] Built target gtest
[1.011s] [ 43%] Built target usb_cam_node_exe
[1.012s] [ 50%] [32mBuilding CXX object CMakeFiles/usb_cam.dir/src/tool.cpp.o[0m
[1.024s] [ 56%] [32m[1mLinking CXX shared library libusb_cam.so[0m
[1.178s] [ 62%] Built target usb_cam
[1.185s] [35m[1mConsolidate compiler generated dependencies of target test_pixel_formats[0m
[1.187s] [35m[1mConsolidate compiler generated dependencies of target test_usb_cam_utils[0m
[1.188s] [35m[1mConsolidate compiler generated dependencies of target usb_cam_node[0m
[1.195s] [ 68%] [32mBuilding CXX object CMakeFiles/test_pixel_formats.dir/test/test_pixel_formats.cpp.o[0m
[1.202s] [ 75%] [32mBuilding CXX object CMakeFiles/test_usb_cam_utils.dir/test/test_usb_cam_utils.cpp.o[0m
[1.204s] [ 81%] [32mBuilding CXX object CMakeFiles/usb_cam_node.dir/src/usb_cam_node.cpp.o[0m
[1.701s] [ 87%] [32m[1mLinking CXX executable test_pixel_formats[0m
[1.821s] [ 87%] Built target test_pixel_formats
[1.842s] [ 93%] [32m[1mLinking CXX executable test_usb_cam_utils[0m
[1.950s] [ 93%] Built target test_usb_cam_utils
[3.148s] [01m[K/home/iclab/Desktop/ros2/src/usb_cam/src/usb_cam_node.cpp:40:1:[m[K [01;31m[Kerror: [m[Kredefinition of â€˜[01m[KTdataUnit::TdataUnit()[m[Kâ€™
[3.148s]    40 | [01;31m[KTdataUnit[m[K::TdataUnit()
[3.148s]       | [01;31m[K^~~~~~~~~[m[K
[3.148s] In file included from [01m[K/home/iclab/Desktop/ros2/src/usb_cam/src/usb_cam_node.cpp:33[m[K:
[3.148s] [01m[K/home/iclab/Desktop/ros2/src/usb_cam/include/usb_cam/usb_cam_node.hpp:72:5:[m[K [01;36m[Knote: [m[Kâ€˜[01m[KTdataUnit::TdataUnit()[m[Kâ€™ previously defined here
[3.148s]    72 |     [01;36m[KTdataUnit[m[K() { CameraParameterValue = new CameraParameter(); }
[3.148s]       |     [01;36m[K^~~~~~~~~[m[K
[3.148s] [01m[K/home/iclab/Desktop/ros2/src/usb_cam/src/usb_cam_node.cpp:54:1:[m[K [01;31m[Kerror: [m[Kredefinition of â€˜[01m[KTdataUnit::~TdataUnit()[m[Kâ€™
[3.148s]    54 | [01;31m[KTdataUnit[m[K::~TdataUnit()
[3.149s]       | [01;31m[K^~~~~~~~~[m[K
[3.149s] In file included from [01m[K/home/iclab/Desktop/ros2/src/usb_cam/src/usb_cam_node.cpp:33[m[K:
[3.149s] [01m[K/home/iclab/Desktop/ros2/src/usb_cam/include/usb_cam/usb_cam_node.hpp:73:5:[m[K [01;36m[Knote: [m[Kâ€˜[01m[KTdataUnit::~TdataUnit()[m[Kâ€™ previously defined here
[3.149s]    73 |     [01;36m[K~[m[KTdataUnit() { delete CameraParameterValue; }
[3.149s]       |     [01;36m[K^[m[K
[3.159s] [01m[K/home/iclab/Desktop/ros2/src/usb_cam/src/usb_cam_node.cpp:[m[K In member function â€˜[01m[Kvoid TdataUnit::SaveCameraSetFile(std::string)[m[Kâ€™:
[3.159s] [01m[K/home/iclab/Desktop/ros2/src/usb_cam/src/usb_cam_node.cpp:61:24:[m[K [01;31m[Kerror: [m[Kâ€˜[01m[Ktool[m[Kâ€™ was not declared in this scope; did you mean â€˜[01m[Kbool[m[Kâ€™?
[3.159s]    61 |     std::string path = [01;31m[Ktool[m[K->getPackagePath(location);
[3.159s]       |                        [01;31m[K^~~~[m[K
[3.159s]       |                        [32m[Kbool[m[K
[3.159s] [01m[K/home/iclab/Desktop/ros2/src/usb_cam/src/usb_cam_node.cpp:66:42:[m[K [01;31m[Kerror: [m[Kâ€˜[01m[Kstruct CameraParameter[m[Kâ€™ has no member named â€˜[01m[KParameterName[m[Kâ€™
[3.159s]    66 |         OutFile << CameraParameterValue->[01;31m[KParameterName[m[K << "\n";
[3.160s]       |                                          [01;31m[K^~~~~~~~~~~~~[m[K
[3.166s] [01m[K/home/iclab/Desktop/ros2/src/usb_cam/src/usb_cam_node.cpp:[m[K In member function â€˜[01m[Kvoid TdataUnit::LoadCameraSetFile(std::string)[m[Kâ€™:
[3.166s] [01m[K/home/iclab/Desktop/ros2/src/usb_cam/src/usb_cam_node.cpp:85:24:[m[K [01;31m[Kerror: [m[Kâ€˜[01m[Ktool[m[Kâ€™ was not declared in this scope; did you mean â€˜[01m[Kbool[m[Kâ€™?
[3.166s]    85 |     std::string path = [01;31m[Ktool[m[K->getPackagePath(location);
[3.166s]       |                        [01;31m[K^~~~[m[K
[3.166s]       |                        [32m[Kbool[m[K
[5.192s] gmake[2]: *** [CMakeFiles/usb_cam_node.dir/build.make:76: CMakeFiles/usb_cam_node.dir/src/usb_cam_node.cpp.o] Error 1
[5.192s] gmake[1]: *** [CMakeFiles/Makefile2:189: CMakeFiles/usb_cam_node.dir/all] Error 2
[5.192s] gmake: *** [Makefile:146: all] Error 2
[5.194s] Invoked command in '/home/iclab/Desktop/ros2/build/usb_cam' returned '2': CMAKE_PREFIX_PATH=/home/iclab/Desktop/ros2/install/tku_msgs:/home/iclab/ros2_humble/install/ament_index_cpp/:/home/iclab/Desktop/ros2/install/web_video_server:/home/iclab/Desktop/ros2/install/usb_cam:/home/iclab/Desktop/ros2/install/tku_libs:/home/iclab/Desktop/ros2/install/serial:/home/iclab/Desktop/ros2/install/motionpackage:/opt/ros/humble LD_LIBRARY_PATH=/home/iclab/Desktop/ros2/install/tku_msgs/lib:/home/iclab/Desktop/ros2/install/usb_cam/lib:/opt/ros/humble/opt/rviz_ogre_vendor/lib:/opt/ros/humble/lib/x86_64-linux-gnu:/opt/ros/humble/lib /usr/bin/cmake --build /home/iclab/Desktop/ros2/build/usb_cam -- -j8 -l8
