[ 14%] Built target usb_cam
[ 28%] Built target usb_cam_node_exe
[ 42%] Built target gtest_main
[ 57%] Built target gtest
[35m[1mConsolidate compiler generated dependencies of target usb_cam_node[0m
[ 71%] Built target test_usb_cam_utils
[ 85%] Built target test_pixel_formats
[ 92%] [32mBuilding CXX object CMakeFiles/usb_cam_node.dir/src/usb_cam_node.cpp.o[0m
[01m[K/home/iclab/Desktop/ros2/src/usb_cam/src/usb_cam_node.cpp:[m[K In member function â€˜[01m[Kbool usb_cam::UsbCamNode::callcamerainfofunction(std::shared_ptr<tku_msgs::srv::CameraInfo_Request_<std::allocator<void> > >, std::shared_ptr<tku_msgs::srv::CameraInfo_Response_<std::allocator<void> > >)[m[Kâ€™:
[01m[K/home/iclab/Desktop/ros2/src/usb_cam/src/usb_cam_node.cpp:230:12:[m[K [01;31m[Kerror: [m[Kâ€˜[01m[Kclass std::shared_ptr<tku_msgs::srv::CameraInfo_Response_<std::allocator<void> > >[m[Kâ€™ has no member named â€˜[01m[Kbrightness[m[Kâ€™
  230 |   response.[01;31m[Kbrightness[m[K       = brightness_;
      |            [01;31m[K^~~~~~~~~~[m[K
[01m[K/home/iclab/Desktop/ros2/src/usb_cam/src/usb_cam_node.cpp:231:12:[m[K [01;31m[Kerror: [m[Kâ€˜[01m[Kclass std::shared_ptr<tku_msgs::srv::CameraInfo_Response_<std::allocator<void> > >[m[Kâ€™ has no member named â€˜[01m[Kcontrast[m[Kâ€™
  231 |   response.[01;31m[Kcontrast[m[K         = contrast_;
      |            [01;31m[K^~~~~~~~[m[K
[01m[K/home/iclab/Desktop/ros2/src/usb_cam/src/usb_cam_node.cpp:232:12:[m[K [01;31m[Kerror: [m[Kâ€˜[01m[Kclass std::shared_ptr<tku_msgs::srv::CameraInfo_Response_<std::allocator<void> > >[m[Kâ€™ has no member named â€˜[01m[Ksaturation[m[Kâ€™
  232 |   response.[01;31m[Ksaturation[m[K       = saturation_;
      |            [01;31m[K^~~~~~~~~~[m[K
[01m[K/home/iclab/Desktop/ros2/src/usb_cam/src/usb_cam_node.cpp:233:12:[m[K [01;31m[Kerror: [m[Kâ€˜[01m[Kclass std::shared_ptr<tku_msgs::srv::CameraInfo_Response_<std::allocator<void> > >[m[Kâ€™ has no member named â€˜[01m[Kwhitebalance[m[Kâ€™
  233 |   response.[01;31m[Kwhitebalance[m[K     = whitebalance_;
      |            [01;31m[K^~~~~~~~~~~~[m[K
[01m[K/home/iclab/Desktop/ros2/src/usb_cam/src/usb_cam_node.cpp:233:31:[m[K [01;31m[Kerror: [m[Kâ€˜[01m[Kwhitebalance_[m[Kâ€™ was not declared in this scope; did you mean â€˜[01m[Kwhite_balance_[m[Kâ€™?
  233 |   response.whitebalance     = [01;31m[Kwhitebalance_[m[K;
      |                               [01;31m[K^~~~~~~~~~~~~[m[K
      |                               [32m[Kwhite_balance_[m[K
[01m[K/home/iclab/Desktop/ros2/src/usb_cam/src/usb_cam_node.cpp:234:12:[m[K [01;31m[Kerror: [m[Kâ€˜[01m[Kclass std::shared_ptr<tku_msgs::srv::CameraInfo_Response_<std::allocator<void> > >[m[Kâ€™ has no member named â€˜[01m[Kautowhitebalance[m[Kâ€™
  234 |   response.[01;31m[Kautowhitebalance[m[K = autowhitebalance_;
      |            [01;31m[K^~~~~~~~~~~~~~~~[m[K
[01m[K/home/iclab/Desktop/ros2/src/usb_cam/src/usb_cam_node.cpp:234:31:[m[K [01;31m[Kerror: [m[Kâ€˜[01m[Kautowhitebalance_[m[Kâ€™ was not declared in this scope; did you mean â€˜[01m[Kauto_white_balance_[m[Kâ€™?
  234 |   response.autowhitebalance = [01;31m[Kautowhitebalance_[m[K;
      |                               [01;31m[K^~~~~~~~~~~~~~~~~[m[K
      |                               [32m[Kauto_white_balance_[m[K
[01m[K/home/iclab/Desktop/ros2/src/usb_cam/src/usb_cam_node.cpp:235:12:[m[K [01;31m[Kerror: [m[Kâ€˜[01m[Kclass std::shared_ptr<tku_msgs::srv::CameraInfo_Response_<std::allocator<void> > >[m[Kâ€™ has no member named â€˜[01m[Kautoexposure[m[Kâ€™
  235 |   response.[01;31m[Kautoexposure[m[K     = autoexposure_;
      |            [01;31m[K^~~~~~~~~~~~[m[K
[01m[K/home/iclab/Desktop/ros2/src/usb_cam/src/usb_cam_node.cpp:235:31:[m[K [01;31m[Kerror: [m[Kâ€˜[01m[Kautoexposure_[m[Kâ€™ was not declared in this scope; did you mean â€˜[01m[Kauto_exposure_[m[Kâ€™?
  235 |   response.autoexposure     = [01;31m[Kautoexposure_[m[K;
      |                               [01;31m[K^~~~~~~~~~~~~[m[K
      |                               [32m[Kauto_exposure_[m[K
[01m[K/home/iclab/Desktop/ros2/src/usb_cam/src/usb_cam_node.cpp:239:1:[m[K [01;31m[Kerror: [m[Kno return statement in function returning non-void [[01;31m[K]8;;https://gcc.gnu.org/onlinedocs/gcc/Warning-Options.html#index-Wreturn-type-Werror=return-type]8;;[m[K]
  239 | [01;31m[K}[m[K
      | [01;31m[K^[m[K
[01m[K/home/iclab/Desktop/ros2/src/usb_cam/src/usb_cam_node.cpp:227:99:[m[K [01;31m[Kerror: [m[Kunused parameter â€˜[01m[Krequest[m[Kâ€™ [[01;31m[K]8;;https://gcc.gnu.org/onlinedocs/gcc/Warning-Options.html#index-Wunused-parameter-Werror=unused-parameter]8;;[m[K]
  227 | bool UsbCamNode::callcamerainfofunction([01;31m[Kconst std::shared_ptr<tku_msgs::srv::CameraInfo::Request> request[m[K,
      |                                         [01;31m[K~~~~~~~~~~~~~~~~~~~~~~~~~~~~~~~~~~~~~~~~~~~~~~~~~~~~~~~~~~^~~~~~~[m[K
cc1plus: all warnings being treated as errors
gmake[2]: *** [CMakeFiles/usb_cam_node.dir/build.make:76: CMakeFiles/usb_cam_node.dir/src/usb_cam_node.cpp.o] Error 1
gmake[1]: *** [CMakeFiles/Makefile2:189: CMakeFiles/usb_cam_node.dir/all] Error 2
gmake: *** [Makefile:146: all] Error 2
