[0.276s] Invoking command in '/home/iclab/Desktop/ros2/build/usb_cam': CMAKE_PREFIX_PATH=/home/iclab/Desktop/ros2/install/tku_msgs:/home/iclab/Desktop/ros2/install/web_video_server:/home/iclab/Desktop/ros2/install/usb_cam:/home/iclab/Desktop/ros2/install/serial:/home/iclab/Desktop/ros2/install/tku_libs:/home/iclab/Desktop/ros2/install/motionpackage:/opt/ros/humble LD_LIBRARY_PATH=/home/iclab/Desktop/ros2/install/tku_msgs/lib:/home/iclab/Desktop/ros2/install/usb_cam/lib:/opt/ros/humble/opt/rviz_ogre_vendor/lib:/opt/ros/humble/lib/x86_64-linux-gnu:/opt/ros/humble/lib /usr/bin/cmake --build /home/iclab/Desktop/ros2/build/usb_cam -- -j8 -l8
[0.311s] [ 14%] Built target usb_cam
[0.311s] [ 28%] Built target usb_cam_node_exe
[0.313s] [ 42%] Built target gtest_main
[0.314s] [ 57%] Built target gtest
[0.324s] [35m[1mConsolidate compiler generated dependencies of target usb_cam_node[0m
[0.329s] [ 71%] Built target test_usb_cam_utils
[0.331s] [ 85%] Built target test_pixel_formats
[0.341s] [ 92%] [32mBuilding CXX object CMakeFiles/usb_cam_node.dir/src/usb_cam_node.cpp.o[0m
[2.249s] [01m[K/home/iclab/Desktop/ros2/src/usb_cam/src/usb_cam_node.cpp:[m[K In member function â€˜[01m[Kbool usb_cam::UsbCamNode::callcamerainfofunction(std::shared_ptr<tku_msgs::srv::CameraInfo_Request_<std::allocator<void> > >, std::shared_ptr<tku_msgs::srv::CameraInfo_Response_<std::allocator<void> > >)[m[Kâ€™:
[2.249s] [01m[K/home/iclab/Desktop/ros2/src/usb_cam/src/usb_cam_node.cpp:230:12:[m[K [01;31m[Kerror: [m[Kâ€˜[01m[Kclass std::shared_ptr<tku_msgs::srv::CameraInfo_Response_<std::allocator<void> > >[m[Kâ€™ has no member named â€˜[01m[Kbrightness[m[Kâ€™
[2.250s]   230 |   response.[01;31m[Kbrightness[m[K       = brightness_;
[2.250s]       |            [01;31m[K^~~~~~~~~~[m[K
[2.250s] [01m[K/home/iclab/Desktop/ros2/src/usb_cam/src/usb_cam_node.cpp:231:12:[m[K [01;31m[Kerror: [m[Kâ€˜[01m[Kclass std::shared_ptr<tku_msgs::srv::CameraInfo_Response_<std::allocator<void> > >[m[Kâ€™ has no member named â€˜[01m[Kcontrast[m[Kâ€™
[2.250s]   231 |   response.[01;31m[Kcontrast[m[K         = contrast_;
[2.250s]       |            [01;31m[K^~~~~~~~[m[K
[2.250s] [01m[K/home/iclab/Desktop/ros2/src/usb_cam/src/usb_cam_node.cpp:232:12:[m[K [01;31m[Kerror: [m[Kâ€˜[01m[Kclass std::shared_ptr<tku_msgs::srv::CameraInfo_Response_<std::allocator<void> > >[m[Kâ€™ has no member named â€˜[01m[Ksaturation[m[Kâ€™
[2.250s]   232 |   response.[01;31m[Ksaturation[m[K       = saturation_;
[2.250s]       |            [01;31m[K^~~~~~~~~~[m[K
[2.250s] [01m[K/home/iclab/Desktop/ros2/src/usb_cam/src/usb_cam_node.cpp:233:12:[m[K [01;31m[Kerror: [m[Kâ€˜[01m[Kclass std::shared_ptr<tku_msgs::srv::CameraInfo_Response_<std::allocator<void> > >[m[Kâ€™ has no member named â€˜[01m[Kwhitebalance[m[Kâ€™
[2.250s]   233 |   response.[01;31m[Kwhitebalance[m[K     = whitebalance_;
[2.250s]       |            [01;31m[K^~~~~~~~~~~~[m[K
[2.256s] [01m[K/home/iclab/Desktop/ros2/src/usb_cam/src/usb_cam_node.cpp:233:31:[m[K [01;31m[Kerror: [m[Kâ€˜[01m[Kwhitebalance_[m[Kâ€™ was not declared in this scope; did you mean â€˜[01m[Kwhite_balance_[m[Kâ€™?
[2.256s]   233 |   response.whitebalance     = [01;31m[Kwhitebalance_[m[K;
[2.256s]       |                               [01;31m[K^~~~~~~~~~~~~[m[K
[2.256s]       |                               [32m[Kwhite_balance_[m[K
[2.256s] [01m[K/home/iclab/Desktop/ros2/src/usb_cam/src/usb_cam_node.cpp:234:12:[m[K [01;31m[Kerror: [m[Kâ€˜[01m[Kclass std::shared_ptr<tku_msgs::srv::CameraInfo_Response_<std::allocator<void> > >[m[Kâ€™ has no member named â€˜[01m[Kautowhitebalance[m[Kâ€™
[2.256s]   234 |   response.[01;31m[Kautowhitebalance[m[K = autowhitebalance_;
[2.256s]       |            [01;31m[K^~~~~~~~~~~~~~~~[m[K
[2.263s] [01m[K/home/iclab/Desktop/ros2/src/usb_cam/src/usb_cam_node.cpp:234:31:[m[K [01;31m[Kerror: [m[Kâ€˜[01m[Kautowhitebalance_[m[Kâ€™ was not declared in this scope; did you mean â€˜[01m[Kauto_white_balance_[m[Kâ€™?
[2.263s]   234 |   response.autowhitebalance = [01;31m[Kautowhitebalance_[m[K;
[2.263s]       |                               [01;31m[K^~~~~~~~~~~~~~~~~[m[K
[2.263s]       |                               [32m[Kauto_white_balance_[m[K
[2.263s] [01m[K/home/iclab/Desktop/ros2/src/usb_cam/src/usb_cam_node.cpp:235:12:[m[K [01;31m[Kerror: [m[Kâ€˜[01m[Kclass std::shared_ptr<tku_msgs::srv::CameraInfo_Response_<std::allocator<void> > >[m[Kâ€™ has no member named â€˜[01m[Kautoexposure[m[Kâ€™
[2.263s]   235 |   response.[01;31m[Kautoexposure[m[K     = autoexposure_;
[2.263s]       |            [01;31m[K^~~~~~~~~~~~[m[K
[2.269s] [01m[K/home/iclab/Desktop/ros2/src/usb_cam/src/usb_cam_node.cpp:235:31:[m[K [01;31m[Kerror: [m[Kâ€˜[01m[Kautoexposure_[m[Kâ€™ was not declared in this scope; did you mean â€˜[01m[Kauto_exposure_[m[Kâ€™?
[2.269s]   235 |   response.autoexposure     = [01;31m[Kautoexposure_[m[K;
[2.269s]       |                               [01;31m[K^~~~~~~~~~~~~[m[K
[2.269s]       |                               [32m[Kauto_exposure_[m[K
[2.274s] [01m[K/home/iclab/Desktop/ros2/src/usb_cam/src/usb_cam_node.cpp:239:1:[m[K [01;31m[Kerror: [m[Kno return statement in function returning non-void [[01;31m[K]8;;https://gcc.gnu.org/onlinedocs/gcc/Warning-Options.html#index-Wreturn-type-Werror=return-type]8;;[m[K]
[2.274s]   239 | [01;31m[K}[m[K
[2.274s]       | [01;31m[K^[m[K
[2.274s] [01m[K/home/iclab/Desktop/ros2/src/usb_cam/src/usb_cam_node.cpp:227:99:[m[K [01;31m[Kerror: [m[Kunused parameter â€˜[01m[Krequest[m[Kâ€™ [[01;31m[K]8;;https://gcc.gnu.org/onlinedocs/gcc/Warning-Options.html#index-Wunused-parameter-Werror=unused-parameter]8;;[m[K]
[2.274s]   227 | bool UsbCamNode::callcamerainfofunction([01;31m[Kconst std::shared_ptr<tku_msgs::srv::CameraInfo::Request> request[m[K,
[2.275s]       |                                         [01;31m[K~~~~~~~~~~~~~~~~~~~~~~~~~~~~~~~~~~~~~~~~~~~~~~~~~~~~~~~~~~^~~~~~~[m[K
[4.303s] cc1plus: all warnings being treated as errors
[4.322s] gmake[2]: *** [CMakeFiles/usb_cam_node.dir/build.make:76: CMakeFiles/usb_cam_node.dir/src/usb_cam_node.cpp.o] Error 1
[4.322s] gmake[1]: *** [CMakeFiles/Makefile2:189: CMakeFiles/usb_cam_node.dir/all] Error 2
[4.322s] gmake: *** [Makefile:146: all] Error 2
[4.324s] Invoked command in '/home/iclab/Desktop/ros2/build/usb_cam' returned '2': CMAKE_PREFIX_PATH=/home/iclab/Desktop/ros2/install/tku_msgs:/home/iclab/Desktop/ros2/install/web_video_server:/home/iclab/Desktop/ros2/install/usb_cam:/home/iclab/Desktop/ros2/install/serial:/home/iclab/Desktop/ros2/install/tku_libs:/home/iclab/Desktop/ros2/install/motionpackage:/opt/ros/humble LD_LIBRARY_PATH=/home/iclab/Desktop/ros2/install/tku_msgs/lib:/home/iclab/Desktop/ros2/install/usb_cam/lib:/opt/ros/humble/opt/rviz_ogre_vendor/lib:/opt/ros/humble/lib/x86_64-linux-gnu:/opt/ros/humble/lib /usr/bin/cmake --build /home/iclab/Desktop/ros2/build/usb_cam -- -j8 -l8
