[01m[K/home/iclab/Desktop/ros2/src/usb_cam/src/usb_cam_node.cpp:[m[K In constructor â€˜[01m[Kusb_cam::UsbCamNode::UsbCamNode(const rclcpp::NodeOptions&)[m[Kâ€™:
[01m[K/home/iclab/Desktop/ros2/src/usb_cam/src/usb_cam_node.cpp:65:41:[m[K [01;31m[Kerror: [m[Kâ€˜[01m[Kcallcamerainfofunction[m[Kâ€™ is not a member of â€˜[01m[Kusb_cam::UsbCamNode[m[Kâ€™
   65 |   "/CameraInfo", std::bind(&UsbCamNode::[01;31m[Kcallcamerainfofunction[m[K, this, std::placeholders::_1, std::placeholders::_2));
      |                                         [01;31m[K^~~~~~~~~~~~~~~~~~~~~~[m[K
[01m[K/home/iclab/Desktop/ros2/src/usb_cam/src/usb_cam_node.cpp:[m[K At global scope:
[01m[K/home/iclab/Desktop/ros2/src/usb_cam/src/usb_cam_node.cpp:227:6:[m[K [01;31m[Kerror: [m[Kno declaration matches â€˜[01m[Kbool usb_cam::UsbCamNode::callcamerainfofunction(std::shared_ptr<tku_msgs::srv::CameraInfo_Request_<std::allocator<void> > >, std::shared_ptr<tku_msgs::srv::CameraInfo_Response_<std::allocator<void> > >)[m[Kâ€™
  227 | bool [01;31m[KUsbCamNode[m[K::callcamerainfofunction(const std::shared_ptr<tku_msgs::srv::CameraInfo::Request> request,
      |      [01;31m[K^~~~~~~~~~[m[K
[01m[K/home/iclab/Desktop/ros2/src/usb_cam/src/usb_cam_node.cpp:227:6:[m[K [01;36m[Knote: [m[Kno functions named â€˜[01m[Kbool usb_cam::UsbCamNode::callcamerainfofunction(std::shared_ptr<tku_msgs::srv::CameraInfo_Request_<std::allocator<void> > >, std::shared_ptr<tku_msgs::srv::CameraInfo_Response_<std::allocator<void> > >)[m[Kâ€™
In file included from [01m[K/home/iclab/Desktop/ros2/src/usb_cam/src/usb_cam_node.cpp:34[m[K:
[01m[K/home/iclab/Desktop/ros2/src/usb_cam/include/usb_cam/usb_cam_node.hpp:58:7:[m[K [01;36m[Knote: [m[Kâ€˜[01m[Kclass usb_cam::UsbCamNode[m[Kâ€™ defined here
   58 | class [01;36m[KUsbCamNode[m[K : public rclcpp::Node
      |       [01;36m[K^~~~~~~~~~[m[K
gmake[2]: *** [CMakeFiles/usb_cam_node.dir/build.make:76: CMakeFiles/usb_cam_node.dir/src/usb_cam_node.cpp.o] Error 1
gmake[1]: *** [CMakeFiles/Makefile2:189: CMakeFiles/usb_cam_node.dir/all] Error 2
gmake: *** [Makefile:146: all] Error 2
