[0.274s] Invoking command in '/home/iclab/Desktop/ros2/build/usb_cam': CMAKE_PREFIX_PATH=/home/iclab/Desktop/ros2/install/tku_msgs:/home/iclab/Desktop/ros2/install/web_video_server:/home/iclab/Desktop/ros2/install/usb_cam:/home/iclab/Desktop/ros2/install/serial:/home/iclab/Desktop/ros2/install/tku_libs:/home/iclab/Desktop/ros2/install/motionpackage:/opt/ros/humble LD_LIBRARY_PATH=/home/iclab/Desktop/ros2/install/tku_msgs/lib:/home/iclab/Desktop/ros2/install/usb_cam/lib:/opt/ros/humble/opt/rviz_ogre_vendor/lib:/opt/ros/humble/lib/x86_64-linux-gnu:/opt/ros/humble/lib /usr/bin/cmake --build /home/iclab/Desktop/ros2/build/usb_cam -- -j8 -l8
[0.310s] [ 14%] Built target usb_cam_node_exe
[0.314s] [ 42%] Built target usb_cam
[0.314s] [ 42%] Built target gtest
[0.314s] [ 57%] Built target gtest_main
[0.326s] [35m[1mConsolidate compiler generated dependencies of target usb_cam_node[0m
[0.331s] [ 71%] Built target test_pixel_formats
[0.331s] [ 85%] Built target test_usb_cam_utils
[0.342s] [ 92%] [32mBuilding CXX object CMakeFiles/usb_cam_node.dir/src/usb_cam_node.cpp.o[0m
[2.197s] [01m[K/home/iclab/Desktop/ros2/src/usb_cam/src/usb_cam_node.cpp:[m[K In constructor â€˜[01m[Kusb_cam::UsbCamNode::UsbCamNode(const rclcpp::NodeOptions&)[m[Kâ€™:
[2.197s] [01m[K/home/iclab/Desktop/ros2/src/usb_cam/src/usb_cam_node.cpp:65:41:[m[K [01;31m[Kerror: [m[Kâ€˜[01m[Kcallcamerainfofunction[m[Kâ€™ is not a member of â€˜[01m[Kusb_cam::UsbCamNode[m[Kâ€™
[2.197s]    65 |   "/CameraInfo", std::bind(&UsbCamNode::[01;31m[Kcallcamerainfofunction[m[K, this, std::placeholders::_1, std::placeholders::_2));
[2.197s]       |                                         [01;31m[K^~~~~~~~~~~~~~~~~~~~~~[m[K
[2.223s] [01m[K/home/iclab/Desktop/ros2/src/usb_cam/src/usb_cam_node.cpp:[m[K At global scope:
[2.223s] [01m[K/home/iclab/Desktop/ros2/src/usb_cam/src/usb_cam_node.cpp:227:6:[m[K [01;31m[Kerror: [m[Kno declaration matches â€˜[01m[Kbool usb_cam::UsbCamNode::callcamerainfofunction(std::shared_ptr<tku_msgs::srv::CameraInfo_Request_<std::allocator<void> > >, std::shared_ptr<tku_msgs::srv::CameraInfo_Response_<std::allocator<void> > >)[m[Kâ€™
[2.223s]   227 | bool [01;31m[KUsbCamNode[m[K::callcamerainfofunction(const std::shared_ptr<tku_msgs::srv::CameraInfo::Request> request,
[2.223s]       |      [01;31m[K^~~~~~~~~~[m[K
[2.223s] [01m[K/home/iclab/Desktop/ros2/src/usb_cam/src/usb_cam_node.cpp:227:6:[m[K [01;36m[Knote: [m[Kno functions named â€˜[01m[Kbool usb_cam::UsbCamNode::callcamerainfofunction(std::shared_ptr<tku_msgs::srv::CameraInfo_Request_<std::allocator<void> > >, std::shared_ptr<tku_msgs::srv::CameraInfo_Response_<std::allocator<void> > >)[m[Kâ€™
[2.223s] In file included from [01m[K/home/iclab/Desktop/ros2/src/usb_cam/src/usb_cam_node.cpp:34[m[K:
[2.223s] [01m[K/home/iclab/Desktop/ros2/src/usb_cam/include/usb_cam/usb_cam_node.hpp:58:7:[m[K [01;36m[Knote: [m[Kâ€˜[01m[Kclass usb_cam::UsbCamNode[m[Kâ€™ defined here
[2.223s]    58 | class [01;36m[KUsbCamNode[m[K : public rclcpp::Node
[2.223s]       |       [01;36m[K^~~~~~~~~~[m[K
[4.137s] gmake[2]: *** [CMakeFiles/usb_cam_node.dir/build.make:76: CMakeFiles/usb_cam_node.dir/src/usb_cam_node.cpp.o] Error 1
[4.137s] gmake[1]: *** [CMakeFiles/Makefile2:189: CMakeFiles/usb_cam_node.dir/all] Error 2
[4.137s] gmake: *** [Makefile:146: all] Error 2
[4.139s] Invoked command in '/home/iclab/Desktop/ros2/build/usb_cam' returned '2': CMAKE_PREFIX_PATH=/home/iclab/Desktop/ros2/install/tku_msgs:/home/iclab/Desktop/ros2/install/web_video_server:/home/iclab/Desktop/ros2/install/usb_cam:/home/iclab/Desktop/ros2/install/serial:/home/iclab/Desktop/ros2/install/tku_libs:/home/iclab/Desktop/ros2/install/motionpackage:/opt/ros/humble LD_LIBRARY_PATH=/home/iclab/Desktop/ros2/install/tku_msgs/lib:/home/iclab/Desktop/ros2/install/usb_cam/lib:/opt/ros/humble/opt/rviz_ogre_vendor/lib:/opt/ros/humble/lib/x86_64-linux-gnu:/opt/ros/humble/lib /usr/bin/cmake --build /home/iclab/Desktop/ros2/build/usb_cam -- -j8 -l8
