[0.491s] Invoking command in '/home/iclab/Desktop/ros2/build/usb_cam': CMAKE_PREFIX_PATH=${CMAKE_PREFIX_PATH}:/home/iclab/Desktop/ros2/install/tku_libs:/home/iclab/Desktop/ros2/install/motionpackage:/opt/ros/humble /usr/bin/cmake --build /home/iclab/Desktop/ros2/build/usb_cam -- -j8 -l8
[0.544s] [ 14%] Built target gtest_main
[0.554s] [ 28%] Built target gtest
[0.566s] [ 42%] Built target usb_cam
[0.571s] [ 57%] Built target usb_cam_node_exe
[0.586s] [35m[1mConsolidate compiler generated dependencies of target usb_cam_node[0m
[0.616s] [ 71%] Built target test_usb_cam_utils
[0.616s] [ 78%] [32mBuilding CXX object CMakeFiles/usb_cam_node.dir/src/usb_cam_node.cpp.o[0m
[0.630s] [ 92%] Built target test_pixel_formats
[3.036s] In file included from [01m[K/home/iclab/Desktop/ros2/src/usb_cam/src/usb_cam_node.cpp:34[m[K:
[3.036s] [01m[K/home/iclab/Desktop/ros2/src/usb_cam/include/usb_cam/usb_cam_node.hpp:96:21:[m[K [01;31m[Kerror: [m[Kâ€˜[01m[Ktku_msgs[m[Kâ€™ was not declared in this scope
[3.036s]    96 |   rclcpp::Publisher<[01;31m[Ktku_msgs[m[K::msg::Camera>::SharedPtr m_camera_publisher;
[3.036s]       |                     [01;31m[K^~~~~~~~[m[K
[3.036s] [01m[K/home/iclab/Desktop/ros2/src/usb_cam/include/usb_cam/usb_cam_node.hpp:96:42:[m[K [01;31m[Kerror: [m[Ktemplate argument 1 is invalid
[3.036s]    96 |   rclcpp::Publisher<tku_msgs::msg::Camera[01;31m[K>[m[K::SharedPtr m_camera_publisher;
[3.036s]       |                                          [01;31m[K^[m[K
[3.037s] [01m[K/home/iclab/Desktop/ros2/src/usb_cam/include/usb_cam/usb_cam_node.hpp:96:45:[m[K [01;31m[Kerror: [m[Kexpected â€˜[01m[K;[m[Kâ€™ at end of member declaration
[3.037s]    96 |   rclcpp::Publisher<tku_msgs::msg::Camera>::[01;31m[KSharedPtr[m[K m_camera_publisher;
[3.037s]       |                                             [01;31m[K^~~~~~~~~[m[K
[3.037s]       |                                                      [32m[K;[m[K
[3.041s] [01m[K/home/iclab/Desktop/ros2/src/usb_cam/include/usb_cam/usb_cam_node.hpp:96:55:[m[K [01;31m[Kerror: [m[Kâ€˜[01m[Km_camera_publisher[m[Kâ€™ does not name a type
[3.041s]    96 |   rclcpp::Publisher<tku_msgs::msg::Camera>::SharedPtr [01;31m[Km_camera_publisher[m[K;
[3.041s]       |                                                       [01;31m[K^~~~~~~~~~~~~~~~~~[m[K
[3.049s] [01m[K/home/iclab/Desktop/ros2/src/usb_cam/src/usb_cam_node.cpp:40:19:[m[K [01;31m[Kerror: [m[Kâ€˜[01m[Ktku_msgs[m[Kâ€™ was not declared in this scope
[3.049s]    40 | rclcpp::Publisher<[01;31m[Ktku_msgs[m[K::msg::Camera>::SharedPtr m_camera_publisher;
[3.049s]       |                   [01;31m[K^~~~~~~~[m[K
[3.050s] [01m[K/home/iclab/Desktop/ros2/src/usb_cam/src/usb_cam_node.cpp:40:40:[m[K [01;31m[Kerror: [m[Ktemplate argument 1 is invalid
[3.050s]    40 | rclcpp::Publisher<tku_msgs::msg::Camera[01;31m[K>[m[K::SharedPtr m_camera_publisher;
[3.050s]       |                                        [01;31m[K^[m[K
[3.050s] [01m[K/home/iclab/Desktop/ros2/src/usb_cam/src/usb_cam_node.cpp:40:53:[m[K [01;31m[Kerror: [m[Kexpected initializer before â€˜[01m[Km_camera_publisher[m[Kâ€™
[3.050s]    40 | rclcpp::Publisher<tku_msgs::msg::Camera>::SharedPtr [01;31m[Km_camera_publisher[m[K;
[3.050s]       |                                                     [01;31m[K^~~~~~~~~~~~~~~~~~[m[K
[3.073s] [01m[K/home/iclab/Desktop/ros2/src/usb_cam/src/usb_cam_node.cpp:[m[K In constructor â€˜[01m[Kusb_cam::UsbCamNode::UsbCamNode(const rclcpp::NodeOptions&)[m[Kâ€™:
[3.073s] [01m[K/home/iclab/Desktop/ros2/src/usb_cam/src/usb_cam_node.cpp:61:3:[m[K [01;31m[Kerror: [m[Kâ€˜[01m[Km_camera_publisher[m[Kâ€™ was not declared in this scope; did you mean â€˜[01m[Km_image_publisher[m[Kâ€™?
[3.073s]    61 |   [01;31m[Km_camera_publisher[m[K = this->create_publisher<tku_msgs::msg::Camera>("Camera_Topic", 10);
[3.073s]       |   [01;31m[K^~~~~~~~~~~~~~~~~~[m[K
[3.073s]       |   [32m[Km_image_publisher[m[K
[3.080s] [01m[K/home/iclab/Desktop/ros2/src/usb_cam/src/usb_cam_node.cpp:61:47:[m[K [01;31m[Kerror: [m[Kâ€˜[01m[Ktku_msgs[m[Kâ€™ was not declared in this scope
[3.080s]    61 |   m_camera_publisher = this->create_publisher<[01;31m[Ktku_msgs[m[K::msg::Camera>("Camera_Topic", 10);
[3.080s]       |                                               [01;31m[K^~~~~~~~[m[K
[3.080s] [01m[K/home/iclab/Desktop/ros2/src/usb_cam/src/usb_cam_node.cpp:61:30:[m[K [01;31m[Kerror: [m[Kparse error in template argument list
[3.080s]    61 |   m_camera_publisher = this->[01;31m[Kcreate_publisher<tku_msgs::msg::Camera>[m[K("Camera_Topic", 10);
[3.080s]       |                              [01;31m[K^~~~~~~~~~~~~~~~~~~~~~~~~~~~~~~~~~~~~~~[m[K
[3.080s] [01m[K/home/iclab/Desktop/ros2/src/usb_cam/src/usb_cam_node.cpp:61:69:[m[K [01;31m[Kerror: [m[Kno matching function for call to â€˜[01m[Kusb_cam::UsbCamNode::create_publisher<<expression error> >(const char [13], int)[m[Kâ€™
[3.080s]    61 |   m_camera_publisher = [01;31m[Kthis->create_publisher<tku_msgs::msg::Camera>("Camera_Topic", 10)[m[K;
[3.080s]       |                        [01;31m[K~~~~~~~~~~~~~~~~~~~~~~~~~~~~~~~~~~~~~~~~~~~~~^~~~~~~~~~~~~~~~~~~~[m[K
[3.080s] In file included from [01m[K/opt/ros/humble/include/camera_info_manager/camera_info_manager/camera_info_manager.hpp:45[m[K,
[3.080s]                  from [01m[K/home/iclab/Desktop/ros2/src/usb_cam/include/usb_cam/usb_cam_node.hpp:38[m[K,
[3.080s]                  from [01m[K/home/iclab/Desktop/ros2/src/usb_cam/src/usb_cam_node.cpp:34[m[K:
[3.080s] [01m[K/opt/ros/humble/include/rclcpp/rclcpp/node.hpp:195:3:[m[K [01;36m[Knote: [m[Kcandidate: â€˜[01m[Ktemplate<class MessageT, class AllocatorT, class PublisherT> std::shared_ptr<PublisherT> rclcpp::Node::create_publisher(const string&, const rclcpp::QoS&, const rclcpp::PublisherOptionsWithAllocator<AllocatorT>&)[m[Kâ€™
[3.080s]   195 |   [01;36m[Kcreate_publisher[m[K(
[3.080s]       |   [01;36m[K^~~~~~~~~~~~~~~~[m[K
[3.080s] [01m[K/opt/ros/humble/include/rclcpp/rclcpp/node.hpp:195:3:[m[K [01;36m[Knote: [m[K  template argument deduction/substitution failed:
[3.080s] [01m[K/home/iclab/Desktop/ros2/src/usb_cam/src/usb_cam_node.cpp:61:69:[m[K [01;31m[Kerror: [m[Ktemplate argument 1 is invalid
[3.080s]    61 |   m_camera_publisher = [01;31m[Kthis->create_publisher<tku_msgs::msg::Camera>("Camera_Topic", 10)[m[K;
[3.080s]       |                        [01;31m[K~~~~~~~~~~~~~~~~~~~~~~~~~~~~~~~~~~~~~~~~~~~~~^~~~~~~~~~~~~~~~~~~~[m[K
[3.111s] [01m[K/home/iclab/Desktop/ros2/src/usb_cam/src/usb_cam_node.cpp:[m[K In member function â€˜[01m[Kvoid usb_cam::UsbCamNode::assign_params(const std::vector<rclcpp::Parameter>&)[m[Kâ€™:
[3.111s] [01m[K/home/iclab/Desktop/ros2/src/usb_cam/src/usb_cam_node.cpp:222:3:[m[K [01;31m[Kerror: [m[Kâ€˜[01m[Ktku_msgs[m[Kâ€™ has not been declared
[3.111s]   222 |   [01;31m[Ktku_msgs[m[K::msg::Camera msg;
[3.111s]       |   [01;31m[K^~~~~~~~[m[K
[3.112s] [01m[K/home/iclab/Desktop/ros2/src/usb_cam/src/usb_cam_node.cpp:223:3:[m[K [01;31m[Kerror: [m[Kâ€˜[01m[Kmsg[m[Kâ€™ was not declared in this scope
[3.112s]   223 |   [01;31m[Kmsg[m[K.brightness = m_parameters.brightness;
[3.112s]       |   [01;31m[K^~~[m[K
[3.112s] [01m[K/home/iclab/Desktop/ros2/src/usb_cam/src/usb_cam_node.cpp:223:3:[m[K [01;36m[Knote: [m[Ksuggested alternatives:
[3.112s] In file included from [01m[K/opt/ros/humble/include/rcl_interfaces/rcl_interfaces/msg/list_parameters_result.hpp:7[m[K,
[3.113s]                  from [01m[K/opt/ros/humble/include/rclcpp/rclcpp/node.hpp:35[m[K,
[3.113s]                  from [01m[K/opt/ros/humble/include/camera_info_manager/camera_info_manager/camera_info_manager.hpp:45[m[K,
[3.113s]                  from [01m[K/home/iclab/Desktop/ros2/src/usb_cam/include/usb_cam/usb_cam_node.hpp:38[m[K,
[3.113s]                  from [01m[K/home/iclab/Desktop/ros2/src/usb_cam/src/usb_cam_node.cpp:34[m[K:
[3.113s] [01m[K/opt/ros/humble/include/rcl_interfaces/rcl_interfaces/msg/detail/list_parameters_result__struct.hpp:27:11:[m[K [01;36m[Knote: [m[K  â€˜[01m[Krcl_interfaces::msg[m[Kâ€™
[3.113s]    27 | namespace [01;36m[Kmsg[m[K
[3.113s]       |           [01;36m[K^~~[m[K
[3.113s] In file included from [01m[K/opt/ros/humble/include/rcl_interfaces/rcl_interfaces/msg/detail/parameter_event__struct.hpp:20[m[K,
[3.113s]                  from [01m[K/opt/ros/humble/include/rcl_interfaces/rcl_interfaces/msg/parameter_event.hpp:7[m[K,
[3.113s]                  from [01m[K/opt/ros/humble/include/rclcpp/rclcpp/node.hpp:37[m[K,
[3.113s]                  from [01m[K/opt/ros/humble/include/camera_info_manager/camera_info_manager/camera_info_manager.hpp:45[m[K,
[3.113s]                  from [01m[K/home/iclab/Desktop/ros2/src/usb_cam/include/usb_cam/usb_cam_node.hpp:38[m[K,
[3.113s]                  from [01m[K/home/iclab/Desktop/ros2/src/usb_cam/src/usb_cam_node.cpp:34[m[K:
[3.113s] [01m[K/opt/ros/humble/include/builtin_interfaces/builtin_interfaces/msg/detail/time__struct.hpp:27:11:[m[K [01;36m[Knote: [m[K  â€˜[01m[Kbuiltin_interfaces::msg[m[Kâ€™
[3.113s]    27 | namespace [01;36m[Kmsg[m[K
[3.113s]       |           [01;36m[K^~~[m[K
[3.113s] In file included from [01m[K/opt/ros/humble/include/statistics_msgs/statistics_msgs/msg/detail/metrics_message__struct.hpp:23[m[K,
[3.113s]                  from [01m[K/opt/ros/humble/include/statistics_msgs/statistics_msgs/msg/metrics_message.hpp:7[m[K,
[3.113s]                  from [01m[K/opt/ros/humble/include/libstatistics_collector/libstatistics_collector/collector/generate_statistics_message.hpp:21[m[K,
[3.113s]                  from [01m[K/opt/ros/humble/include/rclcpp/rclcpp/topic_statistics/subscription_topic_statistics.hpp:23[m[K,
[3.113s]                  from [01m[K/opt/ros/humble/include/rclcpp/rclcpp/subscription.hpp:50[m[K,
[3.113s]                  from [01m[K/opt/ros/humble/include/rclcpp/rclcpp/node_interfaces/node_topics_interface.hpp:31[m[K,
[3.113s]                  from [01m[K/opt/ros/humble/include/rclcpp/rclcpp/generic_publisher.hpp:27[m[K,
[3.113s]                  from [01m[K/opt/ros/humble/include/rclcpp/rclcpp/node.hpp:45[m[K,
[3.113s]                  from [01m[K/opt/ros/humble/include/camera_info_manager/camera_info_manager/camera_info_manager.hpp:45[m[K,
[3.113s]                  from [01m[K/home/iclab/Desktop/ros2/src/usb_cam/include/usb_cam/usb_cam_node.hpp:38[m[K,
[3.113s]                  from [01m[K/home/iclab/Desktop/ros2/src/usb_cam/src/usb_cam_node.cpp:34[m[K:
[3.113s] [01m[K/opt/ros/humble/include/statistics_msgs/statistics_msgs/msg/detail/statistic_data_point__struct.hpp:27:11:[m[K [01;36m[Knote: [m[K  â€˜[01m[Kstatistics_msgs::msg[m[Kâ€™
[3.114s]    27 | namespace [01;36m[Kmsg[m[K
[3.114s]       |           [01;36m[K^~~[m[K
[3.114s] In file included from [01m[K/opt/ros/humble/include/sensor_msgs/sensor_msgs/msg/detail/camera_info__struct.hpp:20[m[K,
[3.114s]                  from [01m[K/opt/ros/humble/include/sensor_msgs/sensor_msgs/msg/camera_info.hpp:7[m[K,
[3.114s]                  from [01m[K/opt/ros/humble/include/camera_info_manager/camera_info_manager/camera_info_manager.hpp:46[m[K,
[3.114s]                  from [01m[K/home/iclab/Desktop/ros2/src/usb_cam/include/usb_cam/usb_cam_node.hpp:38[m[K,
[3.114s]                  from [01m[K/home/iclab/Desktop/ros2/src/usb_cam/src/usb_cam_node.cpp:34[m[K:
[3.114s] [01m[K/opt/ros/humble/include/std_msgs/std_msgs/msg/detail/header__struct.hpp:31:11:[m[K [01;36m[Knote: [m[K  â€˜[01m[Kstd_msgs::msg[m[Kâ€™
[3.114s]    31 | namespace [01;36m[Kmsg[m[K
[3.114s]       |           [01;36m[K^~~[m[K
[3.114s] In file included from [01m[K/opt/ros/humble/include/sensor_msgs/sensor_msgs/msg/detail/camera_info__struct.hpp:22[m[K,
[3.114s]                  from [01m[K/opt/ros/humble/include/sensor_msgs/sensor_msgs/msg/camera_info.hpp:7[m[K,
[3.114s]                  from [01m[K/opt/ros/humble/include/camera_info_manager/camera_info_manager/camera_info_manager.hpp:46[m[K,
[3.114s]                  from [01m[K/home/iclab/Desktop/ros2/src/usb_cam/include/usb_cam/usb_cam_node.hpp:38[m[K,
[3.114s]                  from [01m[K/home/iclab/Desktop/ros2/src/usb_cam/src/usb_cam_node.cpp:34[m[K:
[3.114s] [01m[K/opt/ros/humble/include/sensor_msgs/sensor_msgs/msg/detail/region_of_interest__struct.hpp:27:11:[m[K [01;36m[Knote: [m[K  â€˜[01m[Ksensor_msgs::msg[m[Kâ€™
[3.114s]    27 | namespace [01;36m[Kmsg[m[K
[3.114s]       |           [01;36m[K^~~[m[K
[3.130s] [01m[K/home/iclab/Desktop/ros2/src/usb_cam/src/usb_cam_node.cpp:231:3:[m[K [01;31m[Kerror: [m[Kâ€˜[01m[Km_camera_publisher[m[Kâ€™ was not declared in this scope; did you mean â€˜[01m[Km_image_publisher[m[Kâ€™?
[3.130s]   231 |   [01;31m[Km_camera_publisher[m[K->publish(msg);
[3.130s]       |   [01;31m[K^~~~~~~~~~~~~~~~~~[m[K
[3.130s]       |   [32m[Km_image_publisher[m[K
[3.816s] gmake[2]: *** [CMakeFiles/usb_cam_node.dir/build.make:76: CMakeFiles/usb_cam_node.dir/src/usb_cam_node.cpp.o] Error 1
[3.816s] gmake[1]: *** [CMakeFiles/Makefile2:189: CMakeFiles/usb_cam_node.dir/all] Error 2
[3.816s] gmake: *** [Makefile:146: all] Error 2
[3.817s] Invoked command in '/home/iclab/Desktop/ros2/build/usb_cam' returned '2': CMAKE_PREFIX_PATH=${CMAKE_PREFIX_PATH}:/home/iclab/Desktop/ros2/install/tku_libs:/home/iclab/Desktop/ros2/install/motionpackage:/opt/ros/humble /usr/bin/cmake --build /home/iclab/Desktop/ros2/build/usb_cam -- -j8 -l8
