[0.396s] Invoking command in '/home/iclab/Desktop/ros2/build/usb_cam': CMAKE_PREFIX_PATH=${CMAKE_PREFIX_PATH}:/home/iclab/Desktop/ros2/install/tku_libs:/home/iclab/Desktop/ros2/install/motionpackage:/opt/ros/humble /usr/bin/cmake --build /home/iclab/Desktop/ros2/build/usb_cam -- -j8 -l8
[0.452s] [ 14%] Built target gtest_main
[0.454s] [ 28%] Built target usb_cam
[0.457s] [ 42%] Built target gtest
[0.465s] [ 57%] Built target usb_cam_node_exe
[0.473s] [35m[1mConsolidate compiler generated dependencies of target usb_cam_node[0m
[0.484s] [ 71%] Built target test_pixel_formats
[0.487s] [ 85%] Built target test_usb_cam_utils
[0.500s] [ 92%] [32mBuilding CXX object CMakeFiles/usb_cam_node.dir/src/usb_cam_node.cpp.o[0m
[0.848s] [01m[K/home/iclab/Desktop/ros2/src/usb_cam/src/usb_cam_node.cpp:36:10:[m[K [01;31m[Kfatal error: [m[Ktku_msgs/msg/camera.hpp: No such file or directory
[0.848s]    36 | #include [01;31m[K"tku_msgs/msg/camera.hpp"[m[K
[0.848s]       |          [01;31m[K^~~~~~~~~~~~~~~~~~~~~~~~~[m[K
[0.848s] compilation terminated.
[0.851s] gmake[2]: *** [CMakeFiles/usb_cam_node.dir/build.make:76: CMakeFiles/usb_cam_node.dir/src/usb_cam_node.cpp.o] Error 1
[0.851s] gmake[1]: *** [CMakeFiles/Makefile2:189: CMakeFiles/usb_cam_node.dir/all] Error 2
[0.851s] gmake: *** [Makefile:146: all] Error 2
[0.853s] Invoked command in '/home/iclab/Desktop/ros2/build/usb_cam' returned '2': CMAKE_PREFIX_PATH=${CMAKE_PREFIX_PATH}:/home/iclab/Desktop/ros2/install/tku_libs:/home/iclab/Desktop/ros2/install/motionpackage:/opt/ros/humble /usr/bin/cmake --build /home/iclab/Desktop/ros2/build/usb_cam -- -j8 -l8
